#
# There is insufficient memory for the Java Runtime Environment to continue.
# Native memory allocation (malloc) failed to allocate 2097152 bytes. Error detail: AllocateHeap
# Possible reasons:
#   The system is out of physical RAM or swap space
#   This process is running with CompressedOops enabled, and the Java Heap may be blocking the growth of the native heap
# Possible solutions:
#   Reduce memory load on the system
#   Increase physical memory or swap space
#   Check if swap backing store is full
#   Decrease Java heap size (-Xmx/-Xms)
#   Decrease number of Java threads
#   Decrease Java thread stack sizes (-Xss)
#   Set larger code cache with -XX:ReservedCodeCacheSize=
#   JVM is running with Unscaled Compressed Oops mode in which the Java heap is
#     placed in the first 4GB address space. The Java Heap base address is the
#     maximum limit for the native heap growth. Please use -XX:HeapBaseMinAddress
#     to set the Java Heap base and to place the Java Heap above 4GB virtual address.
# This output file may be truncated or incomplete.
#
#  Out of Memory Error (allocation.cpp:44), pid=18012, tid=21284
#
# JRE version: OpenJDK Runtime Environment Temurin-17.0.11+9 (17.0.11+9) (build 17.0.11+9)
# Java VM: OpenJDK 64-Bit Server VM Temurin-17.0.11+9 (17.0.11+9, mixed mode, emulated-client, tiered, compressed oops, compressed class ptrs, g1 gc, windows-amd64)
# No core dump will be written. Minidumps are not enabled by default on client versions of Windows
#

---------------  S U M M A R Y ------------

Command Line: -Xmx1024m -Dsts.lsp.client=vscode -Dsts.log.file=/dev/null -XX:TieredStopAtLevel=1 -Xlog:jni+resolve=off -Dspring.config.location=file:c:\Users\Nei\.vscode\extensions\vmware.vscode-spring-boot-1.56.0\language-server\BOOT-INF\classes\application.properties org.springframework.ide.vscode.boot.app.BootLanguageServerBootApp

Host: Intel(R) Core(TM) i5-3570K CPU @ 3.40GHz, 4 cores, 7G,  Windows 10 , 64 bit Build 19041 (10.0.19041.4597)
Time: Mon Jul 29 18:13:43 2024 Paris, Madrid (heure duild 19041 (10.0.19041.4597) elapsed time: 5045.476294 seconds (0d 1h 24m 5s)

---------------  T H R E A D  ---------------

Current thread (0x0000018350f2b1f0):  VMThread "VM Thread" [stack: 0x0000007119500000,0x0000007119600000] [id=21284]

Stack: [0x0000007119500000,0x0000007119600000]
Native frames: (J=compiled Java code, j=interpreted, Vv=VM code, C=native code)
V  [jvm.dll+0x67d429]
V  [jvm.dll+0x834b7a]
V  [jvm.dll+0x83663e]
V  [jvm.dll+0x836ca3]
V  [jvm.dll+0x247dbf]
V  [jvm.dll+0xa6cb3]
V  [jvm.dll+0x2f8b61]
V  [jvm.dll+0x2f4750]
V  [jvm.dll+0x2dcf67]
V  [jvm.dll+0x31fb67]
V  [jvm.dll+0x83b19b]
V  [jvm.dll+0x83bed2]
V  [jvm.dll+0x83c3ed]
V  [jvm.dll+0x83c7c4]
V  [jvm.dll+0x83c890]
V  [jvm.dll+0x7e410a]
V  [jvm.dll+0x67c315]
C  [ucrtbase.dll+0x21bb2]
C  [KERNEL32.DLL+0x17374]
C  [ntdll.dll+0x4cc91]

VM_Operation (0x000000711a7fed70): G1CollectFull, mode: safepoint, requested by thread 0x0000018356bac480


---------------  P R O C E S S  ---------------

Threads class SMR info:
_java_thread_list=0x0000018357bf1dc0, length=24, elements={
0x0000018350f3f740, 0x0000018350f40ef0, 0x0000018350f766c0, 0x0000018350f77190,
0x0000018350f79a70, 0x0000018350f7a340, 0x0000018350f7ac10, 0x0000018350f8e890,
0x00000183553418e0, 0x0000018355352ed0, 0x0000018356943930, 0x0000018356bac480,
0x0000018356c03030, 0x00000183469c9f50, 0x00000183566c8430, 0x0000018356c6fc20,
0x0000018356cd85b0, 0x0000018356cd6c60, 0x0000018356cd2a90, 0x0000018356cd7170,
0x0000018356cd4e00, 0x0000018356cd2580, 0x0000018356cd80a0, 0x0000018356cd8ac0
}

Java Threads: ( => current thread )
  0x0000018350f3f740 JavaThread "Reference Handler" daemon [_thread_blocked, id=19936, stack(0x0000007119600000,0x0000007119700000)]
  0x0000018350f40ef0 JavaThread "Finalizer" daemon [_thread_blocked, id=13180, stack(0x0000007119700000,0x0000007119800000)]
  0x0000018350f766c0 JavaThread "Signal Dispatcher" daemon [_thread_blocked, id=19968, stack(0x0000007119800000,0x0000007119900000)]
  0x0000018350f77190 JavaThread "Attach Listener" daemon [_thread_blocked, id=1860, stack(0x0000007119900000,0x0000007119a00000)]
  0x0000018350f79a70 JavaThread "Service Thread" daemon [_thread_blocked, id=19808, stack(0x0000007119a00000,0x0000007119b00000)]
  0x0000018350f7a340 JavaThread "Monitor Deflation Thread" daemon [_thread_blocked, id=128, stack(0x0000007119b00000,0x0000007119c00000)]
  0x0000018350f7ac10 JavaThread "C1 CompilerThread0" daemon [_thread_blocked, id=12416, stack(0x0000007119c00000,0x0000007119d00000)]
  0x0000018350f8e890 JavaThread "Sweeper thread" daemon [_thread_blocked, id=14968, stack(0x0000007119d00000,0x0000007119e00000)]
  0x00000183553418e0 JavaThread "Notification Thread" daemon [_thread_blocked, id=8404, stack(0x0000007119f00000,0x000000711a000000)]
  0x0000018355352ed0 JavaThread "Common-Cleaner" daemon [_thread_blocked, id=10964, stack(0x000000711a100000,0x000000711a200000)]
  0x0000018356943930 JavaThread "boundedElastic-evictor-1" daemon [_thread_blocked, id=12512, stack(0x000000711a500000,0x000000711a600000)]
  0x0000018356bac480 JavaThread "pool-13-thread-1" [_thread_blocked, id=11740, stack(0x000000711a700000,0x000000711a800000)]
  0x0000018356c03030 JavaThread "LanguageServerApp-lifecycle" [_thread_blocked, id=14344, stack(0x000000711a800000,0x000000711a900000)]
  0x00000183469c9f50 JavaThread "DestroyJavaVM" [_thread_blocked, id=4852, stack(0x0000007118f00000,0x0000007119000000)]
  0x00000183566c8430 JavaThread "pool-14-thread-1" [_thread_in_native, id=11984, stack(0x000000711a900000,0x000000711aa00000)]
  0x0000018356c6fc20 JavaThread "Simple-Language-Server main thread" daemon [_thread_blocked, id=6396, stack(0x000000711aa00000,0x000000711ab00000)]
  0x0000018356cd85b0 JavaThread "pool-8-thread-1" [_thread_blocked, id=4124, stack(0x000000711b700000,0x000000711b800000)]
  0x0000018356cd6c60 JavaThread "parallel-1" daemon [_thread_blocked, id=20724, stack(0x000000711b800000,0x000000711b900000)]
  0x0000018356cd2a90 JavaThread "pool-6-thread-1" [_thread_blocked, id=312, stack(0x000000711ba00000,0x000000711bb00000)]
  0x0000018356cd7170 JavaThread "parallel-2" daemon [_thread_blocked, id=17044, stack(0x000000711bb00000,0x000000711bc00000)]
  0x0000018356cd4e00 JavaThread "parallel-3" daemon [_thread_blocked, id=12180, stack(0x000000711bc00000,0x000000711bd00000)]
  0x0000018356cd2580 JavaThread "parallel-4" daemon [_thread_blocked, id=15736, stack(0x000000711c200000,0x000000711c300000)]
  0x0000018356cd80a0 JavaThread "CompletableFutureDelayScheduler" daemon [_thread_blocked, id=13792, stack(0x000000711c300000,0x000000711c400000)]
  0x0000018356cd8ac0 JavaThread "Reconciler-1" daemon [_thread_blocked, id=8856, stack(0x000000711c900000,0x000000711ca00000)]

Other Threads:
=>0x0000018350f2b1f0 VMThread "VM Thread" [stack: 0x0000007119500000,0x0000007119600000] [id=21284]
  0x0000018355343dd0 WatcherThread [stack: 0x000000711a000000,0x000000711a100000] [id=2056]
  0x0000018346a08960 GCTaskThread "GC Thread#0" [stack: 0x0000007119000000,0x0000007119100000] [id=18164]
  0x00000183551dd840 GCTaskThread "GC Thread#1" [stack: 0x0000007119e00000,0x0000007119f00000] [id=10280]
  0x00000183551ddb00 GCTaskThread "GC Thread#2" [stack: 0x000000711a200000,0x000000711a300000] [id=17360]
  0x0000018355be29d0 GCTaskThread "GC Thread#3" [stack: 0x000000711a400000,0x000000711a500000] [id=10464]
  0x0000018346a117c0 ConcurrentGCThread "G1 Main Marker" [stack: 0x0000007119100000,0x0000007119200000] [id=8068]
  0x0000018346a120f0 ConcurrentGCThread "G1 Conc#0" [stack: 0x0000007119200000,0x0000007119300000] [id=4120]
  0x0000018346a780a0 ConcurrentGCThread "G1 Refine#0" [stack: 0x0000007119300000,0x0000007119400000] [id=18576]
  0x0000018346a789e0 ConcurrentGCThread "G1 Service" [stack: 0x0000007119400000,0x0000007119500000] [id=15580]

Threads with active compile tasks:

VM state: at safepoint (normal execution)

VM Mutex/Monitor currently owned by a thread:  ([mutex/lock_event])
[0x00000183447fc2c0] Threads_lock - owner thread: 0x0000018350f2b1f0
[0x00000183469c7970] Heap_lock - owner thread: 0x0000018356bac480

Heap address: 0x00000000c0000000, size: 1024 MB, Compressed Oops mode: 32-bit

CDS archive(s) not mapped
Compressed class space mapped at: 0x0000000100000000-0x0000000140000000, reserved size: 1073741824
Narrow klass base: 0x0000000000000000, Narrow klass shift: 3, Narrow klass range: 0x140000000

GC Precious Log:
 CPUs: 4 total, 4 available
 Memory: 8150M
 Large Page Support: Disabled
 NUMA Support: Disabled
 Compressed Oops: Enabled (32-bit)
 Heap Region Size: 1M
 Heap Min Capacity: 8M
 Heap Initial Capacity: 128M
 Heap Max Capacity: 1G
 Pre-touch: Disabled
 Parallel Workers: 4
 Concurrent Workers: 1
 Concurrent Refinement Workers: 4
 Periodic GC: Disabled

Heap:
 garbage-first heap   total 122880K, used 36277K [0x00000000c0000000, 0x0000000100000000)
  region size 1024K, 1 young (1024K), 0 survivors (0K)
 Metaspace       used 61455K, committed 62208K, reserved 1114112K
  class space    used 7485K, committed 7744K, reserved 1048576K

Heap Regions: E=young(eden), S=young(survivor), O=old, HS=humongous(starts), HC=humongous(continues), CS=collection set, F=free, OA=open archive, CA=closed archive, TAMS=top-at-mark-start (previous, next)
|   0|0x00000000c0000000, 0x00000000c0100000, 0x00000000c0100000|100%|HS|  |TAMS 0x00000000c0100000, 0x00000000c0000000| Untracked 
|   1|0x00000000c0100000, 0x00000000c0200000, 0x00000000c0200000|100%|HC|  |TAMS 0x00000000c0200000, 0x00000000c0100000| Untracked 
|   2|0x00000000c0200000, 0x00000000c0300000, 0x00000000c0300000|100%|HC|  |TAMS 0x00000000c0300000, 0x00000000c0200000| Untracked 
|   3|0x00000000c0300000, 0x00000000c0400000, 0x00000000c0400000|100%|HC|  |TAMS 0x00000000c0400000, 0x00000000c0300000| Untracked 
|   4|0x00000000c0400000, 0x00000000c04ffff0, 0x00000000c0500000| 99%| O|  |TAMS 0x00000000c04ffff0, 0x00000000c0400000| Untracked 
|   5|0x00000000c0500000, 0x00000000c05fdc18, 0x00000000c0600000| 99%| O|  |TAMS 0x00000000c05fdc18, 0x00000000c0500000| Untracked 
|   6|0x00000000c0600000, 0x00000000c0700000, 0x00000000c0700000|100%| O|  |TAMS 0x00000000c0700000, 0x00000000c0600000| Untracked 
|   7|0x00000000c0700000, 0x00000000c0800000, 0x00000000c0800000|100%| O|  |TAMS 0x00000000c0800000, 0x00000000c0700000| Untracked 
|   8|0x00000000c0800000, 0x00000000c0900000, 0x00000000c0900000|100%| O|  |TAMS 0x00000000c0900000, 0x00000000c0800000| Untracked 
|   9|0x00000000c0900000, 0x00000000c09ffff0, 0x00000000c0a00000| 99%| O|  |TAMS 0x00000000c09ffff0, 0x00000000c0900000| Untracked 
|  10|0x00000000c0a00000, 0x00000000c0b00000, 0x00000000c0b00000|100%|HS|  |TAMS 0x00000000c0b00000, 0x00000000c0a00000| Untracked 
|  11|0x00000000c0b00000, 0x00000000c0c00000, 0x00000000c0c00000|100%|HC|  |TAMS 0x00000000c0c00000, 0x00000000c0b00000| Untracked 
|  12|0x00000000c0c00000, 0x00000000c0d00000, 0x00000000c0d00000|100%| O|  |TAMS 0x00000000c0d00000, 0x00000000c0c00000| Untracked 
|  13|0x00000000c0d00000, 0x00000000c0dfffe8, 0x00000000c0e00000| 99%| O|  |TAMS 0x00000000c0dfffe8, 0x00000000c0d00000| Untracked 
|  14|0x00000000c0e00000, 0x00000000c0f00000, 0x00000000c0f00000|100%| O|  |TAMS 0x00000000c0f00000, 0x00000000c0e00000| Untracked 
|  15|0x00000000c0f00000, 0x00000000c0fffff0, 0x00000000c1000000| 99%| O|  |TAMS 0x00000000c0fffff0, 0x00000000c0f00000| Untracked 
|  16|0x00000000c1000000, 0x00000000c10ffff0, 0x00000000c1100000| 99%| O|  |TAMS 0x00000000c10ffff0, 0x00000000c1000000| Untracked 
|  17|0x00000000c1100000, 0x00000000c11ffff0, 0x00000000c1200000| 99%| O|  |TAMS 0x00000000c11ffff0, 0x00000000c1100000| Untracked 
|  18|0x00000000c1200000, 0x00000000c12fffe8, 0x00000000c1300000| 99%| O|  |TAMS 0x00000000c12fffe8, 0x00000000c1200000| Untracked 
|  19|0x00000000c1300000, 0x00000000c13fffa0, 0x00000000c1400000| 99%| O|  |TAMS 0x00000000c13fffa0, 0x00000000c1300000| Untracked 
|  20|0x00000000c1400000, 0x00000000c14ff8c8, 0x00000000c1500000| 99%| O|  |TAMS 0x00000000c14ff8c8, 0x00000000c1400000| Untracked 
|  21|0x00000000c1500000, 0x00000000c15fe9f0, 0x00000000c1600000| 99%| O|  |TAMS 0x00000000c15fe9f0, 0x00000000c1500000| Untracked 
|  22|0x00000000c1600000, 0x00000000c1700000, 0x00000000c1700000|100%| O|  |TAMS 0x00000000c1700000, 0x00000000c1600000| Untracked 
|  23|0x00000000c1700000, 0x00000000c17ff418, 0x00000000c1800000| 99%| O|  |TAMS 0x00000000c17ff418, 0x00000000c1700000| Untracked 
|  24|0x00000000c1800000, 0x00000000c18fffe0, 0x00000000c1900000| 99%| O|  |TAMS 0x00000000c18fffe0, 0x00000000c1800000| Untracked 
|  25|0x00000000c1900000, 0x00000000c19f5558, 0x00000000c1a00000| 95%| O|  |TAMS 0x00000000c19f5558, 0x00000000c1900000| Untracked 
|  26|0x00000000c1a00000, 0x00000000c1afffe8, 0x00000000c1b00000| 99%| O|  |TAMS 0x00000000c1afffe8, 0x00000000c1a00000| Untracked 
|  27|0x00000000c1b00000, 0x00000000c1bfffe0, 0x00000000c1c00000| 99%| O|  |TAMS 0x00000000c1bfffe0, 0x00000000c1b00000| Untracked 
|  28|0x00000000c1c00000, 0x00000000c1cfff60, 0x00000000c1d00000| 99%| O|  |TAMS 0x00000000c1cfff60, 0x00000000c1c00000| Untracked 
|  29|0x00000000c1d00000, 0x00000000c1dfd658, 0x00000000c1e00000| 98%| O|  |TAMS 0x00000000c1dfd658, 0x00000000c1d00000| Untracked 
|  30|0x00000000c1e00000, 0x00000000c1effe18, 0x00000000c1f00000| 99%| O|  |TAMS 0x00000000c1effe18, 0x00000000c1e00000| Untracked 
|  31|0x00000000c1f00000, 0x00000000c1ffc230, 0x00000000c2000000| 98%| O|  |TAMS 0x00000000c1ffc230, 0x00000000c1f00000| Untracked 
|  32|0x00000000c2000000, 0x00000000c20d2258, 0x00000000c2100000| 82%| O|  |TAMS 0x00000000c2000000, 0x00000000c2000000| Untracked 
|  33|0x00000000c2100000, 0x00000000c21b17b8, 0x00000000c2200000| 69%| O|  |TAMS 0x00000000c2100000, 0x00000000c2100000| Untracked 
|  34|0x00000000c2200000, 0x00000000c2200000, 0x00000000c2300000|  0%| F|  |TAMS 0x00000000c2200000, 0x00000000c2200000| Untracked 
|  35|0x00000000c2300000, 0x00000000c2300000, 0x00000000c2400000|  0%| F|  |TAMS 0x00000000c2300000, 0x00000000c2300000| Untracked 
|  36|0x00000000c2400000, 0x00000000c2400000, 0x00000000c2500000|  0%| F|  |TAMS 0x00000000c2400000, 0x00000000c2400000| Untracked 
|  37|0x00000000c2500000, 0x00000000c2600000, 0x00000000c2600000|100%| O|  |TAMS 0x00000000c2600000, 0x00000000c2500000| Untracked 
|  38|0x00000000c2600000, 0x00000000c2600000, 0x00000000c2700000|  0%| F|  |TAMS 0x00000000c2600000, 0x00000000c2600000| Untracked 
|  39|0x00000000c2700000, 0x00000000c2800000, 0x00000000c2800000|100%| O|  |TAMS 0x00000000c2800000, 0x00000000c2700000| Untracked 
|  40|0x00000000c2800000, 0x00000000c2800000, 0x00000000c2900000|  0%| F|  |TAMS 0x00000000c2800000, 0x00000000c2800000| Untracked 
|  41|0x00000000c2900000, 0x00000000c2900000, 0x00000000c2a00000|  0%| F|  |TAMS 0x00000000c2900000, 0x00000000c2900000| Untracked 
|  42|0x00000000c2a00000, 0x00000000c2a00000, 0x00000000c2b00000|  0%| F|  |TAMS 0x00000000c2a00000, 0x00000000c2a00000| Untracked 
|  43|0x00000000c2b00000, 0x00000000c2b00000, 0x00000000c2c00000|  0%| F|  |TAMS 0x00000000c2b00000, 0x00000000c2b00000| Untracked 
|  44|0x00000000c2c00000, 0x00000000c2c00000, 0x00000000c2d00000|  0%| F|  |TAMS 0x00000000c2c00000, 0x00000000c2c00000| Untracked 
|  45|0x00000000c2d00000, 0x00000000c2d00000, 0x00000000c2e00000|  0%| F|  |TAMS 0x00000000c2d00000, 0x00000000c2d00000| Untracked 
|  46|0x00000000c2e00000, 0x00000000c2e00000, 0x00000000c2f00000|  0%| F|  |TAMS 0x00000000c2e00000, 0x00000000c2e00000| Untracked 
|  47|0x00000000c2f00000, 0x00000000c2f00000, 0x00000000c3000000|  0%| F|  |TAMS 0x00000000c2f00000, 0x00000000c2f00000| Untracked 
|  48|0x00000000c3000000, 0x00000000c3000000, 0x00000000c3100000|  0%| F|  |TAMS 0x00000000c3000000, 0x00000000c3000000| Untracked 
|  49|0x00000000c3100000, 0x00000000c3100000, 0x00000000c3200000|  0%| F|  |TAMS 0x00000000c3100000, 0x00000000c3100000| Untracked 
|  50|0x00000000c3200000, 0x00000000c3200000, 0x00000000c3300000|  0%| F|  |TAMS 0x00000000c3200000, 0x00000000c3200000| Untracked 
|  51|0x00000000c3300000, 0x00000000c3300000, 0x00000000c3400000|  0%| F|  |TAMS 0x00000000c3300000, 0x00000000c3300000| Untracked 
|  52|0x00000000c3400000, 0x00000000c3400000, 0x00000000c3500000|  0%| F|  |TAMS 0x00000000c3400000, 0x00000000c3400000| Untracked 
|  53|0x00000000c3500000, 0x00000000c3500000, 0x00000000c3600000|  0%| F|  |TAMS 0x00000000c3500000, 0x00000000c3500000| Untracked 
|  54|0x00000000c3600000, 0x00000000c3600000, 0x00000000c3700000|  0%| F|  |TAMS 0x00000000c3600000, 0x00000000c3600000| Untracked 
|  55|0x00000000c3700000, 0x00000000c3700000, 0x00000000c3800000|  0%| F|  |TAMS 0x00000000c3700000, 0x00000000c3700000| Untracked 
|  56|0x00000000c3800000, 0x00000000c3800000, 0x00000000c3900000|  0%| F|  |TAMS 0x00000000c3800000, 0x00000000c3800000| Untracked 
|  57|0x00000000c3900000, 0x00000000c3900000, 0x00000000c3a00000|  0%| F|  |TAMS 0x00000000c3900000, 0x00000000c3900000| Untracked 
|  58|0x00000000c3a00000, 0x00000000c3a00000, 0x00000000c3b00000|  0%| F|  |TAMS 0x00000000c3a00000, 0x00000000c3a00000| Untracked 
|  59|0x00000000c3b00000, 0x00000000c3b00000, 0x00000000c3c00000|  0%| F|  |TAMS 0x00000000c3b00000, 0x00000000c3b00000| Untracked 
|  60|0x00000000c3c00000, 0x00000000c3c00000, 0x00000000c3d00000|  0%| F|  |TAMS 0x00000000c3c00000, 0x00000000c3c00000| Untracked 
|  61|0x00000000c3d00000, 0x00000000c3d00000, 0x00000000c3e00000|  0%| F|  |TAMS 0x00000000c3d00000, 0x00000000c3d00000| Untracked 
|  62|0x00000000c3e00000, 0x00000000c3e00000, 0x00000000c3f00000|  0%| F|  |TAMS 0x00000000c3e00000, 0x00000000c3e00000| Untracked 
|  63|0x00000000c3f00000, 0x00000000c3f00000, 0x00000000c4000000|  0%| F|  |TAMS 0x00000000c3f00000, 0x00000000c3f00000| Untracked 
|  64|0x00000000c4000000, 0x00000000c4000000, 0x00000000c4100000|  0%| F|  |TAMS 0x00000000c4000000, 0x00000000c4000000| Untracked 
|  65|0x00000000c4100000, 0x00000000c4100000, 0x00000000c4200000|  0%| F|  |TAMS 0x00000000c4100000, 0x00000000c4100000| Untracked 
|  66|0x00000000c4200000, 0x00000000c4200000, 0x00000000c4300000|  0%| F|  |TAMS 0x00000000c4200000, 0x00000000c4200000| Untracked 
|  67|0x00000000c4300000, 0x00000000c4300000, 0x00000000c4400000|  0%| F|  |TAMS 0x00000000c4300000, 0x00000000c4300000| Untracked 
|  68|0x00000000c4400000, 0x00000000c4400000, 0x00000000c4500000|  0%| F|  |TAMS 0x00000000c4400000, 0x00000000c4400000| Untracked 
|  69|0x00000000c4500000, 0x00000000c4500000, 0x00000000c4600000|  0%| F|  |TAMS 0x00000000c4500000, 0x00000000c4500000| Untracked 
|  70|0x00000000c4600000, 0x00000000c4600000, 0x00000000c4700000|  0%| F|  |TAMS 0x00000000c4600000, 0x00000000c4600000| Untracked 
|  71|0x00000000c4700000, 0x00000000c4700000, 0x00000000c4800000|  0%| F|  |TAMS 0x00000000c4700000, 0x00000000c4700000| Untracked 
|  72|0x00000000c4800000, 0x00000000c4800000, 0x00000000c4900000|  0%| F|  |TAMS 0x00000000c4800000, 0x00000000c4800000| Untracked 
|  73|0x00000000c4900000, 0x00000000c4900000, 0x00000000c4a00000|  0%| F|  |TAMS 0x00000000c4900000, 0x00000000c4900000| Untracked 
|  74|0x00000000c4a00000, 0x00000000c4a00000, 0x00000000c4b00000|  0%| F|  |TAMS 0x00000000c4a00000, 0x00000000c4a00000| Untracked 
|  75|0x00000000c4b00000, 0x00000000c4b00000, 0x00000000c4c00000|  0%| F|  |TAMS 0x00000000c4b00000, 0x00000000c4b00000| Untracked 
|  76|0x00000000c4c00000, 0x00000000c4c00000, 0x00000000c4d00000|  0%| F|  |TAMS 0x00000000c4c00000, 0x00000000c4c00000| Untracked 
|  77|0x00000000c4d00000, 0x00000000c4d00000, 0x00000000c4e00000|  0%| F|  |TAMS 0x00000000c4d00000, 0x00000000c4d00000| Untracked 
|  78|0x00000000c4e00000, 0x00000000c4e00000, 0x00000000c4f00000|  0%| F|  |TAMS 0x00000000c4e00000, 0x00000000c4e00000| Untracked 
|  79|0x00000000c4f00000, 0x00000000c4f00000, 0x00000000c5000000|  0%| F|  |TAMS 0x00000000c4f00000, 0x00000000c4f00000| Untracked 
|  80|0x00000000c5000000, 0x00000000c5000000, 0x00000000c5100000|  0%| F|  |TAMS 0x00000000c5000000, 0x00000000c5000000| Untracked 
|  81|0x00000000c5100000, 0x00000000c5100000, 0x00000000c5200000|  0%| F|  |TAMS 0x00000000c5100000, 0x00000000c5100000| Untracked 
|  82|0x00000000c5200000, 0x00000000c5200000, 0x00000000c5300000|  0%| F|  |TAMS 0x00000000c5200000, 0x00000000c5200000| Untracked 
|  83|0x00000000c5300000, 0x00000000c5300000, 0x00000000c5400000|  0%| F|  |TAMS 0x00000000c5300000, 0x00000000c5300000| Untracked 
|  84|0x00000000c5400000, 0x00000000c5400000, 0x00000000c5500000|  0%| F|  |TAMS 0x00000000c5400000, 0x00000000c5400000| Untracked 
|  85|0x00000000c5500000, 0x00000000c5500000, 0x00000000c5600000|  0%| F|  |TAMS 0x00000000c5500000, 0x00000000c5500000| Untracked 
|  86|0x00000000c5600000, 0x00000000c5600000, 0x00000000c5700000|  0%| F|  |TAMS 0x00000000c5600000, 0x00000000c5600000| Untracked 
|  87|0x00000000c5700000, 0x00000000c5700000, 0x00000000c5800000|  0%| F|  |TAMS 0x00000000c5700000, 0x00000000c5700000| Untracked 
|  88|0x00000000c5800000, 0x00000000c5800000, 0x00000000c5900000|  0%| F|  |TAMS 0x00000000c5800000, 0x00000000c5800000| Untracked 
|  89|0x00000000c5900000, 0x00000000c5900000, 0x00000000c5a00000|  0%| F|  |TAMS 0x00000000c5900000, 0x00000000c5900000| Untracked 
|  90|0x00000000c5a00000, 0x00000000c5a00000, 0x00000000c5b00000|  0%| F|  |TAMS 0x00000000c5a00000, 0x00000000c5a00000| Untracked 
|  91|0x00000000c5b00000, 0x00000000c5b00000, 0x00000000c5c00000|  0%| F|  |TAMS 0x00000000c5b00000, 0x00000000c5b00000| Untracked 
|  92|0x00000000c5c00000, 0x00000000c5c00000, 0x00000000c5d00000|  0%| F|  |TAMS 0x00000000c5c00000, 0x00000000c5c00000| Untracked 
|  93|0x00000000c5d00000, 0x00000000c5d00000, 0x00000000c5e00000|  0%| F|  |TAMS 0x00000000c5d00000, 0x00000000c5d00000| Untracked 
|  94|0x00000000c5e00000, 0x00000000c5e00000, 0x00000000c5f00000|  0%| F|  |TAMS 0x00000000c5e00000, 0x00000000c5e00000| Untracked 
|  95|0x00000000c5f00000, 0x00000000c5f00000, 0x00000000c6000000|  0%| F|  |TAMS 0x00000000c5f00000, 0x00000000c5f00000| Untracked 
|  96|0x00000000c6000000, 0x00000000c6000000, 0x00000000c6100000|  0%| F|  |TAMS 0x00000000c6000000, 0x00000000c6000000| Untracked 
|  97|0x00000000c6100000, 0x00000000c6100000, 0x00000000c6200000|  0%| F|  |TAMS 0x00000000c6100000, 0x00000000c6100000| Untracked 
|  98|0x00000000c6200000, 0x00000000c6200000, 0x00000000c6300000|  0%| F|  |TAMS 0x00000000c6200000, 0x00000000c6200000| Untracked 
|  99|0x00000000c6300000, 0x00000000c6300000, 0x00000000c6400000|  0%| F|  |TAMS 0x00000000c6300000, 0x00000000c6300000| Untracked 
| 100|0x00000000c6400000, 0x00000000c6400000, 0x00000000c6500000|  0%| F|  |TAMS 0x00000000c6400000, 0x00000000c6400000| Untracked 
| 101|0x00000000c6500000, 0x00000000c6500000, 0x00000000c6600000|  0%| F|  |TAMS 0x00000000c6500000, 0x00000000c6500000| Untracked 
| 102|0x00000000c6600000, 0x00000000c6600000, 0x00000000c6700000|  0%| F|  |TAMS 0x00000000c6600000, 0x00000000c6600000| Untracked 
| 103|0x00000000c6700000, 0x00000000c6700000, 0x00000000c6800000|  0%| F|  |TAMS 0x00000000c6700000, 0x00000000c6700000| Untracked 
| 104|0x00000000c6800000, 0x00000000c6800000, 0x00000000c6900000|  0%| F|  |TAMS 0x00000000c6800000, 0x00000000c6800000| Untracked 
| 105|0x00000000c6900000, 0x00000000c6900000, 0x00000000c6a00000|  0%| F|  |TAMS 0x00000000c6900000, 0x00000000c6900000| Untracked 
| 106|0x00000000c6a00000, 0x00000000c6a00000, 0x00000000c6b00000|  0%| F|  |TAMS 0x00000000c6a00000, 0x00000000c6a00000| Untracked 
| 107|0x00000000c6b00000, 0x00000000c6b00000, 0x00000000c6c00000|  0%| F|  |TAMS 0x00000000c6b00000, 0x00000000c6b00000| Untracked 
| 108|0x00000000c6c00000, 0x00000000c6c00000, 0x00000000c6d00000|  0%| F|  |TAMS 0x00000000c6c00000, 0x00000000c6c00000| Untracked 
| 109|0x00000000c6d00000, 0x00000000c6d00000, 0x00000000c6e00000|  0%| F|  |TAMS 0x00000000c6d00000, 0x00000000c6d00000| Untracked 
| 110|0x00000000c6e00000, 0x00000000c6e00000, 0x00000000c6f00000|  0%| F|  |TAMS 0x00000000c6e00000, 0x00000000c6e00000| Untracked 
| 111|0x00000000c6f00000, 0x00000000c6f00000, 0x00000000c7000000|  0%| F|  |TAMS 0x00000000c6f00000, 0x00000000c6f00000| Untracked 
| 112|0x00000000c7000000, 0x00000000c7000000, 0x00000000c7100000|  0%| F|  |TAMS 0x00000000c7000000, 0x00000000c7000000| Untracked 
| 113|0x00000000c7100000, 0x00000000c7100000, 0x00000000c7200000|  0%| F|  |TAMS 0x00000000c7100000, 0x00000000c7100000| Untracked 
| 114|0x00000000c7200000, 0x00000000c7200000, 0x00000000c7300000|  0%| F|  |TAMS 0x00000000c7200000, 0x00000000c7200000| Untracked 
| 115|0x00000000c7300000, 0x00000000c7300000, 0x00000000c7400000|  0%| F|  |TAMS 0x00000000c7300000, 0x00000000c7300000| Untracked 
| 116|0x00000000c7400000, 0x00000000c7400000, 0x00000000c7500000|  0%| F|  |TAMS 0x00000000c7400000, 0x00000000c7400000| Untracked 
| 117|0x00000000c7500000, 0x00000000c7500000, 0x00000000c7600000|  0%| F|  |TAMS 0x00000000c7500000, 0x00000000c7500000| Untracked 
| 118|0x00000000c7600000, 0x00000000c7600000, 0x00000000c7700000|  0%| F|  |TAMS 0x00000000c7600000, 0x00000000c7600000| Untracked 
| 119|0x00000000c7700000, 0x00000000c7740028, 0x00000000c7800000| 25%| E|  |TAMS 0x00000000c7700000, 0x00000000c7700000| Complete 

Card table byte_map: [0x000001834c660000,0x000001834c860000] _byte_map_base: 0x000001834c060000

Marking Bits (Prev, Next): (CMBitMap*) 0x0000018346a08ed0, (CMBitMap*) 0x0000018346a08e90
 Prev Bits: [0x000001834da60000, 0x000001834ea60000)
 Next Bits: [0x000001834ca60000, 0x000001834da60000)

Polling page: 0x0000018344940000

Metaspace:

Usage:
  Non-class:     52.70 MB used.
      Class:      7.31 MB used.
       Both:     60.01 MB used.

Virtual space:
  Non-class space:       64.00 MB reserved,      53.19 MB ( 83%) committed,  1 nodes.
      Class space:        1.00 GB reserved,       7.56 MB ( <1%) committed,  1 nodes.
             Both:        1.06 GB reserved,      60.75 MB (  6%) committed. 

Chunk freelists:
   Non-Class:  10.81 MB
       Class:  8.50 MB
        Both:  19.31 MB

MaxMetaspaceSize: unlimited
CompressedClassSpaceSize: 1.00 GB
Initial GC threshold: 21.00 MB
Current GC threshold: 101.25 MB
CDS: off
MetaspaceReclaimPolicy: balanced
 - commit_granule_bytes: 65536.
 - commit_granule_words: 8192.
 - virtual_space_node_default_size: 8388608.
 - enlarge_chunks_in_place: 1.
 - new_chunks_are_fully_committed: 0.
 - uncommit_free_chunks: 1.
 - use_allocation_guard: 0.
 - handle_deallocations: 1.


Internal statistics:

num_allocs_failed_limit: 8.
num_arena_births: 680.
num_arena_deaths: 246.
num_vsnodes_births: 2.
num_vsnodes_deaths: 0.
num_space_committed: 971.
num_space_uncommitted: 0.
num_chunks_returned_to_freelist: 300.
num_chunks_taken_from_freelist: 2617.
num_chunk_merges: 110.
num_chunk_splits: 1848.
num_chunks_enlarged: 1410.
num_inconsistent_stats: 0.

CodeCache: size=49152Kb used=12698Kb max_used=13595Kb free=36453Kb
 bounds [0x0000018349660000, 0x000001834a3b0000, 0x000001834c660000]
 total_blobs=7551 nmethods=6872 adapters=606
 compilation: enabled
              stopped_count=0, restarted_count=0
 full_count=0

Compilation events (20 events):
Event: 2588.184 Thread 0x0000018350f7ac10 6860       1       java.lang.invoke.LambdaForm$DMH/0x00000001005ac400::newInvokeSpecial (23 bytes)
Event: 2588.184 Thread 0x0000018350f7ac10 nmethod 6860 0x00000183498a3590 code [0x00000183498a3740, 0x00000183498a38c8]
Event: 2588.184 Thread 0x0000018350f7ac10 6861       1       java.lang.ProcessImpl$$Lambda$947/0x00000001003ec488::<init> (10 bytes)
Event: 2588.184 Thread 0x0000018350f7ac10 nmethod 6861 0x00000183498a3290 code [0x00000183498a3420, 0x00000183498a34f8]
Event: 2598.477 Thread 0x0000018350f7ac10 6862       1       java.lang.ProcessImpl$$Lambda$947/0x00000001003ec488::run (8 bytes)
Event: 2598.477 Thread 0x0000018350f7ac10 nmethod 6862 0x00000183498a2b90 code [0x00000183498a2d20, 0x00000183498a2e08]
Event: 2598.477 Thread 0x0000018350f7ac10 6863       1       java.lang.ProcessImpl::lambda$new$0 (6 bytes)
Event: 2598.477 Thread 0x0000018350f7ac10 nmethod 6863 0x00000183498a2890 code [0x00000183498a2a20, 0x00000183498a2ae8]
Event: 2618.643 Thread 0x0000018350f7ac10 6865       1       org.springframework.ide.vscode.commons.languageserver.util.ParentProcessWatcher::run (36 bytes)
Event: 2618.649 Thread 0x0000018350f7ac10 nmethod 6865 0x00000183498a2110 code [0x00000183498a2300, 0x00000183498a2618]
Event: 2618.649 Thread 0x0000018350f7ac10 6866   !   1       org.springframework.ide.vscode.commons.languageserver.util.ParentProcessWatcher::parentProcessStillRunning (413 bytes)
Event: 2618.661 Thread 0x0000018350f7ac10 nmethod 6866 0x000001834989c710 code [0x000001834989cf40, 0x00000183498a0108]
Event: 2649.102 Thread 0x0000018350f7ac10 6867       1       java.lang.ProcessImpl::waitFor (136 bytes)
Event: 2649.103 Thread 0x0000018350f7ac10 nmethod 6867 0x000001834989ba90 code [0x000001834989bca0, 0x000001834989c0b8]
Event: 2649.207 Thread 0x0000018350f7ac10 6869   !   1       java.io.FilterOutputStream::close (183 bytes)
Event: 2649.236 Thread 0x0000018350f7ac10 nmethod 6869 0x000001834989ad10 code [0x000001834989af20, 0x000001834989b3f8]
Event: 3887.630 Thread 0x0000018350f7ac10 6872       1       java.lang.ProcessImpl$2::run (242 bytes)
Event: 3887.632 Thread 0x0000018350f7ac10 nmethod 6872 0x0000018349899290 code [0x0000018349899540, 0x000001834989a2d8]
Event: 3887.632 Thread 0x0000018350f7ac10 6873       1       java.io.BufferedOutputStream::<init> (9 bytes)
Event: 3887.632 Thread 0x0000018350f7ac10 nmethod 6873 0x0000018349898d10 code [0x0000018349898ea0, 0x0000018349899178]

GC Heap History (20 events):
Event: 4943.964 GC heap before
{Heap before GC invocations=513 (full 481):
 garbage-first heap   total 122880K, used 36277K [0x00000000c0000000, 0x0000000100000000)
  region size 1024K, 1 young (1024K), 0 survivors (0K)
 Metaspace       used 61455K, committed 62208K, reserved 1114112K
  class space    used 7485K, committed 7744K, reserved 1048576K
}
Event: 4943.995 GC heap after
{Heap after GC invocations=514 (full 482):
 garbage-first heap   total 122880K, used 36277K [0x00000000c0000000, 0x0000000100000000)
  region size 1024K, 0 young (0K), 0 survivors (0K)
 Metaspace       used 61455K, committed 62208K, reserved 1114112K
  class space    used 7485K, committed 7744K, reserved 1048576K
}
Event: 4954.128 GC heap before
{Heap before GC invocations=514 (full 482):
 garbage-first heap   total 122880K, used 36277K [0x00000000c0000000, 0x0000000100000000)
  region size 1024K, 1 young (1024K), 0 survivors (0K)
 Metaspace       used 61455K, committed 62208K, reserved 1114112K
  class space    used 7485K, committed 7744K, reserved 1048576K
}
Event: 4954.158 GC heap after
{Heap after GC invocations=515 (full 483):
 garbage-first heap   total 122880K, used 36277K [0x00000000c0000000, 0x0000000100000000)
  region size 1024K, 0 young (0K), 0 survivors (0K)
 Metaspace       used 61455K, committed 62208K, reserved 1114112K
  class space    used 7485K, committed 7744K, reserved 1048576K
}
Event: 4964.280 GC heap before
{Heap before GC invocations=515 (full 483):
 garbage-first heap   total 122880K, used 36277K [0x00000000c0000000, 0x0000000100000000)
  region size 1024K, 1 young (1024K), 0 survivors (0K)
 Metaspace       used 61455K, committed 62208K, reserved 1114112K
  class space    used 7485K, committed 7744K, reserved 1048576K
}
Event: 4964.308 GC heap after
{Heap after GC invocations=516 (full 484):
 garbage-first heap   total 122880K, used 36277K [0x00000000c0000000, 0x0000000100000000)
  region size 1024K, 0 young (0K), 0 survivors (0K)
 Metaspace       used 61455K, committed 62208K, reserved 1114112K
  class space    used 7485K, committed 7744K, reserved 1048576K
}
Event: 4974.439 GC heap before
{Heap before GC invocations=516 (full 484):
 garbage-first heap   total 122880K, used 36277K [0x00000000c0000000, 0x0000000100000000)
  region size 1024K, 1 young (1024K), 0 survivors (0K)
 Metaspace       used 61455K, committed 62208K, reserved 1114112K
  class space    used 7485K, committed 7744K, reserved 1048576K
}
Event: 4974.467 GC heap after
{Heap after GC invocations=517 (full 485):
 garbage-first heap   total 122880K, used 36277K [0x00000000c0000000, 0x0000000100000000)
  region size 1024K, 0 young (0K), 0 survivors (0K)
 Metaspace       used 61455K, committed 62208K, reserved 1114112K
  class space    used 7485K, committed 7744K, reserved 1048576K
}
Event: 4984.588 GC heap before
{Heap before GC invocations=517 (full 485):
 garbage-first heap   total 122880K, used 36277K [0x00000000c0000000, 0x0000000100000000)
  region size 1024K, 1 young (1024K), 0 survivors (0K)
 Metaspace       used 61455K, committed 62208K, reserved 1114112K
  class space    used 7485K, committed 7744K, reserved 1048576K
}
Event: 4984.617 GC heap after
{Heap after GC invocations=518 (full 486):
 garbage-first heap   total 122880K, used 36277K [0x00000000c0000000, 0x0000000100000000)
  region size 1024K, 0 young (0K), 0 survivors (0K)
 Metaspace       used 61455K, committed 62208K, reserved 1114112K
  class space    used 7485K, committed 7744K, reserved 1048576K
}
Event: 4994.744 GC heap before
{Heap before GC invocations=518 (full 486):
 garbage-first heap   total 122880K, used 36277K [0x00000000c0000000, 0x0000000100000000)
  region size 1024K, 1 young (1024K), 0 survivors (0K)
 Metaspace       used 61455K, committed 62208K, reserved 1114112K
  class space    used 7485K, committed 7744K, reserved 1048576K
}
Event: 4994.772 GC heap after
{Heap after GC invocations=519 (full 487):
 garbage-first heap   total 122880K, used 36277K [0x00000000c0000000, 0x0000000100000000)
  region size 1024K, 0 young (0K), 0 survivors (0K)
 Metaspace       used 61455K, committed 62208K, reserved 1114112K
  class space    used 7485K, committed 7744K, reserved 1048576K
}
Event: 5004.904 GC heap before
{Heap before GC invocations=519 (full 487):
 garbage-first heap   total 122880K, used 36277K [0x00000000c0000000, 0x0000000100000000)
  region size 1024K, 1 young (1024K), 0 survivors (0K)
 Metaspace       used 61455K, committed 62208K, reserved 1114112K
  class space    used 7485K, committed 7744K, reserved 1048576K
}
Event: 5004.932 GC heap after
{Heap after GC invocations=520 (full 488):
 garbage-first heap   total 122880K, used 36277K [0x00000000c0000000, 0x0000000100000000)
  region size 1024K, 0 young (0K), 0 survivors (0K)
 Metaspace       used 61455K, committed 62208K, reserved 1114112K
  class space    used 7485K, committed 7744K, reserved 1048576K
}
Event: 5015.052 GC heap before
{Heap before GC invocations=520 (full 488):
 garbage-first heap   total 122880K, used 36277K [0x00000000c0000000, 0x0000000100000000)
  region size 1024K, 1 young (1024K), 0 survivors (0K)
 Metaspace       used 61455K, committed 62208K, reserved 1114112K
  class space    used 7485K, committed 7744K, reserved 1048576K
}
Event: 5015.080 GC heap after
{Heap after GC invocations=521 (full 489):
 garbage-first heap   total 122880K, used 36277K [0x00000000c0000000, 0x0000000100000000)
  region size 1024K, 0 young (0K), 0 survivors (0K)
 Metaspace       used 61455K, committed 62208K, reserved 1114112K
  class space    used 7485K, committed 7744K, reserved 1048576K
}
Event: 5025.221 GC heap before
{Heap before GC invocations=521 (full 489):
 garbage-first heap   total 122880K, used 36277K [0x00000000c0000000, 0x0000000100000000)
  region size 1024K, 1 young (1024K), 0 survivors (0K)
 Metaspace       used 61455K, committed 62208K, reserved 1114112K
  class space    used 7485K, committed 7744K, reserved 1048576K
}
Event: 5025.252 GC heap after
{Heap after GC invocations=522 (full 490):
 garbage-first heap   total 122880K, used 36277K [0x00000000c0000000, 0x0000000100000000)
  region size 1024K, 0 young (0K), 0 survivors (0K)
 Metaspace       used 61455K, committed 62208K, reserved 1114112K
  class space    used 7485K, committed 7744K, reserved 1048576K
}
Event: 5035.377 GC heap before
{Heap before GC invocations=522 (full 490):
 garbage-first heap   total 122880K, used 36277K [0x00000000c0000000, 0x0000000100000000)
  region size 1024K, 1 young (1024K), 0 survivors (0K)
 Metaspace       used 61455K, committed 62208K, reserved 1114112K
  class space    used 7485K, committed 7744K, reserved 1048576K
}
Event: 5035.406 GC heap after
{Heap after GC invocations=523 (full 491):
 garbage-first heap   total 122880K, used 36277K [0x00000000c0000000, 0x0000000100000000)
  region size 1024K, 0 young (0K), 0 survivors (0K)
 Metaspace       used 61455K, committed 62208K, reserved 1114112K
  class space    used 7485K, committed 7744K, reserved 1048576K
}

Dll operation events (10 events):
Event: 0.014 Loaded shared library c:\Users\Nei\.vscode\extensions\redhat.java-1.32.0-win32-x64\jre\17.0.11-win32-x86_64\bin\java.dll
Event: 0.632 Loaded shared library C:\Users\Nei\.vscode\extensions\redhat.java-1.32.0-win32-x64\jre\17.0.11-win32-x86_64\bin\net.dll
Event: 0.634 Loaded shared library C:\Users\Nei\.vscode\extensions\redhat.java-1.32.0-win32-x64\jre\17.0.11-win32-x86_64\bin\nio.dll
Event: 1.866 Loaded shared library C:\Users\Nei\.vscode\extensions\redhat.java-1.32.0-win32-x64\jre\17.0.11-win32-x86_64\bin\zip.dll
Event: 11.553 Loaded shared library C:\Users\Nei\.vscode\extensions\redhat.java-1.32.0-win32-x64\jre\17.0.11-win32-x86_64\bin\jimage.dll
Event: 13.751 Loaded shared library c:\Users\Nei\.vscode\extensions\redhat.java-1.32.0-win32-x64\jre\17.0.11-win32-x86_64\bin\verify.dll
Event: 19.468 Loaded shared library C:\Users\Nei\.vscode\extensions\redhat.java-1.32.0-win32-x64\jre\17.0.11-win32-x86_64\bin\management.dll
Event: 19.472 Loaded shared library C:\Users\Nei\.vscode\extensions\redhat.java-1.32.0-win32-x64\jre\17.0.11-win32-x86_64\bin\management_ext.dll
Event: 22.764 Loaded shared library C:\Users\Nei\.vscode\extensions\redhat.java-1.32.0-win32-x64\jre\17.0.11-win32-x86_64\bin\sunmscapi.dll
Event: 23.671 Loaded shared library C:\Users\Nei\.vscode\extensions\redhat.java-1.32.0-win32-x64\jre\17.0.11-win32-x86_64\bin\extnet.dll

Deoptimization events (20 events):
Event: 22.151 Thread 0x0000018356cd7680 DEOPT PACKING pc=0x0000018349d58ca4 sp=0x000000711bdff1b0
Event: 22.151 Thread 0x0000018356cd7680 DEOPT UNPACKING pc=0x00000183496b7143 sp=0x000000711bdfe698 mode 0
Event: 22.161 Thread 0x0000018356cd5d30 DEOPT PACKING pc=0x0000018349d58ca4 sp=0x000000711c1fef50
Event: 22.161 Thread 0x0000018356cd5d30 DEOPT UNPACKING pc=0x00000183496b7143 sp=0x000000711c1fe438 mode 0
Event: 22.800 Thread 0x0000018356cd48f0 DEOPT PACKING pc=0x0000018349d58ca4 sp=0x000000711bffee20
Event: 22.800 Thread 0x0000018356cd48f0 DEOPT UNPACKING pc=0x00000183496b7143 sp=0x000000711bffe308 mode 0
Event: 23.137 Thread 0x0000018356cd39c0 DEOPT PACKING pc=0x0000018349a7690c sp=0x000000711c8fa870
Event: 23.137 Thread 0x0000018356cd39c0 DEOPT UNPACKING pc=0x00000183496b7143 sp=0x000000711c8f9d38 mode 0
Event: 26.266 Thread 0x0000018356cd2a90 DEOPT PACKING pc=0x0000018349e8e98c sp=0x000000711bafdf20
Event: 26.266 Thread 0x0000018356cd2a90 DEOPT UNPACKING pc=0x00000183496b7143 sp=0x000000711bafd488 mode 0
Event: 26.266 Thread 0x0000018356cd2a90 DEOPT PACKING pc=0x0000018349f466cc sp=0x000000711bafe050
Event: 26.266 Thread 0x0000018356cd2a90 DEOPT UNPACKING pc=0x00000183496b7143 sp=0x000000711bafd530 mode 0
Event: 26.266 Thread 0x0000018356cd2a90 DEOPT PACKING pc=0x0000018349e8e98c sp=0x000000711bafe180
Event: 26.266 Thread 0x0000018356cd2a90 DEOPT UNPACKING pc=0x00000183496b7143 sp=0x000000711bafd6e8 mode 0
Event: 26.266 Thread 0x0000018356cd2a90 DEOPT PACKING pc=0x0000018349f466cc sp=0x000000711bafe2b0
Event: 26.266 Thread 0x0000018356cd2a90 DEOPT UNPACKING pc=0x00000183496b7143 sp=0x000000711bafd7a8 mode 0
Event: 26.267 Thread 0x0000018356cd2a90 DEOPT PACKING pc=0x0000018349e8e98c sp=0x000000711bafe620
Event: 26.267 Thread 0x0000018356cd2a90 DEOPT UNPACKING pc=0x00000183496b7143 sp=0x000000711bafdb88 mode 0
Event: 26.267 Thread 0x0000018356cd2a90 DEOPT PACKING pc=0x0000018349f466cc sp=0x000000711bafe750
Event: 26.267 Thread 0x0000018356cd2a90 DEOPT UNPACKING pc=0x00000183496b7143 sp=0x000000711bafdc48 mode 0

Classes unloaded (20 events):
Event: 140.941 Thread 0x0000018350f2b1f0 Unloading class 0x00000001003b1000 'java/lang/invoke/LambdaForm$MH+0x00000001003b1000'
Event: 140.941 Thread 0x0000018350f2b1f0 Unloading class 0x0000000100096000 'java/lang/invoke/LambdaForm$MH+0x0000000100096000'
Event: 140.941 Thread 0x0000018350f2b1f0 Unloading class 0x0000000100095c00 'java/lang/invoke/LambdaForm$MH+0x0000000100095c00'
Event: 140.941 Thread 0x0000018350f2b1f0 Unloading class 0x0000000100095800 'java/lang/invoke/LambdaForm$MH+0x0000000100095800'
Event: 140.941 Thread 0x0000018350f2b1f0 Unloading class 0x0000000100095400 'java/lang/invoke/LambdaForm$MH+0x0000000100095400'
Event: 140.941 Thread 0x0000018350f2b1f0 Unloading class 0x0000000100095000 'java/lang/invoke/LambdaForm$MH+0x0000000100095000'
Event: 140.941 Thread 0x0000018350f2b1f0 Unloading class 0x0000000100094c00 'java/lang/invoke/LambdaForm$MH+0x0000000100094c00'
Event: 140.941 Thread 0x0000018350f2b1f0 Unloading class 0x0000000100094800 'java/lang/invoke/LambdaForm$MH+0x0000000100094800'
Event: 140.941 Thread 0x0000018350f2b1f0 Unloading class 0x0000000100094400 'java/lang/invoke/LambdaForm$MH+0x0000000100094400'
Event: 140.941 Thread 0x0000018350f2b1f0 Unloading class 0x000000010008e800 'java/lang/invoke/LambdaForm$MH+0x000000010008e800'
Event: 140.941 Thread 0x0000018350f2b1f0 Unloading class 0x000000010008e400 'java/lang/invoke/LambdaForm$MH+0x000000010008e400'
Event: 140.941 Thread 0x0000018350f2b1f0 Unloading class 0x000000010008e000 'java/lang/invoke/LambdaForm$MH+0x000000010008e000'
Event: 140.941 Thread 0x0000018350f2b1f0 Unloading class 0x000000010008dc00 'java/lang/invoke/LambdaForm$MH+0x000000010008dc00'
Event: 140.941 Thread 0x0000018350f2b1f0 Unloading class 0x000000010008d800 'java/lang/invoke/LambdaForm$MH+0x000000010008d800'
Event: 140.941 Thread 0x0000018350f2b1f0 Unloading class 0x000000010008d400 'java/lang/invoke/LambdaForm$MH+0x000000010008d400'
Event: 140.941 Thread 0x0000018350f2b1f0 Unloading class 0x000000010008cc00 'java/lang/invoke/LambdaForm$MH+0x000000010008cc00'
Event: 140.941 Thread 0x0000018350f2b1f0 Unloading class 0x000000010008c800 'java/lang/invoke/LambdaForm$MH+0x000000010008c800'
Event: 140.941 Thread 0x0000018350f2b1f0 Unloading class 0x000000010008c000 'java/lang/invoke/LambdaForm$MH+0x000000010008c000'
Event: 140.941 Thread 0x0000018350f2b1f0 Unloading class 0x000000010008bc00 'java/lang/invoke/LambdaForm$MH+0x000000010008bc00'
Event: 140.941 Thread 0x0000018350f2b1f0 Unloading class 0x0000000100088400 'java/lang/invoke/LambdaForm$MH+0x0000000100088400'

Classes redefined (0 events):
No events

Internal exceptions (20 events):
Event: 26.366 Thread 0x0000018356cd2a90 Exception <a 'sun/nio/fs/WindowsException'{0x00000000c454ef90}> (0x00000000c454ef90) 
thrown [s\src\hotspot\share\prims\jni.cpp, line 516]
Event: 26.366 Thread 0x0000018356cd2a90 Exception <a 'sun/nio/fs/WindowsException'{0x00000000c454fbb8}> (0x00000000c454fbb8) 
thrown [s\src\hotspot\share\prims\jni.cpp, line 516]
Event: 26.367 Thread 0x0000018356cd2a90 Exception <a 'sun/nio/fs/WindowsException'{0x00000000c45507e0}> (0x00000000c45507e0) 
thrown [s\src\hotspot\share\prims\jni.cpp, line 516]
Event: 26.367 Thread 0x0000018356cd2a90 Exception <a 'sun/nio/fs/WindowsException'{0x00000000c4551520}> (0x00000000c4551520) 
thrown [s\src\hotspot\share\prims\jni.cpp, line 516]
Event: 26.367 Thread 0x0000018356cd2a90 Exception <a 'sun/nio/fs/WindowsException'{0x00000000c45522e0}> (0x00000000c45522e0) 
thrown [s\src\hotspot\share\prims\jni.cpp, line 516]
Event: 26.419 Thread 0x0000018356cd2a90 Exception <a 'sun/nio/fs/WindowsException'{0x00000000c4418ab0}> (0x00000000c4418ab0) 
thrown [s\src\hotspot\share\prims\jni.cpp, line 516]
Event: 26.419 Thread 0x0000018356cd2a90 Exception <a 'sun/nio/fs/WindowsException'{0x00000000c4419730}> (0x00000000c4419730) 
thrown [s\src\hotspot\share\prims\jni.cpp, line 516]
Event: 26.419 Thread 0x0000018356cd2a90 Exception <a 'sun/nio/fs/WindowsException'{0x00000000c441a398}> (0x00000000c441a398) 
thrown [s\src\hotspot\share\prims\jni.cpp, line 516]
Event: 26.419 Thread 0x0000018356cd2a90 Exception <a 'sun/nio/fs/WindowsException'{0x00000000c441b000}> (0x00000000c441b000) 
thrown [s\src\hotspot\share\prims\jni.cpp, line 516]
Event: 26.419 Thread 0x0000018356cd2a90 Exception <a 'sun/nio/fs/WindowsException'{0x00000000c441bd60}> (0x00000000c441bd60) 
thrown [s\src\hotspot\share\prims\jni.cpp, line 516]
Event: 26.419 Thread 0x0000018356cd2a90 Exception <a 'sun/nio/fs/WindowsException'{0x00000000c441cb48}> (0x00000000c441cb48) 
thrown [s\src\hotspot\share\prims\jni.cpp, line 516]
Event: 26.448 Thread 0x0000018356cd2a90 Exception <a 'sun/nio/fs/WindowsException'{0x00000000c44e23b8}> (0x00000000c44e23b8) 
thrown [s\src\hotspot\share\prims\jni.cpp, line 516]
Event: 26.449 Thread 0x0000018356cd2a90 Exception <a 'sun/nio/fs/WindowsException'{0x00000000c44e3080}> (0x00000000c44e3080) 
thrown [s\src\hotspot\share\prims\jni.cpp, line 516]
Event: 26.449 Thread 0x0000018356cd2a90 Exception <a 'sun/nio/fs/WindowsException'{0x00000000c44e3cf8}> (0x00000000c44e3cf8) 
thrown [s\src\hotspot\share\prims\jni.cpp, line 516]
Event: 26.449 Thread 0x0000018356cd2a90 Exception <a 'sun/nio/fs/WindowsException'{0x00000000c44e49c0}> (0x00000000c44e49c0) 
thrown [s\src\hotspot\share\prims\jni.cpp, line 516]
Event: 26.449 Thread 0x0000018356cd2a90 Exception <a 'sun/nio/fs/WindowsException'{0x00000000c44e5750}> (0x00000000c44e5750) 
thrown [s\src\hotspot\share\prims\jni.cpp, line 516]
Event: 26.449 Thread 0x0000018356cd2a90 Exception <a 'sun/nio/fs/WindowsException'{0x00000000c44e6550}> (0x00000000c44e6550) 
thrown [s\src\hotspot\share\prims\jni.cpp, line 516]
Event: 324.339 Thread 0x0000018356cd3ed0 Exception <a 'java/io/IOException'{0x00000000c7ea9fd0}> (0x00000000c7ea9fd0) 
thrown [s\src\hotspot\share\prims\jni.cpp, line 516]
Event: 324.749 Thread 0x0000018357d304a0 Exception <a 'java/io/IOException'{0x00000000c7eb9bd8}> (0x00000000c7eb9bd8) 
thrown [s\src\hotspot\share\prims\jni.cpp, line 516]
Event: 325.349 Thread 0x0000018357d309b0 Exception <a 'java/io/IOException'{0x00000000c7ec6ba8}> (0x00000000c7ec6ba8) 
thrown [s\src\hotspot\share\prims\jni.cpp, line 516]

VM Operations (20 events):
Event: 4943.995 Executing VM operation: G1CollectFull done
Event: 4954.128 Executing VM operation: G1CollectFull
Event: 4954.159 Executing VM operation: G1CollectFull done
Event: 4964.280 Executing VM operation: G1CollectFull
Event: 4964.309 Executing VM operation: G1CollectFull done
Event: 4974.439 Executing VM operation: G1CollectFull
Event: 4974.467 Executing VM operation: G1CollectFull done
Event: 4984.588 Executing VM operation: G1CollectFull
Event: 4984.617 Executing VM operation: G1CollectFull done
Event: 4994.744 Executing VM operation: G1CollectFull
Event: 4994.772 Executing VM operation: G1CollectFull done
Event: 5004.904 Executing VM operation: G1CollectFull
Event: 5004.932 Executing VM operation: G1CollectFull done
Event: 5015.052 Executing VM operation: G1CollectFull
Event: 5015.080 Executing VM operation: G1CollectFull done
Event: 5025.221 Executing VM operation: G1CollectFull
Event: 5025.252 Executing VM operation: G1CollectFull done
Event: 5035.377 Executing VM operation: G1CollectFull
Event: 5035.406 Executing VM operation: G1CollectFull done
Event: 5045.472 Executing VM operation: G1CollectFull

Events (20 events):
Event: 324.336 loading class sun/nio/ch/SocketOptionRegistry$LazyInitialization done
Event: 324.336 loading class sun/nio/ch/OptionKey
Event: 324.336 loading class sun/nio/ch/OptionKey done
Event: 324.336 loading class sun/nio/ch/ExtendedSocketOption
Event: 324.336 loading class sun/nio/ch/ExtendedSocketOption done
Event: 324.336 loading class sun/nio/ch/ExtendedSocketOption$1
Event: 324.336 loading class sun/nio/ch/ExtendedSocketOption$1 done
Event: 324.337 loading class sun/security/ssl/Alert
Event: 324.337 loading class sun/security/ssl/Alert done
Event: 324.338 loading class sun/security/ssl/Alert$AlertConsumer
Event: 324.338 loading class sun/security/ssl/Alert$AlertConsumer done
Event: 324.338 loading class sun/security/ssl/Alert$Level
Event: 324.338 loading class sun/security/ssl/Alert$Level done
Event: 324.339 loading class sun/net/ConnectionResetException
Event: 324.339 loading class sun/net/ConnectionResetException done
Event: 384.345 Thread 0x0000018357d355a0 Thread exited: 0x0000018357d355a0
Event: 384.762 Thread 0x0000018357d33230 Thread exited: 0x0000018357d33230
Event: 384.762 Thread 0x0000018357d304a0 Thread exited: 0x0000018357d304a0
Event: 385.363 Thread 0x0000018357d309b0 Thread exited: 0x0000018357d309b0
Event: 385.363 Thread 0x0000018356cd3ed0 Thread exited: 0x0000018356cd3ed0


Dynamic libraries:
0x00007ff7c40e0000 - 0x00007ff7c40ee000 	c:\Users\Nei\.vscode\extensions\redhat.java-1.32.0-win32-x64\jre\17.0.11-win32-x86_64\bin\java.exe
0x00007ffa34750000 - 0x00007ffa34948000 	C:\WINDOWS\SYSTEM32\ntdll.dll
0x00007ffa32f50000 - 0x00007ffa33011000 	C:\WINDOWS\System32\KERNEL32.DLL
0x00007ffa31e30000 - 0x00007ffa32126000 	C:\WINDOWS\System32\KERNELBASE.dll
0x00007ffa32320000 - 0x00007ffa32420000 	C:\WINDOWS\System32\ucrtbase.dll
0x00007ffa1cf50000 - 0x00007ffa1cf67000 	c:\Users\Nei\.vscode\extensions\redhat.java-1.32.0-win32-x64\jre\17.0.11-win32-x86_64\bin\jli.dll
0x00007ffa340d0000 - 0x00007ffa3426f000 	C:\WINDOWS\System32\USER32.dll
0x00007ffa32250000 - 0x00007ffa32272000 	C:\WINDOWS\System32\win32u.dll
0x00007ffa34010000 - 0x00007ffa3403b000 	C:\WINDOWS\System32\GDI32.dll
0x00007ffa32130000 - 0x00007ffa32247000 	C:\WINDOWS\System32\gdi32full.dll
0x00007ffa32280000 - 0x00007ffa3231d000 	C:\WINDOWS\System32\msvcp_win.dll
0x00007ffa17ab0000 - 0x00007ffa17acb000 	c:\Users\Nei\.vscode\extensions\redhat.java-1.32.0-win32-x64\jre\17.0.11-win32-x86_64\bin\VCRUNTIME140.dll
0x00007ffa1d670000 - 0x00007ffa1d90a000 	C:\WINDOWS\WinSxS\amd64_microsoft.windows.common-controls_6595b64144ccf1df_6.0.19041.4355_none_60b8b9eb71f62e16\COMCTL32.dll
0x00007ffa33980000 - 0x00007ffa33a1e000 	C:\WINDOWS\System32\msvcrt.dll
0x00007ffa33d90000 - 0x00007ffa33dbf000 	C:\WINDOWS\System32\IMM32.DLL
0x00007ffa2d880000 - 0x00007ffa2d88c000 	c:\Users\Nei\.vscode\extensions\redhat.java-1.32.0-win32-x64\jre\17.0.11-win32-x86_64\bin\vcruntime140_1.dll
0x00007ffa04960000 - 0x00007ffa049ed000 	c:\Users\Nei\.vscode\extensions\redhat.java-1.32.0-win32-x64\jre\17.0.11-win32-x86_64\bin\msvcp140.dll
0x00007ff9e6050000 - 0x00007ff9e6cb2000 	c:\Users\Nei\.vscode\extensions\redhat.java-1.32.0-win32-x64\jre\17.0.11-win32-x86_64\bin\server\jvm.dll
0x00007ffa33c20000 - 0x00007ffa33cd0000 	C:\WINDOWS\System32\ADVAPI32.dll
0x00007ffa33dc0000 - 0x00007ffa33e60000 	C:\WINDOWS\System32\sechost.dll
0x00007ffa34380000 - 0x00007ffa344a3000 	C:\WINDOWS\System32\RPCRT4.dll
0x00007ffa31e00000 - 0x00007ffa31e27000 	C:\WINDOWS\System32\bcrypt.dll
0x00007ffa31330000 - 0x00007ffa3137b000 	C:\WINDOWS\SYSTEM32\POWRPROF.dll
0x00007ffa18800000 - 0x00007ffa18809000 	C:\WINDOWS\SYSTEM32\WSOCK32.dll
0x00007ffa33ee0000 - 0x00007ffa33f4b000 	C:\WINDOWS\System32\WS2_32.dll
0x00007ffa22bc0000 - 0x00007ffa22be7000 	C:\WINDOWS\SYSTEM32\WINMM.dll
0x00007ffa2a850000 - 0x00007ffa2a85a000 	C:\WINDOWS\SYSTEM32\VERSION.dll
0x00007ffa311f0000 - 0x00007ffa31202000 	C:\WINDOWS\SYSTEM32\UMPDC.dll
0x00007ffa2fca0000 - 0x00007ffa2fcb2000 	C:\WINDOWS\SYSTEM32\kernel.appcore.dll
0x00007ffa2d7f0000 - 0x00007ffa2d7fa000 	c:\Users\Nei\.vscode\extensions\redhat.java-1.32.0-win32-x64\jre\17.0.11-win32-x86_64\bin\jimage.dll
0x00007ffa1bd10000 - 0x00007ffa1bef4000 	C:\WINDOWS\SYSTEM32\DBGHELP.DLL
0x00007ffa19940000 - 0x00007ffa19974000 	C:\WINDOWS\SYSTEM32\dbgcore.DLL
0x00007ffa32580000 - 0x00007ffa32602000 	C:\WINDOWS\System32\bcryptPrimitives.dll
0x00007ffa0b970000 - 0x00007ffa0b995000 	c:\Users\Nei\.vscode\extensions\redhat.java-1.32.0-win32-x64\jre\17.0.11-win32-x86_64\bin\java.dll
0x00007ffa12250000 - 0x00007ffa12268000 	c:\Users\Nei\.vscode\extensions\redhat.java-1.32.0-win32-x64\jre\17.0.11-win32-x86_64\bin\zip.dll
0x00007ffa33150000 - 0x00007ffa338bc000 	C:\WINDOWS\System32\SHELL32.dll
0x00007ffa2fea0000 - 0x00007ffa3063e000 	C:\WINDOWS\SYSTEM32\windows.storage.dll
0x00007ffa32780000 - 0x00007ffa32ad3000 	C:\WINDOWS\System32\combase.dll
0x00007ffa31820000 - 0x00007ffa3184e000 	C:\WINDOWS\SYSTEM32\Wldp.dll
0x00007ffa33b40000 - 0x00007ffa33c0d000 	C:\WINDOWS\System32\OLEAUT32.dll
0x00007ffa344b0000 - 0x00007ffa3455d000 	C:\WINDOWS\System32\SHCORE.dll
0x00007ffa338c0000 - 0x00007ffa33915000 	C:\WINDOWS\System32\shlwapi.dll
0x00007ffa31d30000 - 0x00007ffa31d54000 	C:\WINDOWS\SYSTEM32\profapi.dll
0x00007ffa0e5a0000 - 0x00007ffa0e5b9000 	C:\Users\Nei\.vscode\extensions\redhat.java-1.32.0-win32-x64\jre\17.0.11-win32-x86_64\bin\net.dll
0x00007ffa29370000 - 0x00007ffa2947a000 	C:\WINDOWS\SYSTEM32\WINHTTP.dll
0x00007ffa31580000 - 0x00007ffa315ea000 	C:\WINDOWS\system32\mswsock.dll
0x00007ffa0b8c0000 - 0x00007ffa0b8d6000 	C:\Users\Nei\.vscode\extensions\redhat.java-1.32.0-win32-x64\jre\17.0.11-win32-x86_64\bin\nio.dll
0x00007ffa2cc70000 - 0x00007ffa2cc80000 	c:\Users\Nei\.vscode\extensions\redhat.java-1.32.0-win32-x64\jre\17.0.11-win32-x86_64\bin\verify.dll
0x00007ffa31770000 - 0x00007ffa31788000 	C:\WINDOWS\SYSTEM32\CRYPTSP.dll
0x00007ffa30dd0000 - 0x00007ffa30e04000 	C:\WINDOWS\system32\rsaenh.dll
0x00007ffa31ce0000 - 0x00007ffa31d0e000 	C:\WINDOWS\SYSTEM32\USERENV.dll
0x00007ffa31790000 - 0x00007ffa3179c000 	C:\WINDOWS\SYSTEM32\CRYPTBASE.dll
0x00007ffa31210000 - 0x00007ffa3124b000 	C:\WINDOWS\SYSTEM32\IPHLPAPI.DLL
0x00007ffa34270000 - 0x00007ffa34278000 	C:\WINDOWS\System32\NSI.dll
0x00007ffa2adb0000 - 0x00007ffa2adc7000 	C:\WINDOWS\SYSTEM32\dhcpcsvc6.DLL
0x00007ffa2aa30000 - 0x00007ffa2aa4d000 	C:\WINDOWS\SYSTEM32\dhcpcsvc.DLL
0x00007ffa31260000 - 0x00007ffa3132a000 	C:\WINDOWS\SYSTEM32\DNSAPI.dll
0x00007ffa2e0c0000 - 0x00007ffa2e0c9000 	C:\Users\Nei\.vscode\extensions\redhat.java-1.32.0-win32-x64\jre\17.0.11-win32-x86_64\bin\management.dll
0x00007ffa2ce60000 - 0x00007ffa2ce6b000 	C:\Users\Nei\.vscode\extensions\redhat.java-1.32.0-win32-x64\jre\17.0.11-win32-x86_64\bin\management_ext.dll
0x00007ffa33f50000 - 0x00007ffa33f58000 	C:\WINDOWS\System32\PSAPI.DLL
0x00007ffa2d8d0000 - 0x00007ffa2d8de000 	C:\Users\Nei\.vscode\extensions\redhat.java-1.32.0-win32-x64\jre\17.0.11-win32-x86_64\bin\sunmscapi.dll
0x00007ffa32420000 - 0x00007ffa3257e000 	C:\WINDOWS\System32\CRYPT32.dll
0x00007ffa31890000 - 0x00007ffa318b9000 	C:\WINDOWS\SYSTEM32\ncrypt.dll
0x00007ffa31850000 - 0x00007ffa3188b000 	C:\WINDOWS\SYSTEM32\NTASN1.dll
0x00007ffa222b0000 - 0x00007ffa222ba000 	C:\Windows\System32\rasadhlp.dll
0x00007ffa215e0000 - 0x00007ffa21660000 	C:\WINDOWS\System32\fwpuclnt.dll
0x00007ffa2ce50000 - 0x00007ffa2ce59000 	C:\Users\Nei\.vscode\extensions\redhat.java-1.32.0-win32-x64\jre\17.0.11-win32-x86_64\bin\extnet.dll

dbghelp: loaded successfully - version: 4.0.5 - missing functions: none
symbol engine: initialized successfully - sym options: 0x614 - pdb path: .;c:\Users\Nei\.vscode\extensions\redhat.java-1.32.0-win32-x64\jre\17.0.11-win32-x86_64\bin;C:\WINDOWS\SYSTEM32;C:\WINDOWS\WinSxS\amd64_microsoft.windows.common-controls_6595b64144ccf1df_6.0.19041.4355_none_60b8b9eb71f62e16;c:\Users\Nei\.vscode\extensions\redhat.java-1.32.0-win32-x64\jre\17.0.11-win32-x86_64\bin\server

VM Arguments:
jvm_args: -Xmx1024m -Dsts.lsp.client=vscode -Dsts.log.file=/dev/null -XX:TieredStopAtLevel=1 -Xlog:jni+resolve=off -Dspring.config.location=file:c:\Users\Nei\.vscode\extensions\vmware.vscode-spring-boot-1.56.0\language-server\BOOT-INF\classes\application.properties 
java_command: org.springframework.ide.vscode.boot.app.BootLanguageServerBootApp
java_class_path (initial): c:\Users\Nei\.vscode\extensions\vmware.vscode-spring-boot-1.56.0\language-server\BOOT-INF\classes;c:\Users\Nei\.vscode\extensions\vmware.vscode-spring-boot-1.56.0\language-server\BOOT-INF\lib\annotations-24.1.0.jar;c:\Users\Nei\.vscode\extensions\vmware.vscode-spring-boot-1.56.0\language-server\BOOT-INF\lib\antlr4-runtime-4.13.1.jar;c:\Users\Nei\.vscode\extensions\vmware.vscode-spring-boot-1.56.0\language-server\BOOT-INF\lib\asm-9.7.jar;c:\Users\Nei\.vscode\extensions\vmware.vscode-spring-boot-1.56.0\language-server\BOOT-INF\lib\asm-analysis-9.7.jar;c:\Users\Nei\.vscode\extensions\vmware.vscode-spring-boot-1.56.0\language-server\BOOT-INF\lib\asm-tree-9.7.jar;c:\Users\Nei\.vscode\extensions\vmware.vscode-spring-boot-1.56.0\language-server\BOOT-INF\lib\asm-util-9.7.jar;c:\Users\Nei\.vscode\extensions\vmware.vscode-spring-boot-1.56.0\language-server\BOOT-INF\lib\caffeine-3.1.8.jar;c:\Users\Nei\.vscode\extensions\vmware.vscode-spring-boot-1.56.0\language-server\BOOT-INF\lib\checker-qual-3.12.0.jar;c:\Users\Nei\.vscode\extensions\vmware.vscode-spring-boot-1.56.0\language-server\BOOT-INF\lib\classgraph-4.8.149.jar;c:\Users\Nei\.vscode\extensions\vmware.vscode-spring-boot-1.56.0\language-server\BOOT-INF\lib\commons-codec-1.16.1.jar;c:\Users\Nei\.vscode\extensions\vmware.vscode-spring-boot-1.56.0\language-server\BOOT-INF\lib\commons-compress-1.26.2.jar;c:\Users\Nei\.vscode\extensions\vmware.vscode-spring-boot-1.56.0\language-server\BOOT-INF\lib\commons-io-2.16.1.jar;c:\Users\Nei\.vscode\extensions\vmware.vscode-spring-boot-1.56.0\language-server\BOOT-INF\lib\commons-java-1.56.0-SNAPSHOT.jar;c:\Users\Nei\.vscode\extensions\vmware.vscode-spring-boot-1.56.0\language-server\BOOT-INF\lib\commons-lang3-3.14.0.jar;c:\Users\Nei\.vscode\extensions\vmware.vscode-spring-boot-1.56.0\language-server\BOOT-INF\lib\commons-language-server-1.56.0-SNAPSHOT.jar;c:\Users\Nei\.vscode\extensions\vmware.vscode-spring-boot-1.56.0\language-server\BOOT-INF\lib\commons-ls
Launcher Type: SUN_STANDARD

[Global flags]
     intx CICompilerCount                          = 3                                         {product} {ergonomic}
     uint ConcGCThreads                            = 1                                         {product} {ergonomic}
     uint G1ConcRefinementThreads                  = 4                                         {product} {ergonomic}
   size_t G1HeapRegionSize                         = 1048576                                   {product} {ergonomic}
    uintx GCDrainStackTargetSize                   = 64                                        {product} {ergonomic}
   size_t InitialHeapSize                          = 134217728                                 {product} {ergonomic}
   size_t MarkStackSize                            = 4194304                                   {product} {ergonomic}
   size_t MaxHeapSize                              = 1073741824                                {product} {command line}
   size_t MaxNewSize                               = 643825664                                 {product} {ergonomic}
   size_t MinHeapDeltaBytes                        = 1048576                                   {product} {ergonomic}
   size_t MinHeapSize                              = 8388608                                   {product} {ergonomic}
    uintx NonProfiledCodeHeapSize                  = 0                                      {pd product} {ergonomic}
     bool ProfileInterpreter                       = false                                  {pd product} {command line}
    uintx ProfiledCodeHeapSize                     = 0                                      {pd product} {ergonomic}
   size_t SoftMaxHeapSize                          = 1073741824                             {manageable} {ergonomic}
     intx TieredStopAtLevel                        = 1                                         {product} {command line}
     bool UseCompressedClassPointers               = true                           {product lp64_product} {ergonomic}
     bool UseCompressedOops                        = true                           {product lp64_product} {ergonomic}
     bool UseG1GC                                  = true                                      {product} {ergonomic}
     bool UseLargePagesIndividualAllocation        = false                                  {pd product} {ergonomic}

Logging:
Log output configuration:
 #0: stdout all=warning,jni+resolve=off uptime,level,tags
 #1: stderr all=off uptime,level,tags

Environment Variables:
JAVA_HOME=E:\jdk-17.0.2\
PATH=C:\Program Files (x86)\Intel\iCLS Client\;C:\Program Files\Intel\iCLS Client\;C:\Windows\system32;C:\Windows;C:\Windows\System32\Wbem;C:\Windows\System32\WindowsPowerShell\v1.0\;C:\Program Files\Intel\Intel(R) Management Engine Components\DAL;C:\Program Files\Intel\Intel(R) Management Engine Components\IPT;C:\Program Files (x86)\Intel\Intel(R) Management Engine Components\DAL;C:\Program Files (x86)\Intel\Intel(R) Management Engine Components\IPT;C:\Program Files (x86)\NVIDIA Corporation\PhysX\Common;C:\WINDOWS\system32;C:\WINDOWS;C:\WINDOWS\System32\Wbem;C:\WINDOWS\System32\WindowsPowerShell\v1.0\;C:\WINDOWS\System32\OpenSSH\;E:\jdk-17.0.2\\bin;C:\Program Files\Microsoft SQL Server\130\Tools\Binn\;C:\Program Files\Microsoft SQL Server\Client SDK\ODBC\170\Tools\Binn\;C:\Program Files\dotnet\;C:\Program Files\Git\cmd;E:\apache-maven-3.9.5\bin;C:\Users\Nei\AppData\Local\Microsoft\WindowsApps;C:\Users\Nei\.dotnet\tools;C:\Users\Nei\AppData\Local\Programs\Microsoft VS Code\bin;C:\Users\Nei\AppData\Local\GitHubDesktop\bin;C:\Program Files\MongoDB\Server\7.0\bin;
USERNAME=Nei
OS=Windows_NT
PROCESSOR_IDENTIFIER=Intel64 Family 6 Model 58 Stepping 9, GenuineIntel
TMP=G:\Systeme\Temp
TEMP=G:\Systeme\Temp



Periodic native trim disabled


---------------  S Y S T E M  ---------------

OS:
 Windows 10 , 64 bit Build 19041 (10.0.19041.4597)
OS uptime: 7 days 5:40 hours

CPU: total 4 (initial active 4) (4 cores per cpu, 1 threads per core) family 6 model 58 stepping 9 microcode 0x21, cx8, cmov, fxsr, mmx, sse, sse2, sse3, ssse3, sse4.1, sse4.2, popcnt, tsc, tscinvbit, avx, aes, erms, clmul, vzeroupper, clflush
Processor Information for all 4 processors :
  Max Mhz: 3801, Current Mhz: 3801, Mhz Limit: 3801

Memory: 4k page, system-wide physical 8150M (1435M free)
TotalPageFile size 16342M (AvailPageFile size 4M)
current process WorkingSet (physical memory assigned to process): 81M, peak: 260M
current process commit charge ("private bytes"): 287M, peak: 386M

vm_info: OpenJDK 64-Bit Server VM (17.0.11+9) for windows-amd64 JRE (17.0.11+9), built on Apr 17 2024 06:07:48 by "admin" with MS VC++ 16.10 / 16.11 (VS2019)

END.
