#
# There is insufficient memory for the Java Runtime Environment to continue.
# Native memory allocation (malloc) failed to allocate 2097152 bytes. Error detail: AllocateHeap
# Possible reasons:
#   The system is out of physical RAM or swap space
#   This process is running with CompressedOops enabled, and the Java Heap may be blocking the growth of the native heap
# Possible solutions:
#   Reduce memory load on the system
#   Increase physical memory or swap space
#   Check if swap backing store is full
#   Decrease Java heap size (-Xmx/-Xms)
#   Decrease number of Java threads
#   Decrease Java thread stack sizes (-Xss)
#   Set larger code cache with -XX:ReservedCodeCacheSize=
#   JVM is running with Unscaled Compressed Oops mode in which the Java heap is
#     placed in the first 4GB address space. The Java Heap base address is the
#     maximum limit for the native heap growth. Please use -XX:HeapBaseMinAddress
#     to set the Java Heap base and to place the Java Heap above 4GB virtual address.
# This output file may be truncated or incomplete.
#
#  Out of Memory Error (allocation.cpp:44), pid=492, tid=5964
#
# JRE version: OpenJDK Runtime Environment Temurin-17.0.11+9 (17.0.11+9) (build 17.0.11+9)
# Java VM: OpenJDK 64-Bit Server VM Temurin-17.0.11+9 (17.0.11+9, mixed mode, emulated-client, tiered, compressed oops, compressed class ptrs, g1 gc, windows-amd64)
# No core dump will be written. Minidumps are not enabled by default on client versions of Windows
#

---------------  S U M M A R Y ------------

Command Line: -Xmx1024m -Dsts.lsp.client=vscode -Dsts.log.file=/dev/null -XX:TieredStopAtLevel=1 -Xlog:jni+resolve=off -Dspring.config.location=file:c:\Users\Nei\.vscode\extensions\vmware.vscode-spring-boot-1.56.0\language-server\BOOT-INF\classes\application.properties org.springframework.ide.vscode.boot.app.BootLanguageServerBootApp

Host: Intel(R) Core(TM) i5-3570K CPU @ 3.40GHz, 4 cores, 7G,  Windows 10 , 64 bit Build 19041 (10.0.19041.4597)
Time: Sat Aug 10 11:10:33 2024 Paris, Madrid (heure duild 19041 (10.0.19041.4597) elapsed time: 338816.329542 seconds (3d 22h 6m 56s)

---------------  T H R E A D  ---------------

Current thread (0x0000016e5d928cc0):  VMThread "VM Thread" [stack: 0x00000062e3300000,0x00000062e3400000] [id=5964]

Stack: [0x00000062e3300000,0x00000062e3400000]
Native frames: (J=compiled Java code, j=interpreted, Vv=VM code, C=native code)
V  [jvm.dll+0x67d429]
V  [jvm.dll+0x834b7a]
V  [jvm.dll+0x83663e]
V  [jvm.dll+0x836ca3]
V  [jvm.dll+0x247dbf]
V  [jvm.dll+0xa6cb3]
V  [jvm.dll+0x2f8b61]
V  [jvm.dll+0x2f4750]
V  [jvm.dll+0x2dcf67]
V  [jvm.dll+0x31fb67]
V  [jvm.dll+0x83b19b]
V  [jvm.dll+0x83bed2]
V  [jvm.dll+0x83c3ed]
V  [jvm.dll+0x83c7c4]
V  [jvm.dll+0x83c890]
V  [jvm.dll+0x7e410a]
V  [jvm.dll+0x67c315]
C  [ucrtbase.dll+0x21bb2]
C  [KERNEL32.DLL+0x17374]
C  [ntdll.dll+0x4cc91]

VM_Operation (0x00000062e45fe990): G1CollectFull, mode: safepoint, requested by thread 0x0000016e62d11a20


---------------  P R O C E S S  ---------------

Threads class SMR info:
_java_thread_list=0x0000016e6461bec0, length=24, elements={
0x0000016e5d93d730, 0x0000016e5d93e5b0, 0x0000016e5d97e130, 0x0000016e5d97ec00,
0x0000016e5d97f7c0, 0x0000016e5d9834b0, 0x0000016e5d983e30, 0x0000016e5d984ee0,
0x0000016e5dcbf0a0, 0x0000016e5dcc29f0, 0x0000016e634e9ea0, 0x0000016e62d11a20,
0x0000016e62a68580, 0x0000016e533caea0, 0x0000016e63472330, 0x0000016e63478d60,
0x0000016e635f5160, 0x0000016e635f8910, 0x0000016e635f5670, 0x0000016e635f4230,
0x0000016e635f65a0, 0x0000016e635f6ab0, 0x0000016e635f14a0, 0x0000016e63938f90
}

Java Threads: ( => current thread )
  0x0000016e5d93d730 JavaThread "Reference Handler" daemon [_thread_blocked, id=10376, stack(0x00000062e3400000,0x00000062e3500000)]
  0x0000016e5d93e5b0 JavaThread "Finalizer" daemon [_thread_blocked, id=14852, stack(0x00000062e3500000,0x00000062e3600000)]
  0x0000016e5d97e130 JavaThread "Signal Dispatcher" daemon [_thread_blocked, id=15188, stack(0x00000062e3600000,0x00000062e3700000)]
  0x0000016e5d97ec00 JavaThread "Attach Listener" daemon [_thread_blocked, id=13940, stack(0x00000062e3700000,0x00000062e3800000)]
  0x0000016e5d97f7c0 JavaThread "Service Thread" daemon [_thread_blocked, id=9628, stack(0x00000062e3800000,0x00000062e3900000)]
  0x0000016e5d9834b0 JavaThread "Monitor Deflation Thread" daemon [_thread_blocked, id=2548, stack(0x00000062e3900000,0x00000062e3a00000)]
  0x0000016e5d983e30 JavaThread "C1 CompilerThread0" daemon [_thread_blocked, id=18844, stack(0x00000062e3a00000,0x00000062e3b00000)]
  0x0000016e5d984ee0 JavaThread "Sweeper thread" daemon [_thread_blocked, id=1700, stack(0x00000062e3b00000,0x00000062e3c00000)]
  0x0000016e5dcbf0a0 JavaThread "Notification Thread" daemon [_thread_blocked, id=15872, stack(0x00000062e3c00000,0x00000062e3d00000)]
  0x0000016e5dcc29f0 JavaThread "Common-Cleaner" daemon [_thread_blocked, id=18864, stack(0x00000062e3e00000,0x00000062e3f00000)]
  0x0000016e634e9ea0 JavaThread "boundedElastic-evictor-1" daemon [_thread_blocked, id=16540, stack(0x00000062e4300000,0x00000062e4400000)]
  0x0000016e62d11a20 JavaThread "pool-13-thread-1" [_thread_blocked, id=11736, stack(0x00000062e4500000,0x00000062e4600000)]
  0x0000016e62a68580 JavaThread "LanguageServerApp-lifecycle" [_thread_blocked, id=9144, stack(0x00000062e4600000,0x00000062e4700000)]
  0x0000016e533caea0 JavaThread "DestroyJavaVM" [_thread_blocked, id=6528, stack(0x00000062e2d00000,0x00000062e2e00000)]
  0x0000016e63472330 JavaThread "pool-14-thread-1" [_thread_in_native, id=19116, stack(0x00000062e4700000,0x00000062e4800000)]
  0x0000016e63478d60 JavaThread "Simple-Language-Server main thread" daemon [_thread_blocked, id=11184, stack(0x00000062e4800000,0x00000062e4900000)]
  0x0000016e635f5160 JavaThread "pool-8-thread-1" [_thread_blocked, id=14276, stack(0x00000062e5600000,0x00000062e5700000)]
  0x0000016e635f8910 JavaThread "parallel-1" daemon [_thread_blocked, id=1676, stack(0x00000062e5700000,0x00000062e5800000)]
  0x0000016e635f5670 JavaThread "parallel-2" daemon [_thread_blocked, id=13240, stack(0x00000062e5c00000,0x00000062e5d00000)]
  0x0000016e635f4230 JavaThread "pool-6-thread-1" [_thread_blocked, id=11908, stack(0x00000062e5d00000,0x00000062e5e00000)]
  0x0000016e635f65a0 JavaThread "parallel-3" daemon [_thread_blocked, id=10920, stack(0x00000062e5e00000,0x00000062e5f00000)]
  0x0000016e635f6ab0 JavaThread "parallel-4" daemon [_thread_blocked, id=10988, stack(0x00000062e5f00000,0x00000062e6000000)]
  0x0000016e635f14a0 JavaThread "CompletableFutureDelayScheduler" daemon [_thread_blocked, id=11048, stack(0x00000062e6000000,0x00000062e6100000)]
  0x0000016e63938f90 JavaThread "Reconciler-1" daemon [_thread_blocked, id=5212, stack(0x00000062e6900000,0x00000062e6a00000)]

Other Threads:
=>0x0000016e5d928cc0 VMThread "VM Thread" [stack: 0x00000062e3300000,0x00000062e3400000] [id=5964]
  0x0000016e5dcbf580 WatcherThread [stack: 0x00000062e3d00000,0x00000062e3e00000] [id=19228]
  0x0000016e534076a0 GCTaskThread "GC Thread#0" [stack: 0x00000062e2e00000,0x00000062e2f00000] [id=12428]
  0x0000016e5db846a0 GCTaskThread "GC Thread#1" [stack: 0x00000062e3f00000,0x00000062e4000000] [id=14132]
  0x0000016e5db84960 GCTaskThread "GC Thread#2" [stack: 0x00000062e4000000,0x00000062e4100000] [id=13296]
  0x0000016e627f56b0 GCTaskThread "GC Thread#3" [stack: 0x00000062e4200000,0x00000062e4300000] [id=14580]
  0x0000016e534105f0 ConcurrentGCThread "G1 Main Marker" [stack: 0x00000062e2f00000,0x00000062e3000000] [id=8212]
  0x0000016e53411010 ConcurrentGCThread "G1 Conc#0" [stack: 0x00000062e3000000,0x00000062e3100000] [id=11028]
  0x0000016e534770b0 ConcurrentGCThread "G1 Refine#0" [stack: 0x00000062e3100000,0x00000062e3200000] [id=6928]
  0x0000016e53477ae0 ConcurrentGCThread "G1 Service" [stack: 0x00000062e3200000,0x00000062e3300000] [id=10188]

Threads with active compile tasks:

VM state: at safepoint (normal execution)

VM Mutex/Monitor currently owned by a thread:  ([mutex/lock_event])
[0x0000016e512dd5a0] Threads_lock - owner thread: 0x0000016e5d928cc0
[0x0000016e533c8540] Heap_lock - owner thread: 0x0000016e62d11a20

Heap address: 0x00000000c0000000, size: 1024 MB, Compressed Oops mode: 32-bit

CDS archive(s) not mapped
Compressed class space mapped at: 0x0000000100000000-0x0000000140000000, reserved size: 1073741824
Narrow klass base: 0x0000000000000000, Narrow klass shift: 3, Narrow klass range: 0x140000000

GC Precious Log:
 CPUs: 4 total, 4 available
 Memory: 8150M
 Large Page Support: Disabled
 NUMA Support: Disabled
 Compressed Oops: Enabled (32-bit)
 Heap Region Size: 1M
 Heap Min Capacity: 8M
 Heap Initial Capacity: 128M
 Heap Max Capacity: 1G
 Pre-touch: Disabled
 Parallel Workers: 4
 Concurrent Workers: 1
 Concurrent Refinement Workers: 4
 Periodic GC: Disabled

Heap:
 garbage-first heap   total 97280K, used 39867K [0x00000000c0000000, 0x0000000100000000)
  region size 1024K, 1 young (1024K), 0 survivors (0K)
 Metaspace       used 63172K, committed 63616K, reserved 1114112K
  class space    used 7764K, committed 8000K, reserved 1048576K

Heap Regions: E=young(eden), S=young(survivor), O=old, HS=humongous(starts), HC=humongous(continues), CS=collection set, F=free, OA=open archive, CA=closed archive, TAMS=top-at-mark-start (previous, next)
|   0|0x00000000c0000000, 0x00000000c0100000, 0x00000000c0100000|100%|HS|  |TAMS 0x00000000c0100000, 0x00000000c0000000| Untracked 
|   1|0x00000000c0100000, 0x00000000c0200000, 0x00000000c0200000|100%|HC|  |TAMS 0x00000000c0200000, 0x00000000c0100000| Untracked 
|   2|0x00000000c0200000, 0x00000000c0300000, 0x00000000c0300000|100%|HC|  |TAMS 0x00000000c0300000, 0x00000000c0200000| Untracked 
|   3|0x00000000c0300000, 0x00000000c0400000, 0x00000000c0400000|100%|HC|  |TAMS 0x00000000c0400000, 0x00000000c0300000| Untracked 
|   4|0x00000000c0400000, 0x00000000c04ffc68, 0x00000000c0500000| 99%| O|  |TAMS 0x00000000c04ffc68, 0x00000000c0400000| Untracked 
|   5|0x00000000c0500000, 0x00000000c0600000, 0x00000000c0600000|100%| O|  |TAMS 0x00000000c0600000, 0x00000000c0500000| Untracked 
|   6|0x00000000c0600000, 0x00000000c0700000, 0x00000000c0700000|100%| O|  |TAMS 0x00000000c0700000, 0x00000000c0600000| Untracked 
|   7|0x00000000c0700000, 0x00000000c07fbc88, 0x00000000c0800000| 98%| O|  |TAMS 0x00000000c07fbc88, 0x00000000c0700000| Untracked 
|   8|0x00000000c0800000, 0x00000000c0900000, 0x00000000c0900000|100%| O|  |TAMS 0x00000000c0900000, 0x00000000c0800000| Untracked 
|   9|0x00000000c0900000, 0x00000000c0a00000, 0x00000000c0a00000|100%| O|  |TAMS 0x00000000c0a00000, 0x00000000c0900000| Untracked 
|  10|0x00000000c0a00000, 0x00000000c0b00000, 0x00000000c0b00000|100%|HS|  |TAMS 0x00000000c0b00000, 0x00000000c0a00000| Untracked 
|  11|0x00000000c0b00000, 0x00000000c0c00000, 0x00000000c0c00000|100%|HC|  |TAMS 0x00000000c0c00000, 0x00000000c0b00000| Untracked 
|  12|0x00000000c0c00000, 0x00000000c0d00000, 0x00000000c0d00000|100%| O|  |TAMS 0x00000000c0d00000, 0x00000000c0c00000| Untracked 
|  13|0x00000000c0d00000, 0x00000000c0dffff0, 0x00000000c0e00000| 99%| O|  |TAMS 0x00000000c0dffff0, 0x00000000c0d00000| Untracked 
|  14|0x00000000c0e00000, 0x00000000c0f00000, 0x00000000c0f00000|100%| O|  |TAMS 0x00000000c0f00000, 0x00000000c0e00000| Untracked 
|  15|0x00000000c0f00000, 0x00000000c0ffffb8, 0x00000000c1000000| 99%| O|  |TAMS 0x00000000c0ffffb8, 0x00000000c0f00000| Untracked 
|  16|0x00000000c1000000, 0x00000000c1100000, 0x00000000c1100000|100%| O|  |TAMS 0x00000000c1100000, 0x00000000c1000000| Untracked 
|  17|0x00000000c1100000, 0x00000000c11ffff8, 0x00000000c1200000| 99%| O|  |TAMS 0x00000000c11ffff8, 0x00000000c1100000| Untracked 
|  18|0x00000000c1200000, 0x00000000c12fffe8, 0x00000000c1300000| 99%| O|  |TAMS 0x00000000c12fffe8, 0x00000000c1200000| Untracked 
|  19|0x00000000c1300000, 0x00000000c13fab38, 0x00000000c1400000| 97%| O|  |TAMS 0x00000000c13fab38, 0x00000000c1300000| Untracked 
|  20|0x00000000c1400000, 0x00000000c14fff98, 0x00000000c1500000| 99%| O|  |TAMS 0x00000000c14fff98, 0x00000000c1400000| Untracked 
|  21|0x00000000c1500000, 0x00000000c15fffe8, 0x00000000c1600000| 99%| O|  |TAMS 0x00000000c15fffe8, 0x00000000c1500000| Untracked 
|  22|0x00000000c1600000, 0x00000000c16ffff8, 0x00000000c1700000| 99%| O|  |TAMS 0x00000000c16ffff8, 0x00000000c1600000| Untracked 
|  23|0x00000000c1700000, 0x00000000c1800000, 0x00000000c1800000|100%| O|  |TAMS 0x00000000c1800000, 0x00000000c1700000| Untracked 
|  24|0x00000000c1800000, 0x00000000c18fffe0, 0x00000000c1900000| 99%| O|  |TAMS 0x00000000c18fffe0, 0x00000000c1800000| Untracked 
|  25|0x00000000c1900000, 0x00000000c19ffff0, 0x00000000c1a00000| 99%| O|  |TAMS 0x00000000c19ffff0, 0x00000000c1900000| Untracked 
|  26|0x00000000c1a00000, 0x00000000c1afffa0, 0x00000000c1b00000| 99%| O|  |TAMS 0x00000000c1afffa0, 0x00000000c1a00000| Untracked 
|  27|0x00000000c1b00000, 0x00000000c1bfffe0, 0x00000000c1c00000| 99%| O|  |TAMS 0x00000000c1bfffe0, 0x00000000c1b00000| Untracked 
|  28|0x00000000c1c00000, 0x00000000c1cffff8, 0x00000000c1d00000| 99%| O|  |TAMS 0x00000000c1cffff8, 0x00000000c1c00000| Untracked 
|  29|0x00000000c1d00000, 0x00000000c1dfffa8, 0x00000000c1e00000| 99%| O|  |TAMS 0x00000000c1dfffa8, 0x00000000c1d00000| Untracked 
|  30|0x00000000c1e00000, 0x00000000c1ef4d00, 0x00000000c1f00000| 95%| O|  |TAMS 0x00000000c1ef4d00, 0x00000000c1e00000| Untracked 
|  31|0x00000000c1f00000, 0x00000000c1ff7038, 0x00000000c2000000| 96%| O|  |TAMS 0x00000000c1ff7038, 0x00000000c1f00000| Untracked 
|  32|0x00000000c2000000, 0x00000000c20fffe0, 0x00000000c2100000| 99%| O|  |TAMS 0x00000000c20fffe0, 0x00000000c2000000| Untracked 
|  33|0x00000000c2100000, 0x00000000c21f4b58, 0x00000000c2200000| 95%| O|  |TAMS 0x00000000c21f4b58, 0x00000000c2100000| Untracked 
|  34|0x00000000c2200000, 0x00000000c22fff98, 0x00000000c2300000| 99%| O|  |TAMS 0x00000000c22fff98, 0x00000000c2200000| Untracked 
|  35|0x00000000c2300000, 0x00000000c2400000, 0x00000000c2400000|100%| O|  |TAMS 0x00000000c2400000, 0x00000000c2300000| Untracked 
|  36|0x00000000c2400000, 0x00000000c2500000, 0x00000000c2500000|100%|HS|  |TAMS 0x00000000c2500000, 0x00000000c2400000| Untracked 
|  37|0x00000000c2500000, 0x00000000c25fffd0, 0x00000000c2600000| 99%| O|  |TAMS 0x00000000c25fffd0, 0x00000000c2500000| Untracked 
|  38|0x00000000c2600000, 0x00000000c26fffe8, 0x00000000c2700000| 99%| O|  |TAMS 0x00000000c26fffe8, 0x00000000c2600000| Untracked 
|  39|0x00000000c2700000, 0x00000000c2718498, 0x00000000c2800000|  9%| O|  |TAMS 0x00000000c2700000, 0x00000000c2700000| Untracked 
|  40|0x00000000c2800000, 0x00000000c2800000, 0x00000000c2900000|  0%| F|  |TAMS 0x00000000c2800000, 0x00000000c2800000| Untracked 
|  41|0x00000000c2900000, 0x00000000c2900000, 0x00000000c2a00000|  0%| F|  |TAMS 0x00000000c2900000, 0x00000000c2900000| Untracked 
|  42|0x00000000c2a00000, 0x00000000c2a00000, 0x00000000c2b00000|  0%| F|  |TAMS 0x00000000c2a00000, 0x00000000c2a00000| Untracked 
|  43|0x00000000c2b00000, 0x00000000c2b00000, 0x00000000c2c00000|  0%| F|  |TAMS 0x00000000c2b00000, 0x00000000c2b00000| Untracked 
|  44|0x00000000c2c00000, 0x00000000c2c00000, 0x00000000c2d00000|  0%| F|  |TAMS 0x00000000c2c00000, 0x00000000c2c00000| Untracked 
|  45|0x00000000c2d00000, 0x00000000c2d00000, 0x00000000c2e00000|  0%| F|  |TAMS 0x00000000c2d00000, 0x00000000c2d00000| Untracked 
|  46|0x00000000c2e00000, 0x00000000c2e00000, 0x00000000c2f00000|  0%| F|  |TAMS 0x00000000c2e00000, 0x00000000c2e00000| Untracked 
|  47|0x00000000c2f00000, 0x00000000c2f00000, 0x00000000c3000000|  0%| F|  |TAMS 0x00000000c2f00000, 0x00000000c2f00000| Untracked 
|  48|0x00000000c3000000, 0x00000000c3000000, 0x00000000c3100000|  0%| F|  |TAMS 0x00000000c3000000, 0x00000000c3000000| Untracked 
|  49|0x00000000c3100000, 0x00000000c3100000, 0x00000000c3200000|  0%| F|  |TAMS 0x00000000c3100000, 0x00000000c3100000| Untracked 
|  50|0x00000000c3200000, 0x00000000c3200000, 0x00000000c3300000|  0%| F|  |TAMS 0x00000000c3200000, 0x00000000c3200000| Untracked 
|  51|0x00000000c3300000, 0x00000000c3300000, 0x00000000c3400000|  0%| F|  |TAMS 0x00000000c3300000, 0x00000000c3300000| Untracked 
|  52|0x00000000c3400000, 0x00000000c3400000, 0x00000000c3500000|  0%| F|  |TAMS 0x00000000c3400000, 0x00000000c3400000| Untracked 
|  53|0x00000000c3500000, 0x00000000c3500000, 0x00000000c3600000|  0%| F|  |TAMS 0x00000000c3500000, 0x00000000c3500000| Untracked 
|  54|0x00000000c3600000, 0x00000000c3600000, 0x00000000c3700000|  0%| F|  |TAMS 0x00000000c3600000, 0x00000000c3600000| Untracked 
|  55|0x00000000c3700000, 0x00000000c3700000, 0x00000000c3800000|  0%| F|  |TAMS 0x00000000c3700000, 0x00000000c3700000| Untracked 
|  56|0x00000000c3800000, 0x00000000c3800000, 0x00000000c3900000|  0%| F|  |TAMS 0x00000000c3800000, 0x00000000c3800000| Untracked 
|  57|0x00000000c3900000, 0x00000000c3900000, 0x00000000c3a00000|  0%| F|  |TAMS 0x00000000c3900000, 0x00000000c3900000| Untracked 
|  58|0x00000000c3a00000, 0x00000000c3a00000, 0x00000000c3b00000|  0%| F|  |TAMS 0x00000000c3a00000, 0x00000000c3a00000| Untracked 
|  59|0x00000000c3b00000, 0x00000000c3b00000, 0x00000000c3c00000|  0%| F|  |TAMS 0x00000000c3b00000, 0x00000000c3b00000| Untracked 
|  60|0x00000000c3c00000, 0x00000000c3c00000, 0x00000000c3d00000|  0%| F|  |TAMS 0x00000000c3c00000, 0x00000000c3c00000| Untracked 
|  61|0x00000000c3d00000, 0x00000000c3d00000, 0x00000000c3e00000|  0%| F|  |TAMS 0x00000000c3d00000, 0x00000000c3d00000| Untracked 
|  62|0x00000000c3e00000, 0x00000000c3e00000, 0x00000000c3f00000|  0%| F|  |TAMS 0x00000000c3e00000, 0x00000000c3e00000| Untracked 
|  63|0x00000000c3f00000, 0x00000000c3f00000, 0x00000000c4000000|  0%| F|  |TAMS 0x00000000c3f00000, 0x00000000c3f00000| Untracked 
|  64|0x00000000c4000000, 0x00000000c4000000, 0x00000000c4100000|  0%| F|  |TAMS 0x00000000c4000000, 0x00000000c4000000| Untracked 
|  65|0x00000000c4100000, 0x00000000c4100000, 0x00000000c4200000|  0%| F|  |TAMS 0x00000000c4100000, 0x00000000c4100000| Untracked 
|  66|0x00000000c4200000, 0x00000000c4200000, 0x00000000c4300000|  0%| F|  |TAMS 0x00000000c4200000, 0x00000000c4200000| Untracked 
|  67|0x00000000c4300000, 0x00000000c4300000, 0x00000000c4400000|  0%| F|  |TAMS 0x00000000c4300000, 0x00000000c4300000| Untracked 
|  68|0x00000000c4400000, 0x00000000c4400000, 0x00000000c4500000|  0%| F|  |TAMS 0x00000000c4400000, 0x00000000c4400000| Untracked 
|  69|0x00000000c4500000, 0x00000000c4500000, 0x00000000c4600000|  0%| F|  |TAMS 0x00000000c4500000, 0x00000000c4500000| Untracked 
|  70|0x00000000c4600000, 0x00000000c4600000, 0x00000000c4700000|  0%| F|  |TAMS 0x00000000c4600000, 0x00000000c4600000| Untracked 
|  71|0x00000000c4700000, 0x00000000c4700000, 0x00000000c4800000|  0%| F|  |TAMS 0x00000000c4700000, 0x00000000c4700000| Untracked 
|  72|0x00000000c4800000, 0x00000000c4800000, 0x00000000c4900000|  0%| F|  |TAMS 0x00000000c4800000, 0x00000000c4800000| Untracked 
|  73|0x00000000c4900000, 0x00000000c4900000, 0x00000000c4a00000|  0%| F|  |TAMS 0x00000000c4900000, 0x00000000c4900000| Untracked 
|  74|0x00000000c4a00000, 0x00000000c4a00000, 0x00000000c4b00000|  0%| F|  |TAMS 0x00000000c4a00000, 0x00000000c4a00000| Untracked 
|  75|0x00000000c4b00000, 0x00000000c4b00000, 0x00000000c4c00000|  0%| F|  |TAMS 0x00000000c4b00000, 0x00000000c4b00000| Untracked 
|  76|0x00000000c4c00000, 0x00000000c4c00000, 0x00000000c4d00000|  0%| F|  |TAMS 0x00000000c4c00000, 0x00000000c4c00000| Untracked 
|  77|0x00000000c4d00000, 0x00000000c4d00000, 0x00000000c4e00000|  0%| F|  |TAMS 0x00000000c4d00000, 0x00000000c4d00000| Untracked 
|  78|0x00000000c4e00000, 0x00000000c4e00000, 0x00000000c4f00000|  0%| F|  |TAMS 0x00000000c4e00000, 0x00000000c4e00000| Untracked 
|  79|0x00000000c4f00000, 0x00000000c4f00000, 0x00000000c5000000|  0%| F|  |TAMS 0x00000000c4f00000, 0x00000000c4f00000| Untracked 
|  80|0x00000000c5000000, 0x00000000c5000000, 0x00000000c5100000|  0%| F|  |TAMS 0x00000000c5000000, 0x00000000c5000000| Untracked 
|  81|0x00000000c5100000, 0x00000000c5100000, 0x00000000c5200000|  0%| F|  |TAMS 0x00000000c5100000, 0x00000000c5100000| Untracked 
|  82|0x00000000c5200000, 0x00000000c5200000, 0x00000000c5300000|  0%| F|  |TAMS 0x00000000c5200000, 0x00000000c5200000| Untracked 
|  83|0x00000000c5300000, 0x00000000c5300000, 0x00000000c5400000|  0%| F|  |TAMS 0x00000000c5300000, 0x00000000c5300000| Untracked 
|  84|0x00000000c5400000, 0x00000000c5400000, 0x00000000c5500000|  0%| F|  |TAMS 0x00000000c5400000, 0x00000000c5400000| Untracked 
|  85|0x00000000c5500000, 0x00000000c5500000, 0x00000000c5600000|  0%| F|  |TAMS 0x00000000c5500000, 0x00000000c5500000| Untracked 
|  86|0x00000000c5600000, 0x00000000c5600000, 0x00000000c5700000|  0%| F|  |TAMS 0x00000000c5600000, 0x00000000c5600000| Untracked 
|  87|0x00000000c5700000, 0x00000000c5700000, 0x00000000c5800000|  0%| F|  |TAMS 0x00000000c5700000, 0x00000000c5700000| Untracked 
|  88|0x00000000c5800000, 0x00000000c5800000, 0x00000000c5900000|  0%| F|  |TAMS 0x00000000c5800000, 0x00000000c5800000| Untracked 
|  89|0x00000000c5900000, 0x00000000c5900000, 0x00000000c5a00000|  0%| F|  |TAMS 0x00000000c5900000, 0x00000000c5900000| Untracked 
|  90|0x00000000c5a00000, 0x00000000c5a00000, 0x00000000c5b00000|  0%| F|  |TAMS 0x00000000c5a00000, 0x00000000c5a00000| Untracked 
|  91|0x00000000c5b00000, 0x00000000c5b00000, 0x00000000c5c00000|  0%| F|  |TAMS 0x00000000c5b00000, 0x00000000c5b00000| Untracked 
|  92|0x00000000c5c00000, 0x00000000c5c00000, 0x00000000c5d00000|  0%| F|  |TAMS 0x00000000c5c00000, 0x00000000c5c00000| Untracked 
|  93|0x00000000c5d00000, 0x00000000c5d00000, 0x00000000c5e00000|  0%| F|  |TAMS 0x00000000c5d00000, 0x00000000c5d00000| Untracked 
| 127|0x00000000c7f00000, 0x00000000c7f0aa00, 0x00000000c8000000|  4%| E|  |TAMS 0x00000000c7f00000, 0x00000000c7f00000| Complete 

Card table byte_map: [0x0000016e59060000,0x0000016e59260000] _byte_map_base: 0x0000016e58a60000

Marking Bits (Prev, Next): (CMBitMap*) 0x0000016e53407cc0, (CMBitMap*) 0x0000016e53407d00
 Prev Bits: [0x0000016e59460000, 0x0000016e5a460000)
 Next Bits: [0x0000016e5a460000, 0x0000016e5b460000)

Polling page: 0x0000016e513c0000

Metaspace:

Usage:
  Non-class:     54.11 MB used.
      Class:      7.58 MB used.
       Both:     61.69 MB used.

Virtual space:
  Non-class space:       64.00 MB reserved,      54.31 MB ( 85%) committed,  1 nodes.
      Class space:        1.00 GB reserved,       7.81 MB ( <1%) committed,  1 nodes.
             Both:        1.06 GB reserved,      62.12 MB (  6%) committed. 

Chunk freelists:
   Non-Class:  9.29 MB
       Class:  8.19 MB
        Both:  17.48 MB

MaxMetaspaceSize: unlimited
CompressedClassSpaceSize: 1.00 GB
Initial GC threshold: 21.00 MB
Current GC threshold: 103.56 MB
CDS: off
MetaspaceReclaimPolicy: balanced
 - commit_granule_bytes: 65536.
 - commit_granule_words: 8192.
 - virtual_space_node_default_size: 8388608.
 - enlarge_chunks_in_place: 1.
 - new_chunks_are_fully_committed: 0.
 - uncommit_free_chunks: 1.
 - use_allocation_guard: 0.
 - handle_deallocations: 1.


Internal statistics:

num_allocs_failed_limit: 8.
num_arena_births: 754.
num_arena_deaths: 280.
num_vsnodes_births: 2.
num_vsnodes_deaths: 0.
num_space_committed: 993.
num_space_uncommitted: 0.
num_chunks_returned_to_freelist: 348.
num_chunks_taken_from_freelist: 2921.
num_chunk_merges: 101.
num_chunk_splits: 1910.
num_chunks_enlarged: 1436.
num_inconsistent_stats: 0.

CodeCache: size=49152Kb used=13737Kb max_used=14020Kb free=35414Kb
 bounds [0x0000016e56060000, 0x0000016e56e50000, 0x0000016e59060000]
 total_blobs=8140 nmethods=7457 adapters=609
 compilation: enabled
              stopped_count=0, restarted_count=0
 full_count=0

Compilation events (20 events):
Event: 192011.514 Thread 0x0000016e5d983e30 7463       1       org.eclipse.lsp4j.jsonrpc.messages.Either::get (26 bytes)
Event: 192011.515 Thread 0x0000016e5d983e30 nmethod 7463 0x0000016e56e4cd90 code [0x0000016e56e4cf20, 0x0000016e56e4d058]
Event: 192011.515 Thread 0x0000016e5d983e30 7464       1       org.eclipse.lsp4j.jsonrpc.messages.IdentifiableMessage::getId (56 bytes)
Event: 192011.515 Thread 0x0000016e5d983e30 nmethod 7464 0x0000016e56e4c890 code [0x0000016e56e4ca40, 0x0000016e56e4cc68]
Event: 192013.037 Thread 0x0000016e5d983e30 7465       1       com.google.gson.stream.JsonReader::consumeNonExecutePrefix (108 bytes)
Event: 192013.037 Thread 0x0000016e5d983e30 nmethod 7465 0x0000016e56e4c290 code [0x0000016e56e4c460, 0x0000016e56e4c6f8]
Event: 192013.944 Thread 0x0000016e5d983e30 7466   !   1       java.util.concurrent.SynchronousQueue$TransferStack::transfer (541 bytes)
Event: 192013.956 Thread 0x0000016e5d983e30 nmethod 7466 0x0000016e56e46710 code [0x0000016e56e46e20, 0x0000016e56e4aad8]
Event: 192013.956 Thread 0x0000016e5d983e30 7467       1       ch.qos.logback.classic.Logger::info (15 bytes)
Event: 192013.956 Thread 0x0000016e5d983e30 nmethod 7467 0x0000016e56e46410 code [0x0000016e56e465a0, 0x0000016e56e466a8]
Event: 192059.084 Thread 0x0000016e5d983e30 7468       1       org.eclipse.lsp4j.jsonrpc.messages.Either::forRight (10 bytes)
Event: 192059.084 Thread 0x0000016e5d983e30 nmethod 7468 0x0000016e56e46090 code [0x0000016e56e46220, 0x0000016e56e46358]
Event: 303068.978 Thread 0x0000016e5d983e30 7469 % !   1       java.util.concurrent.ThreadPoolExecutor::runWorker @ 21 (187 bytes)
Event: 303069.171 Thread 0x0000016e5d983e30 nmethod 7469% 0x0000016e56e44e10 code [0x0000016e56e45060, 0x0000016e56e459c8]
Event: 308230.288 Thread 0x0000016e5d983e30 7470   !   1       java.util.concurrent.ThreadPoolExecutor::runWorker (187 bytes)
Event: 308230.289 Thread 0x0000016e5d983e30 nmethod 7470 0x0000016e56e44090 code [0x0000016e56e442c0, 0x0000016e56e44918]
Event: 338328.710 Thread 0x0000016e5d983e30 7471   !   1       java.time.format.DateTimeFormatterBuilder$CompositePrinterParser::format (116 bytes)
Event: 338328.954 Thread 0x0000016e5d983e30 nmethod 7471 0x0000016e56e43a10 code [0x0000016e56e43bc0, 0x0000016e56e43e58]
Event: 338795.974 Thread 0x0000016e5d983e30 7472       1       sun.nio.cs.SingleByte$Encoder::encode (32 bytes)
Event: 338795.974 Thread 0x0000016e5d983e30 nmethod 7472 0x0000016e56e43610 code [0x0000016e56e437a0, 0x0000016e56e43918]

GC Heap History (20 events):
Event: 338703.762 GC heap before
{Heap before GC invocations=33302 (full 33268):
 garbage-first heap   total 97280K, used 39866K [0x00000000c0000000, 0x0000000100000000)
  region size 1024K, 1 young (1024K), 0 survivors (0K)
 Metaspace       used 63171K, committed 63616K, reserved 1114112K
  class space    used 7764K, committed 8000K, reserved 1048576K
}
Event: 338703.795 GC heap after
{Heap after GC invocations=33303 (full 33269):
 garbage-first heap   total 97280K, used 39866K [0x00000000c0000000, 0x0000000100000000)
  region size 1024K, 0 young (0K), 0 survivors (0K)
 Metaspace       used 63171K, committed 63616K, reserved 1114112K
  class space    used 7764K, committed 8000K, reserved 1048576K
}
Event: 338713.953 GC heap before
{Heap before GC invocations=33303 (full 33269):
 garbage-first heap   total 97280K, used 39866K [0x00000000c0000000, 0x0000000100000000)
  region size 1024K, 1 young (1024K), 0 survivors (0K)
 Metaspace       used 63171K, committed 63616K, reserved 1114112K
  class space    used 7764K, committed 8000K, reserved 1048576K
}
Event: 338713.985 GC heap after
{Heap after GC invocations=33304 (full 33270):
 garbage-first heap   total 97280K, used 39866K [0x00000000c0000000, 0x0000000100000000)
  region size 1024K, 0 young (0K), 0 survivors (0K)
 Metaspace       used 63171K, committed 63616K, reserved 1114112K
  class space    used 7764K, committed 8000K, reserved 1048576K
}
Event: 338724.121 GC heap before
{Heap before GC invocations=33304 (full 33270):
 garbage-first heap   total 97280K, used 39866K [0x00000000c0000000, 0x0000000100000000)
  region size 1024K, 1 young (1024K), 0 survivors (0K)
 Metaspace       used 63171K, committed 63616K, reserved 1114112K
  class space    used 7764K, committed 8000K, reserved 1048576K
}
Event: 338724.153 GC heap after
{Heap after GC invocations=33305 (full 33271):
 garbage-first heap   total 97280K, used 39866K [0x00000000c0000000, 0x0000000100000000)
  region size 1024K, 0 young (0K), 0 survivors (0K)
 Metaspace       used 63171K, committed 63616K, reserved 1114112K
  class space    used 7764K, committed 8000K, reserved 1048576K
}
Event: 338734.291 GC heap before
{Heap before GC invocations=33305 (full 33271):
 garbage-first heap   total 97280K, used 39866K [0x00000000c0000000, 0x0000000100000000)
  region size 1024K, 1 young (1024K), 0 survivors (0K)
 Metaspace       used 63171K, committed 63616K, reserved 1114112K
  class space    used 7764K, committed 8000K, reserved 1048576K
}
Event: 338734.324 GC heap after
{Heap after GC invocations=33306 (full 33272):
 garbage-first heap   total 97280K, used 39866K [0x00000000c0000000, 0x0000000100000000)
  region size 1024K, 0 young (0K), 0 survivors (0K)
 Metaspace       used 63171K, committed 63616K, reserved 1114112K
  class space    used 7764K, committed 8000K, reserved 1048576K
}
Event: 338744.466 GC heap before
{Heap before GC invocations=33306 (full 33272):
 garbage-first heap   total 97280K, used 39866K [0x00000000c0000000, 0x0000000100000000)
  region size 1024K, 1 young (1024K), 0 survivors (0K)
 Metaspace       used 63171K, committed 63616K, reserved 1114112K
  class space    used 7764K, committed 8000K, reserved 1048576K
}
Event: 338744.499 GC heap after
{Heap after GC invocations=33307 (full 33273):
 garbage-first heap   total 97280K, used 39866K [0x00000000c0000000, 0x0000000100000000)
  region size 1024K, 0 young (0K), 0 survivors (0K)
 Metaspace       used 63171K, committed 63616K, reserved 1114112K
  class space    used 7764K, committed 8000K, reserved 1048576K
}
Event: 338754.637 GC heap before
{Heap before GC invocations=33307 (full 33273):
 garbage-first heap   total 97280K, used 39866K [0x00000000c0000000, 0x0000000100000000)
  region size 1024K, 1 young (1024K), 0 survivors (0K)
 Metaspace       used 63171K, committed 63616K, reserved 1114112K
  class space    used 7764K, committed 8000K, reserved 1048576K
}
Event: 338754.669 GC heap after
{Heap after GC invocations=33308 (full 33274):
 garbage-first heap   total 97280K, used 39866K [0x00000000c0000000, 0x0000000100000000)
  region size 1024K, 0 young (0K), 0 survivors (0K)
 Metaspace       used 63171K, committed 63616K, reserved 1114112K
  class space    used 7764K, committed 8000K, reserved 1048576K
}
Event: 338764.832 GC heap before
{Heap before GC invocations=33308 (full 33274):
 garbage-first heap   total 97280K, used 39866K [0x00000000c0000000, 0x0000000100000000)
  region size 1024K, 1 young (1024K), 0 survivors (0K)
 Metaspace       used 63171K, committed 63616K, reserved 1114112K
  class space    used 7764K, committed 8000K, reserved 1048576K
}
Event: 338764.864 GC heap after
{Heap after GC invocations=33309 (full 33275):
 garbage-first heap   total 97280K, used 39866K [0x00000000c0000000, 0x0000000100000000)
  region size 1024K, 0 young (0K), 0 survivors (0K)
 Metaspace       used 63171K, committed 63616K, reserved 1114112K
  class space    used 7764K, committed 8000K, reserved 1048576K
}
Event: 338774.986 GC heap before
{Heap before GC invocations=33309 (full 33275):
 garbage-first heap   total 97280K, used 39866K [0x00000000c0000000, 0x0000000100000000)
  region size 1024K, 1 young (1024K), 0 survivors (0K)
 Metaspace       used 63171K, committed 63616K, reserved 1114112K
  class space    used 7764K, committed 8000K, reserved 1048576K
}
Event: 338775.018 GC heap after
{Heap after GC invocations=33310 (full 33276):
 garbage-first heap   total 97280K, used 39866K [0x00000000c0000000, 0x0000000100000000)
  region size 1024K, 0 young (0K), 0 survivors (0K)
 Metaspace       used 63171K, committed 63616K, reserved 1114112K
  class space    used 7764K, committed 8000K, reserved 1048576K
}
Event: 338785.152 GC heap before
{Heap before GC invocations=33310 (full 33276):
 garbage-first heap   total 97280K, used 39866K [0x00000000c0000000, 0x0000000100000000)
  region size 1024K, 1 young (1024K), 0 survivors (0K)
 Metaspace       used 63171K, committed 63616K, reserved 1114112K
  class space    used 7764K, committed 8000K, reserved 1048576K
}
Event: 338785.185 GC heap after
{Heap after GC invocations=33311 (full 33277):
 garbage-first heap   total 97280K, used 39866K [0x00000000c0000000, 0x0000000100000000)
  region size 1024K, 0 young (0K), 0 survivors (0K)
 Metaspace       used 63171K, committed 63616K, reserved 1114112K
  class space    used 7764K, committed 8000K, reserved 1048576K
}
Event: 338806.181 GC heap before
{Heap before GC invocations=33311 (full 33277):
 garbage-first heap   total 97280K, used 39866K [0x00000000c0000000, 0x0000000100000000)
  region size 1024K, 1 young (1024K), 0 survivors (0K)
 Metaspace       used 63172K, committed 63616K, reserved 1114112K
  class space    used 7764K, committed 8000K, reserved 1048576K
}
Event: 338806.216 GC heap after
{Heap after GC invocations=33312 (full 33278):
 garbage-first heap   total 97280K, used 39867K [0x00000000c0000000, 0x0000000100000000)
  region size 1024K, 0 young (0K), 0 survivors (0K)
 Metaspace       used 63172K, committed 63616K, reserved 1114112K
  class space    used 7764K, committed 8000K, reserved 1048576K
}

Dll operation events (10 events):
Event: 0.020 Loaded shared library c:\Users\Nei\.vscode\extensions\redhat.java-1.33.0-win32-x64\jre\17.0.11-win32-x86_64\bin\java.dll
Event: 0.603 Loaded shared library C:\Users\Nei\.vscode\extensions\redhat.java-1.33.0-win32-x64\jre\17.0.11-win32-x86_64\bin\net.dll
Event: 0.605 Loaded shared library C:\Users\Nei\.vscode\extensions\redhat.java-1.33.0-win32-x64\jre\17.0.11-win32-x86_64\bin\nio.dll
Event: 0.967 Loaded shared library C:\Users\Nei\.vscode\extensions\redhat.java-1.33.0-win32-x64\jre\17.0.11-win32-x86_64\bin\zip.dll
Event: 14.496 Loaded shared library C:\Users\Nei\.vscode\extensions\redhat.java-1.33.0-win32-x64\jre\17.0.11-win32-x86_64\bin\jimage.dll
Event: 17.407 Loaded shared library c:\Users\Nei\.vscode\extensions\redhat.java-1.33.0-win32-x64\jre\17.0.11-win32-x86_64\bin\verify.dll
Event: 22.889 Loaded shared library C:\Users\Nei\.vscode\extensions\redhat.java-1.33.0-win32-x64\jre\17.0.11-win32-x86_64\bin\management.dll
Event: 22.893 Loaded shared library C:\Users\Nei\.vscode\extensions\redhat.java-1.33.0-win32-x64\jre\17.0.11-win32-x86_64\bin\management_ext.dll
Event: 25.852 Loaded shared library C:\Users\Nei\.vscode\extensions\redhat.java-1.33.0-win32-x64\jre\17.0.11-win32-x86_64\bin\sunmscapi.dll
Event: 27.232 Loaded shared library C:\Users\Nei\.vscode\extensions\redhat.java-1.33.0-win32-x64\jre\17.0.11-win32-x86_64\bin\extnet.dll

Deoptimization events (20 events):
Event: 24.159 Thread 0x0000016e63472330 DEOPT PACKING pc=0x0000016e5667c0d4 sp=0x00000062e47ff1d0
Event: 24.159 Thread 0x0000016e63472330 DEOPT UNPACKING pc=0x0000016e560b7143 sp=0x00000062e47fe678 mode 0
Event: 25.388 Thread 0x0000016e635f3810 DEOPT PACKING pc=0x0000016e56579752 sp=0x00000062e59fde20
Event: 25.388 Thread 0x0000016e635f3810 DEOPT UNPACKING pc=0x0000016e560b7143 sp=0x00000062e59fd328 mode 3
Event: 25.421 Thread 0x0000016e635f5b80 DEOPT PACKING pc=0x0000016e5675fa24 sp=0x00000062e5bfef10
Event: 25.421 Thread 0x0000016e635f5b80 DEOPT UNPACKING pc=0x0000016e560b7143 sp=0x00000062e5bfe3f8 mode 0
Event: 26.049 Thread 0x0000016e63937640 DEOPT PACKING pc=0x0000016e561c2a0c sp=0x00000062e68fab40
Event: 26.049 Thread 0x0000016e63937640 DEOPT UNPACKING pc=0x0000016e560b7143 sp=0x00000062e68fa008 mode 0
Event: 35.574 Thread 0x0000016e635f4230 DEOPT PACKING pc=0x0000016e568a360c sp=0x00000062e5dfe3a0
Event: 35.574 Thread 0x0000016e635f4230 DEOPT UNPACKING pc=0x0000016e560b7143 sp=0x00000062e5dfd908 mode 0
Event: 35.574 Thread 0x0000016e635f4230 DEOPT PACKING pc=0x0000016e5693bbcc sp=0x00000062e5dfe4d0
Event: 35.574 Thread 0x0000016e635f4230 DEOPT UNPACKING pc=0x0000016e560b7143 sp=0x00000062e5dfd9b0 mode 0
Event: 35.574 Thread 0x0000016e635f4230 DEOPT PACKING pc=0x0000016e568a360c sp=0x00000062e5dfe600
Event: 35.574 Thread 0x0000016e635f4230 DEOPT UNPACKING pc=0x0000016e560b7143 sp=0x00000062e5dfdb68 mode 0
Event: 35.574 Thread 0x0000016e635f4230 DEOPT PACKING pc=0x0000016e5693bbcc sp=0x00000062e5dfe730
Event: 35.574 Thread 0x0000016e635f4230 DEOPT UNPACKING pc=0x0000016e560b7143 sp=0x00000062e5dfdc28 mode 0
Event: 35.576 Thread 0x0000016e635f4230 DEOPT PACKING pc=0x0000016e568a360c sp=0x00000062e5dfeaa0
Event: 35.576 Thread 0x0000016e635f4230 DEOPT UNPACKING pc=0x0000016e560b7143 sp=0x00000062e5dfe008 mode 0
Event: 35.576 Thread 0x0000016e635f4230 DEOPT PACKING pc=0x0000016e5693bbcc sp=0x00000062e5dfebd0
Event: 35.576 Thread 0x0000016e635f4230 DEOPT UNPACKING pc=0x0000016e560b7143 sp=0x00000062e5dfe0c8 mode 0

Classes unloaded (20 events):
Event: 1930.690 Thread 0x0000016e5d928cc0 Unloading class 0x00000001007a8000 'java/lang/invoke/LambdaForm$MH+0x00000001007a8000'
Event: 113181.104 Thread 0x0000016e5d928cc0 Unloading class 0x0000000100094400 'java/lang/invoke/LambdaForm$MH+0x0000000100094400'
Event: 113181.113 Thread 0x0000016e5d928cc0 Unloading class 0x0000000100096000 'java/lang/invoke/LambdaForm$MH+0x0000000100096000'
Event: 113181.113 Thread 0x0000016e5d928cc0 Unloading class 0x00000001007a8000 'java/lang/invoke/LambdaForm$MH+0x00000001007a8000'
Event: 169439.206 Thread 0x0000016e5d928cc0 Unloading class 0x0000000100414000 'java/lang/invoke/LambdaForm$MH+0x0000000100414000'
Event: 169439.232 Thread 0x0000016e5d928cc0 Unloading class 0x0000000100414800 'java/lang/invoke/LambdaForm$MH+0x0000000100414800'
Event: 169439.243 Thread 0x0000016e5d928cc0 Unloading class 0x0000000100434400 'java/lang/invoke/LambdaForm$MH+0x0000000100434400'
Event: 169439.243 Thread 0x0000016e5d928cc0 Unloading class 0x0000000100438000 'java/lang/invoke/LambdaForm$MH+0x0000000100438000'
Event: 169439.243 Thread 0x0000016e5d928cc0 Unloading class 0x0000000100539000 'java/lang/invoke/LambdaForm$MH+0x0000000100539000'
Event: 169439.243 Thread 0x0000016e5d928cc0 Unloading class 0x0000000100564000 'java/lang/invoke/LambdaForm$MH+0x0000000100564000'
Event: 169439.243 Thread 0x0000016e5d928cc0 Unloading class 0x00000001005a0800 'java/lang/invoke/LambdaForm$MH+0x00000001005a0800'
Event: 169439.243 Thread 0x0000016e5d928cc0 Unloading class 0x000000010052c400 'java/lang/invoke/LambdaForm$MH+0x000000010052c400'
Event: 169439.243 Thread 0x0000016e5d928cc0 Unloading class 0x0000000100535000 'java/lang/invoke/LambdaForm$MH+0x0000000100535000'
Event: 169439.243 Thread 0x0000016e5d928cc0 Unloading class 0x0000000100575000 'java/lang/invoke/LambdaForm$MH+0x0000000100575000'
Event: 169439.243 Thread 0x0000016e5d928cc0 Unloading class 0x00000001005c8000 'java/lang/invoke/LambdaForm$MH+0x00000001005c8000'
Event: 169439.243 Thread 0x0000016e5d928cc0 Unloading class 0x0000000100694800 'java/lang/invoke/LambdaForm$MH+0x0000000100694800'
Event: 169439.243 Thread 0x0000016e5d928cc0 Unloading class 0x0000000100695800 'java/lang/invoke/LambdaForm$MH+0x0000000100695800'
Event: 169439.243 Thread 0x0000016e5d928cc0 Unloading class 0x00000001007a8000 'java/lang/invoke/LambdaForm$MH+0x00000001007a8000'
Event: 169439.243 Thread 0x0000016e5d928cc0 Unloading class 0x0000000100096000 'java/lang/invoke/LambdaForm$MH+0x0000000100096000'
Event: 169439.243 Thread 0x0000016e5d928cc0 Unloading class 0x0000000100094400 'java/lang/invoke/LambdaForm$MH+0x0000000100094400'

Classes redefined (0 events):
No events

Internal exceptions (20 events):
Event: 169332.902 Thread 0x0000016e63938f90 Exception <a 'sun/nio/fs/WindowsException'{0x00000000c4ebd690}> (0x00000000c4ebd690) 
thrown [s\src\hotspot\share\prims\jni.cpp, line 516]
Event: 169332.902 Thread 0x0000016e63938f90 Exception <a 'sun/nio/fs/WindowsException'{0x00000000c4ebdb90}> (0x00000000c4ebdb90) 
thrown [s\src\hotspot\share\prims\jni.cpp, line 516]
Event: 169332.903 Thread 0x0000016e63938f90 Exception <a 'sun/nio/fs/WindowsException'{0x00000000c4ebe9b8}> (0x00000000c4ebe9b8) 
thrown [s\src\hotspot\share\prims\jni.cpp, line 516]
Event: 169332.903 Thread 0x0000016e63938f90 Exception <a 'sun/nio/fs/WindowsException'{0x00000000c4ebf348}> (0x00000000c4ebf348) 
thrown [s\src\hotspot\share\prims\jni.cpp, line 516]
Event: 169332.903 Thread 0x0000016e63938f90 Exception <a 'sun/nio/fs/WindowsException'{0x00000000c4ebf820}> (0x00000000c4ebf820) 
thrown [s\src\hotspot\share\prims\jni.cpp, line 516]
Event: 169332.903 Thread 0x0000016e63938f90 Exception <a 'sun/nio/fs/WindowsException'{0x00000000c4ec08a0}> (0x00000000c4ec08a0) 
thrown [s\src\hotspot\share\prims\jni.cpp, line 516]
Event: 169332.903 Thread 0x0000016e63938f90 Exception <a 'sun/nio/fs/WindowsException'{0x00000000c4ec0db0}> (0x00000000c4ec0db0) 
thrown [s\src\hotspot\share\prims\jni.cpp, line 516]
Event: 169332.903 Thread 0x0000016e63938f90 Exception <a 'sun/nio/fs/WindowsException'{0x00000000c4ec1bb8}> (0x00000000c4ec1bb8) 
thrown [s\src\hotspot\share\prims\jni.cpp, line 516]
Event: 169332.903 Thread 0x0000016e63938f90 Exception <a 'sun/nio/fs/WindowsException'{0x00000000c4ec2510}> (0x00000000c4ec2510) 
thrown [s\src\hotspot\share\prims\jni.cpp, line 516]
Event: 169332.903 Thread 0x0000016e63938f90 Exception <a 'sun/nio/fs/WindowsException'{0x00000000c4ec29c0}> (0x00000000c4ec29c0) 
thrown [s\src\hotspot\share\prims\jni.cpp, line 516]
Event: 169332.903 Thread 0x0000016e63938f90 Exception <a 'sun/nio/fs/WindowsException'{0x00000000c4ec3a30}> (0x00000000c4ec3a30) 
thrown [s\src\hotspot\share\prims\jni.cpp, line 516]
Event: 169332.903 Thread 0x0000016e63938f90 Exception <a 'sun/nio/fs/WindowsException'{0x00000000c4ec3f30}> (0x00000000c4ec3f30) 
thrown [s\src\hotspot\share\prims\jni.cpp, line 516]
Event: 169332.904 Thread 0x0000016e63938f90 Exception <a 'sun/nio/fs/WindowsException'{0x00000000c4ec4e10}> (0x00000000c4ec4e10) 
thrown [s\src\hotspot\share\prims\jni.cpp, line 516]
Event: 169332.904 Thread 0x0000016e63938f90 Exception <a 'sun/nio/fs/WindowsException'{0x00000000c4ec57a0}> (0x00000000c4ec57a0) 
thrown [s\src\hotspot\share\prims\jni.cpp, line 516]
Event: 169332.904 Thread 0x0000016e63938f90 Exception <a 'sun/nio/fs/WindowsException'{0x00000000c4ec5c78}> (0x00000000c4ec5c78) 
thrown [s\src\hotspot\share\prims\jni.cpp, line 516]
Event: 169332.904 Thread 0x0000016e63938f90 Exception <a 'sun/nio/fs/WindowsException'{0x00000000c4ec6cf8}> (0x00000000c4ec6cf8) 
thrown [s\src\hotspot\share\prims\jni.cpp, line 516]
Event: 169332.904 Thread 0x0000016e63938f90 Exception <a 'sun/nio/fs/WindowsException'{0x00000000c4ec7208}> (0x00000000c4ec7208) 
thrown [s\src\hotspot\share\prims\jni.cpp, line 516]
Event: 169388.629 Thread 0x0000016e63478d60 Exception <a 'sun/nio/fs/WindowsException'{0x00000000c435c760}> (0x00000000c435c760) 
thrown [s\src\hotspot\share\prims\jni.cpp, line 516]
Event: 169388.630 Thread 0x0000016e63478d60 Exception <a 'sun/nio/fs/WindowsException'{0x00000000c435ce38}> (0x00000000c435ce38) 
thrown [s\src\hotspot\share\prims\jni.cpp, line 516]
Event: 338795.457 Thread 0x0000016e62d11a20 Exception <a 'java/io/IOException'{0x00000000c7f00630}: CreateProcess error=1455, Le fichier de pagination est insuffisant pour terminer cette opération> (0x00000000c7f00630) 
thrown [s\src\hotspot\share\prims\jni.cpp, line 535]

VM Operations (20 events):
Event: 338713.985 Executing VM operation: G1CollectFull done
Event: 338724.121 Executing VM operation: G1CollectFull
Event: 338724.153 Executing VM operation: G1CollectFull done
Event: 338734.291 Executing VM operation: G1CollectFull
Event: 338734.324 Executing VM operation: G1CollectFull done
Event: 338744.466 Executing VM operation: G1CollectFull
Event: 338744.499 Executing VM operation: G1CollectFull done
Event: 338754.636 Executing VM operation: G1CollectFull
Event: 338754.669 Executing VM operation: G1CollectFull done
Event: 338764.832 Executing VM operation: G1CollectFull
Event: 338764.864 Executing VM operation: G1CollectFull done
Event: 338774.986 Executing VM operation: G1CollectFull
Event: 338775.018 Executing VM operation: G1CollectFull done
Event: 338785.152 Executing VM operation: G1CollectFull
Event: 338785.185 Executing VM operation: G1CollectFull done
Event: 338796.267 Executing VM operation: Cleanup
Event: 338796.267 Executing VM operation: Cleanup done
Event: 338806.181 Executing VM operation: G1CollectFull
Event: 338806.216 Executing VM operation: G1CollectFull done
Event: 338816.307 Executing VM operation: G1CollectFull

Events (20 events):
Event: 169373.726 loading class org/w3c/dom/NodeList done
Event: 169373.727 loading class org/w3c/dom/NamedNodeMap
Event: 169373.727 loading class org/w3c/dom/NamedNodeMap done
Event: 169373.728 loading class org/w3c/dom/Attr
Event: 169373.728 loading class org/w3c/dom/Attr done
Event: 169432.788 Thread 0x0000016e635f1ec0 Thread exited: 0x0000016e635f1ec0
Event: 169432.818 Thread 0x0000016e635f6fc0 Thread exited: 0x0000016e635f6fc0
Event: 169432.912 Thread 0x0000016e635f2df0 Thread exited: 0x0000016e635f2df0
Event: 169433.206 Thread 0x0000016e635f4c50 Thread exited: 0x0000016e635f4c50
Event: 169440.149 Thread 0x0000016e635f28e0 Thread exited: 0x0000016e635f28e0
Event: 169587.587 Thread 0x0000016e635f4740 Thread added: 0x0000016e635f4740
Event: 169653.695 Thread 0x0000016e635f4740 Thread exited: 0x0000016e635f4740
Event: 191985.995 Thread 0x0000016e635f5b80 Thread added: 0x0000016e635f5b80
Event: 191985.996 Thread 0x0000016e635f6fc0 Thread added: 0x0000016e635f6fc0
Event: 192046.262 Thread 0x0000016e635f5b80 Thread exited: 0x0000016e635f5b80
Event: 192059.210 Thread 0x0000016e635f8e20 Thread added: 0x0000016e635f8e20
Event: 192119.220 Thread 0x0000016e635f8e20 Thread exited: 0x0000016e635f8e20
Event: 192150.721 Thread 0x0000016e635f6fc0 Thread exited: 0x0000016e635f6fc0
Event: 338328.640 Thread 0x0000016e635f5b80 Thread added: 0x0000016e635f5b80
Event: 338388.761 Thread 0x0000016e635f5b80 Thread exited: 0x0000016e635f5b80


Dynamic libraries:
0x00007ff6bd680000 - 0x00007ff6bd68e000 	c:\Users\Nei\.vscode\extensions\redhat.java-1.33.0-win32-x64\jre\17.0.11-win32-x86_64\bin\java.exe
0x00007ffb25b90000 - 0x00007ffb25d88000 	C:\WINDOWS\SYSTEM32\ntdll.dll
0x00007ffb24ac0000 - 0x00007ffb24b81000 	C:\WINDOWS\System32\KERNEL32.DLL
0x00007ffb23690000 - 0x00007ffb23986000 	C:\WINDOWS\System32\KERNELBASE.dll
0x00007ffb23470000 - 0x00007ffb23570000 	C:\WINDOWS\System32\ucrtbase.dll
0x00007ffb15790000 - 0x00007ffb157a7000 	c:\Users\Nei\.vscode\extensions\redhat.java-1.33.0-win32-x64\jre\17.0.11-win32-x86_64\bin\jli.dll
0x00007ffb24d10000 - 0x00007ffb24eaf000 	C:\WINDOWS\System32\USER32.dll
0x00007ffb232d0000 - 0x00007ffb232f2000 	C:\WINDOWS\System32\win32u.dll
0x00007ffb24ec0000 - 0x00007ffb24eeb000 	C:\WINDOWS\System32\GDI32.dll
0x00007ffb23570000 - 0x00007ffb23687000 	C:\WINDOWS\System32\gdi32full.dll
0x00007ffb239c0000 - 0x00007ffb23a5d000 	C:\WINDOWS\System32\msvcp_win.dll
0x00007ffb153b0000 - 0x00007ffb153cb000 	c:\Users\Nei\.vscode\extensions\redhat.java-1.33.0-win32-x64\jre\17.0.11-win32-x86_64\bin\VCRUNTIME140.dll
0x00007ffb004f0000 - 0x00007ffb0078a000 	C:\WINDOWS\WinSxS\amd64_microsoft.windows.common-controls_6595b64144ccf1df_6.0.19041.4355_none_60b8b9eb71f62e16\COMCTL32.dll
0x00007ffb254d0000 - 0x00007ffb2556e000 	C:\WINDOWS\System32\msvcrt.dll
0x00007ffb23c80000 - 0x00007ffb23caf000 	C:\WINDOWS\System32\IMM32.DLL
0x00007ffb1cbc0000 - 0x00007ffb1cbcc000 	c:\Users\Nei\.vscode\extensions\redhat.java-1.33.0-win32-x64\jre\17.0.11-win32-x86_64\bin\vcruntime140_1.dll
0x00007ffae8d80000 - 0x00007ffae8e0d000 	c:\Users\Nei\.vscode\extensions\redhat.java-1.33.0-win32-x64\jre\17.0.11-win32-x86_64\bin\msvcp140.dll
0x00007ffae6050000 - 0x00007ffae6cb2000 	c:\Users\Nei\.vscode\extensions\redhat.java-1.33.0-win32-x64\jre\17.0.11-win32-x86_64\bin\server\jvm.dll
0x00007ffb23bc0000 - 0x00007ffb23c70000 	C:\WINDOWS\System32\ADVAPI32.dll
0x00007ffb23da0000 - 0x00007ffb23e40000 	C:\WINDOWS\System32\sechost.dll
0x00007ffb252d0000 - 0x00007ffb253f3000 	C:\WINDOWS\System32\RPCRT4.dll
0x00007ffb23990000 - 0x00007ffb239b7000 	C:\WINDOWS\System32\bcrypt.dll
0x00007ffb227c0000 - 0x00007ffb2280b000 	C:\WINDOWS\SYSTEM32\POWRPROF.dll
0x00007ffb0f0e0000 - 0x00007ffb0f0e9000 	C:\WINDOWS\SYSTEM32\WSOCK32.dll
0x00007ffb250d0000 - 0x00007ffb2513b000 	C:\WINDOWS\System32\WS2_32.dll
0x00007ffb187a0000 - 0x00007ffb187c7000 	C:\WINDOWS\SYSTEM32\WINMM.dll
0x00007ffb1d230000 - 0x00007ffb1d23a000 	C:\WINDOWS\SYSTEM32\VERSION.dll
0x00007ffb22630000 - 0x00007ffb22642000 	C:\WINDOWS\SYSTEM32\UMPDC.dll
0x00007ffb210e0000 - 0x00007ffb210f2000 	C:\WINDOWS\SYSTEM32\kernel.appcore.dll
0x00007ffb1cb00000 - 0x00007ffb1cb0a000 	c:\Users\Nei\.vscode\extensions\redhat.java-1.33.0-win32-x64\jre\17.0.11-win32-x86_64\bin\jimage.dll
0x00007ffb1a5d0000 - 0x00007ffb1a7b4000 	C:\WINDOWS\SYSTEM32\DBGHELP.DLL
0x00007ffb1a900000 - 0x00007ffb1a934000 	C:\WINDOWS\SYSTEM32\dbgcore.DLL
0x00007ffb23240000 - 0x00007ffb232c2000 	C:\WINDOWS\System32\bcryptPrimitives.dll
0x00007ffb04150000 - 0x00007ffb04175000 	c:\Users\Nei\.vscode\extensions\redhat.java-1.33.0-win32-x64\jre\17.0.11-win32-x86_64\bin\java.dll
0x00007ffb101a0000 - 0x00007ffb101b8000 	c:\Users\Nei\.vscode\extensions\redhat.java-1.33.0-win32-x64\jre\17.0.11-win32-x86_64\bin\zip.dll
0x00007ffb241a0000 - 0x00007ffb2490c000 	C:\WINDOWS\System32\SHELL32.dll
0x00007ffb212e0000 - 0x00007ffb21a7e000 	C:\WINDOWS\SYSTEM32\windows.storage.dll
0x00007ffb23e40000 - 0x00007ffb24193000 	C:\WINDOWS\System32\combase.dll
0x00007ffb22c60000 - 0x00007ffb22c8e000 	C:\WINDOWS\SYSTEM32\Wldp.dll
0x00007ffb25570000 - 0x00007ffb2563d000 	C:\WINDOWS\System32\OLEAUT32.dll
0x00007ffb25220000 - 0x00007ffb252cd000 	C:\WINDOWS\System32\SHCORE.dll
0x00007ffb23cb0000 - 0x00007ffb23d05000 	C:\WINDOWS\System32\shlwapi.dll
0x00007ffb23170000 - 0x00007ffb23194000 	C:\WINDOWS\SYSTEM32\profapi.dll
0x00007ffb153d0000 - 0x00007ffb153e9000 	C:\Users\Nei\.vscode\extensions\redhat.java-1.33.0-win32-x64\jre\17.0.11-win32-x86_64\bin\net.dll
0x00007ffb1ad70000 - 0x00007ffb1ae7a000 	C:\WINDOWS\SYSTEM32\WINHTTP.dll
0x00007ffb229c0000 - 0x00007ffb22a2a000 	C:\WINDOWS\system32\mswsock.dll
0x00007ffb11310000 - 0x00007ffb11326000 	C:\Users\Nei\.vscode\extensions\redhat.java-1.33.0-win32-x64\jre\17.0.11-win32-x86_64\bin\nio.dll
0x00007ffb1d6d0000 - 0x00007ffb1d6e0000 	c:\Users\Nei\.vscode\extensions\redhat.java-1.33.0-win32-x64\jre\17.0.11-win32-x86_64\bin\verify.dll
0x00007ffb22bc0000 - 0x00007ffb22bd8000 	C:\WINDOWS\SYSTEM32\CRYPTSP.dll
0x00007ffb22270000 - 0x00007ffb222a4000 	C:\WINDOWS\system32\rsaenh.dll
0x00007ffb23120000 - 0x00007ffb2314e000 	C:\WINDOWS\SYSTEM32\USERENV.dll
0x00007ffb22bb0000 - 0x00007ffb22bbc000 	C:\WINDOWS\SYSTEM32\CRYPTBASE.dll
0x00007ffb22650000 - 0x00007ffb2268b000 	C:\WINDOWS\SYSTEM32\IPHLPAPI.DLL
0x00007ffb23c70000 - 0x00007ffb23c78000 	C:\WINDOWS\System32\NSI.dll
0x00007ffb1d210000 - 0x00007ffb1d227000 	C:\WINDOWS\SYSTEM32\dhcpcsvc6.DLL
0x00007ffb1d2e0000 - 0x00007ffb1d2fd000 	C:\WINDOWS\SYSTEM32\dhcpcsvc.DLL
0x00007ffb226a0000 - 0x00007ffb2276a000 	C:\WINDOWS\SYSTEM32\DNSAPI.dll
0x00007ffb1d6c0000 - 0x00007ffb1d6c9000 	C:\Users\Nei\.vscode\extensions\redhat.java-1.33.0-win32-x64\jre\17.0.11-win32-x86_64\bin\management.dll
0x00007ffb1d6b0000 - 0x00007ffb1d6bb000 	C:\Users\Nei\.vscode\extensions\redhat.java-1.33.0-win32-x64\jre\17.0.11-win32-x86_64\bin\management_ext.dll
0x00007ffb25400000 - 0x00007ffb25408000 	C:\WINDOWS\System32\PSAPI.DLL
0x00007ffb1d6a0000 - 0x00007ffb1d6ae000 	C:\Users\Nei\.vscode\extensions\redhat.java-1.33.0-win32-x64\jre\17.0.11-win32-x86_64\bin\sunmscapi.dll
0x00007ffb23a60000 - 0x00007ffb23bbe000 	C:\WINDOWS\System32\CRYPT32.dll
0x00007ffb22cd0000 - 0x00007ffb22cf9000 	C:\WINDOWS\SYSTEM32\ncrypt.dll
0x00007ffb22c90000 - 0x00007ffb22ccb000 	C:\WINDOWS\SYSTEM32\NTASN1.dll
0x00007ffb18750000 - 0x00007ffb1875a000 	C:\Windows\System32\rasadhlp.dll
0x00007ffb17e30000 - 0x00007ffb17eb0000 	C:\WINDOWS\System32\fwpuclnt.dll
0x00007ffb1d660000 - 0x00007ffb1d669000 	C:\Users\Nei\.vscode\extensions\redhat.java-1.33.0-win32-x64\jre\17.0.11-win32-x86_64\bin\extnet.dll

dbghelp: loaded successfully - version: 4.0.5 - missing functions: none
symbol engine: initialized successfully - sym options: 0x614 - pdb path: .;c:\Users\Nei\.vscode\extensions\redhat.java-1.33.0-win32-x64\jre\17.0.11-win32-x86_64\bin;C:\WINDOWS\SYSTEM32;C:\WINDOWS\WinSxS\amd64_microsoft.windows.common-controls_6595b64144ccf1df_6.0.19041.4355_none_60b8b9eb71f62e16;c:\Users\Nei\.vscode\extensions\redhat.java-1.33.0-win32-x64\jre\17.0.11-win32-x86_64\bin\server

VM Arguments:
jvm_args: -Xmx1024m -Dsts.lsp.client=vscode -Dsts.log.file=/dev/null -XX:TieredStopAtLevel=1 -Xlog:jni+resolve=off -Dspring.config.location=file:c:\Users\Nei\.vscode\extensions\vmware.vscode-spring-boot-1.56.0\language-server\BOOT-INF\classes\application.properties 
java_command: org.springframework.ide.vscode.boot.app.BootLanguageServerBootApp
java_class_path (initial): c:\Users\Nei\.vscode\extensions\vmware.vscode-spring-boot-1.56.0\language-server\BOOT-INF\classes;c:\Users\Nei\.vscode\extensions\vmware.vscode-spring-boot-1.56.0\language-server\BOOT-INF\lib\annotations-24.1.0.jar;c:\Users\Nei\.vscode\extensions\vmware.vscode-spring-boot-1.56.0\language-server\BOOT-INF\lib\antlr4-runtime-4.13.1.jar;c:\Users\Nei\.vscode\extensions\vmware.vscode-spring-boot-1.56.0\language-server\BOOT-INF\lib\asm-9.7.jar;c:\Users\Nei\.vscode\extensions\vmware.vscode-spring-boot-1.56.0\language-server\BOOT-INF\lib\asm-analysis-9.7.jar;c:\Users\Nei\.vscode\extensions\vmware.vscode-spring-boot-1.56.0\language-server\BOOT-INF\lib\asm-tree-9.7.jar;c:\Users\Nei\.vscode\extensions\vmware.vscode-spring-boot-1.56.0\language-server\BOOT-INF\lib\asm-util-9.7.jar;c:\Users\Nei\.vscode\extensions\vmware.vscode-spring-boot-1.56.0\language-server\BOOT-INF\lib\caffeine-3.1.8.jar;c:\Users\Nei\.vscode\extensions\vmware.vscode-spring-boot-1.56.0\language-server\BOOT-INF\lib\checker-qual-3.12.0.jar;c:\Users\Nei\.vscode\extensions\vmware.vscode-spring-boot-1.56.0\language-server\BOOT-INF\lib\classgraph-4.8.149.jar;c:\Users\Nei\.vscode\extensions\vmware.vscode-spring-boot-1.56.0\language-server\BOOT-INF\lib\commons-codec-1.16.1.jar;c:\Users\Nei\.vscode\extensions\vmware.vscode-spring-boot-1.56.0\language-server\BOOT-INF\lib\commons-compress-1.26.2.jar;c:\Users\Nei\.vscode\extensions\vmware.vscode-spring-boot-1.56.0\language-server\BOOT-INF\lib\commons-io-2.16.1.jar;c:\Users\Nei\.vscode\extensions\vmware.vscode-spring-boot-1.56.0\language-server\BOOT-INF\lib\commons-java-1.56.0-SNAPSHOT.jar;c:\Users\Nei\.vscode\extensions\vmware.vscode-spring-boot-1.56.0\language-server\BOOT-INF\lib\commons-lang3-3.14.0.jar;c:\Users\Nei\.vscode\extensions\vmware.vscode-spring-boot-1.56.0\language-server\BOOT-INF\lib\commons-language-server-1.56.0-SNAPSHOT.jar;c:\Users\Nei\.vscode\extensions\vmware.vscode-spring-boot-1.56.0\language-server\BOOT-INF\lib\commons-ls
Launcher Type: SUN_STANDARD

[Global flags]
     intx CICompilerCount                          = 3                                         {product} {ergonomic}
     uint ConcGCThreads                            = 1                                         {product} {ergonomic}
     uint G1ConcRefinementThreads                  = 4                                         {product} {ergonomic}
   size_t G1HeapRegionSize                         = 1048576                                   {product} {ergonomic}
    uintx GCDrainStackTargetSize                   = 64                                        {product} {ergonomic}
   size_t InitialHeapSize                          = 134217728                                 {product} {ergonomic}
   size_t MarkStackSize                            = 4194304                                   {product} {ergonomic}
   size_t MaxHeapSize                              = 1073741824                                {product} {command line}
   size_t MaxNewSize                               = 643825664                                 {product} {ergonomic}
   size_t MinHeapDeltaBytes                        = 1048576                                   {product} {ergonomic}
   size_t MinHeapSize                              = 8388608                                   {product} {ergonomic}
    uintx NonProfiledCodeHeapSize                  = 0                                      {pd product} {ergonomic}
     bool ProfileInterpreter                       = false                                  {pd product} {command line}
    uintx ProfiledCodeHeapSize                     = 0                                      {pd product} {ergonomic}
   size_t SoftMaxHeapSize                          = 1073741824                             {manageable} {ergonomic}
     intx TieredStopAtLevel                        = 1                                         {product} {command line}
     bool UseCompressedClassPointers               = true                           {product lp64_product} {ergonomic}
     bool UseCompressedOops                        = true                           {product lp64_product} {ergonomic}
     bool UseG1GC                                  = true                                      {product} {ergonomic}
     bool UseLargePagesIndividualAllocation        = false                                  {pd product} {ergonomic}

Logging:
Log output configuration:
 #0: stdout all=warning,jni+resolve=off uptime,level,tags
 #1: stderr all=off uptime,level,tags

Environment Variables:
JAVA_HOME=E:\jdk-17.0.2\
PATH=C:\Program Files (x86)\Intel\iCLS Client\;C:\Program Files\Intel\iCLS Client\;C:\Windows\system32;C:\Windows;C:\Windows\System32\Wbem;C:\Windows\System32\WindowsPowerShell\v1.0\;C:\Program Files\Intel\Intel(R) Management Engine Components\DAL;C:\Program Files\Intel\Intel(R) Management Engine Components\IPT;C:\Program Files (x86)\Intel\Intel(R) Management Engine Components\DAL;C:\Program Files (x86)\Intel\Intel(R) Management Engine Components\IPT;C:\Program Files (x86)\NVIDIA Corporation\PhysX\Common;C:\WINDOWS\system32;C:\WINDOWS;C:\WINDOWS\System32\Wbem;C:\WINDOWS\System32\WindowsPowerShell\v1.0\;C:\WINDOWS\System32\OpenSSH\;E:\jdk-17.0.2\\bin;C:\Program Files\Microsoft SQL Server\130\Tools\Binn\;C:\Program Files\Git\cmd;E:\apache-maven-3.9.5\bin;;C:\Program Files\Docker\Docker\resources\bin;C:\Users\Nei\AppData\Local\Microsoft\WindowsApps;C:\Users\Nei\AppData\Local\Programs\Microsoft VS Code\bin;C:\Users\Nei\AppData\Local\GitHubDesktop\bin;C:\Program Files\MongoDB\Server\7.0\bin;
USERNAME=Nei
OS=Windows_NT
PROCESSOR_IDENTIFIER=Intel64 Family 6 Model 58 Stepping 9, GenuineIntel
TMP=G:\Systeme\Temp
TEMP=G:\Systeme\Temp



Periodic native trim disabled


---------------  S Y S T E M  ---------------

OS:
 Windows 10 , 64 bit Build 19041 (10.0.19041.4597)
OS uptime: 4 days 18:31 hours

CPU: total 4 (initial active 4) (4 cores per cpu, 1 threads per core) family 6 model 58 stepping 9 microcode 0x21, cx8, cmov, fxsr, mmx, sse, sse2, sse3, ssse3, sse4.1, sse4.2, popcnt, tsc, tscinvbit, avx, aes, erms, clmul, vzeroupper, clflush
Processor Information for all 4 processors :
  Max Mhz: 3801, Current Mhz: 3801, Mhz Limit: 3801

Memory: 4k page, system-wide physical 8150M (878M free)
TotalPageFile size 16342M (AvailPageFile size 7M)
current process WorkingSet (physical memory assigned to process): 74M, peak: 235M
current process commit charge ("private bytes"): 264M, peak: 271M

vm_info: OpenJDK 64-Bit Server VM (17.0.11+9) for windows-amd64 JRE (17.0.11+9), built on Apr 17 2024 06:07:48 by "admin" with MS VC++ 16.10 / 16.11 (VS2019)

END.
