#
# There is insufficient memory for the Java Runtime Environment to continue.
# Native memory allocation (malloc) failed to allocate 588384 bytes. Error detail: Chunk::new
# Possible reasons:
#   The system is out of physical RAM or swap space
#   This process is running with CompressedOops enabled, and the Java Heap may be blocking the growth of the native heap
# Possible solutions:
#   Reduce memory load on the system
#   Increase physical memory or swap space
#   Check if swap backing store is full
#   Decrease Java heap size (-Xmx/-Xms)
#   Decrease number of Java threads
#   Decrease Java thread stack sizes (-Xss)
#   Set larger code cache with -XX:ReservedCodeCacheSize=
#   JVM is running with Unscaled Compressed Oops mode in which the Java heap is
#     placed in the first 4GB address space. The Java Heap base address is the
#     maximum limit for the native heap growth. Please use -XX:HeapBaseMinAddress
#     to set the Java Heap base and to place the Java Heap above 4GB virtual address.
# This output file may be truncated or incomplete.
#
#  Out of Memory Error (arena.cpp:191), pid=16964, tid=10176
#
# JRE version: OpenJDK Runtime Environment Temurin-17.0.12+7 (17.0.12+7) (build 17.0.12+7)
# Java VM: OpenJDK 64-Bit Server VM Temurin-17.0.12+7 (17.0.12+7, mixed mode, tiered, compressed oops, compressed class ptrs, parallel gc, windows-amd64)
# No core dump will be written. Minidumps are not enabled by default on client versions of Windows
#

---------------  S U M M A R Y ------------

Command Line: --add-modules=ALL-SYSTEM --add-opens=java.base/java.util=ALL-UNNAMED --add-opens=java.base/java.lang=ALL-UNNAMED --add-opens=java.base/sun.nio.fs=ALL-UNNAMED -Declipse.application=org.eclipse.jdt.ls.core.id1 -Dosgi.bundles.defaultStartLevel=4 -Declipse.product=org.eclipse.jdt.ls.core.product -Djava.import.generatesMetadataFilesAtProjectRoot=false -DDetectVMInstallationsJob.disabled=true -Dfile.encoding=utf8 -XX:+UseParallelGC -XX:GCTimeRatio=4 -XX:AdaptiveSizePolicyWeight=90 -Dsun.zip.disableMemoryMapping=true -Xmx1G -Xms100m -Xlog:disable -javaagent:c:\Users\Nei\.vscode\extensions\redhat.java-1.34.0-win32-x64\lombok\lombok-1.18.33.jar -XX:+HeapDumpOnOutOfMemoryError -XX:HeapDumpPath=c:\Users\Nei\AppData\Roaming\Code\User\workspaceStorage\55e200b53cafecc57c6fa116967f502c\redhat.java -Daether.dependencyCollector.impl=bf c:\Users\Nei\.vscode\extensions\redhat.java-1.34.0-win32-x64\server\plugins\org.eclipse.equinox.launcher_1.6.900.v20240613-2009.jar -configuration c:\Users\Nei\AppData\Roaming\Code\User\globalStorage\redhat.java\1.34.0\config_win -data c:\Users\Nei\AppData\Roaming\Code\User\workspaceStorage\55e200b53cafecc57c6fa116967f502c\redhat.java\jdt_ws --pipe=\\.\pipe\lsp-3f138b899b52a3782832e814006c44a5-sock

Host: Intel(R) Core(TM) i5-3570K CPU @ 3.40GHz, 4 cores, 7G,  Windows 10 , 64 bit Build 19041 (10.0.19041.4717)
Time: Mon Sep  2 16:30:38 2024 Paris, Madrid (heure duild 19041 (10.0.19041.4717) elapsed time: 2711.051365 seconds (0d 0h 45m 11s)

---------------  T H R E A D  ---------------

Current thread (0x000001bb6dd30770):  JavaThread "C2 CompilerThread0" daemon [_thread_in_native, id=10176, stack(0x000000160f000000,0x000000160f100000)]


Current CompileTask:
C2:2711051 16584   !   4       org.eclipse.osgi.internal.weaving.WeavingHookConfigurator::processClass (245 bytes)

Stack: [0x000000160f000000,0x000000160f100000]
Native frames: (J=compiled Java code, j=interpreted, Vv=VM code, C=native code)
V  [jvm.dll+0x67f929]
V  [jvm.dll+0x8371ba]
V  [jvm.dll+0x838c7e]
V  [jvm.dll+0x8392e3]
V  [jvm.dll+0x24834f]
V  [jvm.dll+0xac9d4]
V  [jvm.dll+0xad01c]
V  [jvm.dll+0x3674a7]
V  [jvm.dll+0x1bd562]
V  [jvm.dll+0x21aa09]
V  [jvm.dll+0x219cf1]
V  [jvm.dll+0x1a58bd]
V  [jvm.dll+0x229a2d]
V  [jvm.dll+0x227bdc]
V  [jvm.dll+0x7ec1f7]
V  [jvm.dll+0x7e65dc]
V  [jvm.dll+0x67e7f7]
C  [ucrtbase.dll+0x21bb2]
C  [KERNEL32.DLL+0x17374]
C  [ntdll.dll+0x4cc91]


---------------  P R O C E S S  ---------------

Threads class SMR info:
_java_thread_list=0x000001bb768181c0, length=40, elements={
0x000001bb59ebed00, 0x000001bb6dd00020, 0x000001bb6dd01430, 0x000001bb6dd2a150,
0x000001bb6dd2aee0, 0x000001bb6dd2bc70, 0x000001bb6dd2fac0, 0x000001bb6dd30770,
0x000001bb72f473b0, 0x000001bb72f4a080, 0x000001bb59f20a30, 0x000001bb73169ff0,
0x000001bb73a15c40, 0x000001bb73c80080, 0x000001bb73b0da30, 0x000001bb73d49f50,
0x000001bb740500d0, 0x000001bb7404f1a0, 0x000001bb7404e270, 0x000001bb7404e780,
0x000001bb7404f6b0, 0x000001bb7404fbc0, 0x000001bb740505e0, 0x000001bb755b9810,
0x000001bb755ba230, 0x000001bb755b83d0, 0x000001bb755bc5a0, 0x000001bb755bd4d0,
0x000001bb755b6a80, 0x000001bb755bc090, 0x000001bb755ba740, 0x000001bb755b8df0,
0x000001bb755bb670, 0x000001bb755bcfc0, 0x000001bb755bbb80, 0x000001bb755b74a0,
0x000001bb755b79b0, 0x000001bb755bcab0, 0x000001bb755b6570, 0x000001bb755b7ec0
}

Java Threads: ( => current thread )
  0x000001bb59ebed00 JavaThread "main" [_thread_blocked, id=19720, stack(0x000000160e700000,0x000000160e800000)]
  0x000001bb6dd00020 JavaThread "Reference Handler" daemon [_thread_blocked, id=19080, stack(0x000000160ea00000,0x000000160eb00000)]
  0x000001bb6dd01430 JavaThread "Finalizer" daemon [_thread_blocked, id=14016, stack(0x000000160eb00000,0x000000160ec00000)]
  0x000001bb6dd2a150 JavaThread "Signal Dispatcher" daemon [_thread_blocked, id=20028, stack(0x000000160ec00000,0x000000160ed00000)]
  0x000001bb6dd2aee0 JavaThread "Attach Listener" daemon [_thread_blocked, id=13712, stack(0x000000160ed00000,0x000000160ee00000)]
  0x000001bb6dd2bc70 JavaThread "Service Thread" daemon [_thread_blocked, id=1692, stack(0x000000160ee00000,0x000000160ef00000)]
  0x000001bb6dd2fac0 JavaThread "Monitor Deflation Thread" daemon [_thread_blocked, id=20048, stack(0x000000160ef00000,0x000000160f000000)]
=>0x000001bb6dd30770 JavaThread "C2 CompilerThread0" daemon [_thread_in_native, id=10176, stack(0x000000160f000000,0x000000160f100000)]
  0x000001bb72f473b0 JavaThread "C1 CompilerThread0" daemon [_thread_blocked, id=20180, stack(0x000000160f100000,0x000000160f200000)]
  0x000001bb72f4a080 JavaThread "Sweeper thread" daemon [_thread_blocked, id=18776, stack(0x000000160f200000,0x000000160f300000)]
  0x000001bb59f20a30 JavaThread "Common-Cleaner" daemon [_thread_blocked, id=12700, stack(0x000000160f300000,0x000000160f400000)]
  0x000001bb73169ff0 JavaThread "Notification Thread" daemon [_thread_blocked, id=6404, stack(0x000000160f400000,0x000000160f500000)]
  0x000001bb73a15c40 JavaThread "Active Thread: Equinox Container: bbf23d65-6b0c-461b-9b8e-ede703f81eb0" [_thread_blocked, id=6748, stack(0x000000160fa00000,0x000000160fb00000)]
  0x000001bb73c80080 JavaThread "Framework Event Dispatcher: Equinox Container: bbf23d65-6b0c-461b-9b8e-ede703f81eb0" daemon [_thread_blocked, id=7724, stack(0x000000160fb00000,0x000000160fc00000)]
  0x000001bb73b0da30 JavaThread "Start Level: Equinox Container: bbf23d65-6b0c-461b-9b8e-ede703f81eb0" daemon [_thread_blocked, id=17216, stack(0x000000160fc00000,0x000000160fd00000)]
  0x000001bb73d49f50 JavaThread "Bundle File Closer" daemon [_thread_blocked, id=7644, stack(0x000000160fd00000,0x000000160fe00000)]
  0x000001bb740500d0 JavaThread "SCR Component Actor" daemon [_thread_blocked, id=2044, stack(0x000000160fe00000,0x000000160ff00000)]
  0x000001bb7404f1a0 JavaThread "Worker-JM" [_thread_blocked, id=10464, stack(0x0000001610000000,0x0000001610100000)]
  0x000001bb7404e270 JavaThread "JNA Cleaner" daemon [_thread_blocked, id=9860, stack(0x000000160f600000,0x000000160f700000)]
  0x000001bb7404e780 JavaThread "Worker-0" [_thread_blocked, id=18444, stack(0x0000001610100000,0x0000001610200000)]
  0x000001bb7404f6b0 JavaThread "Worker-1" [_thread_blocked, id=12676, stack(0x0000001610200000,0x0000001610300000)]
  0x000001bb7404fbc0 JavaThread "Java indexing" daemon [_thread_blocked, id=6936, stack(0x0000001610400000,0x0000001610500000)]
  0x000001bb740505e0 JavaThread "Thread-2" daemon [_thread_in_native, id=19952, stack(0x0000001610600000,0x0000001610700000)]
  0x000001bb755b9810 JavaThread "Thread-3" daemon [_thread_in_native, id=8800, stack(0x0000001610700000,0x0000001610800000)]
  0x000001bb755ba230 JavaThread "Thread-4" daemon [_thread_in_native, id=9060, stack(0x0000001610800000,0x0000001610900000)]
  0x000001bb755b83d0 JavaThread "Thread-5" daemon [_thread_in_native, id=6900, stack(0x0000001610900000,0x0000001610a00000)]
  0x000001bb755bc5a0 JavaThread "Thread-6" daemon [_thread_in_native, id=9832, stack(0x0000001610a00000,0x0000001610b00000)]
  0x000001bb755bd4d0 JavaThread "pool-2-thread-1" [_thread_blocked, id=240, stack(0x0000001610b00000,0x0000001610c00000)]
  0x000001bb755b6a80 JavaThread "WorkspaceEventsHandler" [_thread_blocked, id=20264, stack(0x0000001610c00000,0x0000001610d00000)]
  0x000001bb755bc090 JavaThread "pool-1-thread-1" [_thread_blocked, id=7004, stack(0x0000001610d00000,0x0000001610e00000)]
  0x000001bb755ba740 JavaThread "Cleaner-0" daemon [_thread_blocked, id=17028, stack(0x0000001611200000,0x0000001611300000)]
  0x000001bb755b8df0 JavaThread "Compiler Source File Reader" daemon [_thread_blocked, id=2612, stack(0x0000001611100000,0x0000001611200000)]
  0x000001bb755bb670 JavaThread "Compiler Source File Reader" daemon [_thread_blocked, id=3776, stack(0x0000001611300000,0x0000001611400000)]
  0x000001bb755bcfc0 JavaThread "Worker-7" [_thread_blocked, id=2088, stack(0x000000160e500000,0x000000160e600000)]
  0x000001bb755bbb80 JavaThread "ForkJoinPool.commonPool-worker-5" daemon [_thread_blocked, id=7932, stack(0x000000160e600000,0x000000160e700000)]
  0x000001bb755b74a0 JavaThread "ForkJoinPool.commonPool-worker-6" daemon [_thread_in_Java, id=1940, stack(0x000000160ff00000,0x0000001610000000)]
  0x000001bb755b79b0 JavaThread "ForkJoinPool.commonPool-worker-7" daemon [_thread_in_native, id=5252, stack(0x0000001610300000,0x0000001610400000)]
  0x000001bb755bcab0 JavaThread "Worker-8" [_thread_blocked, id=9516, stack(0x0000001610e00000,0x0000001610f00000)]
  0x000001bb755b6570 JavaThread "Worker-9" [_thread_blocked, id=7244, stack(0x0000001610500000,0x0000001610600000)]
  0x000001bb755b7ec0 JavaThread "Compiler Processing Task" daemon [_thread_blocked, id=6604, stack(0x0000001610f00000,0x0000001611000000)]

Other Threads:
  0x000001bb6dcec7a0 VMThread "VM Thread" [stack: 0x000000160e900000,0x000000160ea00000] [id=20012]
  0x000001bb731fcd00 WatcherThread [stack: 0x000000160f500000,0x000000160f600000] [id=14272]
  0x000001bb59ed2580 GCTaskThread "GC Thread#0" [stack: 0x000000160e800000,0x000000160e900000] [id=14776]
  0x000001bb73843380 GCTaskThread "GC Thread#1" [stack: 0x000000160f700000,0x000000160f800000] [id=12132]
  0x000001bb73843a50 GCTaskThread "GC Thread#2" [stack: 0x000000160f800000,0x000000160f900000] [id=4436]
  0x000001bb73851480 GCTaskThread "GC Thread#3" [stack: 0x000000160f900000,0x000000160fa00000] [id=16624]

Threads with active compile tasks:
C2 CompilerThread0  2711117 16584   !   4       org.eclipse.osgi.internal.weaving.WeavingHookConfigurator::processClass (245 bytes)

VM state: not at safepoint (normal execution)

VM Mutex/Monitor currently owned by a thread: None

Heap address: 0x00000000c0000000, size: 1024 MB, Compressed Oops mode: 32-bit

CDS archive(s) not mapped
Compressed class space mapped at: 0x0000000100000000-0x0000000140000000, reserved size: 1073741824
Narrow klass base: 0x0000000000000000, Narrow klass shift: 3, Narrow klass range: 0x140000000

GC Precious Log:
 CPUs: 4 total, 4 available
 Memory: 8150M
 Large Page Support: Disabled
 NUMA Support: Disabled
 Compressed Oops: Enabled (32-bit)
 Alignments: Space 512K, Generation 512K, Heap 2M
 Heap Min Capacity: 100M
 Heap Initial Capacity: 100M
 Heap Max Capacity: 1G
 Pre-touch: Disabled
 Parallel Workers: 4

Heap:
 PSYoungGen      total 10240K, used 6443K [0x00000000eab00000, 0x00000000eb900000, 0x0000000100000000)
  eden space 9216K, 58% used [0x00000000eab00000,0x00000000eb04b280,0x00000000eb400000)
  from space 1024K, 99% used [0x00000000eb680000,0x00000000eb77fa70,0x00000000eb780000)
  to   space 2560K, 0% used [0x00000000eb400000,0x00000000eb400000,0x00000000eb680000)
 ParOldGen       total 114688K, used 104524K [0x00000000c0000000, 0x00000000c7000000, 0x00000000eab00000)
  object space 114688K, 91% used [0x00000000c0000000,0x00000000c66132a8,0x00000000c7000000)
 Metaspace       used 81825K, committed 83200K, reserved 1179648K
  class space    used 8248K, committed 8896K, reserved 1048576K

Card table byte_map: [0x000001bb59860000,0x000001bb59a70000] _byte_map_base: 0x000001bb59260000

Marking Bits: (ParMarkBitMap*) 0x00007ffb614258b0
 Begin Bits: [0x000001bb6bb60000, 0x000001bb6cb60000)
 End Bits:   [0x000001bb6cb60000, 0x000001bb6db60000)

Polling page: 0x000001bb57d90000

Metaspace:

Usage:
  Non-class:     71.85 MB used.
      Class:      8.05 MB used.
       Both:     79.91 MB used.

Virtual space:
  Non-class space:      128.00 MB reserved,      72.56 MB ( 57%) committed,  2 nodes.
      Class space:        1.00 GB reserved,       8.69 MB ( <1%) committed,  1 nodes.
             Both:        1.12 GB reserved,      81.25 MB (  7%) committed. 

Chunk freelists:
   Non-Class:  7.05 MB
       Class:  7.24 MB
        Both:  14.29 MB

MaxMetaspaceSize: unlimited
CompressedClassSpaceSize: 1.00 GB
Initial GC threshold: 21.00 MB
Current GC threshold: 133.88 MB
CDS: off
MetaspaceReclaimPolicy: balanced
 - commit_granule_bytes: 65536.
 - commit_granule_words: 8192.
 - virtual_space_node_default_size: 8388608.
 - enlarge_chunks_in_place: 1.
 - new_chunks_are_fully_committed: 0.
 - uncommit_free_chunks: 1.
 - use_allocation_guard: 0.
 - handle_deallocations: 1.


Internal statistics:

num_allocs_failed_limit: 9.
num_arena_births: 1176.
num_arena_deaths: 494.
num_vsnodes_births: 3.
num_vsnodes_deaths: 0.
num_space_committed: 1300.
num_space_uncommitted: 0.
num_chunks_returned_to_freelist: 619.
num_chunks_taken_from_freelist: 4908.
num_chunk_merges: 233.
num_chunk_splits: 2865.
num_chunks_enlarged: 1574.
num_inconsistent_stats: 0.

CodeHeap 'non-profiled nmethods': size=120000Kb used=12539Kb max_used=12539Kb free=107460Kb
 bounds [0x000001bb64630000, 0x000001bb65270000, 0x000001bb6bb60000]
CodeHeap 'profiled nmethods': size=120000Kb used=30458Kb max_used=30458Kb free=89541Kb
 bounds [0x000001bb5cb60000, 0x000001bb5e930000, 0x000001bb64090000]
CodeHeap 'non-nmethods': size=5760Kb used=1416Kb max_used=1488Kb free=4343Kb
 bounds [0x000001bb64090000, 0x000001bb64300000, 0x000001bb64630000]
 total_blobs=14495 nmethods=13724 adapters=682
 compilation: enabled
              stopped_count=0, restarted_count=0
 full_count=0

Compilation events (20 events):
Event: 2710.935 Thread 0x000001bb6dd30770 nmethod 16582 0x000001bb65265890 code [0x000001bb65265b00, 0x000001bb652674e0]
Event: 2710.935 Thread 0x000001bb6dd30770 16583       4       org.eclipse.osgi.internal.loader.BundleLoader::getProviderLoader (77 bytes)
Event: 2710.936 Thread 0x000001bb72f473b0 16585       3       org.eclipse.core.runtime.NullProgressMonitor::done (1 bytes)
Event: 2710.937 Thread 0x000001bb72f473b0 nmethod 16585 0x000001bb5e8f1790 code [0x000001bb5e8f1920, 0x000001bb5e8f1a38]
Event: 2710.956 Thread 0x000001bb72f473b0 16586   !   3       org.eclipse.osgi.framework.eventmgr.ListenerQueue::dispatchEventAsynchronous (108 bytes)
Event: 2710.957 Thread 0x000001bb72f473b0 nmethod 16586 0x000001bb5e8f1b10 code [0x000001bb5e8f1d60, 0x000001bb5e8f2938]
Event: 2710.976 Thread 0x000001bb6dd30770 nmethod 16583 0x000001bb65268910 code [0x000001bb65268c00, 0x000001bb6526a898]
Event: 2710.977 Thread 0x000001bb6dd30770 16584   !   4       org.eclipse.osgi.internal.weaving.WeavingHookConfigurator::processClass (245 bytes)
Event: 2710.995 Thread 0x000001bb72f473b0 16587       3       org.eclipse.jdt.core.manipulation.JavaManipulation::getPreference (81 bytes)
Event: 2710.996 Thread 0x000001bb72f473b0 nmethod 16587 0x000001bb5e8f2e10 code [0x000001bb5e8f30a0, 0x000001bb5e8f3e08]
Event: 2711.023 Thread 0x000001bb72f473b0 16588       3       org.eclipse.jdt.core.dom.ASTVisitor::endVisit (1 bytes)
Event: 2711.024 Thread 0x000001bb72f473b0 nmethod 16588 0x000001bb5e8f4190 code [0x000001bb5e8f4320, 0x000001bb5e8f4438]
Event: 2711.024 Thread 0x000001bb72f473b0 16589       3       org.eclipse.jdt.internal.compiler.lookup.ParameterizedTypeBinding::problemId (8 bytes)
Event: 2711.024 Thread 0x000001bb72f473b0 nmethod 16589 0x000001bb5e8f4510 code [0x000001bb5e8f46c0, 0x000001bb5e8f4888]
Event: 2711.026 Thread 0x000001bb72f473b0 16590       3       org.eclipse.jdt.core.dom.MethodInvocation::accept0 (63 bytes)
Event: 2711.027 Thread 0x000001bb72f473b0 nmethod 16590 0x000001bb5e8f4990 code [0x000001bb5e8f4ba0, 0x000001bb5e8f5168]
Event: 2711.027 Thread 0x000001bb72f473b0 16592  s    3       org.eclipse.jdt.core.dom.DefaultBindingResolver::getVariableBinding (234 bytes)
Event: 2711.027 Thread 0x000001bb72f473b0 nmethod 16592 0x000001bb5e8f5390 code [0x000001bb5e8f55e0, 0x000001bb5e8f6018]
Event: 2711.027 Thread 0x000001bb72f473b0 16591   !   3       org.eclipse.jdt.core.dom.MethodInvocation::getName (60 bytes)
Event: 2711.028 Thread 0x000001bb72f473b0 nmethod 16591 0x000001bb5e8f6390 code [0x000001bb5e8f65e0, 0x000001bb5e8f7078]

GC Heap History (20 events):
Event: 2693.517 GC heap before
{Heap before GC invocations=560 (full 14):
 PSYoungGen      total 6144K, used 5664K [0x00000000eab00000, 0x00000000eb400000, 0x0000000100000000)
  eden space 3072K, 100% used [0x00000000eab00000,0x00000000eae00000,0x00000000eae00000)
  from space 3072K, 84% used [0x00000000eb100000,0x00000000eb388000,0x00000000eb400000)
  to   space 3072K, 0% used [0x00000000eae00000,0x00000000eae00000,0x00000000eb100000)
 ParOldGen       total 92160K, used 82522K [0x00000000c0000000, 0x00000000c5a00000, 0x00000000eab00000)
  object space 92160K, 89% used [0x00000000c0000000,0x00000000c5096a18,0x00000000c5a00000)
 Metaspace       used 80938K, committed 82304K, reserved 1179648K
  class space    used 8131K, committed 8832K, reserved 1048576K
}
Event: 2693.521 GC heap after
{Heap after GC invocations=560 (full 14):
 PSYoungGen      total 6144K, used 3072K [0x00000000eab00000, 0x00000000ebc00000, 0x0000000100000000)
  eden space 3072K, 0% used [0x00000000eab00000,0x00000000eab00000,0x00000000eae00000)
  from space 3072K, 100% used [0x00000000eae00000,0x00000000eb100000,0x00000000eb100000)
  to   space 6656K, 0% used [0x00000000eb580000,0x00000000eb580000,0x00000000ebc00000)
 ParOldGen       total 92160K, used 85098K [0x00000000c0000000, 0x00000000c5a00000, 0x00000000eab00000)
  object space 92160K, 92% used [0x00000000c0000000,0x00000000c531aa18,0x00000000c5a00000)
 Metaspace       used 80938K, committed 82304K, reserved 1179648K
  class space    used 8131K, committed 8832K, reserved 1048576K
}
Event: 2693.557 GC heap before
{Heap before GC invocations=561 (full 14):
 PSYoungGen      total 6144K, used 6144K [0x00000000eab00000, 0x00000000ebc00000, 0x0000000100000000)
  eden space 3072K, 100% used [0x00000000eab00000,0x00000000eae00000,0x00000000eae00000)
  from space 3072K, 100% used [0x00000000eae00000,0x00000000eb100000,0x00000000eb100000)
  to   space 6656K, 0% used [0x00000000eb580000,0x00000000eb580000,0x00000000ebc00000)
 ParOldGen       total 92160K, used 85098K [0x00000000c0000000, 0x00000000c5a00000, 0x00000000eab00000)
  object space 92160K, 92% used [0x00000000c0000000,0x00000000c531aa18,0x00000000c5a00000)
 Metaspace       used 80943K, committed 82368K, reserved 1179648K
  class space    used 8131K, committed 8832K, reserved 1048576K
}
Event: 2693.564 GC heap after
{Heap after GC invocations=561 (full 14):
 PSYoungGen      total 6656K, used 2560K [0x00000000eab00000, 0x00000000eb800000, 0x0000000100000000)
  eden space 4096K, 0% used [0x00000000eab00000,0x00000000eab00000,0x00000000eaf00000)
  from space 2560K, 100% used [0x00000000eb580000,0x00000000eb800000,0x00000000eb800000)
  to   space 4096K, 0% used [0x00000000eb000000,0x00000000eb000000,0x00000000eb400000)
 ParOldGen       total 92160K, used 88178K [0x00000000c0000000, 0x00000000c5a00000, 0x00000000eab00000)
  object space 92160K, 95% used [0x00000000c0000000,0x00000000c561ca18,0x00000000c5a00000)
 Metaspace       used 80943K, committed 82368K, reserved 1179648K
  class space    used 8131K, committed 8832K, reserved 1048576K
}
Event: 2693.619 GC heap before
{Heap before GC invocations=562 (full 14):
 PSYoungGen      total 6656K, used 6656K [0x00000000eab00000, 0x00000000eb800000, 0x0000000100000000)
  eden space 4096K, 100% used [0x00000000eab00000,0x00000000eaf00000,0x00000000eaf00000)
  from space 2560K, 100% used [0x00000000eb580000,0x00000000eb800000,0x00000000eb800000)
  to   space 4096K, 0% used [0x00000000eb000000,0x00000000eb000000,0x00000000eb400000)
 ParOldGen       total 92160K, used 88178K [0x00000000c0000000, 0x00000000c5a00000, 0x00000000eab00000)
  object space 92160K, 95% used [0x00000000c0000000,0x00000000c561ca18,0x00000000c5a00000)
 Metaspace       used 80943K, committed 82368K, reserved 1179648K
  class space    used 8131K, committed 8832K, reserved 1048576K
}
Event: 2693.624 GC heap after
{Heap after GC invocations=562 (full 14):
 PSYoungGen      total 8704K, used 3264K [0x00000000eab00000, 0x00000000eb700000, 0x0000000100000000)
  eden space 5120K, 0% used [0x00000000eab00000,0x00000000eab00000,0x00000000eb000000)
  from space 3584K, 91% used [0x00000000eb000000,0x00000000eb330000,0x00000000eb380000)
  to   space 3584K, 0% used [0x00000000eb380000,0x00000000eb380000,0x00000000eb700000)
 ParOldGen       total 92160K, used 90274K [0x00000000c0000000, 0x00000000c5a00000, 0x00000000eab00000)
  object space 92160K, 97% used [0x00000000c0000000,0x00000000c5828a18,0x00000000c5a00000)
 Metaspace       used 80943K, committed 82368K, reserved 1179648K
  class space    used 8131K, committed 8832K, reserved 1048576K
}
Event: 2693.624 GC heap before
{Heap before GC invocations=563 (full 15):
 PSYoungGen      total 8704K, used 3264K [0x00000000eab00000, 0x00000000eb700000, 0x0000000100000000)
  eden space 5120K, 0% used [0x00000000eab00000,0x00000000eab00000,0x00000000eb000000)
  from space 3584K, 91% used [0x00000000eb000000,0x00000000eb330000,0x00000000eb380000)
  to   space 3584K, 0% used [0x00000000eb380000,0x00000000eb380000,0x00000000eb700000)
 ParOldGen       total 92160K, used 90274K [0x00000000c0000000, 0x00000000c5a00000, 0x00000000eab00000)
  object space 92160K, 97% used [0x00000000c0000000,0x00000000c5828a18,0x00000000c5a00000)
 Metaspace       used 80943K, committed 82368K, reserved 1179648K
  class space    used 8131K, committed 8832K, reserved 1048576K
}
Event: 2693.796 GC heap after
{Heap after GC invocations=563 (full 15):
 PSYoungGen      total 8704K, used 0K [0x00000000eab00000, 0x00000000eb800000, 0x0000000100000000)
  eden space 5120K, 0% used [0x00000000eab00000,0x00000000eab00000,0x00000000eb000000)
  from space 3584K, 0% used [0x00000000eb380000,0x00000000eb380000,0x00000000eb700000)
  to   space 3584K, 0% used [0x00000000eb000000,0x00000000eb000000,0x00000000eb380000)
 ParOldGen       total 114688K, used 88594K [0x00000000c0000000, 0x00000000c7000000, 0x00000000eab00000)
  object space 114688K, 77% used [0x00000000c0000000,0x00000000c56849f0,0x00000000c7000000)
 Metaspace       used 80943K, committed 82368K, reserved 1179648K
  class space    used 8131K, committed 8832K, reserved 1048576K
}
Event: 2693.927 GC heap before
{Heap before GC invocations=564 (full 15):
 PSYoungGen      total 8704K, used 5120K [0x00000000eab00000, 0x00000000eb800000, 0x0000000100000000)
  eden space 5120K, 100% used [0x00000000eab00000,0x00000000eb000000,0x00000000eb000000)
  from space 3584K, 0% used [0x00000000eb380000,0x00000000eb380000,0x00000000eb700000)
  to   space 3584K, 0% used [0x00000000eb000000,0x00000000eb000000,0x00000000eb380000)
 ParOldGen       total 114688K, used 88594K [0x00000000c0000000, 0x00000000c7000000, 0x00000000eab00000)
  object space 114688K, 77% used [0x00000000c0000000,0x00000000c56849f0,0x00000000c7000000)
 Metaspace       used 80943K, committed 82368K, reserved 1179648K
  class space    used 8131K, committed 8832K, reserved 1048576K
}
Event: 2693.930 GC heap after
{Heap after GC invocations=564 (full 15):
 PSYoungGen      total 8704K, used 3578K [0x00000000eab00000, 0x00000000ebc00000, 0x0000000100000000)
  eden space 5120K, 0% used [0x00000000eab00000,0x00000000eab00000,0x00000000eb000000)
  from space 3584K, 99% used [0x00000000eb000000,0x00000000eb37e850,0x00000000eb380000)
  to   space 5632K, 0% used [0x00000000eb680000,0x00000000eb680000,0x00000000ebc00000)
 ParOldGen       total 114688K, used 90146K [0x00000000c0000000, 0x00000000c7000000, 0x00000000eab00000)
  object space 114688K, 78% used [0x00000000c0000000,0x00000000c58089f0,0x00000000c7000000)
 Metaspace       used 80943K, committed 82368K, reserved 1179648K
  class space    used 8131K, committed 8832K, reserved 1048576K
}
Event: 2693.945 GC heap before
{Heap before GC invocations=565 (full 15):
 PSYoungGen      total 8704K, used 8698K [0x00000000eab00000, 0x00000000ebc00000, 0x0000000100000000)
  eden space 5120K, 99% used [0x00000000eab00000,0x00000000eafffff0,0x00000000eb000000)
  from space 3584K, 99% used [0x00000000eb000000,0x00000000eb37e850,0x00000000eb380000)
  to   space 5632K, 0% used [0x00000000eb680000,0x00000000eb680000,0x00000000ebc00000)
 ParOldGen       total 114688K, used 90146K [0x00000000c0000000, 0x00000000c7000000, 0x00000000eab00000)
  object space 114688K, 78% used [0x00000000c0000000,0x00000000c58089f0,0x00000000c7000000)
 Metaspace       used 80943K, committed 82368K, reserved 1179648K
  class space    used 8131K, committed 8832K, reserved 1048576K
}
Event: 2693.951 GC heap after
{Heap after GC invocations=565 (full 15):
 PSYoungGen      total 11776K, used 5152K [0x00000000eab00000, 0x00000000ebc00000, 0x0000000100000000)
  eden space 6144K, 0% used [0x00000000eab00000,0x00000000eab00000,0x00000000eb100000)
  from space 5632K, 91% used [0x00000000eb680000,0x00000000ebb88000,0x00000000ebc00000)
  to   space 5632K, 0% used [0x00000000eb100000,0x00000000eb100000,0x00000000eb680000)
 ParOldGen       total 114688K, used 93748K [0x00000000c0000000, 0x00000000c7000000, 0x00000000eab00000)
  object space 114688K, 81% used [0x00000000c0000000,0x00000000c5b8d240,0x00000000c7000000)
 Metaspace       used 80943K, committed 82368K, reserved 1179648K
  class space    used 8131K, committed 8832K, reserved 1048576K
}
Event: 2694.164 GC heap before
{Heap before GC invocations=566 (full 15):
 PSYoungGen      total 11776K, used 11296K [0x00000000eab00000, 0x00000000ebc00000, 0x0000000100000000)
  eden space 6144K, 100% used [0x00000000eab00000,0x00000000eb100000,0x00000000eb100000)
  from space 5632K, 91% used [0x00000000eb680000,0x00000000ebb88000,0x00000000ebc00000)
  to   space 5632K, 0% used [0x00000000eb100000,0x00000000eb100000,0x00000000eb680000)
 ParOldGen       total 114688K, used 93748K [0x00000000c0000000, 0x00000000c7000000, 0x00000000eab00000)
  object space 114688K, 81% used [0x00000000c0000000,0x00000000c5b8d240,0x00000000c7000000)
 Metaspace       used 80953K, committed 82368K, reserved 1179648K
  class space    used 8131K, committed 8832K, reserved 1048576K
}
Event: 2694.172 GC heap after
{Heap after GC invocations=566 (full 15):
 PSYoungGen      total 11776K, used 4660K [0x00000000eab00000, 0x00000000ebc00000, 0x0000000100000000)
  eden space 6144K, 0% used [0x00000000eab00000,0x00000000eab00000,0x00000000eb100000)
  from space 5632K, 82% used [0x00000000eb100000,0x00000000eb58d200,0x00000000eb680000)
  to   space 5120K, 0% used [0x00000000eb700000,0x00000000eb700000,0x00000000ebc00000)
 ParOldGen       total 114688K, used 98900K [0x00000000c0000000, 0x00000000c7000000, 0x00000000eab00000)
  object space 114688K, 86% used [0x00000000c0000000,0x00000000c6095240,0x00000000c7000000)
 Metaspace       used 80953K, committed 82368K, reserved 1179648K
  class space    used 8131K, committed 8832K, reserved 1048576K
}
Event: 2694.195 GC heap before
{Heap before GC invocations=567 (full 15):
 PSYoungGen      total 11776K, used 10804K [0x00000000eab00000, 0x00000000ebc00000, 0x0000000100000000)
  eden space 6144K, 100% used [0x00000000eab00000,0x00000000eb100000,0x00000000eb100000)
  from space 5632K, 82% used [0x00000000eb100000,0x00000000eb58d200,0x00000000eb680000)
  to   space 5120K, 0% used [0x00000000eb700000,0x00000000eb700000,0x00000000ebc00000)
 ParOldGen       total 114688K, used 98900K [0x00000000c0000000, 0x00000000c7000000, 0x00000000eab00000)
  object space 114688K, 86% used [0x00000000c0000000,0x00000000c6095240,0x00000000c7000000)
 Metaspace       used 80969K, committed 82368K, reserved 1179648K
  class space    used 8131K, committed 8832K, reserved 1048576K
}
Event: 2694.200 GC heap after
{Heap after GC invocations=567 (full 15):
 PSYoungGen      total 7680K, used 420K [0x00000000eab00000, 0x00000000eb780000, 0x0000000100000000)
  eden space 7168K, 0% used [0x00000000eab00000,0x00000000eab00000,0x00000000eb200000)
  from space 512K, 82% used [0x00000000eb700000,0x00000000eb769210,0x00000000eb780000)
  to   space 2048K, 0% used [0x00000000eb380000,0x00000000eb380000,0x00000000eb580000)
 ParOldGen       total 114688K, used 103440K [0x00000000c0000000, 0x00000000c7000000, 0x00000000eab00000)
  object space 114688K, 90% used [0x00000000c0000000,0x00000000c6504268,0x00000000c7000000)
 Metaspace       used 80969K, committed 82368K, reserved 1179648K
  class space    used 8131K, committed 8832K, reserved 1048576K
}
Event: 2710.622 GC heap before
{Heap before GC invocations=568 (full 15):
 PSYoungGen      total 7680K, used 7588K [0x00000000eab00000, 0x00000000eb780000, 0x0000000100000000)
  eden space 7168K, 100% used [0x00000000eab00000,0x00000000eb200000,0x00000000eb200000)
  from space 512K, 82% used [0x00000000eb700000,0x00000000eb769210,0x00000000eb780000)
  to   space 2048K, 0% used [0x00000000eb380000,0x00000000eb380000,0x00000000eb580000)
 ParOldGen       total 114688K, used 103440K [0x00000000c0000000, 0x00000000c7000000, 0x00000000eab00000)
  object space 114688K, 90% used [0x00000000c0000000,0x00000000c6504268,0x00000000c7000000)
 Metaspace       used 80983K, committed 82368K, reserved 1179648K
  class space    used 8133K, committed 8832K, reserved 1048576K
}
Event: 2710.623 GC heap after
{Heap after GC invocations=568 (full 15):
 PSYoungGen      total 10240K, used 580K [0x00000000eab00000, 0x00000000eb780000, 0x0000000100000000)
  eden space 8192K, 0% used [0x00000000eab00000,0x00000000eab00000,0x00000000eb300000)
  from space 2048K, 28% used [0x00000000eb380000,0x00000000eb411230,0x00000000eb580000)
  to   space 1024K, 0% used [0x00000000eb680000,0x00000000eb680000,0x00000000eb780000)
 ParOldGen       total 114688K, used 103456K [0x00000000c0000000, 0x00000000c7000000, 0x00000000eab00000)
  object space 114688K, 90% used [0x00000000c0000000,0x00000000c6508268,0x00000000c7000000)
 Metaspace       used 80983K, committed 82368K, reserved 1179648K
  class space    used 8133K, committed 8832K, reserved 1048576K
}
Event: 2710.930 GC heap before
{Heap before GC invocations=569 (full 15):
 PSYoungGen      total 10240K, used 8772K [0x00000000eab00000, 0x00000000eb780000, 0x0000000100000000)
  eden space 8192K, 100% used [0x00000000eab00000,0x00000000eb300000,0x00000000eb300000)
  from space 2048K, 28% used [0x00000000eb380000,0x00000000eb411230,0x00000000eb580000)
  to   space 1024K, 0% used [0x00000000eb680000,0x00000000eb680000,0x00000000eb780000)
 ParOldGen       total 114688K, used 103456K [0x00000000c0000000, 0x00000000c7000000, 0x00000000eab00000)
  object space 114688K, 90% used [0x00000000c0000000,0x00000000c6508268,0x00000000c7000000)
 Metaspace       used 81167K, committed 82496K, reserved 1179648K
  class space    used 8153K, committed 8832K, reserved 1048576K
}
Event: 2710.933 GC heap after
{Heap after GC invocations=569 (full 15):
 PSYoungGen      total 10240K, used 1022K [0x00000000eab00000, 0x00000000eb900000, 0x0000000100000000)
  eden space 9216K, 0% used [0x00000000eab00000,0x00000000eab00000,0x00000000eb400000)
  from space 1024K, 99% used [0x00000000eb680000,0x00000000eb77fa70,0x00000000eb780000)
  to   space 2560K, 0% used [0x00000000eb400000,0x00000000eb400000,0x00000000eb680000)
 ParOldGen       total 114688K, used 104524K [0x00000000c0000000, 0x00000000c7000000, 0x00000000eab00000)
  object space 114688K, 91% used [0x00000000c0000000,0x00000000c66132a8,0x00000000c7000000)
 Metaspace       used 81167K, committed 82496K, reserved 1179648K
  class space    used 8153K, committed 8832K, reserved 1048576K
}

Dll operation events (10 events):
Event: 0.011 Loaded shared library c:\Users\Nei\.vscode\extensions\redhat.java-1.34.0-win32-x64\jre\17.0.12-win32-x86_64\bin\java.dll
Event: 0.282 Loaded shared library c:\Users\Nei\.vscode\extensions\redhat.java-1.34.0-win32-x64\jre\17.0.12-win32-x86_64\bin\zip.dll
Event: 0.285 Loaded shared library C:\Users\Nei\.vscode\extensions\redhat.java-1.34.0-win32-x64\jre\17.0.12-win32-x86_64\bin\instrument.dll
Event: 0.299 Loaded shared library C:\Users\Nei\.vscode\extensions\redhat.java-1.34.0-win32-x64\jre\17.0.12-win32-x86_64\bin\net.dll
Event: 0.301 Loaded shared library C:\Users\Nei\.vscode\extensions\redhat.java-1.34.0-win32-x64\jre\17.0.12-win32-x86_64\bin\nio.dll
Event: 0.309 Loaded shared library C:\Users\Nei\.vscode\extensions\redhat.java-1.34.0-win32-x64\jre\17.0.12-win32-x86_64\bin\zip.dll
Event: 0.327 Loaded shared library C:\Users\Nei\.vscode\extensions\redhat.java-1.34.0-win32-x64\jre\17.0.12-win32-x86_64\bin\jimage.dll
Event: 0.398 Loaded shared library c:\Users\Nei\.vscode\extensions\redhat.java-1.34.0-win32-x64\jre\17.0.12-win32-x86_64\bin\verify.dll
Event: 1.608 Loaded shared library C:\Users\Nei\AppData\Roaming\Code\User\globalStorage\redhat.java\1.34.0\config_win\org.eclipse.equinox.launcher\org.eclipse.equinox.launcher.win32.win32.x86_64_1.2.1100.v20240722-2106\eclipse_11904.dll
Event: 3.109 Loaded shared library G:\Systeme\Temp\jna-78194\jna17085145362884981541.dll

Deoptimization events (20 events):
Event: 2710.626 Thread 0x000001bb755bbb80 DEOPT PACKING pc=0x000001bb64dd75a8 sp=0x000000160e6fdeb0
Event: 2710.626 Thread 0x000001bb755bbb80 DEOPT UNPACKING pc=0x000001bb640e66a3 sp=0x000000160e6fddc0 mode 2
Event: 2710.697 Thread 0x000001bb755bbb80 Uncommon trap: trap_request=0xffffff6e fr.pc=0x000001bb64dda1fc relative=0x0000000000000d9c
Event: 2710.697 Thread 0x000001bb755bbb80 Uncommon trap: reason=loop_limit_check action=maybe_recompile pc=0x000001bb64dda1fc method=org.eclipse.jdt.internal.compiler.util.SimpleLookupTable.rehash()V @ 50 c2
Event: 2710.697 Thread 0x000001bb755bbb80 DEOPT PACKING pc=0x000001bb64dda1fc sp=0x000000160e6fd270
Event: 2710.697 Thread 0x000001bb755bbb80 DEOPT UNPACKING pc=0x000001bb640e66a3 sp=0x000000160e6fd1d0 mode 2
Event: 2710.857 Thread 0x000001bb755bbb80 Uncommon trap: trap_request=0xffffff45 fr.pc=0x000001bb650de5a8 relative=0x0000000000002da8
Event: 2710.857 Thread 0x000001bb755bbb80 Uncommon trap: reason=unstable_if action=reinterpret pc=0x000001bb650de5a8 method=org.eclipse.jdt.internal.compiler.parser.Scanner.getNextToken0()I @ 963 c2
Event: 2710.857 Thread 0x000001bb755bbb80 DEOPT PACKING pc=0x000001bb650de5a8 sp=0x000000160e6fd860
Event: 2710.857 Thread 0x000001bb755bbb80 DEOPT UNPACKING pc=0x000001bb640e66a3 sp=0x000000160e6fd7f8 mode 2
Event: 2710.862 Thread 0x000001bb755bbb80 Uncommon trap: trap_request=0xffffff45 fr.pc=0x000001bb6525c838 relative=0x0000000000001458
Event: 2710.862 Thread 0x000001bb755bbb80 Uncommon trap: reason=unstable_if action=reinterpret pc=0x000001bb6525c838 method=org.eclipse.jdt.internal.compiler.parser.Scanner.getNextToken()I @ 92 c2
Event: 2710.862 Thread 0x000001bb755bbb80 DEOPT PACKING pc=0x000001bb6525c838 sp=0x000000160e6fd680
Event: 2710.862 Thread 0x000001bb755bbb80 DEOPT UNPACKING pc=0x000001bb640e66a3 sp=0x000000160e6fd670 mode 2
Event: 2710.911 Thread 0x000001bb755b74a0 DEOPT PACKING pc=0x000001bb5dd26729 sp=0x000000160fffbd20
Event: 2710.911 Thread 0x000001bb755b74a0 DEOPT UNPACKING pc=0x000001bb640e6e43 sp=0x000000160fffb1e8 mode 0
Event: 2710.937 Thread 0x000001bb755b74a0 Uncommon trap: trap_request=0xffffffc6 fr.pc=0x000001bb647b52a8 relative=0x00000000000003a8
Event: 2710.937 Thread 0x000001bb755b74a0 Uncommon trap: reason=bimorphic_or_optimized_type_check action=maybe_recompile pc=0x000001bb647b52a8 method=java.util.stream.ReduceOps$ReduceOp.evaluateSequential(Ljava/util/stream/PipelineHelper;Ljava/util/Spliterator;)Ljava/lang/Object; @ 2 c2
Event: 2710.937 Thread 0x000001bb755b74a0 DEOPT PACKING pc=0x000001bb647b52a8 sp=0x000000160fffe4e0
Event: 2710.937 Thread 0x000001bb755b74a0 DEOPT UNPACKING pc=0x000001bb640e66a3 sp=0x000000160fffe480 mode 2

Classes loaded (20 events):
Event: 320.155 Loading class java/util/stream/Nodes$ConcNode
Event: 320.155 Loading class java/util/stream/Nodes$AbstractConcNode
Event: 320.155 Loading class java/util/stream/Nodes$AbstractConcNode done
Event: 320.155 Loading class java/util/stream/Nodes$ConcNode done
Event: 320.164 Loading class java/io/ObjectOutputStream$BlockDataOutputStream
Event: 320.164 Loading class java/io/ObjectOutputStream$BlockDataOutputStream done
Event: 320.164 Loading class java/io/ObjectOutputStream$HandleTable
Event: 320.165 Loading class java/io/ObjectOutputStream$HandleTable done
Event: 320.165 Loading class java/io/ObjectOutputStream$ReplaceTable
Event: 320.165 Loading class java/io/ObjectOutputStream$ReplaceTable done
Event: 2670.174 Loading class java/util/stream/ReduceOps$2
Event: 2670.176 Loading class java/util/stream/ReduceOps$2 done
Event: 2670.176 Loading class java/util/stream/ReduceOps$2ReducingSink
Event: 2670.176 Loading class java/util/stream/ReduceOps$2ReducingSink done
Event: 2683.552 Loading class jdk/internal/module/IllegalAccessLogger
Event: 2683.552 Loading class jdk/internal/module/IllegalAccessLogger done
Event: 2683.618 Loading class java/nio/BufferMismatch
Event: 2683.620 Loading class java/nio/BufferMismatch done
Event: 2693.265 Loading class jdk/internal/module/IllegalAccessLogger
Event: 2693.265 Loading class jdk/internal/module/IllegalAccessLogger done

Classes unloaded (20 events):
Event: 2670.902 Thread 0x000001bb6dcec7a0 Unloading class 0x0000000100218000 'java/lang/invoke/LambdaForm$MH+0x0000000100218000'
Event: 2670.902 Thread 0x000001bb6dcec7a0 Unloading class 0x00000001001b5c00 'java/lang/invoke/LambdaForm$MH+0x00000001001b5c00'
Event: 2670.902 Thread 0x000001bb6dcec7a0 Unloading class 0x00000001001b5800 'java/lang/invoke/LambdaForm$MH+0x00000001001b5800'
Event: 2670.902 Thread 0x000001bb6dcec7a0 Unloading class 0x00000001001b5400 'java/lang/invoke/LambdaForm$MH+0x00000001001b5400'
Event: 2670.902 Thread 0x000001bb6dcec7a0 Unloading class 0x00000001001b5000 'java/lang/invoke/LambdaForm$MH+0x00000001001b5000'
Event: 2670.902 Thread 0x000001bb6dcec7a0 Unloading class 0x00000001001b4c00 'java/lang/invoke/LambdaForm$MH+0x00000001001b4c00'
Event: 2670.902 Thread 0x000001bb6dcec7a0 Unloading class 0x00000001001b4800 'java/lang/invoke/LambdaForm$MH+0x00000001001b4800'
Event: 2670.902 Thread 0x000001bb6dcec7a0 Unloading class 0x00000001001b4400 'java/lang/invoke/LambdaForm$MH+0x00000001001b4400'
Event: 2670.902 Thread 0x000001bb6dcec7a0 Unloading class 0x00000001001b4000 'java/lang/invoke/LambdaForm$MH+0x00000001001b4000'
Event: 2670.902 Thread 0x000001bb6dcec7a0 Unloading class 0x000000010019b000 'java/lang/invoke/LambdaForm$MH+0x000000010019b000'
Event: 2670.902 Thread 0x000001bb6dcec7a0 Unloading class 0x000000010019a800 'java/lang/invoke/LambdaForm$MH+0x000000010019a800'
Event: 2670.902 Thread 0x000001bb6dcec7a0 Unloading class 0x000000010019a400 'java/lang/invoke/LambdaForm$MH+0x000000010019a400'
Event: 2670.902 Thread 0x000001bb6dcec7a0 Unloading class 0x000000010019a000 'java/lang/invoke/LambdaForm$MH+0x000000010019a000'
Event: 2670.902 Thread 0x000001bb6dcec7a0 Unloading class 0x0000000100199c00 'java/lang/invoke/LambdaForm$MH+0x0000000100199c00'
Event: 2670.903 Thread 0x000001bb6dcec7a0 Unloading class 0x0000000100199400 'java/lang/invoke/LambdaForm$MH+0x0000000100199400'
Event: 2670.903 Thread 0x000001bb6dcec7a0 Unloading class 0x0000000100129000 'jdk/internal/reflect/GeneratedMethodAccessor5'
Event: 2670.903 Thread 0x000001bb6dcec7a0 Unloading class 0x0000000100128c00 'jdk/internal/reflect/GeneratedMethodAccessor4'
Event: 2670.903 Thread 0x000001bb6dcec7a0 Unloading class 0x0000000100128800 'jdk/internal/reflect/GeneratedMethodAccessor3'
Event: 2670.903 Thread 0x000001bb6dcec7a0 Unloading class 0x0000000100128400 'jdk/internal/reflect/GeneratedMethodAccessor2'
Event: 2670.903 Thread 0x000001bb6dcec7a0 Unloading class 0x0000000100128000 'jdk/internal/reflect/GeneratedMethodAccessor1'

Classes redefined (0 events):
No events

Internal exceptions (20 events):
Event: 45.427 Thread 0x000001bb7404e780 Exception <a 'sun/nio/fs/WindowsException'{0x00000000eabcbf80}> (0x00000000eabcbf80) 
thrown [s\src\hotspot\share\prims\jni.cpp, line 516]
Event: 45.428 Thread 0x000001bb7404e780 Exception <a 'sun/nio/fs/WindowsException'{0x00000000eabcf318}> (0x00000000eabcf318) 
thrown [s\src\hotspot\share\prims\jni.cpp, line 516]
Event: 45.729 Thread 0x000001bb7404e780 Implicit null exception at 0x000001bb647f6b97 to 0x000001bb647f6f58
Event: 45.980 Thread 0x000001bb7404e780 Exception <a 'sun/nio/fs/WindowsException'{0x00000000eab228f8}> (0x00000000eab228f8) 
thrown [s\src\hotspot\share\prims\jni.cpp, line 516]
Event: 45.980 Thread 0x000001bb7404e780 Exception <a 'sun/nio/fs/WindowsException'{0x00000000eab22e38}> (0x00000000eab22e38) 
thrown [s\src\hotspot\share\prims\jni.cpp, line 516]
Event: 320.189 Thread 0x000001bb7404e780 Exception <a 'java/lang/NoSuchMethodError'{0x00000000eabc2278}: static [J.<clinit>()V> (0x00000000eabc2278) 
thrown [s\src\hotspot\share\prims\jni.cpp, line 1112]
Event: 320.202 Thread 0x000001bb7404e780 Exception <a 'java/lang/NoSuchMethodError'{0x00000000eab31d60}: 'java.lang.Object java.lang.invoke.DirectMethodHandle$Holder.newInvokeSpecial(java.lang.Object, java.lang.Object, java.lang.Object, java.lang.Object, java.lang.Object, java.lang.Object, java.lang.Object, java.lang.Object)'> (0x00000000eab31d60) 
thrown [s\src\hotspot\share\interpreter\linkResolver.cpp, line 759]
Event: 320.203 Thread 0x000001bb7404e780 Exception <a 'java/lang/NoSuchMethodError'{0x00000000eab369c8}: 'java.lang.Object java.lang.invoke.Invokers$Holder.linkToTargetMethod(java.lang.Object, java.lang.Object, java.lang.Object, java.lang.Object, java.lang.Object, java.lang.Object, java.lang.Object, java.lang.Object)'> (0x00000000eab369c8) 
thrown [s\src\hotspot\share\interpreter\linkResolver.cpp, line 759]
Event: 2670.099 Thread 0x000001bb755bbb80 Implicit null exception at 0x000001bb64bc6aac to 0x000001bb64bc6b0c
Event: 2671.777 Thread 0x000001bb755bbb80 Implicit null exception at 0x000001bb648d5967 to 0x000001bb648d5b28
Event: 2671.950 Thread 0x000001bb755bbb80 Implicit null exception at 0x000001bb64f39c4b to 0x000001bb64f3a1b4
Event: 2672.018 Thread 0x000001bb755bbb80 Implicit null exception at 0x000001bb64fd8011 to 0x000001bb64fdae7c
Event: 2672.018 Thread 0x000001bb755bbb80 Implicit null exception at 0x000001bb64680f05 to 0x000001bb646812c4
Event: 2673.845 Thread 0x000001bb7404e780 Implicit null exception at 0x000001bb64e1d0f8 to 0x000001bb64e24f60
Event: 2683.479 Thread 0x000001bb7404fbc0 Implicit null exception at 0x000001bb65029947 to 0x000001bb6502a020
Event: 2683.489 Thread 0x000001bb7404fbc0 Implicit null exception at 0x000001bb64878a55 to 0x000001bb64878ee8
Event: 2683.566 Thread 0x000001bb755bcfc0 Implicit null exception at 0x000001bb64aa0aad to 0x000001bb64aa2540
Event: 2693.094 Thread 0x000001bb7404fbc0 Implicit null exception at 0x000001bb64ea1996 to 0x000001bb64ea3c64
Event: 2693.417 Thread 0x000001bb7404fbc0 Exception <a 'sun/nio/fs/WindowsException'{0x00000000eab4e868}> (0x00000000eab4e868) 
thrown [s\src\hotspot\share\prims\jni.cpp, line 516]
Event: 2694.113 Thread 0x000001bb7404fbc0 Exception <a 'sun/nio/fs/WindowsException'{0x00000000eb0b2268}> (0x00000000eb0b2268) 
thrown [s\src\hotspot\share\prims\jni.cpp, line 516]

VM Operations (20 events):
Event: 2693.927 Executing VM operation: ParallelGCFailedAllocation
Event: 2693.930 Executing VM operation: ParallelGCFailedAllocation done
Event: 2693.945 Executing VM operation: ParallelGCFailedAllocation
Event: 2693.951 Executing VM operation: ParallelGCFailedAllocation done
Event: 2694.164 Executing VM operation: ParallelGCFailedAllocation
Event: 2694.172 Executing VM operation: ParallelGCFailedAllocation done
Event: 2694.195 Executing VM operation: ParallelGCFailedAllocation
Event: 2694.200 Executing VM operation: ParallelGCFailedAllocation done
Event: 2695.203 Executing VM operation: Cleanup
Event: 2695.203 Executing VM operation: Cleanup done
Event: 2705.846 Executing VM operation: HandshakeAllThreads
Event: 2705.846 Executing VM operation: HandshakeAllThreads done
Event: 2710.622 Executing VM operation: ParallelGCFailedAllocation
Event: 2710.623 Executing VM operation: ParallelGCFailedAllocation done
Event: 2710.929 Executing VM operation: ParallelGCFailedAllocation
Event: 2710.933 Executing VM operation: ParallelGCFailedAllocation done
Event: 2710.944 Executing VM operation: HandshakeAllThreads
Event: 2710.944 Executing VM operation: HandshakeAllThreads done
Event: 2711.013 Executing VM operation: HandshakeAllThreads
Event: 2711.013 Executing VM operation: HandshakeAllThreads done

Events (20 events):
Event: 2683.553 Thread 0x000001bb755b7ec0 Thread added: 0x000001bb755b7ec0
Event: 2685.534 Thread 0x000001bb7588dab0 Thread added: 0x000001bb7588dab0
Event: 2686.286 Thread 0x000001bb7588dab0 Thread exited: 0x000001bb7588dab0
Event: 2687.487 Thread 0x000001bb72f4a080 flushing nmethod 0x000001bb64854c90
Event: 2687.487 Thread 0x000001bb7588cac0 Thread added: 0x000001bb7588cac0
Event: 2687.489 Thread 0x000001bb72f4a080 flushing nmethod 0x000001bb64ddd290
Event: 2687.505 Thread 0x000001bb72f4a080 flushing nmethod 0x000001bb5e614d90
Event: 2687.505 Thread 0x000001bb72f4a080 flushing nmethod 0x000001bb5e66ef10
Event: 2687.505 Thread 0x000001bb72f4a080 flushing nmethod 0x000001bb5e673310
Event: 2687.812 Thread 0x000001bb7588cac0 Thread exited: 0x000001bb7588cac0
Event: 2689.169 Thread 0x000001bb7588cac0 Thread added: 0x000001bb7588cac0
Event: 2689.586 Thread 0x000001bb7588cac0 Thread exited: 0x000001bb7588cac0
Event: 2689.919 Thread 0x000001bb7588dab0 Thread added: 0x000001bb7588dab0
Event: 2690.978 Thread 0x000001bb7588dab0 Thread exited: 0x000001bb7588dab0
Event: 2691.295 Thread 0x000001bb7588cac0 Thread added: 0x000001bb7588cac0
Event: 2691.564 Thread 0x000001bb7588cac0 Thread exited: 0x000001bb7588cac0
Event: 2691.908 Thread 0x000001bb7588cac0 Thread added: 0x000001bb7588cac0
Event: 2692.317 Thread 0x000001bb7588cac0 Thread exited: 0x000001bb7588cac0
Event: 2693.582 Thread 0x000001bb7588cac0 Thread added: 0x000001bb7588cac0
Event: 2694.174 Thread 0x000001bb7588cac0 Thread exited: 0x000001bb7588cac0


Dynamic libraries:
0x00007ff67b850000 - 0x00007ff67b85e000 	c:\Users\Nei\.vscode\extensions\redhat.java-1.34.0-win32-x64\jre\17.0.12-win32-x86_64\bin\java.exe
0x00007ffba42b0000 - 0x00007ffba44a8000 	C:\WINDOWS\SYSTEM32\ntdll.dll
0x00007ffba3360000 - 0x00007ffba3421000 	C:\WINDOWS\System32\KERNEL32.DLL
0x00007ffba1a10000 - 0x00007ffba1d0d000 	C:\WINDOWS\System32\KERNELBASE.dll
0x00007ffba2190000 - 0x00007ffba2290000 	C:\WINDOWS\System32\ucrtbase.dll
0x00007ffb9c870000 - 0x00007ffb9c887000 	c:\Users\Nei\.vscode\extensions\redhat.java-1.34.0-win32-x64\jre\17.0.12-win32-x86_64\bin\jli.dll
0x00007ffba30e0000 - 0x00007ffba327d000 	C:\WINDOWS\System32\USER32.dll
0x00007ffba1fa0000 - 0x00007ffba1fc2000 	C:\WINDOWS\System32\win32u.dll
0x00007ffba28e0000 - 0x00007ffba290b000 	C:\WINDOWS\System32\GDI32.dll
0x00007ffba2070000 - 0x00007ffba2187000 	C:\WINDOWS\System32\gdi32full.dll
0x00007ffba1fd0000 - 0x00007ffba206d000 	C:\WINDOWS\System32\msvcp_win.dll
0x00007ffb9c5b0000 - 0x00007ffb9c5cb000 	c:\Users\Nei\.vscode\extensions\redhat.java-1.34.0-win32-x64\jre\17.0.12-win32-x86_64\bin\VCRUNTIME140.dll
0x00007ffb8de00000 - 0x00007ffb8e09a000 	C:\WINDOWS\WinSxS\amd64_microsoft.windows.common-controls_6595b64144ccf1df_6.0.19041.4355_none_60b8b9eb71f62e16\COMCTL32.dll
0x00007ffba3430000 - 0x00007ffba34ce000 	C:\WINDOWS\System32\msvcrt.dll
0x00007ffba3da0000 - 0x00007ffba3dcf000 	C:\WINDOWS\System32\IMM32.DLL
0x00007ffb9c5a0000 - 0x00007ffb9c5ac000 	c:\Users\Nei\.vscode\extensions\redhat.java-1.34.0-win32-x64\jre\17.0.12-win32-x86_64\bin\vcruntime140_1.dll
0x00007ffb7feb0000 - 0x00007ffb7ff3d000 	c:\Users\Nei\.vscode\extensions\redhat.java-1.34.0-win32-x64\jre\17.0.12-win32-x86_64\bin\msvcp140.dll
0x00007ffb60880000 - 0x00007ffb614ea000 	c:\Users\Nei\.vscode\extensions\redhat.java-1.34.0-win32-x64\jre\17.0.12-win32-x86_64\bin\server\jvm.dll
0x00007ffba22f0000 - 0x00007ffba23a0000 	C:\WINDOWS\System32\ADVAPI32.dll
0x00007ffba3670000 - 0x00007ffba3710000 	C:\WINDOWS\System32\sechost.dll
0x00007ffba34d0000 - 0x00007ffba35f3000 	C:\WINDOWS\System32\RPCRT4.dll
0x00007ffba1f70000 - 0x00007ffba1f97000 	C:\WINDOWS\System32\bcrypt.dll
0x00007ffba3710000 - 0x00007ffba377b000 	C:\WINDOWS\System32\WS2_32.dll
0x00007ffba0e50000 - 0x00007ffba0e9b000 	C:\WINDOWS\SYSTEM32\POWRPROF.dll
0x00007ffb96f30000 - 0x00007ffb96f57000 	C:\WINDOWS\SYSTEM32\WINMM.dll
0x00007ffb9a270000 - 0x00007ffb9a27a000 	C:\WINDOWS\SYSTEM32\VERSION.dll
0x00007ffba0d10000 - 0x00007ffba0d22000 	C:\WINDOWS\SYSTEM32\UMPDC.dll
0x00007ffb9f7c0000 - 0x00007ffb9f7d2000 	C:\WINDOWS\SYSTEM32\kernel.appcore.dll
0x00007ffb9c590000 - 0x00007ffb9c59a000 	c:\Users\Nei\.vscode\extensions\redhat.java-1.34.0-win32-x64\jre\17.0.12-win32-x86_64\bin\jimage.dll
0x00007ffb8ad10000 - 0x00007ffb8aef4000 	C:\WINDOWS\SYSTEM32\DBGHELP.DLL
0x00007ffb8a560000 - 0x00007ffb8a594000 	C:\WINDOWS\SYSTEM32\dbgcore.DLL
0x00007ffba1ee0000 - 0x00007ffba1f62000 	C:\WINDOWS\System32\bcryptPrimitives.dll
0x00007ffb9c580000 - 0x00007ffb9c58e000 	c:\Users\Nei\.vscode\extensions\redhat.java-1.34.0-win32-x64\jre\17.0.12-win32-x86_64\bin\instrument.dll
0x00007ffb8bf60000 - 0x00007ffb8bf85000 	c:\Users\Nei\.vscode\extensions\redhat.java-1.34.0-win32-x64\jre\17.0.12-win32-x86_64\bin\java.dll
0x00007ffb8b390000 - 0x00007ffb8b3a8000 	c:\Users\Nei\.vscode\extensions\redhat.java-1.34.0-win32-x64\jre\17.0.12-win32-x86_64\bin\zip.dll
0x00007ffba2970000 - 0x00007ffba30df000 	C:\WINDOWS\System32\SHELL32.dll
0x00007ffb9f9c0000 - 0x00007ffba015f000 	C:\WINDOWS\SYSTEM32\windows.storage.dll
0x00007ffba2450000 - 0x00007ffba27a3000 	C:\WINDOWS\System32\combase.dll
0x00007ffba12a0000 - 0x00007ffba12ce000 	C:\WINDOWS\SYSTEM32\Wldp.dll
0x00007ffba27b0000 - 0x00007ffba287d000 	C:\WINDOWS\System32\OLEAUT32.dll
0x00007ffba41c0000 - 0x00007ffba426d000 	C:\WINDOWS\System32\SHCORE.dll
0x00007ffba2880000 - 0x00007ffba28d5000 	C:\WINDOWS\System32\shlwapi.dll
0x00007ffba1890000 - 0x00007ffba18b4000 	C:\WINDOWS\SYSTEM32\profapi.dll
0x00007ffb82600000 - 0x00007ffb82619000 	C:\Users\Nei\.vscode\extensions\redhat.java-1.34.0-win32-x64\jre\17.0.12-win32-x86_64\bin\net.dll
0x00007ffb98c00000 - 0x00007ffb98d0d000 	C:\WINDOWS\SYSTEM32\WINHTTP.dll
0x00007ffba1080000 - 0x00007ffba10ea000 	C:\WINDOWS\system32\mswsock.dll
0x00007ffb82150000 - 0x00007ffb82166000 	C:\Users\Nei\.vscode\extensions\redhat.java-1.34.0-win32-x64\jre\17.0.12-win32-x86_64\bin\nio.dll
0x00007ffb8f060000 - 0x00007ffb8f070000 	c:\Users\Nei\.vscode\extensions\redhat.java-1.34.0-win32-x64\jre\17.0.12-win32-x86_64\bin\verify.dll
0x00007ffb7fe60000 - 0x00007ffb7fea5000 	C:\Users\Nei\AppData\Roaming\Code\User\globalStorage\redhat.java\1.34.0\config_win\org.eclipse.equinox.launcher\org.eclipse.equinox.launcher.win32.win32.x86_64_1.2.1100.v20240722-2106\eclipse_11904.dll
0x00007ffba3ee0000 - 0x00007ffba400b000 	C:\WINDOWS\System32\ole32.dll
0x00007ffba15f0000 - 0x00007ffba1608000 	C:\WINDOWS\SYSTEM32\CRYPTSP.dll
0x00007ffba0950000 - 0x00007ffba0984000 	C:\WINDOWS\system32\rsaenh.dll
0x00007ffba1840000 - 0x00007ffba186e000 	C:\WINDOWS\SYSTEM32\USERENV.dll
0x00007ffba1210000 - 0x00007ffba121c000 	C:\WINDOWS\SYSTEM32\CRYPTBASE.dll
0x00007ffba0d30000 - 0x00007ffba0d6b000 	C:\WINDOWS\SYSTEM32\IPHLPAPI.DLL
0x00007ffba22e0000 - 0x00007ffba22e8000 	C:\WINDOWS\System32\NSI.dll
0x00007ffb9ac20000 - 0x00007ffb9ac37000 	C:\WINDOWS\SYSTEM32\dhcpcsvc6.DLL
0x00007ffb9a420000 - 0x00007ffb9a43d000 	C:\WINDOWS\SYSTEM32\dhcpcsvc.DLL
0x00007ffba0d80000 - 0x00007ffba0e4a000 	C:\WINDOWS\SYSTEM32\DNSAPI.dll
0x00007ffb74be0000 - 0x00007ffb74c25000 	G:\Systeme\Temp\jna-78194\jna17085145362884981541.dll
0x00007ffba3660000 - 0x00007ffba3668000 	C:\WINDOWS\System32\PSAPI.DLL
0x00007ffba0a70000 - 0x00007ffba0aa3000 	C:\WINDOWS\SYSTEM32\ntmarta.dll

dbghelp: loaded successfully - version: 4.0.5 - missing functions: none
symbol engine: initialized successfully - sym options: 0x614 - pdb path: .;c:\Users\Nei\.vscode\extensions\redhat.java-1.34.0-win32-x64\jre\17.0.12-win32-x86_64\bin;C:\WINDOWS\SYSTEM32;C:\WINDOWS\WinSxS\amd64_microsoft.windows.common-controls_6595b64144ccf1df_6.0.19041.4355_none_60b8b9eb71f62e16;c:\Users\Nei\.vscode\extensions\redhat.java-1.34.0-win32-x64\jre\17.0.12-win32-x86_64\bin\server;C:\Users\Nei\AppData\Roaming\Code\User\globalStorage\redhat.java\1.34.0\config_win\org.eclipse.equinox.launcher\org.eclipse.equinox.launcher.win32.win32.x86_64_1.2.1100.v20240722-2106;G:\Systeme\Temp\jna-78194

VM Arguments:
jvm_args: --add-modules=ALL-SYSTEM --add-opens=java.base/java.util=ALL-UNNAMED --add-opens=java.base/java.lang=ALL-UNNAMED --add-opens=java.base/sun.nio.fs=ALL-UNNAMED -Declipse.application=org.eclipse.jdt.ls.core.id1 -Dosgi.bundles.defaultStartLevel=4 -Declipse.product=org.eclipse.jdt.ls.core.product -Djava.import.generatesMetadataFilesAtProjectRoot=false -DDetectVMInstallationsJob.disabled=true -Dfile.encoding=utf8 -XX:+UseParallelGC -XX:GCTimeRatio=4 -XX:AdaptiveSizePolicyWeight=90 -Dsun.zip.disableMemoryMapping=true -Xmx1G -Xms100m -Xlog:disable -javaagent:c:\Users\Nei\.vscode\extensions\redhat.java-1.34.0-win32-x64\lombok\lombok-1.18.33.jar -XX:+HeapDumpOnOutOfMemoryError -XX:HeapDumpPath=c:\Users\Nei\AppData\Roaming\Code\User\workspaceStorage\55e200b53cafecc57c6fa116967f502c\redhat.java -Daether.dependencyCollector.impl=bf 
java_command: c:\Users\Nei\.vscode\extensions\redhat.java-1.34.0-win32-x64\server\plugins\org.eclipse.equinox.launcher_1.6.900.v20240613-2009.jar -configuration c:\Users\Nei\AppData\Roaming\Code\User\globalStorage\redhat.java\1.34.0\config_win -data c:\Users\Nei\AppData\Roaming\Code\User\workspaceStorage\55e200b53cafecc57c6fa116967f502c\redhat.java\jdt_ws --pipe=\\.\pipe\lsp-3f138b899b52a3782832e814006c44a5-sock
java_class_path (initial): c:\Users\Nei\.vscode\extensions\redhat.java-1.34.0-win32-x64\server\plugins\org.eclipse.equinox.launcher_1.6.900.v20240613-2009.jar
Launcher Type: SUN_STANDARD

[Global flags]
    uintx AdaptiveSizePolicyWeight                 = 90                                        {product} {command line}
     intx CICompilerCount                          = 3                                         {product} {ergonomic}
    uintx GCTimeRatio                              = 4                                         {product} {command line}
     bool HeapDumpOnOutOfMemoryError               = true                                   {manageable} {command line}
    ccstr HeapDumpPath                             = c:\Users\Nei\AppData\Roaming\Code\User\workspaceStorage\55e200b53cafecc57c6fa116967f502c\redhat.java         {manageable} {command line}
   size_t InitialHeapSize                          = 104857600                                 {product} {command line}
   size_t MaxHeapSize                              = 1073741824                                {product} {command line}
   size_t MaxNewSize                               = 357564416                                 {product} {ergonomic}
   size_t MinHeapDeltaBytes                        = 524288                                    {product} {ergonomic}
   size_t MinHeapSize                              = 104857600                                 {product} {command line}
   size_t NewSize                                  = 34603008                                  {product} {ergonomic}
    uintx NonNMethodCodeHeapSize                   = 5832780                                {pd product} {ergonomic}
    uintx NonProfiledCodeHeapSize                  = 122912730                              {pd product} {ergonomic}
   size_t OldSize                                  = 70254592                                  {product} {ergonomic}
    uintx ProfiledCodeHeapSize                     = 122912730                              {pd product} {ergonomic}
    uintx ReservedCodeCacheSize                    = 251658240                              {pd product} {ergonomic}
     bool SegmentedCodeCache                       = true                                      {product} {ergonomic}
   size_t SoftMaxHeapSize                          = 1073741824                             {manageable} {ergonomic}
     bool UseCompressedClassPointers               = true                           {product lp64_product} {ergonomic}
     bool UseCompressedOops                        = true                           {product lp64_product} {ergonomic}
     bool UseLargePagesIndividualAllocation        = false                                  {pd product} {ergonomic}
     bool UseParallelGC                            = true                                      {product} {command line}

Logging:
Log output configuration:
 #0: stdout all=off uptime,level,tags
 #1: stderr all=off uptime,level,tags

Environment Variables:
JAVA_HOME=E:\jdk-17.0.2\
PATH=C:\Program Files (x86)\Intel\iCLS Client\;C:\Program Files\Intel\iCLS Client\;C:\Windows\system32;C:\Windows;C:\Windows\System32\Wbem;C:\Windows\System32\WindowsPowerShell\v1.0\;C:\Program Files\Intel\Intel(R) Management Engine Components\DAL;C:\Program Files\Intel\Intel(R) Management Engine Components\IPT;C:\Program Files (x86)\Intel\Intel(R) Management Engine Components\DAL;C:\Program Files (x86)\Intel\Intel(R) Management Engine Components\IPT;C:\Program Files (x86)\NVIDIA Corporation\PhysX\Common;C:\WINDOWS\system32;C:\WINDOWS;C:\WINDOWS\System32\Wbem;C:\WINDOWS\System32\WindowsPowerShell\v1.0\;C:\WINDOWS\System32\OpenSSH\;E:\jdk-17.0.2\\bin;C:\Program Files\Microsoft SQL Server\130\Tools\Binn\;C:\Program Files\Git\cmd;E:\apache-maven-3.9.5\bin;;C:\Program Files\Docker\Docker\resources\bin;C:\Users\Nei\AppData\Local\Microsoft\WindowsApps;C:\Users\Nei\AppData\Local\Programs\Microsoft VS Code\bin;C:\Users\Nei\AppData\Local\GitHubDesktop\bin;C:\Program Files\MongoDB\Server\7.0\bin;C:\Program Files\MySQL\MySQL Server 8.0\bin\;
USERNAME=Nei
OS=Windows_NT
PROCESSOR_IDENTIFIER=Intel64 Family 6 Model 58 Stepping 9, GenuineIntel
TMP=G:\Systeme\Temp
TEMP=G:\Systeme\Temp



Periodic native trim disabled


---------------  S Y S T E M  ---------------

OS:
 Windows 10 , 64 bit Build 19041 (10.0.19041.4717)
OS uptime: 0 days 18:52 hours
Hyper-V role detected

CPU: total 4 (initial active 4) (4 cores per cpu, 1 threads per core) family 6 model 58 stepping 9 microcode 0x21, cx8, cmov, fxsr, mmx, sse, sse2, sse3, ssse3, sse4.1, sse4.2, popcnt, tsc, tscinvbit, avx, aes, erms, clmul, vzeroupper, clflush, hv
Processor Information for all 4 processors :
  Max Mhz: 3801, Current Mhz: 3801, Mhz Limit: 3801

Memory: 4k page, system-wide physical 8150M (249M free)
TotalPageFile size 16342M (AvailPageFile size 0M)
current process WorkingSet (physical memory assigned to process): 316M, peak: 341M
current process commit charge ("private bytes"): 382M, peak: 390M

vm_info: OpenJDK 64-Bit Server VM (17.0.12+7) for windows-amd64 JRE (17.0.12+7), built on Jul 16 2024 22:08:24 by "admin" with MS VC++ 16.10 / 16.11 (VS2019)

END.
