#
# A fatal error has been detected by the Java Runtime Environment:
#
#  EXCEPTION_UNCAUGHT_CXX_EXCEPTION (0xe06d7363) at pc=0x00007ffa31e6b699, pid=13384, tid=20744
#
# JRE version:  (17.0.11+9) (build )
# Java VM: OpenJDK 64-Bit Server VM (17.0.11+9, mixed mode, tiered, compressed oops, compressed class ptrs, g1 gc, windows-amd64)
# Problematic frame:
# C  [KERNELBASE.dll+0x3b699]
#
# No core dump will be written. Minidumps are not enabled by default on client versions of Windows
#
#

---------------  S U M M A R Y ------------

Command Line: org.springframework.modulith.core.util.ApplicationModulesExporter com.opemclassrom G:\Systeme\Temp\gateway-com.opemclassrom11005124853657307764json

Host: Intel(R) Core(TM) i5-3570K CPU @ 3.40GHz, 4 cores, 7G,  Windows 10 , 64 bit Build 19041 (10.0.19041.4597)
Time: Mon Jul 29 16:50:04 2024 Paris, Madrid (heure duild 19041 (10.0.19041.4597) elapsed time: 2.239813 seconds (0d 0h 0m 2s)

---------------  T H R E A D  ---------------

Current thread (0x000001acab4ae080):  JavaThread "Unknown thread" [_thread_in_vm, id=20744, stack(0x0000008b85a00000,0x0000008b85b00000)]

Stack: [0x0000008b85a00000,0x0000008b85b00000],  sp=0x0000008b85afe7a0,  free space=1017k
Native frames: (J=compiled Java code, j=interpreted, Vv=VM code, C=native code)
C  [KERNELBASE.dll+0x3b699]
C  [VCRUNTIME140.dll+0x6480]
C  [jimage.dll+0x32a3]
C  [jimage.dll+0x2a1d]
C  [jimage.dll+0x145b]
C  [jimage.dll+0x1e9f]
C  [jimage.dll+0x1f36]
C  [jimage.dll+0x266e]
V  [jvm.dll+0x1f3d1d]
V  [jvm.dll+0x1f28f2]
V  [jvm.dll+0x7ae0cb]
V  [jvm.dll+0x7af499]
V  [jvm.dll+0x7af7e8]
V  [jvm.dll+0x832f2f]
V  [jvm.dll+0x832cba]
V  [jvm.dll+0x804cba]
V  [jvm.dll+0x80645d]
V  [jvm.dll+0x36c591]
V  [jvm.dll+0x7e4f56]
V  [jvm.dll+0x3efdcf]
V  [jvm.dll+0x3f1921]
C  [jli.dll+0x528f]
C  [ucrtbase.dll+0x21bb2]
C  [KERNEL32.DLL+0x17374]
C  [ntdll.dll+0x4cc91]


siginfo: EXCEPTION_UNCAUGHT_CXX_EXCEPTION (0xe06d7363), ExceptionInformation=0x0000000019930520 0x0000008b85afe900 0x00007ffa2d7f5198 0x00007ffa2d7f0000 


Registers:
RAX=0x000000000000000a, RBX=0x00007ffa2d7f5198, RCX=0x0000008b85afea88, RDX=0x00007ffa3232fde6
RSP=0x0000008b85afe7a0, RBP=0x0000008b85afea30, RSI=0x0000008b85afe900, RDI=0x0000000019930520
R8 =0x00007ff9e66bfe9c, R9 =0x0000000000000010, R10=0x00007ff9e66cca99, R11=0x0000000000082122
R12=0x000000000000ad72, R13=0x000001acab4ae570, R14=0x000001acc6240cc0, R15=0x000001acc6240cc0
RIP=0x00007ffa31e6b699, EFLAGS=0x0000000000000206


Top of Stack: (sp=0x0000008b85afe7a0)
0x0000008b85afe7a0:   000001acab4ae080 00007ffa2d7f5198
0x0000008b85afe7b0:   0000008b85afe900 0000000000000000
0x0000008b85afe7c0:   00000001e06d7363 0000000000000000
0x0000008b85afe7d0:   00007ffa31e6b699 000001ac00000004
0x0000008b85afe7e0:   0000000019930520 0000008b85afe900
0x0000008b85afe7f0:   00007ffa2d7f5198 00007ffa2d7f0000
0x0000008b85afe800:   000001acab4ae570 000000000000ad72
0x0000008b85afe810:   0000008b85afe900 0000008b85afea30
0x0000008b85afe820:   0000008b85afe8a0 00007ffa34784a5f
0x0000008b85afe830:   0000000019930520 0000000000000000
0x0000008b85afe840:   000001acab4d0000 00007ffa347a1910
0x0000008b85afe850:   00007ffa2d7f7000 00007ffa2d7f0000
0x0000008b85afe860:   0000c90c4364f923 00007ffa31e9055b
0x0000008b85afe870:   00007ffa2d7f5198 00007ffa17ab6480
0x0000008b85afe880:   000056be83a9f765 0000008bb60000b6
0x0000008b85afe890:   0000000000000008 00007ffa323239ce
0x0000008b85afe8a0:   00007ffa2d7f0000 0000000019930520
0x0000008b85afe8b0:   0000008b85afe900 00007ffa2d7f5198
0x0000008b85afe8c0:   00007ffa2d7f0000 00007ffa3238c8e0
0x0000008b85afe8d0:   000001acad2d27d5 00007ffa2d7f32a3
0x0000008b85afe8e0:   0000000000000000 000001acad2d27d5
0x0000008b85afe8f0:   000000000000ad72 000001acad2d27d5
0x0000008b85afe900:   00007ffa2d7f4470 00007ffa2d7f4480
0x0000008b85afe910:   0000000000000000 0000000000000000
0x0000008b85afe920:   000000000000ad72 00007ffa2d7f2a1d
0x0000008b85afe930:   000000000000ad72 000000000000000a
0x0000008b85afe940:   000001acab4ae080 00007ffa3232fde6
0x0000008b85afe950:   000001acad2d27d5 00007ffa2d7f145b
0x0000008b85afe960:   000001acab4ae950 000001acab4a0000
0x0000008b85afe970:   0000008b85afea00 00007ff9e66bfe9c
0x0000008b85afe980:   0000000000000038 00007ffa3477b86b
0x0000008b85afe990:   00000000cafefafa 00000000000038d7 

Instructions: (pc=0x00007ffa31e6b699)
0x00007ffa31e6b599:   d8 21 00 00 41 0f 44 c0 89 43 24 8b 41 18 89 43
0x00007ffa31e6b5a9:   28 65 48 8b 04 25 60 00 00 00 48 8b 48 20 39 79
0x00007ffa31e6b5b9:   08 7c 36 41 b9 40 00 00 00 48 89 7c 24 20 4c 8d
0x00007ffa31e6b5c9:   44 24 30 48 83 c9 ff 41 8d 51 e5 48 ff 15 ad 9a
0x00007ffa31e6b5d9:   1a 00 0f 1f 44 00 00 85 c0 0f 88 f3 ff 08 00 81
0x00007ffa31e6b5e9:   7c 24 54 33 00 03 00 72 0f 48 8b 9c 24 80 00 00
0x00007ffa31e6b5f9:   00 48 83 c4 70 5f c3 cc 89 7b 2c eb ec cc cc cc
0x00007ffa31e6b609:   cc cc cc cc cc cc cc 65 48 8b 04 25 30 00 00 00
0x00007ffa31e6b619:   8b 40 68 c3 cc cc cc cc cc cc cc cc cc cc cc cc
0x00007ffa31e6b629:   cc cc cc cc cc cc cc 48 81 ec d8 00 00 00 48 8b
0x00007ffa31e6b639:   05 62 b8 27 00 48 33 c4 48 89 84 24 c0 00 00 00
0x00007ffa31e6b649:   48 83 64 24 28 00 48 8d 05 da ff ff ff 83 e2 01
0x00007ffa31e6b659:   89 4c 24 20 89 54 24 24 48 89 44 24 30 4d 85 c9
0x00007ffa31e6b669:   74 4c b8 0f 00 00 00 48 8d 4c 24 40 44 3b c0 49
0x00007ffa31e6b679:   8b d1 44 0f 47 c0 44 89 44 24 38 49 c1 e0 03 e8
0x00007ffa31e6b689:   8a c2 07 00 48 8d 4c 24 20 48 ff 15 cf 9a 1a 00
0x00007ffa31e6b699:   0f 1f 44 00 00 48 8b 8c 24 c0 00 00 00 48 33 cc
0x00007ffa31e6b6a9:   e8 f2 b0 05 00 48 81 c4 d8 00 00 00 c3 cc 83 64
0x00007ffa31e6b6b9:   24 38 00 eb cf cc cc cc cc cc cc cc cc cc cc cc
0x00007ffa31e6b6c9:   cc cc cc cc cc cc cc 40 53 48 83 ec 30 48 8b d1
0x00007ffa31e6b6d9:   48 8d 4c 24 20 e8 d5 cf ff ff 85 c0 74 26 48 8b
0x00007ffa31e6b6e9:   4c 24 28 e8 3f 80 ff ff 48 8d 4c 24 20 8b d8 48
0x00007ffa31e6b6f9:   ff 15 91 92 1a 00 0f 1f 44 00 00 8b c3 48 83 c4
0x00007ffa31e6b709:   30 5b c3 cc 83 c8 ff eb f4 cc cc cc cc cc cc cc
0x00007ffa31e6b719:   cc cc cc cc cc cc cc 48 8b c4 48 89 58 10 48 89
0x00007ffa31e6b729:   70 18 57 48 83 ec 60 0f 57 c0 0f 11 40 b8 48 8d
0x00007ffa31e6b739:   35 c2 f4 1a 00 33 db 48 85 c9 48 0f 45 f1 48 8b
0x00007ffa31e6b749:   d6 48 8d 48 c8 48 ff 15 f3 98 1a 00 0f 1f 44 00
0x00007ffa31e6b759:   00 8b f8 89 44 24 70 85 c0 78 1f 41 b0 01 48 8d
0x00007ffa31e6b769:   54 24 30 48 8d 4c 24 20 48 ff 15 40 92 1a 00 0f
0x00007ffa31e6b779:   1f 44 00 00 8b f8 89 44 24 70 85 ff 0f 88 5d fe
0x00007ffa31e6b789:   08 00 48 83 c8 ff 48 8b c8 48 ff c1 66 39 1c 4e 



---------------  P R O C E S S  ---------------

Threads class SMR info:
_java_thread_list=0x00007ff9e6b7eed8, length=0, elements={
}

Java Threads: ( => current thread )

Other Threads:
  0x000001acab5f8360 GCTaskThread "GC Thread#0" [stack: 0x0000008b85b00000,0x0000008b85c00000] [id=21376]
  0x000001acab609170 ConcurrentGCThread "G1 Main Marker" [stack: 0x0000008b85c00000,0x0000008b85d00000] [id=8664]
  0x000001acab609b90 ConcurrentGCThread "G1 Conc#0" [stack: 0x0000008b85d00000,0x0000008b85e00000] [id=10748]
  0x000001acab63ec00 ConcurrentGCThread "G1 Refine#0" [stack: 0x0000008b85e00000,0x0000008b85f00000] [id=15228]
  0x000001acc60c2810 ConcurrentGCThread "G1 Service" [stack: 0x0000008b85f00000,0x0000008b86000000] [id=13876]

=>0x000001acab4ae080 (exited) JavaThread "Unknown thread" [_thread_in_vm, id=20744, stack(0x0000008b85a00000,0x0000008b85b00000)]

Threads with active compile tasks:

VM state: not at safepoint (not fully initialized)

VM Mutex/Monitor currently owned by a thread: None

Heap address: 0x0000000080a00000, size: 2038 MB, Compressed Oops mode: 32-bit

CDS archive(s) not mapped
Compressed class space mapped at: 0x0000000100000000-0x0000000140000000, reserved size: 1073741824
Narrow klass base: 0x0000000000000000, Narrow klass shift: 3, Narrow klass range: 0x140000000

GC Precious Log:
 CPUs: 4 total, 4 available
 Memory: 8150M
 Large Page Support: Disabled
 NUMA Support: Disabled
 Compressed Oops: Enabled (32-bit)
 Heap Region Size: 1M
 Heap Min Capacity: 8M
 Heap Initial Capacity: 128M
 Heap Max Capacity: 2038M
 Pre-touch: Disabled
 Parallel Workers: 4
 Concurrent Workers: 1
 Concurrent Refinement Workers: 4
 Periodic GC: Disabled

Heap:
 garbage-first heap   total 131072K, used 0K [0x0000000080a00000, 0x0000000100000000)
  region size 1024K, 1 young (1024K), 0 survivors (0K)
 Metaspace       used 858K, committed 960K, reserved 1114112K
  class space    used 71K, committed 128K, reserved 1048576K

Heap Regions: E=young(eden), S=young(survivor), O=old, HS=humongous(starts), HC=humongous(continues), CS=collection set, F=free, OA=open archive, CA=closed archive, TAMS=top-at-mark-start (previous, next)
|   0|0x0000000080a00000, 0x0000000080a00000, 0x0000000080b00000|  0%| F|  |TAMS 0x0000000080a00000, 0x0000000080a00000| Untracked 
|   1|0x0000000080b00000, 0x0000000080b00000, 0x0000000080c00000|  0%| F|  |TAMS 0x0000000080b00000, 0x0000000080b00000| Untracked 
|   2|0x0000000080c00000, 0x0000000080c00000, 0x0000000080d00000|  0%| F|  |TAMS 0x0000000080c00000, 0x0000000080c00000| Untracked 
|   3|0x0000000080d00000, 0x0000000080d00000, 0x0000000080e00000|  0%| F|  |TAMS 0x0000000080d00000, 0x0000000080d00000| Untracked 
|   4|0x0000000080e00000, 0x0000000080e00000, 0x0000000080f00000|  0%| F|  |TAMS 0x0000000080e00000, 0x0000000080e00000| Untracked 
|   5|0x0000000080f00000, 0x0000000080f00000, 0x0000000081000000|  0%| F|  |TAMS 0x0000000080f00000, 0x0000000080f00000| Untracked 
|   6|0x0000000081000000, 0x0000000081000000, 0x0000000081100000|  0%| F|  |TAMS 0x0000000081000000, 0x0000000081000000| Untracked 
|   7|0x0000000081100000, 0x0000000081100000, 0x0000000081200000|  0%| F|  |TAMS 0x0000000081100000, 0x0000000081100000| Untracked 
|   8|0x0000000081200000, 0x0000000081200000, 0x0000000081300000|  0%| F|  |TAMS 0x0000000081200000, 0x0000000081200000| Untracked 
|   9|0x0000000081300000, 0x0000000081300000, 0x0000000081400000|  0%| F|  |TAMS 0x0000000081300000, 0x0000000081300000| Untracked 
|  10|0x0000000081400000, 0x0000000081400000, 0x0000000081500000|  0%| F|  |TAMS 0x0000000081400000, 0x0000000081400000| Untracked 
|  11|0x0000000081500000, 0x0000000081500000, 0x0000000081600000|  0%| F|  |TAMS 0x0000000081500000, 0x0000000081500000| Untracked 
|  12|0x0000000081600000, 0x0000000081600000, 0x0000000081700000|  0%| F|  |TAMS 0x0000000081600000, 0x0000000081600000| Untracked 
|  13|0x0000000081700000, 0x0000000081700000, 0x0000000081800000|  0%| F|  |TAMS 0x0000000081700000, 0x0000000081700000| Untracked 
|  14|0x0000000081800000, 0x0000000081800000, 0x0000000081900000|  0%| F|  |TAMS 0x0000000081800000, 0x0000000081800000| Untracked 
|  15|0x0000000081900000, 0x0000000081900000, 0x0000000081a00000|  0%| F|  |TAMS 0x0000000081900000, 0x0000000081900000| Untracked 
|  16|0x0000000081a00000, 0x0000000081a00000, 0x0000000081b00000|  0%| F|  |TAMS 0x0000000081a00000, 0x0000000081a00000| Untracked 
|  17|0x0000000081b00000, 0x0000000081b00000, 0x0000000081c00000|  0%| F|  |TAMS 0x0000000081b00000, 0x0000000081b00000| Untracked 
|  18|0x0000000081c00000, 0x0000000081c00000, 0x0000000081d00000|  0%| F|  |TAMS 0x0000000081c00000, 0x0000000081c00000| Untracked 
|  19|0x0000000081d00000, 0x0000000081d00000, 0x0000000081e00000|  0%| F|  |TAMS 0x0000000081d00000, 0x0000000081d00000| Untracked 
|  20|0x0000000081e00000, 0x0000000081e00000, 0x0000000081f00000|  0%| F|  |TAMS 0x0000000081e00000, 0x0000000081e00000| Untracked 
|  21|0x0000000081f00000, 0x0000000081f00000, 0x0000000082000000|  0%| F|  |TAMS 0x0000000081f00000, 0x0000000081f00000| Untracked 
|  22|0x0000000082000000, 0x0000000082000000, 0x0000000082100000|  0%| F|  |TAMS 0x0000000082000000, 0x0000000082000000| Untracked 
|  23|0x0000000082100000, 0x0000000082100000, 0x0000000082200000|  0%| F|  |TAMS 0x0000000082100000, 0x0000000082100000| Untracked 
|  24|0x0000000082200000, 0x0000000082200000, 0x0000000082300000|  0%| F|  |TAMS 0x0000000082200000, 0x0000000082200000| Untracked 
|  25|0x0000000082300000, 0x0000000082300000, 0x0000000082400000|  0%| F|  |TAMS 0x0000000082300000, 0x0000000082300000| Untracked 
|  26|0x0000000082400000, 0x0000000082400000, 0x0000000082500000|  0%| F|  |TAMS 0x0000000082400000, 0x0000000082400000| Untracked 
|  27|0x0000000082500000, 0x0000000082500000, 0x0000000082600000|  0%| F|  |TAMS 0x0000000082500000, 0x0000000082500000| Untracked 
|  28|0x0000000082600000, 0x0000000082600000, 0x0000000082700000|  0%| F|  |TAMS 0x0000000082600000, 0x0000000082600000| Untracked 
|  29|0x0000000082700000, 0x0000000082700000, 0x0000000082800000|  0%| F|  |TAMS 0x0000000082700000, 0x0000000082700000| Untracked 
|  30|0x0000000082800000, 0x0000000082800000, 0x0000000082900000|  0%| F|  |TAMS 0x0000000082800000, 0x0000000082800000| Untracked 
|  31|0x0000000082900000, 0x0000000082900000, 0x0000000082a00000|  0%| F|  |TAMS 0x0000000082900000, 0x0000000082900000| Untracked 
|  32|0x0000000082a00000, 0x0000000082a00000, 0x0000000082b00000|  0%| F|  |TAMS 0x0000000082a00000, 0x0000000082a00000| Untracked 
|  33|0x0000000082b00000, 0x0000000082b00000, 0x0000000082c00000|  0%| F|  |TAMS 0x0000000082b00000, 0x0000000082b00000| Untracked 
|  34|0x0000000082c00000, 0x0000000082c00000, 0x0000000082d00000|  0%| F|  |TAMS 0x0000000082c00000, 0x0000000082c00000| Untracked 
|  35|0x0000000082d00000, 0x0000000082d00000, 0x0000000082e00000|  0%| F|  |TAMS 0x0000000082d00000, 0x0000000082d00000| Untracked 
|  36|0x0000000082e00000, 0x0000000082e00000, 0x0000000082f00000|  0%| F|  |TAMS 0x0000000082e00000, 0x0000000082e00000| Untracked 
|  37|0x0000000082f00000, 0x0000000082f00000, 0x0000000083000000|  0%| F|  |TAMS 0x0000000082f00000, 0x0000000082f00000| Untracked 
|  38|0x0000000083000000, 0x0000000083000000, 0x0000000083100000|  0%| F|  |TAMS 0x0000000083000000, 0x0000000083000000| Untracked 
|  39|0x0000000083100000, 0x0000000083100000, 0x0000000083200000|  0%| F|  |TAMS 0x0000000083100000, 0x0000000083100000| Untracked 
|  40|0x0000000083200000, 0x0000000083200000, 0x0000000083300000|  0%| F|  |TAMS 0x0000000083200000, 0x0000000083200000| Untracked 
|  41|0x0000000083300000, 0x0000000083300000, 0x0000000083400000|  0%| F|  |TAMS 0x0000000083300000, 0x0000000083300000| Untracked 
|  42|0x0000000083400000, 0x0000000083400000, 0x0000000083500000|  0%| F|  |TAMS 0x0000000083400000, 0x0000000083400000| Untracked 
|  43|0x0000000083500000, 0x0000000083500000, 0x0000000083600000|  0%| F|  |TAMS 0x0000000083500000, 0x0000000083500000| Untracked 
|  44|0x0000000083600000, 0x0000000083600000, 0x0000000083700000|  0%| F|  |TAMS 0x0000000083600000, 0x0000000083600000| Untracked 
|  45|0x0000000083700000, 0x0000000083700000, 0x0000000083800000|  0%| F|  |TAMS 0x0000000083700000, 0x0000000083700000| Untracked 
|  46|0x0000000083800000, 0x0000000083800000, 0x0000000083900000|  0%| F|  |TAMS 0x0000000083800000, 0x0000000083800000| Untracked 
|  47|0x0000000083900000, 0x0000000083900000, 0x0000000083a00000|  0%| F|  |TAMS 0x0000000083900000, 0x0000000083900000| Untracked 
|  48|0x0000000083a00000, 0x0000000083a00000, 0x0000000083b00000|  0%| F|  |TAMS 0x0000000083a00000, 0x0000000083a00000| Untracked 
|  49|0x0000000083b00000, 0x0000000083b00000, 0x0000000083c00000|  0%| F|  |TAMS 0x0000000083b00000, 0x0000000083b00000| Untracked 
|  50|0x0000000083c00000, 0x0000000083c00000, 0x0000000083d00000|  0%| F|  |TAMS 0x0000000083c00000, 0x0000000083c00000| Untracked 
|  51|0x0000000083d00000, 0x0000000083d00000, 0x0000000083e00000|  0%| F|  |TAMS 0x0000000083d00000, 0x0000000083d00000| Untracked 
|  52|0x0000000083e00000, 0x0000000083e00000, 0x0000000083f00000|  0%| F|  |TAMS 0x0000000083e00000, 0x0000000083e00000| Untracked 
|  53|0x0000000083f00000, 0x0000000083f00000, 0x0000000084000000|  0%| F|  |TAMS 0x0000000083f00000, 0x0000000083f00000| Untracked 
|  54|0x0000000084000000, 0x0000000084000000, 0x0000000084100000|  0%| F|  |TAMS 0x0000000084000000, 0x0000000084000000| Untracked 
|  55|0x0000000084100000, 0x0000000084100000, 0x0000000084200000|  0%| F|  |TAMS 0x0000000084100000, 0x0000000084100000| Untracked 
|  56|0x0000000084200000, 0x0000000084200000, 0x0000000084300000|  0%| F|  |TAMS 0x0000000084200000, 0x0000000084200000| Untracked 
|  57|0x0000000084300000, 0x0000000084300000, 0x0000000084400000|  0%| F|  |TAMS 0x0000000084300000, 0x0000000084300000| Untracked 
|  58|0x0000000084400000, 0x0000000084400000, 0x0000000084500000|  0%| F|  |TAMS 0x0000000084400000, 0x0000000084400000| Untracked 
|  59|0x0000000084500000, 0x0000000084500000, 0x0000000084600000|  0%| F|  |TAMS 0x0000000084500000, 0x0000000084500000| Untracked 
|  60|0x0000000084600000, 0x0000000084600000, 0x0000000084700000|  0%| F|  |TAMS 0x0000000084600000, 0x0000000084600000| Untracked 
|  61|0x0000000084700000, 0x0000000084700000, 0x0000000084800000|  0%| F|  |TAMS 0x0000000084700000, 0x0000000084700000| Untracked 
|  62|0x0000000084800000, 0x0000000084800000, 0x0000000084900000|  0%| F|  |TAMS 0x0000000084800000, 0x0000000084800000| Untracked 
|  63|0x0000000084900000, 0x0000000084900000, 0x0000000084a00000|  0%| F|  |TAMS 0x0000000084900000, 0x0000000084900000| Untracked 
|  64|0x0000000084a00000, 0x0000000084a00000, 0x0000000084b00000|  0%| F|  |TAMS 0x0000000084a00000, 0x0000000084a00000| Untracked 
|  65|0x0000000084b00000, 0x0000000084b00000, 0x0000000084c00000|  0%| F|  |TAMS 0x0000000084b00000, 0x0000000084b00000| Untracked 
|  66|0x0000000084c00000, 0x0000000084c00000, 0x0000000084d00000|  0%| F|  |TAMS 0x0000000084c00000, 0x0000000084c00000| Untracked 
|  67|0x0000000084d00000, 0x0000000084d00000, 0x0000000084e00000|  0%| F|  |TAMS 0x0000000084d00000, 0x0000000084d00000| Untracked 
|  68|0x0000000084e00000, 0x0000000084e00000, 0x0000000084f00000|  0%| F|  |TAMS 0x0000000084e00000, 0x0000000084e00000| Untracked 
|  69|0x0000000084f00000, 0x0000000084f00000, 0x0000000085000000|  0%| F|  |TAMS 0x0000000084f00000, 0x0000000084f00000| Untracked 
|  70|0x0000000085000000, 0x0000000085000000, 0x0000000085100000|  0%| F|  |TAMS 0x0000000085000000, 0x0000000085000000| Untracked 
|  71|0x0000000085100000, 0x0000000085100000, 0x0000000085200000|  0%| F|  |TAMS 0x0000000085100000, 0x0000000085100000| Untracked 
|  72|0x0000000085200000, 0x0000000085200000, 0x0000000085300000|  0%| F|  |TAMS 0x0000000085200000, 0x0000000085200000| Untracked 
|  73|0x0000000085300000, 0x0000000085300000, 0x0000000085400000|  0%| F|  |TAMS 0x0000000085300000, 0x0000000085300000| Untracked 
|  74|0x0000000085400000, 0x0000000085400000, 0x0000000085500000|  0%| F|  |TAMS 0x0000000085400000, 0x0000000085400000| Untracked 
|  75|0x0000000085500000, 0x0000000085500000, 0x0000000085600000|  0%| F|  |TAMS 0x0000000085500000, 0x0000000085500000| Untracked 
|  76|0x0000000085600000, 0x0000000085600000, 0x0000000085700000|  0%| F|  |TAMS 0x0000000085600000, 0x0000000085600000| Untracked 
|  77|0x0000000085700000, 0x0000000085700000, 0x0000000085800000|  0%| F|  |TAMS 0x0000000085700000, 0x0000000085700000| Untracked 
|  78|0x0000000085800000, 0x0000000085800000, 0x0000000085900000|  0%| F|  |TAMS 0x0000000085800000, 0x0000000085800000| Untracked 
|  79|0x0000000085900000, 0x0000000085900000, 0x0000000085a00000|  0%| F|  |TAMS 0x0000000085900000, 0x0000000085900000| Untracked 
|  80|0x0000000085a00000, 0x0000000085a00000, 0x0000000085b00000|  0%| F|  |TAMS 0x0000000085a00000, 0x0000000085a00000| Untracked 
|  81|0x0000000085b00000, 0x0000000085b00000, 0x0000000085c00000|  0%| F|  |TAMS 0x0000000085b00000, 0x0000000085b00000| Untracked 
|  82|0x0000000085c00000, 0x0000000085c00000, 0x0000000085d00000|  0%| F|  |TAMS 0x0000000085c00000, 0x0000000085c00000| Untracked 
|  83|0x0000000085d00000, 0x0000000085d00000, 0x0000000085e00000|  0%| F|  |TAMS 0x0000000085d00000, 0x0000000085d00000| Untracked 
|  84|0x0000000085e00000, 0x0000000085e00000, 0x0000000085f00000|  0%| F|  |TAMS 0x0000000085e00000, 0x0000000085e00000| Untracked 
|  85|0x0000000085f00000, 0x0000000085f00000, 0x0000000086000000|  0%| F|  |TAMS 0x0000000085f00000, 0x0000000085f00000| Untracked 
|  86|0x0000000086000000, 0x0000000086000000, 0x0000000086100000|  0%| F|  |TAMS 0x0000000086000000, 0x0000000086000000| Untracked 
|  87|0x0000000086100000, 0x0000000086100000, 0x0000000086200000|  0%| F|  |TAMS 0x0000000086100000, 0x0000000086100000| Untracked 
|  88|0x0000000086200000, 0x0000000086200000, 0x0000000086300000|  0%| F|  |TAMS 0x0000000086200000, 0x0000000086200000| Untracked 
|  89|0x0000000086300000, 0x0000000086300000, 0x0000000086400000|  0%| F|  |TAMS 0x0000000086300000, 0x0000000086300000| Untracked 
|  90|0x0000000086400000, 0x0000000086400000, 0x0000000086500000|  0%| F|  |TAMS 0x0000000086400000, 0x0000000086400000| Untracked 
|  91|0x0000000086500000, 0x0000000086500000, 0x0000000086600000|  0%| F|  |TAMS 0x0000000086500000, 0x0000000086500000| Untracked 
|  92|0x0000000086600000, 0x0000000086600000, 0x0000000086700000|  0%| F|  |TAMS 0x0000000086600000, 0x0000000086600000| Untracked 
|  93|0x0000000086700000, 0x0000000086700000, 0x0000000086800000|  0%| F|  |TAMS 0x0000000086700000, 0x0000000086700000| Untracked 
|  94|0x0000000086800000, 0x0000000086800000, 0x0000000086900000|  0%| F|  |TAMS 0x0000000086800000, 0x0000000086800000| Untracked 
|  95|0x0000000086900000, 0x0000000086900000, 0x0000000086a00000|  0%| F|  |TAMS 0x0000000086900000, 0x0000000086900000| Untracked 
|  96|0x0000000086a00000, 0x0000000086a00000, 0x0000000086b00000|  0%| F|  |TAMS 0x0000000086a00000, 0x0000000086a00000| Untracked 
|  97|0x0000000086b00000, 0x0000000086b00000, 0x0000000086c00000|  0%| F|  |TAMS 0x0000000086b00000, 0x0000000086b00000| Untracked 
|  98|0x0000000086c00000, 0x0000000086c00000, 0x0000000086d00000|  0%| F|  |TAMS 0x0000000086c00000, 0x0000000086c00000| Untracked 
|  99|0x0000000086d00000, 0x0000000086d00000, 0x0000000086e00000|  0%| F|  |TAMS 0x0000000086d00000, 0x0000000086d00000| Untracked 
| 100|0x0000000086e00000, 0x0000000086e00000, 0x0000000086f00000|  0%| F|  |TAMS 0x0000000086e00000, 0x0000000086e00000| Untracked 
| 101|0x0000000086f00000, 0x0000000086f00000, 0x0000000087000000|  0%| F|  |TAMS 0x0000000086f00000, 0x0000000086f00000| Untracked 
| 102|0x0000000087000000, 0x0000000087000000, 0x0000000087100000|  0%| F|  |TAMS 0x0000000087000000, 0x0000000087000000| Untracked 
| 103|0x0000000087100000, 0x0000000087100000, 0x0000000087200000|  0%| F|  |TAMS 0x0000000087100000, 0x0000000087100000| Untracked 
| 104|0x0000000087200000, 0x0000000087200000, 0x0000000087300000|  0%| F|  |TAMS 0x0000000087200000, 0x0000000087200000| Untracked 
| 105|0x0000000087300000, 0x0000000087300000, 0x0000000087400000|  0%| F|  |TAMS 0x0000000087300000, 0x0000000087300000| Untracked 
| 106|0x0000000087400000, 0x0000000087400000, 0x0000000087500000|  0%| F|  |TAMS 0x0000000087400000, 0x0000000087400000| Untracked 
| 107|0x0000000087500000, 0x0000000087500000, 0x0000000087600000|  0%| F|  |TAMS 0x0000000087500000, 0x0000000087500000| Untracked 
| 108|0x0000000087600000, 0x0000000087600000, 0x0000000087700000|  0%| F|  |TAMS 0x0000000087600000, 0x0000000087600000| Untracked 
| 109|0x0000000087700000, 0x0000000087700000, 0x0000000087800000|  0%| F|  |TAMS 0x0000000087700000, 0x0000000087700000| Untracked 
| 110|0x0000000087800000, 0x0000000087800000, 0x0000000087900000|  0%| F|  |TAMS 0x0000000087800000, 0x0000000087800000| Untracked 
| 111|0x0000000087900000, 0x0000000087900000, 0x0000000087a00000|  0%| F|  |TAMS 0x0000000087900000, 0x0000000087900000| Untracked 
| 112|0x0000000087a00000, 0x0000000087a00000, 0x0000000087b00000|  0%| F|  |TAMS 0x0000000087a00000, 0x0000000087a00000| Untracked 
| 113|0x0000000087b00000, 0x0000000087b00000, 0x0000000087c00000|  0%| F|  |TAMS 0x0000000087b00000, 0x0000000087b00000| Untracked 
| 114|0x0000000087c00000, 0x0000000087c00000, 0x0000000087d00000|  0%| F|  |TAMS 0x0000000087c00000, 0x0000000087c00000| Untracked 
| 115|0x0000000087d00000, 0x0000000087d00000, 0x0000000087e00000|  0%| F|  |TAMS 0x0000000087d00000, 0x0000000087d00000| Untracked 
| 116|0x0000000087e00000, 0x0000000087e00000, 0x0000000087f00000|  0%| F|  |TAMS 0x0000000087e00000, 0x0000000087e00000| Untracked 
| 117|0x0000000087f00000, 0x0000000087f00000, 0x0000000088000000|  0%| F|  |TAMS 0x0000000087f00000, 0x0000000087f00000| Untracked 
| 118|0x0000000088000000, 0x0000000088000000, 0x0000000088100000|  0%| F|  |TAMS 0x0000000088000000, 0x0000000088000000| Untracked 
| 119|0x0000000088100000, 0x0000000088100000, 0x0000000088200000|  0%| F|  |TAMS 0x0000000088100000, 0x0000000088100000| Untracked 
| 120|0x0000000088200000, 0x0000000088200000, 0x0000000088300000|  0%| F|  |TAMS 0x0000000088200000, 0x0000000088200000| Untracked 
| 121|0x0000000088300000, 0x0000000088300000, 0x0000000088400000|  0%| F|  |TAMS 0x0000000088300000, 0x0000000088300000| Untracked 
| 122|0x0000000088400000, 0x0000000088400000, 0x0000000088500000|  0%| F|  |TAMS 0x0000000088400000, 0x0000000088400000| Untracked 
| 123|0x0000000088500000, 0x0000000088500000, 0x0000000088600000|  0%| F|  |TAMS 0x0000000088500000, 0x0000000088500000| Untracked 
| 124|0x0000000088600000, 0x0000000088600000, 0x0000000088700000|  0%| F|  |TAMS 0x0000000088600000, 0x0000000088600000| Untracked 
| 125|0x0000000088700000, 0x0000000088700000, 0x0000000088800000|  0%| F|  |TAMS 0x0000000088700000, 0x0000000088700000| Untracked 
| 126|0x0000000088800000, 0x0000000088800000, 0x0000000088900000|  0%| F|  |TAMS 0x0000000088800000, 0x0000000088800000| Untracked 
| 127|0x0000000088900000, 0x0000000088942960, 0x0000000088a00000| 26%| E|  |TAMS 0x0000000088900000, 0x0000000088900000| Complete 

Card table byte_map: [0x000001acbf430000,0x000001acbf830000] _byte_map_base: 0x000001acbf02b000

Marking Bits (Prev, Next): (CMBitMap*) 0x000001acab5f8980, (CMBitMap*) 0x000001acab5f89c0
 Prev Bits: [0x000001acbfc30000, 0x000001acc1c08000)
 Next Bits: [0x000001acc1c10000, 0x000001acc3be8000)

GC Heap History (0 events):
No events

Dll operation events (1 events):
Event: 2.049 Loaded shared library C:\Users\Nei\.vscode\extensions\redhat.java-1.32.0-win32-x64\jre\17.0.11-win32-x86_64\bin\java.dll

Deoptimization events (0 events):
No events

Classes unloaded (0 events):
No events

Classes redefined (0 events):
No events

Internal exceptions (0 events):
No events

VM Operations (0 events):
No events

Events (20 events):
Event: 2.139 loading class java/lang/AutoCloseable
Event: 2.139 loading class java/lang/AutoCloseable done
Event: 2.139 loading class java/io/Closeable done
Event: 2.139 loading class java/io/InputStream done
Event: 2.139 loading class java/io/ByteArrayInputStream done
Event: 2.139 loading class java/net/URL
Event: 2.139 loading class java/net/URL done
Event: 2.139 loading class java/util/jar/Manifest
Event: 2.139 loading class java/util/jar/Manifest done
Event: 2.139 loading class jdk/internal/loader/BuiltinClassLoader
Event: 2.139 loading class jdk/internal/loader/BuiltinClassLoader done
Event: 2.139 loading class jdk/internal/loader/ClassLoaders
Event: 2.139 loading class jdk/internal/loader/ClassLoaders done
Event: 2.139 loading class jdk/internal/loader/ClassLoaders$AppClassLoader
Event: 2.139 loading class jdk/internal/loader/ClassLoaders$AppClassLoader done
Event: 2.139 loading class jdk/internal/loader/ClassLoaders$PlatformClassLoader
Event: 2.139 loading class jdk/internal/loader/ClassLoaders$PlatformClassLoader done
Event: 2.139 loading class java/security/CodeSource
Event: 2.140 loading class java/security/CodeSource done
Event: 2.140 loading class java/util/concurrent/ConcurrentHashMap


Dynamic libraries:
0x00007ff7c40e0000 - 0x00007ff7c40ee000 	C:\Users\Nei\.vscode\extensions\redhat.java-1.32.0-win32-x64\jre\17.0.11-win32-x86_64\bin\java.exe
0x00007ffa34750000 - 0x00007ffa34948000 	C:\WINDOWS\SYSTEM32\ntdll.dll
0x00007ffa32f50000 - 0x00007ffa33011000 	C:\WINDOWS\System32\KERNEL32.DLL
0x00007ffa31e30000 - 0x00007ffa32126000 	C:\WINDOWS\System32\KERNELBASE.dll
0x00007ffa32320000 - 0x00007ffa32420000 	C:\WINDOWS\System32\ucrtbase.dll
0x00007ffa1cf50000 - 0x00007ffa1cf67000 	C:\Users\Nei\.vscode\extensions\redhat.java-1.32.0-win32-x64\jre\17.0.11-win32-x86_64\bin\jli.dll
0x00007ffa340d0000 - 0x00007ffa3426f000 	C:\WINDOWS\System32\USER32.dll
0x00007ffa32250000 - 0x00007ffa32272000 	C:\WINDOWS\System32\win32u.dll
0x00007ffa34010000 - 0x00007ffa3403b000 	C:\WINDOWS\System32\GDI32.dll
0x00007ffa32130000 - 0x00007ffa32247000 	C:\WINDOWS\System32\gdi32full.dll
0x00007ffa32280000 - 0x00007ffa3231d000 	C:\WINDOWS\System32\msvcp_win.dll
0x00007ffa17ab0000 - 0x00007ffa17acb000 	C:\Users\Nei\.vscode\extensions\redhat.java-1.32.0-win32-x64\jre\17.0.11-win32-x86_64\bin\VCRUNTIME140.dll
0x00007ffa1d670000 - 0x00007ffa1d90a000 	C:\WINDOWS\WinSxS\amd64_microsoft.windows.common-controls_6595b64144ccf1df_6.0.19041.4355_none_60b8b9eb71f62e16\COMCTL32.dll
0x00007ffa33980000 - 0x00007ffa33a1e000 	C:\WINDOWS\System32\msvcrt.dll
0x00007ffa33d90000 - 0x00007ffa33dbf000 	C:\WINDOWS\System32\IMM32.DLL
0x00007ffa2d880000 - 0x00007ffa2d88c000 	C:\Users\Nei\.vscode\extensions\redhat.java-1.32.0-win32-x64\jre\17.0.11-win32-x86_64\bin\vcruntime140_1.dll
0x00007ffa04960000 - 0x00007ffa049ed000 	C:\Users\Nei\.vscode\extensions\redhat.java-1.32.0-win32-x64\jre\17.0.11-win32-x86_64\bin\msvcp140.dll
0x00007ff9e6050000 - 0x00007ff9e6cb2000 	C:\Users\Nei\.vscode\extensions\redhat.java-1.32.0-win32-x64\jre\17.0.11-win32-x86_64\bin\server\jvm.dll
0x00007ffa33c20000 - 0x00007ffa33cd0000 	C:\WINDOWS\System32\ADVAPI32.dll
0x00007ffa33dc0000 - 0x00007ffa33e60000 	C:\WINDOWS\System32\sechost.dll
0x00007ffa34380000 - 0x00007ffa344a3000 	C:\WINDOWS\System32\RPCRT4.dll
0x00007ffa31e00000 - 0x00007ffa31e27000 	C:\WINDOWS\System32\bcrypt.dll
0x00007ffa31330000 - 0x00007ffa3137b000 	C:\WINDOWS\SYSTEM32\POWRPROF.dll
0x00007ffa18800000 - 0x00007ffa18809000 	C:\WINDOWS\SYSTEM32\WSOCK32.dll
0x00007ffa33ee0000 - 0x00007ffa33f4b000 	C:\WINDOWS\System32\WS2_32.dll
0x00007ffa22bc0000 - 0x00007ffa22be7000 	C:\WINDOWS\SYSTEM32\WINMM.dll
0x00007ffa2a850000 - 0x00007ffa2a85a000 	C:\WINDOWS\SYSTEM32\VERSION.dll
0x00007ffa311f0000 - 0x00007ffa31202000 	C:\WINDOWS\SYSTEM32\UMPDC.dll
0x00007ffa2fca0000 - 0x00007ffa2fcb2000 	C:\WINDOWS\SYSTEM32\kernel.appcore.dll
0x00007ffa2d7f0000 - 0x00007ffa2d7fa000 	C:\Users\Nei\.vscode\extensions\redhat.java-1.32.0-win32-x64\jre\17.0.11-win32-x86_64\bin\jimage.dll
0x00007ffa1bd10000 - 0x00007ffa1bef4000 	C:\WINDOWS\SYSTEM32\DBGHELP.DLL
0x00007ffa19940000 - 0x00007ffa19974000 	C:\WINDOWS\SYSTEM32\dbgcore.DLL
0x00007ffa32580000 - 0x00007ffa32602000 	C:\WINDOWS\System32\bcryptPrimitives.dll
0x00007ffa0b970000 - 0x00007ffa0b995000 	C:\Users\Nei\.vscode\extensions\redhat.java-1.32.0-win32-x64\jre\17.0.11-win32-x86_64\bin\java.dll
0x00007ffa12250000 - 0x00007ffa12268000 	C:\Users\Nei\.vscode\extensions\redhat.java-1.32.0-win32-x64\jre\17.0.11-win32-x86_64\bin\zip.dll

dbghelp: loaded successfully - version: 4.0.5 - missing functions: none
symbol engine: initialized successfully - sym options: 0x614 - pdb path: .;C:\Users\Nei\.vscode\extensions\redhat.java-1.32.0-win32-x64\jre\17.0.11-win32-x86_64\bin;C:\WINDOWS\SYSTEM32;C:\WINDOWS\WinSxS\amd64_microsoft.windows.common-controls_6595b64144ccf1df_6.0.19041.4355_none_60b8b9eb71f62e16;C:\Users\Nei\.vscode\extensions\redhat.java-1.32.0-win32-x64\jre\17.0.11-win32-x86_64\bin\server

VM Arguments:
java_command: org.springframework.modulith.core.util.ApplicationModulesExporter com.opemclassrom G:\Systeme\Temp\gateway-com.opemclassrom11005124853657307764json
java_class_path (initial): C:\Users\Nei\OneDrive\Documents\formation_openclassrom\form_java\projet9\medicallab\gateway\target\classes;C:\Users\Nei\OneDrive\Documents\formation_openclassrom\form_java\projet9\medicallab\gateway\target\test-classes;E:\jdk-17.0.2\lib\jrt-fs.jar;C:\Users\Nei\.m2\repository\org\springframework\cloud\spring-cloud-starter-gateway\4.0.0\spring-cloud-starter-gateway-4.0.0.jar;C:\Users\Nei\.m2\repository\org\springframework\cloud\spring-cloud-starter\4.1.0\spring-cloud-starter-4.1.0.jar;C:\Users\Nei\.m2\repository\org\springframework\cloud\spring-cloud-context\4.1.0\spring-cloud-context-4.1.0.jar;C:\Users\Nei\.m2\repository\org\springframework\security\spring-security-crypto\6.2.4\spring-security-crypto-6.2.4.jar;C:\Users\Nei\.m2\repository\org\springframework\cloud\spring-cloud-commons\4.1.0\spring-cloud-commons-4.1.0.jar;C:\Users\Nei\.m2\repository\org\springframework\security\spring-security-rsa\1.1.1\spring-security-rsa-1.1.1.jar;C:\Users\Nei\.m2\repository\org\bouncycastle\bcprov-jdk18on\1.74\bcprov-jdk18on-1.74.jar;C:\Users\Nei\.m2\repository\org\springframework\cloud\spring-cloud-gateway-server\4.1.0\spring-cloud-gateway-server-4.1.0.jar;C:\Users\Nei\.m2\repository\org\springframework\boot\spring-boot-starter-validation\3.2.5\spring-boot-starter-validation-3.2.5.jar;C:\Users\Nei\.m2\repository\org\hibernate\validator\hibernate-validator\8.0.1.Final\hibernate-validator-8.0.1.Final.jar;C:\Users\Nei\.m2\repository\jakarta\validation\jakarta.validation-api\3.0.2\jakarta.validation-api-3.0.2.jar;C:\Users\Nei\.m2\repository\io\projectreactor\addons\reactor-extra\3.5.1\reactor-extra-3.5.1.jar;C:\Users\Nei\.m2\repository\io\projectreactor\reactor-core\3.6.5\reactor-core-3.6.5.jar;C:\Users\Nei\.m2\repository\org\reactivestreams\reactive-streams\1.0.4\reactive-streams-1.0.4.jar;C:\Users\Nei\.m2\repository\org\springframework\boot\spring-boot-starter-webflux\3.2.5\spring-boot-starter-webflux-3.2.5.jar;C:\Users\Nei\.m2\repository\org\springframew
Launcher Type: SUN_STANDARD

[Global flags]
     intx CICompilerCount                          = 3                                         {product} {ergonomic}
     uint ConcGCThreads                            = 1                                         {product} {ergonomic}
     uint G1ConcRefinementThreads                  = 4                                         {product} {ergonomic}
   size_t G1HeapRegionSize                         = 1048576                                   {product} {ergonomic}
    uintx GCDrainStackTargetSize                   = 64                                        {product} {ergonomic}
   size_t InitialHeapSize                          = 134217728                                 {product} {ergonomic}
   size_t MarkStackSize                            = 4194304                                   {product} {ergonomic}
   size_t MaxHeapSize                              = 2136997888                                {product} {ergonomic}
   size_t MaxNewSize                               = 1281359872                                {product} {ergonomic}
   size_t MinHeapDeltaBytes                        = 1048576                                   {product} {ergonomic}
   size_t MinHeapSize                              = 8388608                                   {product} {ergonomic}
    uintx NonNMethodCodeHeapSize                   = 5832780                                {pd product} {ergonomic}
    uintx NonProfiledCodeHeapSize                  = 122912730                              {pd product} {ergonomic}
    uintx ProfiledCodeHeapSize                     = 122912730                              {pd product} {ergonomic}
    uintx ReservedCodeCacheSize                    = 251658240                              {pd product} {ergonomic}
     bool SegmentedCodeCache                       = true                                      {product} {ergonomic}
   size_t SoftMaxHeapSize                          = 2136997888                             {manageable} {ergonomic}
     bool UseCompressedClassPointers               = true                           {product lp64_product} {ergonomic}
     bool UseCompressedOops                        = true                           {product lp64_product} {ergonomic}
     bool UseG1GC                                  = true                                      {product} {ergonomic}
     bool UseLargePagesIndividualAllocation        = false                                  {pd product} {ergonomic}

Logging:
Log output configuration:
 #0: stdout all=warning uptime,level,tags
 #1: stderr all=off uptime,level,tags

Environment Variables:
JAVA_HOME=E:\jdk-17.0.2\
PATH=C:\Program Files (x86)\Intel\iCLS Client\;C:\Program Files\Intel\iCLS Client\;C:\Windows\system32;C:\Windows;C:\Windows\System32\Wbem;C:\Windows\System32\WindowsPowerShell\v1.0\;C:\Program Files\Intel\Intel(R) Management Engine Components\DAL;C:\Program Files\Intel\Intel(R) Management Engine Components\IPT;C:\Program Files (x86)\Intel\Intel(R) Management Engine Components\DAL;C:\Program Files (x86)\Intel\Intel(R) Management Engine Components\IPT;C:\Program Files (x86)\NVIDIA Corporation\PhysX\Common;C:\WINDOWS\system32;C:\WINDOWS;C:\WINDOWS\System32\Wbem;C:\WINDOWS\System32\WindowsPowerShell\v1.0\;C:\WINDOWS\System32\OpenSSH\;E:\jdk-17.0.2\\bin;C:\Program Files\Microsoft SQL Server\130\Tools\Binn\;C:\Program Files\Microsoft SQL Server\Client SDK\ODBC\170\Tools\Binn\;C:\Program Files\dotnet\;C:\Program Files\Git\cmd;E:\apache-maven-3.9.5\bin;C:\Users\Nei\AppData\Local\Microsoft\WindowsApps;C:\Users\Nei\.dotnet\tools;C:\Users\Nei\AppData\Local\Programs\Microsoft VS Code\bin;C:\Users\Nei\AppData\Local\GitHubDesktop\bin;C:\Program Files\MongoDB\Server\7.0\bin;
USERNAME=Nei
OS=Windows_NT
PROCESSOR_IDENTIFIER=Intel64 Family 6 Model 58 Stepping 9, GenuineIntel
TMP=G:\Systeme\Temp
TEMP=G:\Systeme\Temp



Periodic native trim disabled


---------------  S Y S T E M  ---------------

OS:
 Windows 10 , 64 bit Build 19041 (10.0.19041.4597)
OS uptime: 7 days 4:17 hours

CPU: total 4 (initial active 4) (4 cores per cpu, 1 threads per core) family 6 model 58 stepping 9 microcode 0x21, cx8, cmov, fxsr, mmx, sse, sse2, sse3, ssse3, sse4.1, sse4.2, popcnt, tsc, tscinvbit, avx, aes, erms, clmul, vzeroupper, clflush
Processor Information for all 4 processors :
  Max Mhz: 3801, Current Mhz: 3801, Mhz Limit: 3801

Memory: 4k page, system-wide physical 8150M (645M free)
TotalPageFile size 16342M (AvailPageFile size 364M)
current process WorkingSet (physical memory assigned to process): 15M, peak: 15M
current process commit charge ("private bytes"): 188M, peak: 188M

vm_info: OpenJDK 64-Bit Server VM (17.0.11+9) for windows-amd64 JRE (17.0.11+9), built on Apr 17 2024 06:07:48 by "admin" with MS VC++ 16.10 / 16.11 (VS2019)

END.
