#
# There is insufficient memory for the Java Runtime Environment to continue.
# Native memory allocation (mmap) failed to map 134217728 bytes. Error detail: G1 virtual space
# Possible reasons:
#   The system is out of physical RAM or swap space
#   This process is running with CompressedOops enabled, and the Java Heap may be blocking the growth of the native heap
# Possible solutions:
#   Reduce memory load on the system
#   Increase physical memory or swap space
#   Check if swap backing store is full
#   Decrease Java heap size (-Xmx/-Xms)
#   Decrease number of Java threads
#   Decrease Java thread stack sizes (-Xss)
#   Set larger code cache with -XX:ReservedCodeCacheSize=
#   JVM is running with Unscaled Compressed Oops mode in which the Java heap is
#     placed in the first 4GB address space. The Java Heap base address is the
#     maximum limit for the native heap growth. Please use -XX:HeapBaseMinAddress
#     to set the Java Heap base and to place the Java Heap above 4GB virtual address.
# This output file may be truncated or incomplete.
#
#  Out of Memory Error (os_windows.cpp:3613), pid=7868, tid=7728
#
# JRE version:  (17.0.11+9) (build )
# Java VM: OpenJDK 64-Bit Server VM (17.0.11+9, mixed mode, sharing, tiered, compressed oops, compressed class ptrs, g1 gc, windows-amd64)
# No core dump will be written. Minidumps are not enabled by default on client versions of Windows
#

---------------  S U M M A R Y ------------

Command Line: org.springframework.modulith.core.util.ApplicationModulesExporter com.opemclassrom.medicallab G:\Systeme\Temp\medicallab-com.opemclassrom.medicallab931018012408931733json

Host: Intel(R) Core(TM) i5-3570K CPU @ 3.40GHz, 4 cores, 7G,  Windows 10 , 64 bit Build 19041 (10.0.19041.4597)
Time: Mon Jul 29 16:50:04 2024 Paris, Madrid (heure duild 19041 (10.0.19041.4597) elapsed time: 0.735770 seconds (0d 0h 0m 0s)

---------------  T H R E A D  ---------------

Current thread (0x0000024ce6eaf970):  JavaThread "Unknown thread" [_thread_in_vm, id=7728, stack(0x000000e976600000,0x000000e976700000)]

Stack: [0x000000e976600000,0x000000e976700000]
Native frames: (J=compiled Java code, j=interpreted, Vv=VM code, C=native code)
V  [jvm.dll+0x67d429]
V  [jvm.dll+0x834b7a]
V  [jvm.dll+0x83663e]
V  [jvm.dll+0x836ca3]
V  [jvm.dll+0x247dbf]
V  [jvm.dll+0x67a269]
V  [jvm.dll+0x66ecda]
V  [jvm.dll+0x30797b]
V  [jvm.dll+0x30ee26]
V  [jvm.dll+0x35e80e]
V  [jvm.dll+0x35ea3f]
V  [jvm.dll+0x2de6b8]
V  [jvm.dll+0x2df624]
V  [jvm.dll+0x806531]
V  [jvm.dll+0x36c561]
V  [jvm.dll+0x7e4f56]
V  [jvm.dll+0x3efdcf]
V  [jvm.dll+0x3f1921]
C  [jli.dll+0x528f]
C  [ucrtbase.dll+0x21bb2]
C  [KERNEL32.DLL+0x17374]
C  [ntdll.dll+0x4cc91]


---------------  P R O C E S S  ---------------

Threads class SMR info:
_java_thread_list=0x00007ff9e6b7eed8, length=0, elements={
}

Java Threads: ( => current thread )

Other Threads:
  0x0000024ce6f08380 GCTaskThread "GC Thread#0" [stack: 0x000000e976800000,0x000000e976900000] [id=2680]
  0x0000024ce6f19190 ConcurrentGCThread "G1 Main Marker" [stack: 0x000000e976900000,0x000000e976a00000] [id=14444]
  0x0000024ce6f19bb0 ConcurrentGCThread "G1 Conc#0" [stack: 0x000000e976a00000,0x000000e976b00000] [id=13872]

[error occurred during error reporting (printing all threads), id 0xc0000005, EXCEPTION_ACCESS_VIOLATION (0xc0000005) at pc=0x00007ff9e633f0f7]

VM state: not at safepoint (not fully initialized)

VM Mutex/Monitor currently owned by a thread:  ([mutex/lock_event])
[0x0000024ce6eaade0] Heap_lock - owner thread: 0x0000024ce6eaf970

Heap address: 0x0000000080a00000, size: 2038 MB, Compressed Oops mode: 32-bit

CDS archive(s) mapped at: [0x0000000000000000-0x0000000000000000-0x0000000000000000), size 0, SharedBaseAddress: 0x0000000800000000, ArchiveRelocationMode: 1.
Narrow klass base: 0x0000000000000000, Narrow klass shift: 0, Narrow klass range: 0x0

GC Precious Log:
<Empty>

Heap:
 garbage-first heap   total 0K, used 0K [0x0000000080a00000, 0x0000000100000000)
  region size 1024K, 0 young (0K), 0 survivors (0K)

[error occurred during error reporting (printing heap information), id 0xc0000005, EXCEPTION_ACCESS_VIOLATION (0xc0000005) at pc=0x00007ff9e67270c9]

GC Heap History (0 events):
No events

Dll operation events (1 events):
Event: 0.679 Loaded shared library C:\Users\Nei\.vscode\extensions\redhat.java-1.32.0-win32-x64\jre\17.0.11-win32-x86_64\bin\java.dll

Deoptimization events (0 events):
No events

Classes unloaded (0 events):
No events

Classes redefined (0 events):
No events

Internal exceptions (0 events):
No events

VM Operations (0 events):
No events

Events (0 events):
No events


Dynamic libraries:
0x00007ff7c40e0000 - 0x00007ff7c40ee000 	C:\Users\Nei\.vscode\extensions\redhat.java-1.32.0-win32-x64\jre\17.0.11-win32-x86_64\bin\java.exe
0x00007ffa34750000 - 0x00007ffa34948000 	C:\WINDOWS\SYSTEM32\ntdll.dll
0x00007ffa32f50000 - 0x00007ffa33011000 	C:\WINDOWS\System32\KERNEL32.DLL
0x00007ffa31e30000 - 0x00007ffa32126000 	C:\WINDOWS\System32\KERNELBASE.dll
0x00007ffa32320000 - 0x00007ffa32420000 	C:\WINDOWS\System32\ucrtbase.dll
0x00007ffa1cf50000 - 0x00007ffa1cf67000 	C:\Users\Nei\.vscode\extensions\redhat.java-1.32.0-win32-x64\jre\17.0.11-win32-x86_64\bin\jli.dll
0x00007ffa340d0000 - 0x00007ffa3426f000 	C:\WINDOWS\System32\USER32.dll
0x00007ffa32250000 - 0x00007ffa32272000 	C:\WINDOWS\System32\win32u.dll
0x00007ffa34010000 - 0x00007ffa3403b000 	C:\WINDOWS\System32\GDI32.dll
0x00007ffa32130000 - 0x00007ffa32247000 	C:\WINDOWS\System32\gdi32full.dll
0x00007ffa32280000 - 0x00007ffa3231d000 	C:\WINDOWS\System32\msvcp_win.dll
0x00007ffa17ab0000 - 0x00007ffa17acb000 	C:\Users\Nei\.vscode\extensions\redhat.java-1.32.0-win32-x64\jre\17.0.11-win32-x86_64\bin\VCRUNTIME140.dll
0x00007ffa1d670000 - 0x00007ffa1d90a000 	C:\WINDOWS\WinSxS\amd64_microsoft.windows.common-controls_6595b64144ccf1df_6.0.19041.4355_none_60b8b9eb71f62e16\COMCTL32.dll
0x00007ffa33980000 - 0x00007ffa33a1e000 	C:\WINDOWS\System32\msvcrt.dll
0x00007ffa33d90000 - 0x00007ffa33dbf000 	C:\WINDOWS\System32\IMM32.DLL
0x00007ffa2d880000 - 0x00007ffa2d88c000 	C:\Users\Nei\.vscode\extensions\redhat.java-1.32.0-win32-x64\jre\17.0.11-win32-x86_64\bin\vcruntime140_1.dll
0x00007ffa04960000 - 0x00007ffa049ed000 	C:\Users\Nei\.vscode\extensions\redhat.java-1.32.0-win32-x64\jre\17.0.11-win32-x86_64\bin\msvcp140.dll
0x00007ff9e6050000 - 0x00007ff9e6cb2000 	C:\Users\Nei\.vscode\extensions\redhat.java-1.32.0-win32-x64\jre\17.0.11-win32-x86_64\bin\server\jvm.dll
0x00007ffa33c20000 - 0x00007ffa33cd0000 	C:\WINDOWS\System32\ADVAPI32.dll
0x00007ffa33dc0000 - 0x00007ffa33e60000 	C:\WINDOWS\System32\sechost.dll
0x00007ffa34380000 - 0x00007ffa344a3000 	C:\WINDOWS\System32\RPCRT4.dll
0x00007ffa31e00000 - 0x00007ffa31e27000 	C:\WINDOWS\System32\bcrypt.dll
0x00007ffa31330000 - 0x00007ffa3137b000 	C:\WINDOWS\SYSTEM32\POWRPROF.dll
0x00007ffa18800000 - 0x00007ffa18809000 	C:\WINDOWS\SYSTEM32\WSOCK32.dll
0x00007ffa33ee0000 - 0x00007ffa33f4b000 	C:\WINDOWS\System32\WS2_32.dll
0x00007ffa22bc0000 - 0x00007ffa22be7000 	C:\WINDOWS\SYSTEM32\WINMM.dll
0x00007ffa2a850000 - 0x00007ffa2a85a000 	C:\WINDOWS\SYSTEM32\VERSION.dll
0x00007ffa311f0000 - 0x00007ffa31202000 	C:\WINDOWS\SYSTEM32\UMPDC.dll
0x00007ffa2fca0000 - 0x00007ffa2fcb2000 	C:\WINDOWS\SYSTEM32\kernel.appcore.dll
0x00007ffa2d7f0000 - 0x00007ffa2d7fa000 	C:\Users\Nei\.vscode\extensions\redhat.java-1.32.0-win32-x64\jre\17.0.11-win32-x86_64\bin\jimage.dll
0x00007ffa1bd10000 - 0x00007ffa1bef4000 	C:\WINDOWS\SYSTEM32\DBGHELP.DLL
0x00007ffa19940000 - 0x00007ffa19974000 	C:\WINDOWS\SYSTEM32\dbgcore.DLL
0x00007ffa32580000 - 0x00007ffa32602000 	C:\WINDOWS\System32\bcryptPrimitives.dll
0x00007ffa0b970000 - 0x00007ffa0b995000 	C:\Users\Nei\.vscode\extensions\redhat.java-1.32.0-win32-x64\jre\17.0.11-win32-x86_64\bin\java.dll

dbghelp: loaded successfully - version: 4.0.5 - missing functions: none
symbol engine: initialized successfully - sym options: 0x614 - pdb path: .;C:\Users\Nei\.vscode\extensions\redhat.java-1.32.0-win32-x64\jre\17.0.11-win32-x86_64\bin;C:\WINDOWS\SYSTEM32;C:\WINDOWS\WinSxS\amd64_microsoft.windows.common-controls_6595b64144ccf1df_6.0.19041.4355_none_60b8b9eb71f62e16;C:\Users\Nei\.vscode\extensions\redhat.java-1.32.0-win32-x64\jre\17.0.11-win32-x86_64\bin\server

VM Arguments:
java_command: org.springframework.modulith.core.util.ApplicationModulesExporter com.opemclassrom.medicallab G:\Systeme\Temp\medicallab-com.opemclassrom.medicallab931018012408931733json
java_class_path (initial): C:\Users\Nei\OneDrive\Documents\formation_openclassrom\form_java\projet9\medicallab\target\classes;C:\Users\Nei\OneDrive\Documents\formation_openclassrom\form_java\projet9\medicallab\target\classes;C:\Users\Nei\OneDrive\Documents\formation_openclassrom\form_java\projet9\medicallab\target\test-classes;C:\Users\Nei\OneDrive\Documents\formation_openclassrom\form_java\projet9\medicallab\target\test-classes;E:\jdk-17.0.2\lib\jrt-fs.jar;C:\Users\Nei\.m2\repository\org\springframework\boot\spring-boot-starter-actuator\3.2.5\spring-boot-starter-actuator-3.2.5.jar;C:\Users\Nei\.m2\repository\org\springframework\boot\spring-boot-starter\3.2.5\spring-boot-starter-3.2.5.jar;C:\Users\Nei\.m2\repository\org\springframework\boot\spring-boot\3.2.5\spring-boot-3.2.5.jar;C:\Users\Nei\.m2\repository\org\springframework\boot\spring-boot-autoconfigure\3.2.5\spring-boot-autoconfigure-3.2.5.jar;C:\Users\Nei\.m2\repository\org\springframework\boot\spring-boot-starter-logging\3.2.5\spring-boot-starter-logging-3.2.5.jar;C:\Users\Nei\.m2\repository\ch\qos\logback\logback-classic\1.4.14\logback-classic-1.4.14.jar;C:\Users\Nei\.m2\repository\ch\qos\logback\logback-core\1.4.14\logback-core-1.4.14.jar;C:\Users\Nei\.m2\repository\org\apache\logging\log4j\log4j-to-slf4j\2.21.1\log4j-to-slf4j-2.21.1.jar;C:\Users\Nei\.m2\repository\org\apache\logging\log4j\log4j-api\2.21.1\log4j-api-2.21.1.jar;C:\Users\Nei\.m2\repository\org\slf4j\jul-to-slf4j\2.0.13\jul-to-slf4j-2.0.13.jar;C:\Users\Nei\.m2\repository\jakarta\annotation\jakarta.annotation-api\2.1.1\jakarta.annotation-api-2.1.1.jar;C:\Users\Nei\.m2\repository\org\yaml\snakeyaml\2.2\snakeyaml-2.2.jar;C:\Users\Nei\.m2\repository\org\springframework\boot\spring-boot-actuator-autoconfigure\3.2.5\spring-boot-actuator-autoconfigure-3.2.5.jar;C:\Users\Nei\.m2\repository\org\springframework\boot\spring-boot-actuator\3.2.5\spring-boot-actuator-3.2.5.jar;C:\Users\Nei\.m2\repository\com\fasterxml\jackson\core\jackson-databind\2.15.4\
Launcher Type: SUN_STANDARD

[Global flags]
     intx CICompilerCount                          = 3                                         {product} {ergonomic}
     uint ConcGCThreads                            = 1                                         {product} {ergonomic}
     uint G1ConcRefinementThreads                  = 4                                         {product} {ergonomic}
   size_t G1HeapRegionSize                         = 1048576                                   {product} {ergonomic}
    uintx GCDrainStackTargetSize                   = 64                                        {product} {ergonomic}
   size_t InitialHeapSize                          = 134217728                                 {product} {ergonomic}
   size_t MarkStackSize                            = 4194304                                   {product} {ergonomic}
   size_t MaxHeapSize                              = 2136997888                                {product} {ergonomic}
   size_t MinHeapDeltaBytes                        = 1048576                                   {product} {ergonomic}
   size_t MinHeapSize                              = 8388608                                   {product} {ergonomic}
    uintx NonNMethodCodeHeapSize                   = 5832780                                {pd product} {ergonomic}
    uintx NonProfiledCodeHeapSize                  = 122912730                              {pd product} {ergonomic}
    uintx ProfiledCodeHeapSize                     = 122912730                              {pd product} {ergonomic}
    uintx ReservedCodeCacheSize                    = 251658240                              {pd product} {ergonomic}
     bool SegmentedCodeCache                       = true                                      {product} {ergonomic}
   size_t SoftMaxHeapSize                          = 2136997888                             {manageable} {ergonomic}
     bool UseCompressedClassPointers               = true                           {product lp64_product} {ergonomic}
     bool UseCompressedOops                        = true                           {product lp64_product} {ergonomic}
     bool UseG1GC                                  = true                                      {product} {ergonomic}
     bool UseLargePagesIndividualAllocation        = false                                  {pd product} {ergonomic}

Logging:
Log output configuration:
 #0: stdout all=warning uptime,level,tags
 #1: stderr all=off uptime,level,tags

Environment Variables:
JAVA_HOME=E:\jdk-17.0.2\
PATH=C:\Program Files (x86)\Intel\iCLS Client\;C:\Program Files\Intel\iCLS Client\;C:\Windows\system32;C:\Windows;C:\Windows\System32\Wbem;C:\Windows\System32\WindowsPowerShell\v1.0\;C:\Program Files\Intel\Intel(R) Management Engine Components\DAL;C:\Program Files\Intel\Intel(R) Management Engine Components\IPT;C:\Program Files (x86)\Intel\Intel(R) Management Engine Components\DAL;C:\Program Files (x86)\Intel\Intel(R) Management Engine Components\IPT;C:\Program Files (x86)\NVIDIA Corporation\PhysX\Common;C:\WINDOWS\system32;C:\WINDOWS;C:\WINDOWS\System32\Wbem;C:\WINDOWS\System32\WindowsPowerShell\v1.0\;C:\WINDOWS\System32\OpenSSH\;E:\jdk-17.0.2\\bin;C:\Program Files\Microsoft SQL Server\130\Tools\Binn\;C:\Program Files\Microsoft SQL Server\Client SDK\ODBC\170\Tools\Binn\;C:\Program Files\dotnet\;C:\Program Files\Git\cmd;E:\apache-maven-3.9.5\bin;C:\Users\Nei\AppData\Local\Microsoft\WindowsApps;C:\Users\Nei\.dotnet\tools;C:\Users\Nei\AppData\Local\Programs\Microsoft VS Code\bin;C:\Users\Nei\AppData\Local\GitHubDesktop\bin;C:\Program Files\MongoDB\Server\7.0\bin;
USERNAME=Nei
OS=Windows_NT
PROCESSOR_IDENTIFIER=Intel64 Family 6 Model 58 Stepping 9, GenuineIntel
TMP=G:\Systeme\Temp
TEMP=G:\Systeme\Temp



Periodic native trim disabled


---------------  S Y S T E M  ---------------

OS:
 Windows 10 , 64 bit Build 19041 (10.0.19041.4597)
OS uptime: 7 days 4:17 hours

CPU: total 4 (initial active 4) (4 cores per cpu, 1 threads per core) family 6 model 58 stepping 9 microcode 0x21, cx8, cmov, fxsr, mmx, sse, sse2, sse3, ssse3, sse4.1, sse4.2, popcnt, tsc, tscinvbit, avx, aes, erms, clmul, vzeroupper, clflush
Processor Information for all 4 processors :
  Max Mhz: 3801, Current Mhz: 3801, Mhz Limit: 3801

Memory: 4k page, system-wide physical 8150M (482M free)
TotalPageFile size 16342M (AvailPageFile size 25M)
current process WorkingSet (physical memory assigned to process): 10M, peak: 10M
current process commit charge ("private bytes"): 51M, peak: 179M

vm_info: OpenJDK 64-Bit Server VM (17.0.11+9) for windows-amd64 JRE (17.0.11+9), built on Apr 17 2024 06:07:48 by "admin" with MS VC++ 16.10 / 16.11 (VS2019)

END.
