#
# There is insufficient memory for the Java Runtime Environment to continue.
# Native memory allocation (malloc) failed to allocate 2097152 bytes. Error detail: AllocateHeap
# Possible reasons:
#   The system is out of physical RAM or swap space
#   This process is running with CompressedOops enabled, and the Java Heap may be blocking the growth of the native heap
# Possible solutions:
#   Reduce memory load on the system
#   Increase physical memory or swap space
#   Check if swap backing store is full
#   Decrease Java heap size (-Xmx/-Xms)
#   Decrease number of Java threads
#   Decrease Java thread stack sizes (-Xss)
#   Set larger code cache with -XX:ReservedCodeCacheSize=
#   JVM is running with Unscaled Compressed Oops mode in which the Java heap is
#     placed in the first 4GB address space. The Java Heap base address is the
#     maximum limit for the native heap growth. Please use -XX:HeapBaseMinAddress
#     to set the Java Heap base and to place the Java Heap above 4GB virtual address.
# This output file may be truncated or incomplete.
#
#  Out of Memory Error (allocation.cpp:44), pid=17504, tid=12444
#
# JRE version: OpenJDK Runtime Environment Temurin-17.0.11+9 (17.0.11+9) (build 17.0.11+9)
# Java VM: OpenJDK 64-Bit Server VM Temurin-17.0.11+9 (17.0.11+9, mixed mode, emulated-client, tiered, compressed oops, compressed class ptrs, g1 gc, windows-amd64)
# No core dump will be written. Minidumps are not enabled by default on client versions of Windows
#

---------------  S U M M A R Y ------------

Command Line: -Xmx1024m -Dsts.lsp.client=vscode -Dsts.log.file=/dev/null -XX:TieredStopAtLevel=1 -Xlog:jni+resolve=off -Dspring.config.location=file:c:\Users\Nei\.vscode\extensions\vmware.vscode-spring-boot-1.56.0\language-server\BOOT-INF\classes\application.properties org.springframework.ide.vscode.boot.app.BootLanguageServerBootApp

Host: Intel(R) Core(TM) i5-3570K CPU @ 3.40GHz, 4 cores, 7G,  Windows 10 , 64 bit Build 19041 (10.0.19041.4597)
Time: Thu Aug 15 00:21:53 2024 Paris, Madrid (heure duild 19041 (10.0.19041.4597) elapsed time: 34648.403394 seconds (0d 9h 37m 28s)

---------------  T H R E A D  ---------------

Current thread (0x000001e290451ad0):  VMThread "VM Thread" [stack: 0x0000009fc0300000,0x0000009fc0400000] [id=12444]

Stack: [0x0000009fc0300000,0x0000009fc0400000]
Native frames: (J=compiled Java code, j=interpreted, Vv=VM code, C=native code)
V  [jvm.dll+0x67d429]
V  [jvm.dll+0x834b7a]
V  [jvm.dll+0x83663e]
V  [jvm.dll+0x836ca3]
V  [jvm.dll+0x247dbf]
V  [jvm.dll+0xa6cb3]
V  [jvm.dll+0x2f8b61]
V  [jvm.dll+0x2f4750]
V  [jvm.dll+0x2dcf67]
V  [jvm.dll+0x31fb67]
V  [jvm.dll+0x83b19b]
V  [jvm.dll+0x83bed2]
V  [jvm.dll+0x83c3ed]
V  [jvm.dll+0x83c7c4]
V  [jvm.dll+0x83c890]
V  [jvm.dll+0x7e410a]
V  [jvm.dll+0x67c315]
C  [ucrtbase.dll+0x21bb2]
C  [KERNEL32.DLL+0x17374]
C  [ntdll.dll+0x4cc91]

VM_Operation (0x0000009fc15fed90): G1CollectFull, mode: safepoint, requested by thread 0x000001e29572f390


---------------  P R O C E S S  ---------------

Threads class SMR info:
_java_thread_list=0x000001e2960f8390, length=35, elements={
0x000001e29049f730, 0x000001e2904a04c0, 0x000001e2904e1130, 0x000001e2904e3b10,
0x000001e2904e43e0, 0x000001e2904e4cb0, 0x000001e2904e5580, 0x000001e2904eeac0,
0x000001e290829aa0, 0x000001e290830b50, 0x000001e2955d8e40, 0x000001e29572f390,
0x000001e296278420, 0x000001e283f7b050, 0x000001e296478550, 0x000001e2960c3930,
0x000001e29655cb10, 0x000001e29655acb0, 0x000001e29655c0f0, 0x000001e29655c600,
0x000001e296558940, 0x000001e296557f20, 0x000001e2972284d0, 0x000001e297221a80,
0x000001e2972275a0, 0x000001e297226b80, 0x000001e2972229b0, 0x000001e297226670,
0x000001e297224300, 0x000001e297224d20, 0x000001e297221f90, 0x000001e297227090,
0x000001e297225230, 0x000001e297221060, 0x000001e2972238e0
}

Java Threads: ( => current thread )
  0x000001e29049f730 JavaThread "Reference Handler" daemon [_thread_blocked, id=9412, stack(0x0000009fc0400000,0x0000009fc0500000)]
  0x000001e2904a04c0 JavaThread "Finalizer" daemon [_thread_blocked, id=15904, stack(0x0000009fc0500000,0x0000009fc0600000)]
  0x000001e2904e1130 JavaThread "Signal Dispatcher" daemon [_thread_blocked, id=5248, stack(0x0000009fc0600000,0x0000009fc0700000)]
  0x000001e2904e3b10 JavaThread "Attach Listener" daemon [_thread_blocked, id=18084, stack(0x0000009fc0700000,0x0000009fc0800000)]
  0x000001e2904e43e0 JavaThread "Service Thread" daemon [_thread_blocked, id=10984, stack(0x0000009fc0800000,0x0000009fc0900000)]
  0x000001e2904e4cb0 JavaThread "Monitor Deflation Thread" daemon [_thread_blocked, id=12956, stack(0x0000009fc0900000,0x0000009fc0a00000)]
  0x000001e2904e5580 JavaThread "C1 CompilerThread0" daemon [_thread_blocked, id=2724, stack(0x0000009fc0a00000,0x0000009fc0b00000)]
  0x000001e2904eeac0 JavaThread "Sweeper thread" daemon [_thread_blocked, id=2000, stack(0x0000009fc0b00000,0x0000009fc0c00000)]
  0x000001e290829aa0 JavaThread "Notification Thread" daemon [_thread_blocked, id=6636, stack(0x0000009fc0d00000,0x0000009fc0e00000)]
  0x000001e290830b50 JavaThread "Common-Cleaner" daemon [_thread_blocked, id=13796, stack(0x0000009fc0f00000,0x0000009fc1000000)]
  0x000001e2955d8e40 JavaThread "boundedElastic-evictor-1" daemon [_thread_blocked, id=15844, stack(0x0000009fc1400000,0x0000009fc1500000)]
  0x000001e29572f390 JavaThread "pool-13-thread-1" [_thread_blocked, id=18304, stack(0x0000009fc1500000,0x0000009fc1600000)]
  0x000001e296278420 JavaThread "LanguageServerApp-lifecycle" [_thread_blocked, id=4244, stack(0x0000009fc1600000,0x0000009fc1700000)]
  0x000001e283f7b050 JavaThread "DestroyJavaVM" [_thread_blocked, id=5488, stack(0x0000009fbfd00000,0x0000009fbfe00000)]
  0x000001e296478550 JavaThread "pool-14-thread-1" [_thread_in_native, id=16560, stack(0x0000009fc1700000,0x0000009fc1800000)]
  0x000001e2960c3930 JavaThread "Simple-Language-Server main thread" daemon [_thread_blocked, id=4652, stack(0x0000009fc1800000,0x0000009fc1900000)]
  0x000001e29655cb10 JavaThread "pool-6-thread-1" [_thread_blocked, id=15484, stack(0x0000009fc2800000,0x0000009fc2900000)]
  0x000001e29655acb0 JavaThread "parallel-1" daemon [_thread_blocked, id=18284, stack(0x0000009fc2900000,0x0000009fc2a00000)]
  0x000001e29655c0f0 JavaThread "parallel-2" daemon [_thread_blocked, id=16068, stack(0x0000009fc2a00000,0x0000009fc2b00000)]
  0x000001e29655c600 JavaThread "CompletableFutureDelayScheduler" daemon [_thread_blocked, id=4828, stack(0x0000009fc2b00000,0x0000009fc2c00000)]
  0x000001e296558940 JavaThread "parallel-3" daemon [_thread_blocked, id=4188, stack(0x0000009fc2c00000,0x0000009fc2d00000)]
  0x000001e296557f20 JavaThread "parallel-4" daemon [_thread_blocked, id=10968, stack(0x0000009fc2f00000,0x0000009fc3000000)]
  0x000001e2972284d0 JavaThread "pool-7-thread-1" [_thread_blocked, id=18028, stack(0x0000009fc1100000,0x0000009fc1200000)]
  0x000001e297221a80 JavaThread "RMI Scheduler(0)" daemon [_thread_blocked, id=18164, stack(0x0000009fc1900000,0x0000009fc1a00000)]
  0x000001e2972275a0 JavaThread "pool-7-thread-2" [_thread_blocked, id=2736, stack(0x0000009fc1d00000,0x0000009fc1e00000)]
  0x000001e297226b80 JavaThread "pool-7-thread-3" [_thread_blocked, id=12160, stack(0x0000009fc1e00000,0x0000009fc1f00000)]
  0x000001e2972229b0 JavaThread "pool-7-thread-4" [_thread_blocked, id=6040, stack(0x0000009fc1f00000,0x0000009fc2000000)]
  0x000001e297226670 JavaThread "pool-7-thread-5" [_thread_blocked, id=11376, stack(0x0000009fc2000000,0x0000009fc2100000)]
  0x000001e297224300 JavaThread "pool-7-thread-6" [_thread_blocked, id=12680, stack(0x0000009fc2100000,0x0000009fc2200000)]
  0x000001e297224d20 JavaThread "pool-7-thread-7" [_thread_blocked, id=17856, stack(0x0000009fc1c00000,0x0000009fc1d00000)]
  0x000001e297221f90 JavaThread "pool-7-thread-8" [_thread_blocked, id=18604, stack(0x0000009fc1b00000,0x0000009fc1c00000)]
  0x000001e297227090 JavaThread "pool-7-thread-9" [_thread_blocked, id=18412, stack(0x0000009fc2200000,0x0000009fc2300000)]
  0x000001e297225230 JavaThread "pool-7-thread-10" [_thread_blocked, id=3408, stack(0x0000009fc2600000,0x0000009fc2700000)]
  0x000001e297221060 JavaThread "pool-8-thread-1" [_thread_blocked, id=16724, stack(0x0000009fc2e00000,0x0000009fc2f00000)]
  0x000001e2972238e0 JavaThread "Reconciler-1" daemon [_thread_blocked, id=4580, stack(0x0000009fc2400000,0x0000009fc2500000)]

Other Threads:
=>0x000001e290451ad0 VMThread "VM Thread" [stack: 0x0000009fc0300000,0x0000009fc0400000] [id=12444]
  0x000001e29082bf90 WatcherThread [stack: 0x0000009fc0e00000,0x0000009fc0f00000] [id=3000]
  0x000001e283fb7d80 GCTaskThread "GC Thread#0" [stack: 0x0000009fbfe00000,0x0000009fbff00000] [id=18180]
  0x000001e290760350 GCTaskThread "GC Thread#1" [stack: 0x0000009fc0c00000,0x0000009fc0d00000] [id=18096]
  0x000001e290760610 GCTaskThread "GC Thread#2" [stack: 0x0000009fc1000000,0x0000009fc1100000] [id=17692]
  0x000001e295826800 GCTaskThread "GC Thread#3" [stack: 0x0000009fc1200000,0x0000009fc1300000] [id=6544]
  0x000001e283fc0be0 ConcurrentGCThread "G1 Main Marker" [stack: 0x0000009fbff00000,0x0000009fc0000000] [id=17960]
  0x000001e283fc1510 ConcurrentGCThread "G1 Conc#0" [stack: 0x0000009fc0000000,0x0000009fc0100000] [id=6364]
  0x000001e284026bc0 ConcurrentGCThread "G1 Refine#0" [stack: 0x0000009fc0100000,0x0000009fc0200000] [id=16420]
  0x000001e284027500 ConcurrentGCThread "G1 Service" [stack: 0x0000009fc0200000,0x0000009fc0300000] [id=4500]

Threads with active compile tasks:

VM state: at safepoint (normal execution)

VM Mutex/Monitor currently owned by a thread:  ([mutex/lock_event])
[0x000001e283dfba10] Threads_lock - owner thread: 0x000001e290451ad0
[0x000001e283f78a70] Heap_lock - owner thread: 0x000001e29572f390

Heap address: 0x00000000c0000000, size: 1024 MB, Compressed Oops mode: 32-bit

CDS archive(s) not mapped
Compressed class space mapped at: 0x0000000100000000-0x0000000140000000, reserved size: 1073741824
Narrow klass base: 0x0000000000000000, Narrow klass shift: 3, Narrow klass range: 0x140000000

GC Precious Log:
 CPUs: 4 total, 4 available
 Memory: 8150M
 Large Page Support: Disabled
 NUMA Support: Disabled
 Compressed Oops: Enabled (32-bit)
 Heap Region Size: 1M
 Heap Min Capacity: 8M
 Heap Initial Capacity: 128M
 Heap Max Capacity: 1G
 Pre-touch: Disabled
 Parallel Workers: 4
 Concurrent Workers: 1
 Concurrent Refinement Workers: 4
 Periodic GC: Disabled

Heap:
 garbage-first heap   total 106496K, used 31481K [0x00000000c0000000, 0x0000000100000000)
  region size 1024K, 1 young (1024K), 0 survivors (0K)
 Metaspace       used 63215K, committed 63680K, reserved 1114112K
  class space    used 7762K, committed 8000K, reserved 1048576K

Heap Regions: E=young(eden), S=young(survivor), O=old, HS=humongous(starts), HC=humongous(continues), CS=collection set, F=free, OA=open archive, CA=closed archive, TAMS=top-at-mark-start (previous, next)
|   0|0x00000000c0000000, 0x00000000c0100000, 0x00000000c0100000|100%|HS|  |TAMS 0x00000000c0100000, 0x00000000c0000000| Untracked 
|   1|0x00000000c0100000, 0x00000000c0200000, 0x00000000c0200000|100%|HC|  |TAMS 0x00000000c0200000, 0x00000000c0100000| Untracked 
|   2|0x00000000c0200000, 0x00000000c0300000, 0x00000000c0300000|100%|HC|  |TAMS 0x00000000c0300000, 0x00000000c0200000| Untracked 
|   3|0x00000000c0300000, 0x00000000c0400000, 0x00000000c0400000|100%|HC|  |TAMS 0x00000000c0400000, 0x00000000c0300000| Untracked 
|   4|0x00000000c0400000, 0x00000000c04ffff0, 0x00000000c0500000| 99%| O|  |TAMS 0x00000000c04ffff0, 0x00000000c0400000| Untracked 
|   5|0x00000000c0500000, 0x00000000c05ffed0, 0x00000000c0600000| 99%| O|  |TAMS 0x00000000c05ffed0, 0x00000000c0500000| Untracked 
|   6|0x00000000c0600000, 0x00000000c0700000, 0x00000000c0700000|100%| O|  |TAMS 0x00000000c0700000, 0x00000000c0600000| Untracked 
|   7|0x00000000c0700000, 0x00000000c0800000, 0x00000000c0800000|100%| O|  |TAMS 0x00000000c0800000, 0x00000000c0700000| Untracked 
|   8|0x00000000c0800000, 0x00000000c0900000, 0x00000000c0900000|100%| O|  |TAMS 0x00000000c0900000, 0x00000000c0800000| Untracked 
|   9|0x00000000c0900000, 0x00000000c09fffe0, 0x00000000c0a00000| 99%| O|  |TAMS 0x00000000c09fffe0, 0x00000000c0900000| Untracked 
|  10|0x00000000c0a00000, 0x00000000c0b00000, 0x00000000c0b00000|100%|HS|  |TAMS 0x00000000c0b00000, 0x00000000c0a00000| Untracked 
|  11|0x00000000c0b00000, 0x00000000c0c00000, 0x00000000c0c00000|100%|HC|  |TAMS 0x00000000c0c00000, 0x00000000c0b00000| Untracked 
|  12|0x00000000c0c00000, 0x00000000c0d00000, 0x00000000c0d00000|100%| O|  |TAMS 0x00000000c0d00000, 0x00000000c0c00000| Untracked 
|  13|0x00000000c0d00000, 0x00000000c0dfffd0, 0x00000000c0e00000| 99%| O|  |TAMS 0x00000000c0dfffd0, 0x00000000c0d00000| Untracked 
|  14|0x00000000c0e00000, 0x00000000c0f00000, 0x00000000c0f00000|100%| O|  |TAMS 0x00000000c0f00000, 0x00000000c0e00000| Untracked 
|  15|0x00000000c0f00000, 0x00000000c0fffff0, 0x00000000c1000000| 99%| O|  |TAMS 0x00000000c0fffff0, 0x00000000c0f00000| Untracked 
|  16|0x00000000c1000000, 0x00000000c10ffff8, 0x00000000c1100000| 99%| O|  |TAMS 0x00000000c10ffff8, 0x00000000c1000000| Untracked 
|  17|0x00000000c1100000, 0x00000000c1200000, 0x00000000c1200000|100%| O|  |TAMS 0x00000000c1200000, 0x00000000c1100000| Untracked 
|  18|0x00000000c1200000, 0x00000000c12fffe0, 0x00000000c1300000| 99%| O|  |TAMS 0x00000000c12fffe0, 0x00000000c1200000| Untracked 
|  19|0x00000000c1300000, 0x00000000c13ffff0, 0x00000000c1400000| 99%| O|  |TAMS 0x00000000c13ffff0, 0x00000000c1300000| Untracked 
|  20|0x00000000c1400000, 0x00000000c14ffd08, 0x00000000c1500000| 99%| O|  |TAMS 0x00000000c14ffd08, 0x00000000c1400000| Untracked 
|  21|0x00000000c1500000, 0x00000000c15fffc8, 0x00000000c1600000| 99%| O|  |TAMS 0x00000000c15fffc8, 0x00000000c1500000| Untracked 
|  22|0x00000000c1600000, 0x00000000c1700000, 0x00000000c1700000|100%| O|  |TAMS 0x00000000c1700000, 0x00000000c1600000| Untracked 
|  23|0x00000000c1700000, 0x00000000c1800000, 0x00000000c1800000|100%| O|  |TAMS 0x00000000c1800000, 0x00000000c1700000| Untracked 
|  24|0x00000000c1800000, 0x00000000c1900000, 0x00000000c1900000|100%| O|  |TAMS 0x00000000c1900000, 0x00000000c1800000| Untracked 
|  25|0x00000000c1900000, 0x00000000c19ffff8, 0x00000000c1a00000| 99%| O|  |TAMS 0x00000000c19ffff8, 0x00000000c1900000| Untracked 
|  26|0x00000000c1a00000, 0x00000000c1abe888, 0x00000000c1b00000| 74%| O|  |TAMS 0x00000000c1a00000, 0x00000000c1a00000| Untracked 
|  27|0x00000000c1b00000, 0x00000000c1bfffe0, 0x00000000c1c00000| 99%| O|  |TAMS 0x00000000c1bfffe0, 0x00000000c1b00000| Untracked 
|  28|0x00000000c1c00000, 0x00000000c1cfffe8, 0x00000000c1d00000| 99%| O|  |TAMS 0x00000000c1cfffe8, 0x00000000c1c00000| Untracked 
|  29|0x00000000c1d00000, 0x00000000c1dffff8, 0x00000000c1e00000| 99%| O|  |TAMS 0x00000000c1dffff8, 0x00000000c1d00000| Untracked 
|  30|0x00000000c1e00000, 0x00000000c1efffc0, 0x00000000c1f00000| 99%| O|  |TAMS 0x00000000c1efffc0, 0x00000000c1e00000| Untracked 
|  31|0x00000000c1f00000, 0x00000000c1f002c0, 0x00000000c2000000|  0%| O|  |TAMS 0x00000000c1f00000, 0x00000000c1f00000| Untracked 
|  32|0x00000000c2000000, 0x00000000c2000000, 0x00000000c2100000|  0%| F|  |TAMS 0x00000000c2000000, 0x00000000c2000000| Untracked 
|  33|0x00000000c2100000, 0x00000000c2100000, 0x00000000c2200000|  0%| F|  |TAMS 0x00000000c2100000, 0x00000000c2100000| Untracked 
|  34|0x00000000c2200000, 0x00000000c2200000, 0x00000000c2300000|  0%| F|  |TAMS 0x00000000c2200000, 0x00000000c2200000| Untracked 
|  35|0x00000000c2300000, 0x00000000c2300000, 0x00000000c2400000|  0%| F|  |TAMS 0x00000000c2300000, 0x00000000c2300000| Untracked 
|  36|0x00000000c2400000, 0x00000000c2400000, 0x00000000c2500000|  0%| F|  |TAMS 0x00000000c2400000, 0x00000000c2400000| Untracked 
|  37|0x00000000c2500000, 0x00000000c2500000, 0x00000000c2600000|  0%| F|  |TAMS 0x00000000c2500000, 0x00000000c2500000| Untracked 
|  38|0x00000000c2600000, 0x00000000c2600000, 0x00000000c2700000|  0%| F|  |TAMS 0x00000000c2600000, 0x00000000c2600000| Untracked 
|  39|0x00000000c2700000, 0x00000000c2700000, 0x00000000c2800000|  0%| F|  |TAMS 0x00000000c2700000, 0x00000000c2700000| Untracked 
|  40|0x00000000c2800000, 0x00000000c2800000, 0x00000000c2900000|  0%| F|  |TAMS 0x00000000c2800000, 0x00000000c2800000| Untracked 
|  41|0x00000000c2900000, 0x00000000c2900000, 0x00000000c2a00000|  0%| F|  |TAMS 0x00000000c2900000, 0x00000000c2900000| Untracked 
|  42|0x00000000c2a00000, 0x00000000c2a00000, 0x00000000c2b00000|  0%| F|  |TAMS 0x00000000c2a00000, 0x00000000c2a00000| Untracked 
|  43|0x00000000c2b00000, 0x00000000c2b00000, 0x00000000c2c00000|  0%| F|  |TAMS 0x00000000c2b00000, 0x00000000c2b00000| Untracked 
|  44|0x00000000c2c00000, 0x00000000c2c00000, 0x00000000c2d00000|  0%| F|  |TAMS 0x00000000c2c00000, 0x00000000c2c00000| Untracked 
|  45|0x00000000c2d00000, 0x00000000c2d00000, 0x00000000c2e00000|  0%| F|  |TAMS 0x00000000c2d00000, 0x00000000c2d00000| Untracked 
|  46|0x00000000c2e00000, 0x00000000c2e00000, 0x00000000c2f00000|  0%| F|  |TAMS 0x00000000c2e00000, 0x00000000c2e00000| Untracked 
|  47|0x00000000c2f00000, 0x00000000c2f00000, 0x00000000c3000000|  0%| F|  |TAMS 0x00000000c2f00000, 0x00000000c2f00000| Untracked 
|  48|0x00000000c3000000, 0x00000000c3000000, 0x00000000c3100000|  0%| F|  |TAMS 0x00000000c3000000, 0x00000000c3000000| Untracked 
|  49|0x00000000c3100000, 0x00000000c3100000, 0x00000000c3200000|  0%| F|  |TAMS 0x00000000c3100000, 0x00000000c3100000| Untracked 
|  50|0x00000000c3200000, 0x00000000c3200000, 0x00000000c3300000|  0%| F|  |TAMS 0x00000000c3200000, 0x00000000c3200000| Untracked 
|  51|0x00000000c3300000, 0x00000000c3300000, 0x00000000c3400000|  0%| F|  |TAMS 0x00000000c3300000, 0x00000000c3300000| Untracked 
|  52|0x00000000c3400000, 0x00000000c3400000, 0x00000000c3500000|  0%| F|  |TAMS 0x00000000c3400000, 0x00000000c3400000| Untracked 
|  53|0x00000000c3500000, 0x00000000c3500000, 0x00000000c3600000|  0%| F|  |TAMS 0x00000000c3500000, 0x00000000c3500000| Untracked 
|  54|0x00000000c3600000, 0x00000000c3600000, 0x00000000c3700000|  0%| F|  |TAMS 0x00000000c3600000, 0x00000000c3600000| Untracked 
|  55|0x00000000c3700000, 0x00000000c3700000, 0x00000000c3800000|  0%| F|  |TAMS 0x00000000c3700000, 0x00000000c3700000| Untracked 
|  56|0x00000000c3800000, 0x00000000c3800000, 0x00000000c3900000|  0%| F|  |TAMS 0x00000000c3800000, 0x00000000c3800000| Untracked 
|  57|0x00000000c3900000, 0x00000000c3900000, 0x00000000c3a00000|  0%| F|  |TAMS 0x00000000c3900000, 0x00000000c3900000| Untracked 
|  58|0x00000000c3a00000, 0x00000000c3a00000, 0x00000000c3b00000|  0%| F|  |TAMS 0x00000000c3a00000, 0x00000000c3a00000| Untracked 
|  59|0x00000000c3b00000, 0x00000000c3b00000, 0x00000000c3c00000|  0%| F|  |TAMS 0x00000000c3b00000, 0x00000000c3b00000| Untracked 
|  60|0x00000000c3c00000, 0x00000000c3c00000, 0x00000000c3d00000|  0%| F|  |TAMS 0x00000000c3c00000, 0x00000000c3c00000| Untracked 
|  61|0x00000000c3d00000, 0x00000000c3d00000, 0x00000000c3e00000|  0%| F|  |TAMS 0x00000000c3d00000, 0x00000000c3d00000| Untracked 
|  62|0x00000000c3e00000, 0x00000000c3e00000, 0x00000000c3f00000|  0%| F|  |TAMS 0x00000000c3e00000, 0x00000000c3e00000| Untracked 
|  63|0x00000000c3f00000, 0x00000000c3f00000, 0x00000000c4000000|  0%| F|  |TAMS 0x00000000c3f00000, 0x00000000c3f00000| Untracked 
|  64|0x00000000c4000000, 0x00000000c4000000, 0x00000000c4100000|  0%| F|  |TAMS 0x00000000c4000000, 0x00000000c4000000| Untracked 
|  65|0x00000000c4100000, 0x00000000c4100000, 0x00000000c4200000|  0%| F|  |TAMS 0x00000000c4100000, 0x00000000c4100000| Untracked 
|  66|0x00000000c4200000, 0x00000000c4200000, 0x00000000c4300000|  0%| F|  |TAMS 0x00000000c4200000, 0x00000000c4200000| Untracked 
|  67|0x00000000c4300000, 0x00000000c4300000, 0x00000000c4400000|  0%| F|  |TAMS 0x00000000c4300000, 0x00000000c4300000| Untracked 
|  68|0x00000000c4400000, 0x00000000c4400000, 0x00000000c4500000|  0%| F|  |TAMS 0x00000000c4400000, 0x00000000c4400000| Untracked 
|  69|0x00000000c4500000, 0x00000000c4500000, 0x00000000c4600000|  0%| F|  |TAMS 0x00000000c4500000, 0x00000000c4500000| Untracked 
|  70|0x00000000c4600000, 0x00000000c4600000, 0x00000000c4700000|  0%| F|  |TAMS 0x00000000c4600000, 0x00000000c4600000| Untracked 
|  71|0x00000000c4700000, 0x00000000c4700000, 0x00000000c4800000|  0%| F|  |TAMS 0x00000000c4700000, 0x00000000c4700000| Untracked 
|  72|0x00000000c4800000, 0x00000000c4800000, 0x00000000c4900000|  0%| F|  |TAMS 0x00000000c4800000, 0x00000000c4800000| Untracked 
|  73|0x00000000c4900000, 0x00000000c4900000, 0x00000000c4a00000|  0%| F|  |TAMS 0x00000000c4900000, 0x00000000c4900000| Untracked 
|  74|0x00000000c4a00000, 0x00000000c4a00000, 0x00000000c4b00000|  0%| F|  |TAMS 0x00000000c4a00000, 0x00000000c4a00000| Untracked 
|  75|0x00000000c4b00000, 0x00000000c4b00000, 0x00000000c4c00000|  0%| F|  |TAMS 0x00000000c4b00000, 0x00000000c4b00000| Untracked 
|  76|0x00000000c4c00000, 0x00000000c4c00000, 0x00000000c4d00000|  0%| F|  |TAMS 0x00000000c4c00000, 0x00000000c4c00000| Untracked 
|  77|0x00000000c4d00000, 0x00000000c4d00000, 0x00000000c4e00000|  0%| F|  |TAMS 0x00000000c4d00000, 0x00000000c4d00000| Untracked 
|  78|0x00000000c4e00000, 0x00000000c4e00000, 0x00000000c4f00000|  0%| F|  |TAMS 0x00000000c4e00000, 0x00000000c4e00000| Untracked 
|  79|0x00000000c4f00000, 0x00000000c4f00000, 0x00000000c5000000|  0%| F|  |TAMS 0x00000000c4f00000, 0x00000000c4f00000| Untracked 
|  80|0x00000000c5000000, 0x00000000c5000000, 0x00000000c5100000|  0%| F|  |TAMS 0x00000000c5000000, 0x00000000c5000000| Untracked 
|  81|0x00000000c5100000, 0x00000000c5100000, 0x00000000c5200000|  0%| F|  |TAMS 0x00000000c5100000, 0x00000000c5100000| Untracked 
|  82|0x00000000c5200000, 0x00000000c5200000, 0x00000000c5300000|  0%| F|  |TAMS 0x00000000c5200000, 0x00000000c5200000| Untracked 
|  83|0x00000000c5300000, 0x00000000c5300000, 0x00000000c5400000|  0%| F|  |TAMS 0x00000000c5300000, 0x00000000c5300000| Untracked 
|  84|0x00000000c5400000, 0x00000000c5400000, 0x00000000c5500000|  0%| F|  |TAMS 0x00000000c5400000, 0x00000000c5400000| Untracked 
|  85|0x00000000c5500000, 0x00000000c5500000, 0x00000000c5600000|  0%| F|  |TAMS 0x00000000c5500000, 0x00000000c5500000| Untracked 
|  86|0x00000000c5600000, 0x00000000c5600000, 0x00000000c5700000|  0%| F|  |TAMS 0x00000000c5600000, 0x00000000c5600000| Untracked 
|  87|0x00000000c5700000, 0x00000000c5700000, 0x00000000c5800000|  0%| F|  |TAMS 0x00000000c5700000, 0x00000000c5700000| Untracked 
|  88|0x00000000c5800000, 0x00000000c5800000, 0x00000000c5900000|  0%| F|  |TAMS 0x00000000c5800000, 0x00000000c5800000| Untracked 
|  89|0x00000000c5900000, 0x00000000c5900000, 0x00000000c5a00000|  0%| F|  |TAMS 0x00000000c5900000, 0x00000000c5900000| Untracked 
|  90|0x00000000c5a00000, 0x00000000c5a00000, 0x00000000c5b00000|  0%| F|  |TAMS 0x00000000c5a00000, 0x00000000c5a00000| Untracked 
|  91|0x00000000c5b00000, 0x00000000c5b00000, 0x00000000c5c00000|  0%| F|  |TAMS 0x00000000c5b00000, 0x00000000c5b00000| Untracked 
|  92|0x00000000c5c00000, 0x00000000c5c00000, 0x00000000c5d00000|  0%| F|  |TAMS 0x00000000c5c00000, 0x00000000c5c00000| Untracked 
|  93|0x00000000c5d00000, 0x00000000c5d00000, 0x00000000c5e00000|  0%| F|  |TAMS 0x00000000c5d00000, 0x00000000c5d00000| Untracked 
|  94|0x00000000c5e00000, 0x00000000c5e00000, 0x00000000c5f00000|  0%| F|  |TAMS 0x00000000c5e00000, 0x00000000c5e00000| Untracked 
|  95|0x00000000c5f00000, 0x00000000c5f00000, 0x00000000c6000000|  0%| F|  |TAMS 0x00000000c5f00000, 0x00000000c5f00000| Untracked 
|  96|0x00000000c6000000, 0x00000000c6000000, 0x00000000c6100000|  0%| F|  |TAMS 0x00000000c6000000, 0x00000000c6000000| Untracked 
|  97|0x00000000c6100000, 0x00000000c6100000, 0x00000000c6200000|  0%| F|  |TAMS 0x00000000c6100000, 0x00000000c6100000| Untracked 
|  98|0x00000000c6200000, 0x00000000c6200000, 0x00000000c6300000|  0%| F|  |TAMS 0x00000000c6200000, 0x00000000c6200000| Untracked 
|  99|0x00000000c6300000, 0x00000000c6300000, 0x00000000c6400000|  0%| F|  |TAMS 0x00000000c6300000, 0x00000000c6300000| Untracked 
| 100|0x00000000c6400000, 0x00000000c6400000, 0x00000000c6500000|  0%| F|  |TAMS 0x00000000c6400000, 0x00000000c6400000| Untracked 
| 101|0x00000000c6500000, 0x00000000c6500000, 0x00000000c6600000|  0%| F|  |TAMS 0x00000000c6500000, 0x00000000c6500000| Untracked 
| 102|0x00000000c6600000, 0x00000000c6600000, 0x00000000c6700000|  0%| F|  |TAMS 0x00000000c6600000, 0x00000000c6600000| Untracked 
| 103|0x00000000c6700000, 0x00000000c670d678, 0x00000000c6800000|  5%| E|  |TAMS 0x00000000c6700000, 0x00000000c6700000| Complete 

Card table byte_map: [0x000001e28ba80000,0x000001e28bc80000] _byte_map_base: 0x000001e28b480000

Marking Bits (Prev, Next): (CMBitMap*) 0x000001e283fb82f0, (CMBitMap*) 0x000001e283fb82b0
 Prev Bits: [0x000001e28ce80000, 0x000001e28de80000)
 Next Bits: [0x000001e28be80000, 0x000001e28ce80000)

Polling page: 0x000001e2883c0000

Metaspace:

Usage:
  Non-class:     54.15 MB used.
      Class:      7.58 MB used.
       Both:     61.73 MB used.

Virtual space:
  Non-class space:       64.00 MB reserved,      54.38 MB ( 85%) committed,  1 nodes.
      Class space:        1.00 GB reserved,       7.81 MB ( <1%) committed,  1 nodes.
             Both:        1.06 GB reserved,      62.19 MB (  6%) committed. 

Chunk freelists:
   Non-Class:  9.48 MB
       Class:  8.09 MB
        Both:  17.57 MB

MaxMetaspaceSize: unlimited
CompressedClassSpaceSize: 1.00 GB
Initial GC threshold: 21.00 MB
Current GC threshold: 103.69 MB
CDS: off
MetaspaceReclaimPolicy: balanced
 - commit_granule_bytes: 65536.
 - commit_granule_words: 8192.
 - virtual_space_node_default_size: 8388608.
 - enlarge_chunks_in_place: 1.
 - new_chunks_are_fully_committed: 0.
 - uncommit_free_chunks: 1.
 - use_allocation_guard: 0.
 - handle_deallocations: 1.


Internal statistics:

num_allocs_failed_limit: 6.
num_arena_births: 1044.
num_arena_deaths: 524.
num_vsnodes_births: 2.
num_vsnodes_deaths: 0.
num_space_committed: 994.
num_space_uncommitted: 0.
num_chunks_returned_to_freelist: 685.
num_chunks_taken_from_freelist: 3265.
num_chunk_merges: 178.
num_chunk_splits: 2018.
num_chunks_enlarged: 1475.
num_inconsistent_stats: 0.

CodeCache: size=49152Kb used=15414Kb max_used=16503Kb free=33737Kb
 bounds [0x000001e2883e0000, 0x000001e289410000, 0x000001e28b3e0000]
 total_blobs=9064 nmethods=8378 adapters=613
 compilation: enabled
              stopped_count=0, restarted_count=0
 full_count=0

Compilation events (20 events):
Event: 26141.663 Thread 0x000001e2904e5580 8376  s    1       org.springframework.ide.vscode.commons.languageserver.util.SimpleLanguageServer::getTextDocumentService (20 bytes)
Event: 26141.664 Thread 0x000001e2904e5580 nmethod 8376 0x000001e2892ef390 code [0x000001e2892ef540, 0x000001e2892ef7c8]
Event: 26143.292 Thread 0x000001e2904e5580 8377       1       org.eclipse.lsp4j.TextDocumentItem::getText (5 bytes)
Event: 26143.292 Thread 0x000001e2904e5580 nmethod 8377 0x000001e2892ef090 code [0x000001e2892ef220, 0x000001e2892ef2f8]
Event: 26143.386 Thread 0x000001e2904e5580 8378       1       org.eclipse.lemminx.dom.DOMNode::getParentNode (5 bytes)
Event: 26143.386 Thread 0x000001e2904e5580 nmethod 8378 0x000001e2892eed90 code [0x000001e2892eef20, 0x000001e2892eeff8]
Event: 26147.351 Thread 0x000001e2904e5580 8379       1       org.eclipse.lemminx.dom.DOMAttr::<init> (46 bytes)
Event: 26147.351 Thread 0x000001e2904e5580 nmethod 8379 0x000001e2892ee810 code [0x000001e2892ee9c0, 0x000001e2892eecf8]
Event: 26147.352 Thread 0x000001e2904e5580 8384       1       org.springframework.ide.vscode.boot.maven.PomInlayHintHandler::findChildElement (89 bytes)
Event: 26147.352 Thread 0x000001e2904e5580 nmethod 8384 0x000001e2892edf10 code [0x000001e2892ee120, 0x000001e2892ee5b8]
Event: 26147.352 Thread 0x000001e2904e5580 8380       1       org.eclipse.lemminx.dom.DOMAttr$AttrName::<init> (13 bytes)
Event: 26147.352 Thread 0x000001e2904e5580 nmethod 8380 0x000001e2892edb90 code [0x000001e2892edd20, 0x000001e2892ede98]
Event: 26147.352 Thread 0x000001e2904e5580 8381       1       org.eclipse.lemminx.dom.DOMNode::setAttributeNode (28 bytes)
Event: 26147.352 Thread 0x000001e2904e5580 nmethod 8381 0x000001e2892ed490 code [0x000001e2892ed640, 0x000001e2892ed9a8]
Event: 26147.352 Thread 0x000001e2904e5580 8382       1       org.eclipse.lemminx.dom.parser.XMLScanner::hasNextAttributeValue (53 bytes)
Event: 26147.353 Thread 0x000001e2904e5580 nmethod 8382 0x000001e2891d4610 code [0x000001e2891d47c0, 0x000001e2891d49f8]
Event: 26147.353 Thread 0x000001e2904e5580 8383       1       org.eclipse.lemminx.dom.DOMNode::hasAttributes (23 bytes)
Event: 26147.353 Thread 0x000001e2904e5580 nmethod 8383 0x000001e2892ed010 code [0x000001e2892ed1a0, 0x000001e2892ed298]
Event: 34628.045 Thread 0x000001e2904e5580 8385       1       sun.nio.cs.SingleByte$Encoder::encode (32 bytes)
Event: 34628.046 Thread 0x000001e2904e5580 nmethod 8385 0x000001e2891d4210 code [0x000001e2891d43a0, 0x000001e2891d4518]

GC Heap History (20 events):
Event: 34536.468 GC heap before
{Heap before GC invocations=3367 (full 3335):
 garbage-first heap   total 106496K, used 31480K [0x00000000c0000000, 0x0000000100000000)
  region size 1024K, 1 young (1024K), 0 survivors (0K)
 Metaspace       used 63215K, committed 63680K, reserved 1114112K
  class space    used 7762K, committed 8000K, reserved 1048576K
}
Event: 34536.499 GC heap after
{Heap after GC invocations=3368 (full 3336):
 garbage-first heap   total 106496K, used 31480K [0x00000000c0000000, 0x0000000100000000)
  region size 1024K, 0 young (0K), 0 survivors (0K)
 Metaspace       used 63215K, committed 63680K, reserved 1114112K
  class space    used 7762K, committed 8000K, reserved 1048576K
}
Event: 34546.651 GC heap before
{Heap before GC invocations=3368 (full 3336):
 garbage-first heap   total 106496K, used 31480K [0x00000000c0000000, 0x0000000100000000)
  region size 1024K, 1 young (1024K), 0 survivors (0K)
 Metaspace       used 63215K, committed 63680K, reserved 1114112K
  class space    used 7762K, committed 8000K, reserved 1048576K
}
Event: 34546.681 GC heap after
{Heap after GC invocations=3369 (full 3337):
 garbage-first heap   total 106496K, used 31480K [0x00000000c0000000, 0x0000000100000000)
  region size 1024K, 0 young (0K), 0 survivors (0K)
 Metaspace       used 63215K, committed 63680K, reserved 1114112K
  class space    used 7762K, committed 8000K, reserved 1048576K
}
Event: 34556.838 GC heap before
{Heap before GC invocations=3369 (full 3337):
 garbage-first heap   total 106496K, used 31480K [0x00000000c0000000, 0x0000000100000000)
  region size 1024K, 1 young (1024K), 0 survivors (0K)
 Metaspace       used 63215K, committed 63680K, reserved 1114112K
  class space    used 7762K, committed 8000K, reserved 1048576K
}
Event: 34556.869 GC heap after
{Heap after GC invocations=3370 (full 3338):
 garbage-first heap   total 106496K, used 31480K [0x00000000c0000000, 0x0000000100000000)
  region size 1024K, 0 young (0K), 0 survivors (0K)
 Metaspace       used 63215K, committed 63680K, reserved 1114112K
  class space    used 7762K, committed 8000K, reserved 1048576K
}
Event: 34567.017 GC heap before
{Heap before GC invocations=3370 (full 3338):
 garbage-first heap   total 106496K, used 31480K [0x00000000c0000000, 0x0000000100000000)
  region size 1024K, 1 young (1024K), 0 survivors (0K)
 Metaspace       used 63215K, committed 63680K, reserved 1114112K
  class space    used 7762K, committed 8000K, reserved 1048576K
}
Event: 34567.047 GC heap after
{Heap after GC invocations=3371 (full 3339):
 garbage-first heap   total 106496K, used 31480K [0x00000000c0000000, 0x0000000100000000)
  region size 1024K, 0 young (0K), 0 survivors (0K)
 Metaspace       used 63215K, committed 63680K, reserved 1114112K
  class space    used 7762K, committed 8000K, reserved 1048576K
}
Event: 34577.195 GC heap before
{Heap before GC invocations=3371 (full 3339):
 garbage-first heap   total 106496K, used 31480K [0x00000000c0000000, 0x0000000100000000)
  region size 1024K, 1 young (1024K), 0 survivors (0K)
 Metaspace       used 63215K, committed 63680K, reserved 1114112K
  class space    used 7762K, committed 8000K, reserved 1048576K
}
Event: 34577.226 GC heap after
{Heap after GC invocations=3372 (full 3340):
 garbage-first heap   total 106496K, used 31480K [0x00000000c0000000, 0x0000000100000000)
  region size 1024K, 0 young (0K), 0 survivors (0K)
 Metaspace       used 63215K, committed 63680K, reserved 1114112K
  class space    used 7762K, committed 8000K, reserved 1048576K
}
Event: 34587.391 GC heap before
{Heap before GC invocations=3372 (full 3340):
 garbage-first heap   total 106496K, used 31480K [0x00000000c0000000, 0x0000000100000000)
  region size 1024K, 1 young (1024K), 0 survivors (0K)
 Metaspace       used 63215K, committed 63680K, reserved 1114112K
  class space    used 7762K, committed 8000K, reserved 1048576K
}
Event: 34587.421 GC heap after
{Heap after GC invocations=3373 (full 3341):
 garbage-first heap   total 106496K, used 31480K [0x00000000c0000000, 0x0000000100000000)
  region size 1024K, 0 young (0K), 0 survivors (0K)
 Metaspace       used 63215K, committed 63680K, reserved 1114112K
  class space    used 7762K, committed 8000K, reserved 1048576K
}
Event: 34597.580 GC heap before
{Heap before GC invocations=3373 (full 3341):
 garbage-first heap   total 106496K, used 31480K [0x00000000c0000000, 0x0000000100000000)
  region size 1024K, 1 young (1024K), 0 survivors (0K)
 Metaspace       used 63215K, committed 63680K, reserved 1114112K
  class space    used 7762K, committed 8000K, reserved 1048576K
}
Event: 34597.610 GC heap after
{Heap after GC invocations=3374 (full 3342):
 garbage-first heap   total 106496K, used 31480K [0x00000000c0000000, 0x0000000100000000)
  region size 1024K, 0 young (0K), 0 survivors (0K)
 Metaspace       used 63215K, committed 63680K, reserved 1114112K
  class space    used 7762K, committed 8000K, reserved 1048576K
}
Event: 34607.776 GC heap before
{Heap before GC invocations=3374 (full 3342):
 garbage-first heap   total 106496K, used 31480K [0x00000000c0000000, 0x0000000100000000)
  region size 1024K, 1 young (1024K), 0 survivors (0K)
 Metaspace       used 63215K, committed 63680K, reserved 1114112K
  class space    used 7762K, committed 8000K, reserved 1048576K
}
Event: 34607.806 GC heap after
{Heap after GC invocations=3375 (full 3343):
 garbage-first heap   total 106496K, used 31480K [0x00000000c0000000, 0x0000000100000000)
  region size 1024K, 0 young (0K), 0 survivors (0K)
 Metaspace       used 63215K, committed 63680K, reserved 1114112K
  class space    used 7762K, committed 8000K, reserved 1048576K
}
Event: 34617.972 GC heap before
{Heap before GC invocations=3375 (full 3343):
 garbage-first heap   total 106496K, used 31480K [0x00000000c0000000, 0x0000000100000000)
  region size 1024K, 1 young (1024K), 0 survivors (0K)
 Metaspace       used 63215K, committed 63680K, reserved 1114112K
  class space    used 7762K, committed 8000K, reserved 1048576K
}
Event: 34618.004 GC heap after
{Heap after GC invocations=3376 (full 3344):
 garbage-first heap   total 106496K, used 31480K [0x00000000c0000000, 0x0000000100000000)
  region size 1024K, 0 young (0K), 0 survivors (0K)
 Metaspace       used 63215K, committed 63680K, reserved 1114112K
  class space    used 7762K, committed 8000K, reserved 1048576K
}
Event: 34638.237 GC heap before
{Heap before GC invocations=3376 (full 3344):
 garbage-first heap   total 106496K, used 31480K [0x00000000c0000000, 0x0000000100000000)
  region size 1024K, 1 young (1024K), 0 survivors (0K)
 Metaspace       used 63215K, committed 63680K, reserved 1114112K
  class space    used 7762K, committed 8000K, reserved 1048576K
}
Event: 34638.270 GC heap after
{Heap after GC invocations=3377 (full 3345):
 garbage-first heap   total 106496K, used 31481K [0x00000000c0000000, 0x0000000100000000)
  region size 1024K, 0 young (0K), 0 survivors (0K)
 Metaspace       used 63215K, committed 63680K, reserved 1114112K
  class space    used 7762K, committed 8000K, reserved 1048576K
}

Dll operation events (11 events):
Event: 0.009 Loaded shared library c:\Users\Nei\.vscode\extensions\redhat.java-1.33.0-win32-x64\jre\17.0.11-win32-x86_64\bin\java.dll
Event: 1.160 Loaded shared library C:\Users\Nei\.vscode\extensions\redhat.java-1.33.0-win32-x64\jre\17.0.11-win32-x86_64\bin\net.dll
Event: 1.166 Loaded shared library C:\Users\Nei\.vscode\extensions\redhat.java-1.33.0-win32-x64\jre\17.0.11-win32-x86_64\bin\nio.dll
Event: 2.410 Loaded shared library C:\Users\Nei\.vscode\extensions\redhat.java-1.33.0-win32-x64\jre\17.0.11-win32-x86_64\bin\zip.dll
Event: 15.565 Loaded shared library C:\Users\Nei\.vscode\extensions\redhat.java-1.33.0-win32-x64\jre\17.0.11-win32-x86_64\bin\jimage.dll
Event: 19.339 Loaded shared library c:\Users\Nei\.vscode\extensions\redhat.java-1.33.0-win32-x64\jre\17.0.11-win32-x86_64\bin\verify.dll
Event: 34.030 Loaded shared library C:\Users\Nei\.vscode\extensions\redhat.java-1.33.0-win32-x64\jre\17.0.11-win32-x86_64\bin\management.dll
Event: 34.041 Loaded shared library C:\Users\Nei\.vscode\extensions\redhat.java-1.33.0-win32-x64\jre\17.0.11-win32-x86_64\bin\management_ext.dll
Event: 35.951 Loaded shared library C:\Users\Nei\.vscode\extensions\redhat.java-1.33.0-win32-x64\jre\17.0.11-win32-x86_64\bin\sunmscapi.dll
Event: 36.516 Loaded shared library C:\Users\Nei\.vscode\extensions\redhat.java-1.33.0-win32-x64\jre\17.0.11-win32-x86_64\bin\extnet.dll
Event: 18052.804 Loaded shared library C:\Users\Nei\.vscode\extensions\redhat.java-1.33.0-win32-x64\jre\17.0.11-win32-x86_64\bin\rmi.dll

Deoptimization events (20 events):
Event: 34.757 Thread 0x000001e2960c3930 DEOPT PACKING pc=0x000001e28891c317 sp=0x0000009fc18feec0
Event: 34.757 Thread 0x000001e2960c3930 DEOPT UNPACKING pc=0x000001e288437143 sp=0x0000009fc18fe318 mode 3
Event: 35.643 Thread 0x000001e29655cb10 DEOPT PACKING pc=0x000001e288aec314 sp=0x0000009fc28fedb0
Event: 35.643 Thread 0x000001e29655cb10 DEOPT UNPACKING pc=0x000001e288437143 sp=0x0000009fc28fe280 mode 0
Event: 35.677 Thread 0x000001e296478550 DEOPT PACKING pc=0x000001e28862ebd4 sp=0x0000009fc17feec0
Event: 35.677 Thread 0x000001e296478550 DEOPT UNPACKING pc=0x000001e288437143 sp=0x0000009fc17fe368 mode 0
Event: 36.166 Thread 0x000001e2965560c0 DEOPT PACKING pc=0x000001e288574d8c sp=0x0000009fc32fa980
Event: 36.166 Thread 0x000001e2965560c0 DEOPT UNPACKING pc=0x000001e288437143 sp=0x0000009fc32f9e48 mode 0
Event: 53.763 Thread 0x000001e29655cb10 DEOPT PACKING pc=0x000001e288c08c8c sp=0x0000009fc28fe1e0
Event: 53.763 Thread 0x000001e29655cb10 DEOPT UNPACKING pc=0x000001e288437143 sp=0x0000009fc28fd748 mode 0
Event: 53.763 Thread 0x000001e29655cb10 DEOPT PACKING pc=0x000001e288c5a7cc sp=0x0000009fc28fe310
Event: 53.763 Thread 0x000001e29655cb10 DEOPT UNPACKING pc=0x000001e288437143 sp=0x0000009fc28fd7f0 mode 0
Event: 53.763 Thread 0x000001e29655cb10 DEOPT PACKING pc=0x000001e288c08c8c sp=0x0000009fc28fe440
Event: 53.763 Thread 0x000001e29655cb10 DEOPT UNPACKING pc=0x000001e288437143 sp=0x0000009fc28fd9a8 mode 0
Event: 53.763 Thread 0x000001e29655cb10 DEOPT PACKING pc=0x000001e288c5a7cc sp=0x0000009fc28fe570
Event: 53.764 Thread 0x000001e29655cb10 DEOPT UNPACKING pc=0x000001e288437143 sp=0x0000009fc28fda68 mode 0
Event: 53.765 Thread 0x000001e29655cb10 DEOPT PACKING pc=0x000001e288c08c8c sp=0x0000009fc28fe8e0
Event: 53.765 Thread 0x000001e29655cb10 DEOPT UNPACKING pc=0x000001e288437143 sp=0x0000009fc28fde48 mode 0
Event: 53.765 Thread 0x000001e29655cb10 DEOPT PACKING pc=0x000001e288c5a7cc sp=0x0000009fc28fea10
Event: 53.765 Thread 0x000001e29655cb10 DEOPT UNPACKING pc=0x000001e288437143 sp=0x0000009fc28fdf08 mode 0

Classes unloaded (20 events):
Event: 18392.823 Thread 0x000001e290451ad0 Unloading class 0x000000010008c000 'jdk/internal/reflect/GeneratedSerializationConstructorAccessor63'
Event: 18392.823 Thread 0x000001e290451ad0 Unloading class 0x000000010008d400 'jdk/internal/reflect/GeneratedSerializationConstructorAccessor62'
Event: 18392.823 Thread 0x000001e290451ad0 Unloading class 0x000000010008e800 'jdk/internal/reflect/GeneratedSerializationConstructorAccessor61'
Event: 18392.823 Thread 0x000001e290451ad0 Unloading class 0x0000000100094400 'jdk/internal/reflect/GeneratedSerializationConstructorAccessor60'
Event: 18392.823 Thread 0x000001e290451ad0 Unloading class 0x0000000100096000 'jdk/internal/reflect/GeneratedSerializationConstructorAccessor59'
Event: 18392.823 Thread 0x000001e290451ad0 Unloading class 0x00000001003bc800 'jdk/internal/reflect/GeneratedSerializationConstructorAccessor58'
Event: 18392.823 Thread 0x000001e290451ad0 Unloading class 0x0000000100598400 'jdk/internal/reflect/GeneratedSerializationConstructorAccessor57'
Event: 18392.823 Thread 0x000001e290451ad0 Unloading class 0x000000010008c800 'jdk/internal/reflect/GeneratedSerializationConstructorAccessor56'
Event: 26124.915 Thread 0x000001e290451ad0 Unloading class 0x000000010008dc00 'java/lang/invoke/LambdaForm$MH+0x000000010008dc00'
Event: 26124.915 Thread 0x000001e290451ad0 Unloading class 0x00000001003ab400 'java/lang/invoke/LambdaForm$MH+0x00000001003ab400'
Event: 26124.915 Thread 0x000001e290451ad0 Unloading class 0x00000001003ac400 'java/lang/invoke/LambdaForm$MH+0x00000001003ac400'
Event: 26124.915 Thread 0x000001e290451ad0 Unloading class 0x000000010008bc00 'java/lang/invoke/LambdaForm$MH+0x000000010008bc00'
Event: 26124.915 Thread 0x000001e290451ad0 Unloading class 0x000000010063a400 'java/lang/invoke/LambdaForm$MH+0x000000010063a400'
Event: 26124.915 Thread 0x000001e290451ad0 Unloading class 0x00000001005a5800 'java/lang/invoke/LambdaForm$MH+0x00000001005a5800'
Event: 26124.915 Thread 0x000001e290451ad0 Unloading class 0x00000001005a4800 'java/lang/invoke/LambdaForm$MH+0x00000001005a4800'
Event: 26124.915 Thread 0x000001e290451ad0 Unloading class 0x0000000100598800 'java/lang/invoke/LambdaForm$MH+0x0000000100598800'
Event: 26124.915 Thread 0x000001e290451ad0 Unloading class 0x0000000100554000 'java/lang/invoke/LambdaForm$MH+0x0000000100554000'
Event: 26124.915 Thread 0x000001e290451ad0 Unloading class 0x0000000100436000 'java/lang/invoke/LambdaForm$MH+0x0000000100436000'
Event: 26124.915 Thread 0x000001e290451ad0 Unloading class 0x0000000100410000 'java/lang/invoke/LambdaForm$MH+0x0000000100410000'
Event: 26124.915 Thread 0x000001e290451ad0 Unloading class 0x00000001003b1c00 'java/lang/invoke/LambdaForm$MH+0x00000001003b1c00'

Classes redefined (0 events):
No events

Internal exceptions (20 events):
Event: 18423.728 Thread 0x000001e2972233d0 Exception <a 'java/net/ConnectException'{0x00000000c670dd88}: Connection refused: connect> (0x00000000c670dd88) 
thrown [s\src\hotspot\share\prims\jni.cpp, line 535]
Event: 18423.728 Thread 0x000001e2972233d0 Exception <a 'java/net/SocketException'{0x00000000c670e0c0}: Socket is not connected: shutdown> (0x00000000c670e0c0) 
thrown [s\src\hotspot\share\prims\jni.cpp, line 535]
Event: 18423.728 Thread 0x000001e2972233d0 Exception <a 'java/net/ConnectException'{0x00000000c670ec58}: Connection refused: connect> (0x00000000c670ec58) 
thrown [s\src\hotspot\share\prims\jni.cpp, line 535]
Event: 18423.728 Thread 0x000001e2972233d0 Exception <a 'java/net/SocketException'{0x00000000c670ef90}: Socket is not connected: shutdown> (0x00000000c670ef90) 
thrown [s\src\hotspot\share\prims\jni.cpp, line 535]
Event: 18423.731 Thread 0x000001e2972233d0 Exception <a 'java/net/ConnectException'{0x00000000c670fb38}: Connection refused: connect> (0x00000000c670fb38) 
thrown [s\src\hotspot\share\prims\jni.cpp, line 535]
Event: 18423.731 Thread 0x000001e2972233d0 Exception <a 'java/net/SocketException'{0x00000000c670fe70}: Socket is not connected: shutdown> (0x00000000c670fe70) 
thrown [s\src\hotspot\share\prims\jni.cpp, line 535]
Event: 18423.732 Thread 0x000001e2972233d0 Exception <a 'java/net/ConnectException'{0x00000000c6710a08}: Connection refused: connect> (0x00000000c6710a08) 
thrown [s\src\hotspot\share\prims\jni.cpp, line 535]
Event: 18423.732 Thread 0x000001e2972233d0 Exception <a 'java/net/SocketException'{0x00000000c6710d40}: Socket is not connected: shutdown> (0x00000000c6710d40) 
thrown [s\src\hotspot\share\prims\jni.cpp, line 535]
Event: 18424.743 Thread 0x000001e2972233d0 Exception <a 'java/net/ConnectException'{0x00000000c67118e8}: Connection refused: connect> (0x00000000c67118e8) 
thrown [s\src\hotspot\share\prims\jni.cpp, line 535]
Event: 18424.743 Thread 0x000001e2972233d0 Exception <a 'java/net/SocketException'{0x00000000c6711c20}: Socket is not connected: shutdown> (0x00000000c6711c20) 
thrown [s\src\hotspot\share\prims\jni.cpp, line 535]
Event: 18424.744 Thread 0x000001e2972233d0 Exception <a 'java/net/ConnectException'{0x00000000c67127b8}: Connection refused: connect> (0x00000000c67127b8) 
thrown [s\src\hotspot\share\prims\jni.cpp, line 535]
Event: 18424.744 Thread 0x000001e2972233d0 Exception <a 'java/net/SocketException'{0x00000000c6712af0}: Socket is not connected: shutdown> (0x00000000c6712af0) 
thrown [s\src\hotspot\share\prims\jni.cpp, line 535]
Event: 18426.745 Thread 0x000001e2972233d0 Exception <a 'java/net/ConnectException'{0x00000000c6713698}: Connection refused: connect> (0x00000000c6713698) 
thrown [s\src\hotspot\share\prims\jni.cpp, line 535]
Event: 18426.745 Thread 0x000001e2972233d0 Exception <a 'java/net/SocketException'{0x00000000c67139d0}: Socket is not connected: shutdown> (0x00000000c67139d0) 
thrown [s\src\hotspot\share\prims\jni.cpp, line 535]
Event: 18426.745 Thread 0x000001e2972233d0 Exception <a 'java/net/ConnectException'{0x00000000c6714568}: Connection refused: connect> (0x00000000c6714568) 
thrown [s\src\hotspot\share\prims\jni.cpp, line 535]
Event: 18426.745 Thread 0x000001e2972233d0 Exception <a 'java/net/SocketException'{0x00000000c67148a0}: Socket is not connected: shutdown> (0x00000000c67148a0) 
thrown [s\src\hotspot\share\prims\jni.cpp, line 535]
Event: 25980.445 Thread 0x000001e296478550 Exception <a 'java/lang/NoSuchMethodError'{0x00000000c67cac30}: 'java.lang.Object java.lang.invoke.DirectMethodHandle$Holder.invokeStatic(java.lang.Object, java.lang.Object, java.lang.Object, int, java.lang.Object, java.lang.Object)'> (0x00000000c67cac30) 
thrown [s\src\hotspot\share\interpreter\linkResolver.cpp, line 759]
Event: 26131.863 Thread 0x000001e2960c3930 Exception <a 'sun/nio/fs/WindowsException'{0x00000000c660bfb8}> (0x00000000c660bfb8) 
thrown [s\src\hotspot\share\prims\jni.cpp, line 516]
Event: 26131.864 Thread 0x000001e2960c3930 Exception <a 'sun/nio/fs/WindowsException'{0x00000000c660c688}> (0x00000000c660c688) 
thrown [s\src\hotspot\share\prims\jni.cpp, line 516]
Event: 34628.042 Thread 0x000001e29572f390 Exception <a 'java/io/IOException'{0x00000000c6700630}: CreateProcess error=1455, Le fichier de pagination est insuffisant pour terminer cette opération> (0x00000000c6700630) 
thrown [s\src\hotspot\share\prims\jni.cpp, line 535]

VM Operations (20 events):
Event: 34546.681 Executing VM operation: G1CollectFull done
Event: 34556.838 Executing VM operation: G1CollectFull
Event: 34556.869 Executing VM operation: G1CollectFull done
Event: 34567.017 Executing VM operation: G1CollectFull
Event: 34567.047 Executing VM operation: G1CollectFull done
Event: 34577.195 Executing VM operation: G1CollectFull
Event: 34577.226 Executing VM operation: G1CollectFull done
Event: 34587.391 Executing VM operation: G1CollectFull
Event: 34587.421 Executing VM operation: G1CollectFull done
Event: 34597.580 Executing VM operation: G1CollectFull
Event: 34597.610 Executing VM operation: G1CollectFull done
Event: 34607.776 Executing VM operation: G1CollectFull
Event: 34607.806 Executing VM operation: G1CollectFull done
Event: 34617.972 Executing VM operation: G1CollectFull
Event: 34618.004 Executing VM operation: G1CollectFull done
Event: 34628.081 Executing VM operation: Cleanup
Event: 34628.081 Executing VM operation: Cleanup done
Event: 34638.237 Executing VM operation: G1CollectFull
Event: 34638.270 Executing VM operation: G1CollectFull done
Event: 34648.368 Executing VM operation: G1CollectFull

Events (20 events):
Event: 25981.111 loading class org/w3c/dom/Entity
Event: 25981.111 loading class org/w3c/dom/Entity done
Event: 25981.126 loading class org/w3c/dom/NodeList
Event: 25981.126 loading class org/w3c/dom/NodeList done
Event: 25981.126 loading class org/w3c/dom/NamedNodeMap
Event: 25981.126 loading class org/w3c/dom/NamedNodeMap done
Event: 25981.127 loading class org/w3c/dom/Attr
Event: 25981.127 loading class org/w3c/dom/Attr done
Event: 25981.136 Thread 0x000001e2972238e0 Thread added: 0x000001e2972238e0
Event: 26040.737 Thread 0x000001e297221570 Thread exited: 0x000001e297221570
Event: 26040.782 Thread 0x000001e297227ab0 Thread exited: 0x000001e297227ab0
Event: 26069.647 Thread 0x000001e29064fed0 Thread added: 0x000001e29064fed0
Event: 26069.647 Thread 0x000001e296f36210 Thread added: 0x000001e296f36210
Event: 26075.311 Thread 0x000001e2972233d0 Thread exited: 0x000001e2972233d0
Event: 26075.866 Thread 0x000001e2972224a0 Thread exited: 0x000001e2972224a0
Event: 26076.866 Thread 0x000001e296f36210 Thread exited: 0x000001e296f36210
Event: 26081.864 Thread 0x000001e29064fed0 Thread exited: 0x000001e29064fed0
Event: 26127.450 Thread 0x000001e297227ab0 Thread added: 0x000001e297227ab0
Event: 26187.743 Thread 0x000001e297227ab0 Thread exited: 0x000001e297227ab0
Event: 26207.360 Thread 0x000001e297222ec0 Thread exited: 0x000001e297222ec0


Dynamic libraries:
0x00007ff667c70000 - 0x00007ff667c7e000 	c:\Users\Nei\.vscode\extensions\redhat.java-1.33.0-win32-x64\jre\17.0.11-win32-x86_64\bin\java.exe
0x00007ff9eacb0000 - 0x00007ff9eaea8000 	C:\WINDOWS\SYSTEM32\ntdll.dll
0x00007ff9ea9f0000 - 0x00007ff9eaab1000 	C:\WINDOWS\System32\KERNEL32.DLL
0x00007ff9e8690000 - 0x00007ff9e8986000 	C:\WINDOWS\System32\KERNELBASE.dll
0x00007ff9e8ab0000 - 0x00007ff9e8bb0000 	C:\WINDOWS\System32\ucrtbase.dll
0x00007ff9de3a0000 - 0x00007ff9de3b7000 	c:\Users\Nei\.vscode\extensions\redhat.java-1.33.0-win32-x64\jre\17.0.11-win32-x86_64\bin\jli.dll
0x00007ff9ea3d0000 - 0x00007ff9ea56f000 	C:\WINDOWS\System32\USER32.dll
0x00007ff9e8cb0000 - 0x00007ff9e8cd2000 	C:\WINDOWS\System32\win32u.dll
0x00007ff9ea270000 - 0x00007ff9ea29b000 	C:\WINDOWS\System32\GDI32.dll
0x00007ff9e8990000 - 0x00007ff9e8aa7000 	C:\WINDOWS\System32\gdi32full.dll
0x00007ff9e8460000 - 0x00007ff9e84fd000 	C:\WINDOWS\System32\msvcp_win.dll
0x00007ff9c94d0000 - 0x00007ff9c94eb000 	c:\Users\Nei\.vscode\extensions\redhat.java-1.33.0-win32-x64\jre\17.0.11-win32-x86_64\bin\VCRUNTIME140.dll
0x00007ff9d46c0000 - 0x00007ff9d495a000 	C:\WINDOWS\WinSxS\amd64_microsoft.windows.common-controls_6595b64144ccf1df_6.0.19041.4355_none_60b8b9eb71f62e16\COMCTL32.dll
0x00007ff9e9fc0000 - 0x00007ff9ea05e000 	C:\WINDOWS\System32\msvcrt.dll
0x00007ff9ea6b0000 - 0x00007ff9ea6df000 	C:\WINDOWS\System32\IMM32.DLL
0x00007ff9e51c0000 - 0x00007ff9e51cc000 	c:\Users\Nei\.vscode\extensions\redhat.java-1.33.0-win32-x64\jre\17.0.11-win32-x86_64\bin\vcruntime140_1.dll
0x00007ff9b6d10000 - 0x00007ff9b6d9d000 	c:\Users\Nei\.vscode\extensions\redhat.java-1.33.0-win32-x64\jre\17.0.11-win32-x86_64\bin\msvcp140.dll
0x00007ff9a49f0000 - 0x00007ff9a5652000 	c:\Users\Nei\.vscode\extensions\redhat.java-1.33.0-win32-x64\jre\17.0.11-win32-x86_64\bin\server\jvm.dll
0x00007ff9ea8d0000 - 0x00007ff9ea980000 	C:\WINDOWS\System32\ADVAPI32.dll
0x00007ff9ea150000 - 0x00007ff9ea1f0000 	C:\WINDOWS\System32\sechost.dll
0x00007ff9e9040000 - 0x00007ff9e9163000 	C:\WINDOWS\System32\RPCRT4.dll
0x00007ff9e8660000 - 0x00007ff9e8687000 	C:\WINDOWS\System32\bcrypt.dll
0x00007ff9e78a0000 - 0x00007ff9e78eb000 	C:\WINDOWS\SYSTEM32\POWRPROF.dll
0x00007ff9d1530000 - 0x00007ff9d1539000 	C:\WINDOWS\SYSTEM32\WSOCK32.dll
0x00007ff9ea980000 - 0x00007ff9ea9eb000 	C:\WINDOWS\System32\WS2_32.dll
0x00007ff9dce00000 - 0x00007ff9dce27000 	C:\WINDOWS\SYSTEM32\WINMM.dll
0x00007ff9e2440000 - 0x00007ff9e244a000 	C:\WINDOWS\SYSTEM32\VERSION.dll
0x00007ff9e7710000 - 0x00007ff9e7722000 	C:\WINDOWS\SYSTEM32\UMPDC.dll
0x00007ff9e60e0000 - 0x00007ff9e60f2000 	C:\WINDOWS\SYSTEM32\kernel.appcore.dll
0x00007ff9dff20000 - 0x00007ff9dff2a000 	c:\Users\Nei\.vscode\extensions\redhat.java-1.33.0-win32-x64\jre\17.0.11-win32-x86_64\bin\jimage.dll
0x00007ff9d1880000 - 0x00007ff9d1a64000 	C:\WINDOWS\SYSTEM32\DBGHELP.DLL
0x00007ff9d0820000 - 0x00007ff9d0854000 	C:\WINDOWS\SYSTEM32\dbgcore.DLL
0x00007ff9e83d0000 - 0x00007ff9e8452000 	C:\WINDOWS\System32\bcryptPrimitives.dll
0x00007ff9ba8b0000 - 0x00007ff9ba8d5000 	c:\Users\Nei\.vscode\extensions\redhat.java-1.33.0-win32-x64\jre\17.0.11-win32-x86_64\bin\java.dll
0x00007ff9ba330000 - 0x00007ff9ba348000 	c:\Users\Nei\.vscode\extensions\redhat.java-1.33.0-win32-x64\jre\17.0.11-win32-x86_64\bin\zip.dll
0x00007ff9e92f0000 - 0x00007ff9e9a5c000 	C:\WINDOWS\System32\SHELL32.dll
0x00007ff9e63c0000 - 0x00007ff9e6b5e000 	C:\WINDOWS\SYSTEM32\windows.storage.dll
0x00007ff9e8ce0000 - 0x00007ff9e9033000 	C:\WINDOWS\System32\combase.dll
0x00007ff9e7ca0000 - 0x00007ff9e7cce000 	C:\WINDOWS\SYSTEM32\Wldp.dll
0x00007ff9e9170000 - 0x00007ff9e923d000 	C:\WINDOWS\System32\OLEAUT32.dll
0x00007ff9ea820000 - 0x00007ff9ea8cd000 	C:\WINDOWS\System32\SHCORE.dll
0x00007ff9ea060000 - 0x00007ff9ea0b5000 	C:\WINDOWS\System32\shlwapi.dll
0x00007ff9e8290000 - 0x00007ff9e82b4000 	C:\WINDOWS\SYSTEM32\profapi.dll
0x00007ff9bb450000 - 0x00007ff9bb469000 	C:\Users\Nei\.vscode\extensions\redhat.java-1.33.0-win32-x64\jre\17.0.11-win32-x86_64\bin\net.dll
0x00007ff9e0cf0000 - 0x00007ff9e0dfa000 	C:\WINDOWS\SYSTEM32\WINHTTP.dll
0x00007ff9e7a80000 - 0x00007ff9e7aea000 	C:\WINDOWS\system32\mswsock.dll
0x00007ff9ba8e0000 - 0x00007ff9ba8f6000 	C:\Users\Nei\.vscode\extensions\redhat.java-1.33.0-win32-x64\jre\17.0.11-win32-x86_64\bin\nio.dll
0x00007ff9d0050000 - 0x00007ff9d0060000 	c:\Users\Nei\.vscode\extensions\redhat.java-1.33.0-win32-x64\jre\17.0.11-win32-x86_64\bin\verify.dll
0x00007ff9e7e40000 - 0x00007ff9e7e58000 	C:\WINDOWS\SYSTEM32\CRYPTSP.dll
0x00007ff9e72f0000 - 0x00007ff9e7324000 	C:\WINDOWS\system32\rsaenh.dll
0x00007ff9e8200000 - 0x00007ff9e822e000 	C:\WINDOWS\SYSTEM32\USERENV.dll
0x00007ff9e7c10000 - 0x00007ff9e7c1c000 	C:\WINDOWS\SYSTEM32\CRYPTBASE.dll
0x00007ff9e7730000 - 0x00007ff9e776b000 	C:\WINDOWS\SYSTEM32\IPHLPAPI.DLL
0x00007ff9e9f50000 - 0x00007ff9e9f58000 	C:\WINDOWS\System32\NSI.dll
0x00007ff9e24d0000 - 0x00007ff9e24e7000 	C:\WINDOWS\SYSTEM32\dhcpcsvc6.DLL
0x00007ff9e2490000 - 0x00007ff9e24ad000 	C:\WINDOWS\SYSTEM32\dhcpcsvc.DLL
0x00007ff9e7780000 - 0x00007ff9e784a000 	C:\WINDOWS\SYSTEM32\DNSAPI.dll
0x00007ff9c8740000 - 0x00007ff9c8749000 	C:\Users\Nei\.vscode\extensions\redhat.java-1.33.0-win32-x64\jre\17.0.11-win32-x86_64\bin\management.dll
0x00007ff9bef70000 - 0x00007ff9bef7b000 	C:\Users\Nei\.vscode\extensions\redhat.java-1.33.0-win32-x64\jre\17.0.11-win32-x86_64\bin\management_ext.dll
0x00007ff9e9a60000 - 0x00007ff9e9a68000 	C:\WINDOWS\System32\PSAPI.DLL
0x00007ff9be7b0000 - 0x00007ff9be7be000 	C:\Users\Nei\.vscode\extensions\redhat.java-1.33.0-win32-x64\jre\17.0.11-win32-x86_64\bin\sunmscapi.dll
0x00007ff9e8500000 - 0x00007ff9e865e000 	C:\WINDOWS\System32\CRYPT32.dll
0x00007ff9e7d10000 - 0x00007ff9e7d39000 	C:\WINDOWS\SYSTEM32\ncrypt.dll
0x00007ff9e7cd0000 - 0x00007ff9e7d0b000 	C:\WINDOWS\SYSTEM32\NTASN1.dll
0x00007ff9d8150000 - 0x00007ff9d815a000 	C:\Windows\System32\rasadhlp.dll
0x00007ff9d7ea0000 - 0x00007ff9d7f20000 	C:\WINDOWS\System32\fwpuclnt.dll
0x00007ff9bba10000 - 0x00007ff9bba19000 	C:\Users\Nei\.vscode\extensions\redhat.java-1.33.0-win32-x64\jre\17.0.11-win32-x86_64\bin\extnet.dll
0x00007ff9cbb80000 - 0x00007ff9cbb97000 	C:\WINDOWS\system32\napinsp.dll
0x00007ff9cb0d0000 - 0x00007ff9cb0eb000 	C:\WINDOWS\system32\pnrpnsp.dll
0x00007ff9c97e0000 - 0x00007ff9c97f5000 	C:\WINDOWS\system32\wshbth.dll
0x00007ff9e4a90000 - 0x00007ff9e4aad000 	C:\WINDOWS\system32\NLAapi.dll
0x00007ff9c97c0000 - 0x00007ff9c97d2000 	C:\WINDOWS\System32\winrnr.dll
0x00007ff9e04c0000 - 0x00007ff9e04c7000 	C:\Users\Nei\.vscode\extensions\redhat.java-1.33.0-win32-x64\jre\17.0.11-win32-x86_64\bin\rmi.dll

dbghelp: loaded successfully - version: 4.0.5 - missing functions: none
symbol engine: initialized successfully - sym options: 0x614 - pdb path: .;c:\Users\Nei\.vscode\extensions\redhat.java-1.33.0-win32-x64\jre\17.0.11-win32-x86_64\bin;C:\WINDOWS\SYSTEM32;C:\WINDOWS\WinSxS\amd64_microsoft.windows.common-controls_6595b64144ccf1df_6.0.19041.4355_none_60b8b9eb71f62e16;c:\Users\Nei\.vscode\extensions\redhat.java-1.33.0-win32-x64\jre\17.0.11-win32-x86_64\bin\server

VM Arguments:
jvm_args: -Xmx1024m -Dsts.lsp.client=vscode -Dsts.log.file=/dev/null -XX:TieredStopAtLevel=1 -Xlog:jni+resolve=off -Dspring.config.location=file:c:\Users\Nei\.vscode\extensions\vmware.vscode-spring-boot-1.56.0\language-server\BOOT-INF\classes\application.properties 
java_command: org.springframework.ide.vscode.boot.app.BootLanguageServerBootApp
java_class_path (initial): c:\Users\Nei\.vscode\extensions\vmware.vscode-spring-boot-1.56.0\language-server\BOOT-INF\classes;c:\Users\Nei\.vscode\extensions\vmware.vscode-spring-boot-1.56.0\language-server\BOOT-INF\lib\annotations-24.1.0.jar;c:\Users\Nei\.vscode\extensions\vmware.vscode-spring-boot-1.56.0\language-server\BOOT-INF\lib\antlr4-runtime-4.13.1.jar;c:\Users\Nei\.vscode\extensions\vmware.vscode-spring-boot-1.56.0\language-server\BOOT-INF\lib\asm-9.7.jar;c:\Users\Nei\.vscode\extensions\vmware.vscode-spring-boot-1.56.0\language-server\BOOT-INF\lib\asm-analysis-9.7.jar;c:\Users\Nei\.vscode\extensions\vmware.vscode-spring-boot-1.56.0\language-server\BOOT-INF\lib\asm-tree-9.7.jar;c:\Users\Nei\.vscode\extensions\vmware.vscode-spring-boot-1.56.0\language-server\BOOT-INF\lib\asm-util-9.7.jar;c:\Users\Nei\.vscode\extensions\vmware.vscode-spring-boot-1.56.0\language-server\BOOT-INF\lib\caffeine-3.1.8.jar;c:\Users\Nei\.vscode\extensions\vmware.vscode-spring-boot-1.56.0\language-server\BOOT-INF\lib\checker-qual-3.12.0.jar;c:\Users\Nei\.vscode\extensions\vmware.vscode-spring-boot-1.56.0\language-server\BOOT-INF\lib\classgraph-4.8.149.jar;c:\Users\Nei\.vscode\extensions\vmware.vscode-spring-boot-1.56.0\language-server\BOOT-INF\lib\commons-codec-1.16.1.jar;c:\Users\Nei\.vscode\extensions\vmware.vscode-spring-boot-1.56.0\language-server\BOOT-INF\lib\commons-compress-1.26.2.jar;c:\Users\Nei\.vscode\extensions\vmware.vscode-spring-boot-1.56.0\language-server\BOOT-INF\lib\commons-io-2.16.1.jar;c:\Users\Nei\.vscode\extensions\vmware.vscode-spring-boot-1.56.0\language-server\BOOT-INF\lib\commons-java-1.56.0-SNAPSHOT.jar;c:\Users\Nei\.vscode\extensions\vmware.vscode-spring-boot-1.56.0\language-server\BOOT-INF\lib\commons-lang3-3.14.0.jar;c:\Users\Nei\.vscode\extensions\vmware.vscode-spring-boot-1.56.0\language-server\BOOT-INF\lib\commons-language-server-1.56.0-SNAPSHOT.jar;c:\Users\Nei\.vscode\extensions\vmware.vscode-spring-boot-1.56.0\language-server\BOOT-INF\lib\commons-ls
Launcher Type: SUN_STANDARD

[Global flags]
     intx CICompilerCount                          = 3                                         {product} {ergonomic}
     uint ConcGCThreads                            = 1                                         {product} {ergonomic}
     uint G1ConcRefinementThreads                  = 4                                         {product} {ergonomic}
   size_t G1HeapRegionSize                         = 1048576                                   {product} {ergonomic}
    uintx GCDrainStackTargetSize                   = 64                                        {product} {ergonomic}
   size_t InitialHeapSize                          = 134217728                                 {product} {ergonomic}
   size_t MarkStackSize                            = 4194304                                   {product} {ergonomic}
   size_t MaxHeapSize                              = 1073741824                                {product} {command line}
   size_t MaxNewSize                               = 643825664                                 {product} {ergonomic}
   size_t MinHeapDeltaBytes                        = 1048576                                   {product} {ergonomic}
   size_t MinHeapSize                              = 8388608                                   {product} {ergonomic}
    uintx NonProfiledCodeHeapSize                  = 0                                      {pd product} {ergonomic}
     bool ProfileInterpreter                       = false                                  {pd product} {command line}
    uintx ProfiledCodeHeapSize                     = 0                                      {pd product} {ergonomic}
   size_t SoftMaxHeapSize                          = 1073741824                             {manageable} {ergonomic}
     intx TieredStopAtLevel                        = 1                                         {product} {command line}
     bool UseCompressedClassPointers               = true                           {product lp64_product} {ergonomic}
     bool UseCompressedOops                        = true                           {product lp64_product} {ergonomic}
     bool UseG1GC                                  = true                                      {product} {ergonomic}
     bool UseLargePagesIndividualAllocation        = false                                  {pd product} {ergonomic}

Logging:
Log output configuration:
 #0: stdout all=warning,jni+resolve=off uptime,level,tags
 #1: stderr all=off uptime,level,tags

Environment Variables:
JAVA_HOME=E:\jdk-17.0.2\
PATH=C:\Program Files (x86)\Intel\iCLS Client\;C:\Program Files\Intel\iCLS Client\;C:\Windows\system32;C:\Windows;C:\Windows\System32\Wbem;C:\Windows\System32\WindowsPowerShell\v1.0\;C:\Program Files\Intel\Intel(R) Management Engine Components\DAL;C:\Program Files\Intel\Intel(R) Management Engine Components\IPT;C:\Program Files (x86)\Intel\Intel(R) Management Engine Components\DAL;C:\Program Files (x86)\Intel\Intel(R) Management Engine Components\IPT;C:\Program Files (x86)\NVIDIA Corporation\PhysX\Common;C:\WINDOWS\system32;C:\WINDOWS;C:\WINDOWS\System32\Wbem;C:\WINDOWS\System32\WindowsPowerShell\v1.0\;C:\WINDOWS\System32\OpenSSH\;E:\jdk-17.0.2\\bin;C:\Program Files\Microsoft SQL Server\130\Tools\Binn\;C:\Program Files\Git\cmd;E:\apache-maven-3.9.5\bin;;C:\Program Files\Docker\Docker\resources\bin;C:\ProgramData\DockerDesktop\version-bin;C:\Users\Nei\AppData\Local\Microsoft\WindowsApps;C:\Users\Nei\AppData\Local\Programs\Microsoft VS Code\bin;C:\Users\Nei\AppData\Local\GitHubDesktop\bin;C:\Program Files\MongoDB\Server\7.0\bin;
USERNAME=Nei
OS=Windows_NT
PROCESSOR_IDENTIFIER=Intel64 Family 6 Model 58 Stepping 9, GenuineIntel
TMP=G:\Systeme\Temp
TEMP=G:\Systeme\Temp



Periodic native trim disabled


---------------  S Y S T E M  ---------------

OS:
 Windows 10 , 64 bit Build 19041 (10.0.19041.4597)
OS uptime: 0 days 11:43 hours
Hyper-V role detected

CPU: total 4 (initial active 4) (4 cores per cpu, 1 threads per core) family 6 model 58 stepping 9 microcode 0x21, cx8, cmov, fxsr, mmx, sse, sse2, sse3, ssse3, sse4.1, sse4.2, popcnt, tsc, tscinvbit, avx, aes, erms, clmul, vzeroupper, clflush, hv
Processor Information for all 4 processors :
  Max Mhz: 3801, Current Mhz: 3801, Mhz Limit: 3801

Memory: 4k page, system-wide physical 8150M (377M free)
TotalPageFile size 16342M (AvailPageFile size 90M)
current process WorkingSet (physical memory assigned to process): 87M, peak: 250M
current process commit charge ("private bytes"): 275M, peak: 422M

vm_info: OpenJDK 64-Bit Server VM (17.0.11+9) for windows-amd64 JRE (17.0.11+9), built on Apr 17 2024 06:07:48 by "admin" with MS VC++ 16.10 / 16.11 (VS2019)

END.
