#
# There is insufficient memory for the Java Runtime Environment to continue.
# Native memory allocation (malloc) failed to allocate 32744 bytes. Error detail: ChunkPool::allocate
# Possible reasons:
#   The system is out of physical RAM or swap space
#   This process is running with CompressedOops enabled, and the Java Heap may be blocking the growth of the native heap
# Possible solutions:
#   Reduce memory load on the system
#   Increase physical memory or swap space
#   Check if swap backing store is full
#   Decrease Java heap size (-Xmx/-Xms)
#   Decrease number of Java threads
#   Decrease Java thread stack sizes (-Xss)
#   Set larger code cache with -XX:ReservedCodeCacheSize=
#   JVM is running with Unscaled Compressed Oops mode in which the Java heap is
#     placed in the first 4GB address space. The Java Heap base address is the
#     maximum limit for the native heap growth. Please use -XX:HeapBaseMinAddress
#     to set the Java Heap base and to place the Java Heap above 4GB virtual address.
# This output file may be truncated or incomplete.
#
#  Out of Memory Error (arena.cpp:79), pid=20776, tid=14040
#
# JRE version: OpenJDK Runtime Environment Temurin-17.0.11+9 (17.0.11+9) (build 17.0.11+9)
# Java VM: OpenJDK 64-Bit Server VM Temurin-17.0.11+9 (17.0.11+9, mixed mode, tiered, compressed oops, compressed class ptrs, g1 gc, windows-amd64)
# No core dump will be written. Minidumps are not enabled by default on client versions of Windows
#

---------------  S U M M A R Y ------------

Command Line: org.springframework.modulith.core.util.ApplicationModulesExporter com.opemclassrom G:\Systeme\Temp\front-com.opemclassrom15432986396240815466json

Host: Intel(R) Core(TM) i5-3570K CPU @ 3.40GHz, 4 cores, 7G,  Windows 10 , 64 bit Build 19041 (10.0.19041.4597)
Time: Mon Jul 29 16:50:04 2024 Paris, Madrid (heure duild 19041 (10.0.19041.4597) elapsed time: 5.123372 seconds (0d 0h 0m 5s)

---------------  T H R E A D  ---------------

Current thread (0x0000024a6557e880):  JavaThread "C1 CompilerThread0" daemon [_thread_in_native, id=14040, stack(0x0000009f2dc00000,0x0000009f2dd00000)]


Current CompileTask:
C1:   5123 2268   !   3       jdk.internal.loader.URLClassPath::check (125 bytes)

Stack: [0x0000009f2dc00000,0x0000009f2dd00000]
Native frames: (J=compiled Java code, j=interpreted, Vv=VM code, C=native code)
V  [jvm.dll+0x67d429]
V  [jvm.dll+0x834b7a]
V  [jvm.dll+0x83663e]
V  [jvm.dll+0x836ca3]
V  [jvm.dll+0x247dbf]
V  [jvm.dll+0xac731]
V  [jvm.dll+0xacb7c]
V  [jvm.dll+0x24a070]
V  [jvm.dll+0x136092]
V  [jvm.dll+0x13563a]
V  [jvm.dll+0x1372f1]
V  [jvm.dll+0x2295cd]
V  [jvm.dll+0x22779c]
V  [jvm.dll+0x7e9d07]
V  [jvm.dll+0x7e410a]
V  [jvm.dll+0x67c315]
C  [ucrtbase.dll+0x21bb2]
C  [KERNEL32.DLL+0x17374]
C  [ntdll.dll+0x4cc91]


---------------  P R O C E S S  ---------------

Threads class SMR info:
_java_thread_list=0x0000024a6b0f5280, length=13, elements={
0x0000024a4c8019a0, 0x0000024a65563740, 0x0000024a65564ea0, 0x0000024a655786e0,
0x0000024a655791b0, 0x0000024a6557bf80, 0x0000024a6557c940, 0x0000024a6557d630,
0x0000024a6557e880, 0x0000024a65743e60, 0x0000024a65841840, 0x0000024a6585d820,
0x0000024a6b6733d0
}

Java Threads: ( => current thread )
  0x0000024a4c8019a0 JavaThread "main" [_thread_in_Java, id=12316, stack(0x0000009f2cd00000,0x0000009f2ce00000)]
  0x0000024a65563740 JavaThread "Reference Handler" daemon [_thread_blocked, id=7644, stack(0x0000009f2d400000,0x0000009f2d500000)]
  0x0000024a65564ea0 JavaThread "Finalizer" daemon [_thread_blocked, id=6284, stack(0x0000009f2d500000,0x0000009f2d600000)]
  0x0000024a655786e0 JavaThread "Signal Dispatcher" daemon [_thread_blocked, id=7888, stack(0x0000009f2d700000,0x0000009f2d800000)]
  0x0000024a655791b0 JavaThread "Attach Listener" daemon [_thread_blocked, id=14108, stack(0x0000009f2d800000,0x0000009f2d900000)]
  0x0000024a6557bf80 JavaThread "Service Thread" daemon [_thread_blocked, id=19408, stack(0x0000009f2d900000,0x0000009f2da00000)]
  0x0000024a6557c940 JavaThread "Monitor Deflation Thread" daemon [_thread_blocked, id=6992, stack(0x0000009f2da00000,0x0000009f2db00000)]
  0x0000024a6557d630 JavaThread "C2 CompilerThread0" daemon [_thread_in_native, id=10800, stack(0x0000009f2db00000,0x0000009f2dc00000)]
=>0x0000024a6557e880 JavaThread "C1 CompilerThread0" daemon [_thread_in_native, id=14040, stack(0x0000009f2dc00000,0x0000009f2dd00000)]
  0x0000024a65743e60 JavaThread "Sweeper thread" daemon [_thread_blocked, id=20612, stack(0x0000009f2dd00000,0x0000009f2de00000)]
  0x0000024a65841840 JavaThread "Notification Thread" daemon [_thread_blocked, id=7196, stack(0x0000009f2de00000,0x0000009f2df00000)]
  0x0000024a6585d820 JavaThread "Common-Cleaner" daemon [_thread_blocked, id=12692, stack(0x0000009f2e000000,0x0000009f2e100000)]
  0x0000024a6b6733d0 JavaThread "C2 CompilerThread1" daemon [_thread_in_native, id=14584, stack(0x0000009f2e100000,0x0000009f2e200000)]

Other Threads:
  0x0000024a6554dca0 VMThread "VM Thread" [stack: 0x0000009f2d300000,0x0000009f2d400000] [id=14452]
  0x0000024a65844140 WatcherThread [stack: 0x0000009f2df00000,0x0000009f2e000000] [id=6344]
  0x0000024a4c85ac70 GCTaskThread "GC Thread#0" [stack: 0x0000009f2ce00000,0x0000009f2cf00000] [id=18228]
  0x0000024a6a8dbfd0 GCTaskThread "GC Thread#1" [stack: 0x0000009f2e200000,0x0000009f2e300000] [id=15652]
  0x0000024a6a775540 GCTaskThread "GC Thread#2" [stack: 0x0000009f2e300000,0x0000009f2e400000] [id=17364]
  0x0000024a6a7c6060 GCTaskThread "GC Thread#3" [stack: 0x0000009f2e400000,0x0000009f2e500000] [id=9916]
  0x0000024a4c86ba80 ConcurrentGCThread "G1 Main Marker" [stack: 0x0000009f2cf00000,0x0000009f2d000000] [id=14260]
  0x0000024a4c86c4a0 ConcurrentGCThread "G1 Conc#0" [stack: 0x0000009f2d000000,0x0000009f2d100000] [id=9956]
  0x0000024a653b64e0 ConcurrentGCThread "G1 Refine#0" [stack: 0x0000009f2d100000,0x0000009f2d200000] [id=17040]
  0x0000024a4c8ad2c0 ConcurrentGCThread "G1 Service" [stack: 0x0000009f2d200000,0x0000009f2d300000] [id=12380]

Threads with active compile tasks:
C2 CompilerThread0     5140 2270       4       com.tngtech.archunit.thirdparty.org.objectweb.asm.signature.SignatureReader::parseType (411 bytes)
C1 CompilerThread0     5140 2268   !   3       jdk.internal.loader.URLClassPath::check (125 bytes)
C2 CompilerThread1     5140 2107 %     4       com.tngtech.archunit.thirdparty.org.objectweb.asm.ClassReader::readCode @ 2036 (5117 bytes)

VM state: not at safepoint (normal execution)

VM Mutex/Monitor currently owned by a thread: None

Heap address: 0x0000000080a00000, size: 2038 MB, Compressed Oops mode: 32-bit

CDS archive(s) not mapped
Compressed class space mapped at: 0x0000000100000000-0x0000000140000000, reserved size: 1073741824
Narrow klass base: 0x0000000000000000, Narrow klass shift: 3, Narrow klass range: 0x140000000

GC Precious Log:
 CPUs: 4 total, 4 available
 Memory: 8150M
 Large Page Support: Disabled
 NUMA Support: Disabled
 Compressed Oops: Enabled (32-bit)
 Heap Region Size: 1M
 Heap Min Capacity: 8M
 Heap Initial Capacity: 128M
 Heap Max Capacity: 2038M
 Pre-touch: Disabled
 Parallel Workers: 4
 Concurrent Workers: 1
 Concurrent Refinement Workers: 4
 Periodic GC: Disabled

Heap:
 garbage-first heap   total 131072K, used 62917K [0x0000000080a00000, 0x0000000100000000)
  region size 1024K, 49 young (50176K), 7 survivors (7168K)
 Metaspace       used 14350K, committed 14528K, reserved 1114112K
  class space    used 1510K, committed 1600K, reserved 1048576K

Heap Regions: E=young(eden), S=young(survivor), O=old, HS=humongous(starts), HC=humongous(continues), CS=collection set, F=free, OA=open archive, CA=closed archive, TAMS=top-at-mark-start (previous, next)
|   0|0x0000000080a00000, 0x0000000080b00000, 0x0000000080b00000|100%| O|  |TAMS 0x0000000080a00000, 0x0000000080a00000| Untracked 
|   1|0x0000000080b00000, 0x0000000080c00000, 0x0000000080c00000|100%| O|  |TAMS 0x0000000080b00000, 0x0000000080b00000| Untracked 
|   2|0x0000000080c00000, 0x0000000080d00000, 0x0000000080d00000|100%| O|  |TAMS 0x0000000080c00000, 0x0000000080c00000| Untracked 
|   3|0x0000000080d00000, 0x0000000080e00000, 0x0000000080e00000|100%| O|  |TAMS 0x0000000080d00000, 0x0000000080d00000| Untracked 
|   4|0x0000000080e00000, 0x0000000080f00000, 0x0000000080f00000|100%| O|  |TAMS 0x0000000080e00000, 0x0000000080e00000| Untracked 
|   5|0x0000000080f00000, 0x0000000081000000, 0x0000000081000000|100%| O|  |TAMS 0x0000000080f00000, 0x0000000080f00000| Untracked 
|   6|0x0000000081000000, 0x0000000081100000, 0x0000000081100000|100%| O|  |TAMS 0x0000000081000000, 0x0000000081000000| Untracked 
|   7|0x0000000081100000, 0x0000000081200000, 0x0000000081200000|100%| O|  |TAMS 0x0000000081100000, 0x0000000081100000| Untracked 
|   8|0x0000000081200000, 0x0000000081300000, 0x0000000081300000|100%| O|  |TAMS 0x0000000081200000, 0x0000000081200000| Untracked 
|   9|0x0000000081300000, 0x0000000081400000, 0x0000000081400000|100%| O|  |TAMS 0x0000000081300000, 0x0000000081300000| Untracked 
|  10|0x0000000081400000, 0x0000000081500000, 0x0000000081500000|100%| O|  |TAMS 0x0000000081400000, 0x0000000081400000| Untracked 
|  11|0x0000000081500000, 0x0000000081600000, 0x0000000081600000|100%| O|  |TAMS 0x0000000081500000, 0x0000000081500000| Untracked 
|  12|0x0000000081600000, 0x0000000081700000, 0x0000000081700000|100%| O|  |TAMS 0x0000000081600000, 0x0000000081600000| Untracked 
|  13|0x0000000081700000, 0x0000000081799c00, 0x0000000081800000| 60%| O|  |TAMS 0x0000000081700000, 0x0000000081700000| Untracked 
|  14|0x0000000081800000, 0x0000000081800000, 0x0000000081900000|  0%| F|  |TAMS 0x0000000081800000, 0x0000000081800000| Untracked 
|  15|0x0000000081900000, 0x0000000081900000, 0x0000000081a00000|  0%| F|  |TAMS 0x0000000081900000, 0x0000000081900000| Untracked 
|  16|0x0000000081a00000, 0x0000000081a00000, 0x0000000081b00000|  0%| F|  |TAMS 0x0000000081a00000, 0x0000000081a00000| Untracked 
|  17|0x0000000081b00000, 0x0000000081b00000, 0x0000000081c00000|  0%| F|  |TAMS 0x0000000081b00000, 0x0000000081b00000| Untracked 
|  18|0x0000000081c00000, 0x0000000081c00000, 0x0000000081d00000|  0%| F|  |TAMS 0x0000000081c00000, 0x0000000081c00000| Untracked 
|  19|0x0000000081d00000, 0x0000000081d00000, 0x0000000081e00000|  0%| F|  |TAMS 0x0000000081d00000, 0x0000000081d00000| Untracked 
|  20|0x0000000081e00000, 0x0000000081e00000, 0x0000000081f00000|  0%| F|  |TAMS 0x0000000081e00000, 0x0000000081e00000| Untracked 
|  21|0x0000000081f00000, 0x0000000081f00000, 0x0000000082000000|  0%| F|  |TAMS 0x0000000081f00000, 0x0000000081f00000| Untracked 
|  22|0x0000000082000000, 0x0000000082000000, 0x0000000082100000|  0%| F|  |TAMS 0x0000000082000000, 0x0000000082000000| Untracked 
|  23|0x0000000082100000, 0x0000000082100000, 0x0000000082200000|  0%| F|  |TAMS 0x0000000082100000, 0x0000000082100000| Untracked 
|  24|0x0000000082200000, 0x0000000082200000, 0x0000000082300000|  0%| F|  |TAMS 0x0000000082200000, 0x0000000082200000| Untracked 
|  25|0x0000000082300000, 0x0000000082300000, 0x0000000082400000|  0%| F|  |TAMS 0x0000000082300000, 0x0000000082300000| Untracked 
|  26|0x0000000082400000, 0x0000000082400000, 0x0000000082500000|  0%| F|  |TAMS 0x0000000082400000, 0x0000000082400000| Untracked 
|  27|0x0000000082500000, 0x0000000082500000, 0x0000000082600000|  0%| F|  |TAMS 0x0000000082500000, 0x0000000082500000| Untracked 
|  28|0x0000000082600000, 0x0000000082600000, 0x0000000082700000|  0%| F|  |TAMS 0x0000000082600000, 0x0000000082600000| Untracked 
|  29|0x0000000082700000, 0x0000000082700000, 0x0000000082800000|  0%| F|  |TAMS 0x0000000082700000, 0x0000000082700000| Untracked 
|  30|0x0000000082800000, 0x0000000082800000, 0x0000000082900000|  0%| F|  |TAMS 0x0000000082800000, 0x0000000082800000| Untracked 
|  31|0x0000000082900000, 0x0000000082900000, 0x0000000082a00000|  0%| F|  |TAMS 0x0000000082900000, 0x0000000082900000| Untracked 
|  32|0x0000000082a00000, 0x0000000082a00000, 0x0000000082b00000|  0%| F|  |TAMS 0x0000000082a00000, 0x0000000082a00000| Untracked 
|  33|0x0000000082b00000, 0x0000000082b00000, 0x0000000082c00000|  0%| F|  |TAMS 0x0000000082b00000, 0x0000000082b00000| Untracked 
|  34|0x0000000082c00000, 0x0000000082c00000, 0x0000000082d00000|  0%| F|  |TAMS 0x0000000082c00000, 0x0000000082c00000| Untracked 
|  35|0x0000000082d00000, 0x0000000082d00000, 0x0000000082e00000|  0%| F|  |TAMS 0x0000000082d00000, 0x0000000082d00000| Untracked 
|  36|0x0000000082e00000, 0x0000000082e00000, 0x0000000082f00000|  0%| F|  |TAMS 0x0000000082e00000, 0x0000000082e00000| Untracked 
|  37|0x0000000082f00000, 0x0000000082f00000, 0x0000000083000000|  0%| F|  |TAMS 0x0000000082f00000, 0x0000000082f00000| Untracked 
|  38|0x0000000083000000, 0x0000000083000000, 0x0000000083100000|  0%| F|  |TAMS 0x0000000083000000, 0x0000000083000000| Untracked 
|  39|0x0000000083100000, 0x0000000083100000, 0x0000000083200000|  0%| F|  |TAMS 0x0000000083100000, 0x0000000083100000| Untracked 
|  40|0x0000000083200000, 0x0000000083200000, 0x0000000083300000|  0%| F|  |TAMS 0x0000000083200000, 0x0000000083200000| Untracked 
|  41|0x0000000083300000, 0x0000000083300000, 0x0000000083400000|  0%| F|  |TAMS 0x0000000083300000, 0x0000000083300000| Untracked 
|  42|0x0000000083400000, 0x0000000083400000, 0x0000000083500000|  0%| F|  |TAMS 0x0000000083400000, 0x0000000083400000| Untracked 
|  43|0x0000000083500000, 0x0000000083500000, 0x0000000083600000|  0%| F|  |TAMS 0x0000000083500000, 0x0000000083500000| Untracked 
|  44|0x0000000083600000, 0x0000000083600000, 0x0000000083700000|  0%| F|  |TAMS 0x0000000083600000, 0x0000000083600000| Untracked 
|  45|0x0000000083700000, 0x0000000083700000, 0x0000000083800000|  0%| F|  |TAMS 0x0000000083700000, 0x0000000083700000| Untracked 
|  46|0x0000000083800000, 0x0000000083800000, 0x0000000083900000|  0%| F|  |TAMS 0x0000000083800000, 0x0000000083800000| Untracked 
|  47|0x0000000083900000, 0x0000000083900000, 0x0000000083a00000|  0%| F|  |TAMS 0x0000000083900000, 0x0000000083900000| Untracked 
|  48|0x0000000083a00000, 0x0000000083a00000, 0x0000000083b00000|  0%| F|  |TAMS 0x0000000083a00000, 0x0000000083a00000| Untracked 
|  49|0x0000000083b00000, 0x0000000083b00000, 0x0000000083c00000|  0%| F|  |TAMS 0x0000000083b00000, 0x0000000083b00000| Untracked 
|  50|0x0000000083c00000, 0x0000000083c00000, 0x0000000083d00000|  0%| F|  |TAMS 0x0000000083c00000, 0x0000000083c00000| Untracked 
|  51|0x0000000083d00000, 0x0000000083d00000, 0x0000000083e00000|  0%| F|  |TAMS 0x0000000083d00000, 0x0000000083d00000| Untracked 
|  52|0x0000000083e00000, 0x0000000083e00000, 0x0000000083f00000|  0%| F|  |TAMS 0x0000000083e00000, 0x0000000083e00000| Untracked 
|  53|0x0000000083f00000, 0x0000000083fd7940, 0x0000000084000000| 84%| S|CS|TAMS 0x0000000083f00000, 0x0000000083f00000| Complete 
|  54|0x0000000084000000, 0x0000000084100000, 0x0000000084100000|100%| S|CS|TAMS 0x0000000084000000, 0x0000000084000000| Complete 
|  55|0x0000000084100000, 0x0000000084200000, 0x0000000084200000|100%| S|CS|TAMS 0x0000000084100000, 0x0000000084100000| Complete 
|  56|0x0000000084200000, 0x0000000084300000, 0x0000000084300000|100%| S|CS|TAMS 0x0000000084200000, 0x0000000084200000| Complete 
|  57|0x0000000084300000, 0x0000000084400000, 0x0000000084400000|100%| S|CS|TAMS 0x0000000084300000, 0x0000000084300000| Complete 
|  58|0x0000000084400000, 0x0000000084500000, 0x0000000084500000|100%| S|CS|TAMS 0x0000000084400000, 0x0000000084400000| Complete 
|  59|0x0000000084500000, 0x0000000084600000, 0x0000000084600000|100%| S|CS|TAMS 0x0000000084500000, 0x0000000084500000| Complete 
|  60|0x0000000084600000, 0x0000000084600000, 0x0000000084700000|  0%| F|  |TAMS 0x0000000084600000, 0x0000000084600000| Untracked 
|  61|0x0000000084700000, 0x0000000084700000, 0x0000000084800000|  0%| F|  |TAMS 0x0000000084700000, 0x0000000084700000| Untracked 
|  62|0x0000000084800000, 0x0000000084800000, 0x0000000084900000|  0%| F|  |TAMS 0x0000000084800000, 0x0000000084800000| Untracked 
|  63|0x0000000084900000, 0x0000000084900000, 0x0000000084a00000|  0%| F|  |TAMS 0x0000000084900000, 0x0000000084900000| Untracked 
|  64|0x0000000084a00000, 0x0000000084a00000, 0x0000000084b00000|  0%| F|  |TAMS 0x0000000084a00000, 0x0000000084a00000| Untracked 
|  65|0x0000000084b00000, 0x0000000084b00000, 0x0000000084c00000|  0%| F|  |TAMS 0x0000000084b00000, 0x0000000084b00000| Untracked 
|  66|0x0000000084c00000, 0x0000000084c00000, 0x0000000084d00000|  0%| F|  |TAMS 0x0000000084c00000, 0x0000000084c00000| Untracked 
|  67|0x0000000084d00000, 0x0000000084d00000, 0x0000000084e00000|  0%| F|  |TAMS 0x0000000084d00000, 0x0000000084d00000| Untracked 
|  68|0x0000000084e00000, 0x0000000084e00000, 0x0000000084f00000|  0%| F|  |TAMS 0x0000000084e00000, 0x0000000084e00000| Untracked 
|  69|0x0000000084f00000, 0x0000000084f00000, 0x0000000085000000|  0%| F|  |TAMS 0x0000000084f00000, 0x0000000084f00000| Untracked 
|  70|0x0000000085000000, 0x0000000085000000, 0x0000000085100000|  0%| F|  |TAMS 0x0000000085000000, 0x0000000085000000| Untracked 
|  71|0x0000000085100000, 0x0000000085100000, 0x0000000085200000|  0%| F|  |TAMS 0x0000000085100000, 0x0000000085100000| Untracked 
|  72|0x0000000085200000, 0x0000000085200000, 0x0000000085300000|  0%| F|  |TAMS 0x0000000085200000, 0x0000000085200000| Untracked 
|  73|0x0000000085300000, 0x0000000085300000, 0x0000000085400000|  0%| F|  |TAMS 0x0000000085300000, 0x0000000085300000| Untracked 
|  74|0x0000000085400000, 0x0000000085400000, 0x0000000085500000|  0%| F|  |TAMS 0x0000000085400000, 0x0000000085400000| Untracked 
|  75|0x0000000085500000, 0x0000000085500000, 0x0000000085600000|  0%| F|  |TAMS 0x0000000085500000, 0x0000000085500000| Untracked 
|  76|0x0000000085600000, 0x0000000085600000, 0x0000000085700000|  0%| F|  |TAMS 0x0000000085600000, 0x0000000085600000| Untracked 
|  77|0x0000000085700000, 0x0000000085700000, 0x0000000085800000|  0%| F|  |TAMS 0x0000000085700000, 0x0000000085700000| Untracked 
|  78|0x0000000085800000, 0x0000000085800000, 0x0000000085900000|  0%| F|  |TAMS 0x0000000085800000, 0x0000000085800000| Untracked 
|  79|0x0000000085900000, 0x0000000085900000, 0x0000000085a00000|  0%| F|  |TAMS 0x0000000085900000, 0x0000000085900000| Untracked 
|  80|0x0000000085a00000, 0x0000000085a00000, 0x0000000085b00000|  0%| F|  |TAMS 0x0000000085a00000, 0x0000000085a00000| Untracked 
|  81|0x0000000085b00000, 0x0000000085b00000, 0x0000000085c00000|  0%| F|  |TAMS 0x0000000085b00000, 0x0000000085b00000| Untracked 
|  82|0x0000000085c00000, 0x0000000085c00000, 0x0000000085d00000|  0%| F|  |TAMS 0x0000000085c00000, 0x0000000085c00000| Untracked 
|  83|0x0000000085d00000, 0x0000000085d00000, 0x0000000085e00000|  0%| F|  |TAMS 0x0000000085d00000, 0x0000000085d00000| Untracked 
|  84|0x0000000085e00000, 0x0000000085e00000, 0x0000000085f00000|  0%| F|  |TAMS 0x0000000085e00000, 0x0000000085e00000| Untracked 
|  85|0x0000000085f00000, 0x0000000085f00000, 0x0000000086000000|  0%| F|  |TAMS 0x0000000085f00000, 0x0000000085f00000| Untracked 
|  86|0x0000000086000000, 0x0000000086100000, 0x0000000086100000|100%| E|  |TAMS 0x0000000086000000, 0x0000000086000000| Complete 
|  87|0x0000000086100000, 0x0000000086200000, 0x0000000086200000|100%| E|CS|TAMS 0x0000000086100000, 0x0000000086100000| Complete 
|  88|0x0000000086200000, 0x0000000086300000, 0x0000000086300000|100%| E|CS|TAMS 0x0000000086200000, 0x0000000086200000| Complete 
|  89|0x0000000086300000, 0x0000000086400000, 0x0000000086400000|100%| E|CS|TAMS 0x0000000086300000, 0x0000000086300000| Complete 
|  90|0x0000000086400000, 0x0000000086500000, 0x0000000086500000|100%| E|CS|TAMS 0x0000000086400000, 0x0000000086400000| Complete 
|  91|0x0000000086500000, 0x0000000086600000, 0x0000000086600000|100%| E|CS|TAMS 0x0000000086500000, 0x0000000086500000| Complete 
|  92|0x0000000086600000, 0x0000000086700000, 0x0000000086700000|100%| E|CS|TAMS 0x0000000086600000, 0x0000000086600000| Complete 
|  93|0x0000000086700000, 0x0000000086800000, 0x0000000086800000|100%| E|CS|TAMS 0x0000000086700000, 0x0000000086700000| Complete 
|  94|0x0000000086800000, 0x0000000086900000, 0x0000000086900000|100%| E|CS|TAMS 0x0000000086800000, 0x0000000086800000| Complete 
|  95|0x0000000086900000, 0x0000000086a00000, 0x0000000086a00000|100%| E|CS|TAMS 0x0000000086900000, 0x0000000086900000| Complete 
|  96|0x0000000086a00000, 0x0000000086b00000, 0x0000000086b00000|100%| E|CS|TAMS 0x0000000086a00000, 0x0000000086a00000| Complete 
|  97|0x0000000086b00000, 0x0000000086c00000, 0x0000000086c00000|100%| E|CS|TAMS 0x0000000086b00000, 0x0000000086b00000| Complete 
|  98|0x0000000086c00000, 0x0000000086d00000, 0x0000000086d00000|100%| E|CS|TAMS 0x0000000086c00000, 0x0000000086c00000| Complete 
|  99|0x0000000086d00000, 0x0000000086e00000, 0x0000000086e00000|100%| E|CS|TAMS 0x0000000086d00000, 0x0000000086d00000| Complete 
| 100|0x0000000086e00000, 0x0000000086f00000, 0x0000000086f00000|100%| E|CS|TAMS 0x0000000086e00000, 0x0000000086e00000| Complete 
| 101|0x0000000086f00000, 0x0000000087000000, 0x0000000087000000|100%| E|CS|TAMS 0x0000000086f00000, 0x0000000086f00000| Complete 
| 102|0x0000000087000000, 0x0000000087100000, 0x0000000087100000|100%| E|CS|TAMS 0x0000000087000000, 0x0000000087000000| Complete 
| 103|0x0000000087100000, 0x0000000087200000, 0x0000000087200000|100%| E|CS|TAMS 0x0000000087100000, 0x0000000087100000| Complete 
| 104|0x0000000087200000, 0x0000000087300000, 0x0000000087300000|100%| E|CS|TAMS 0x0000000087200000, 0x0000000087200000| Complete 
| 105|0x0000000087300000, 0x0000000087400000, 0x0000000087400000|100%| E|CS|TAMS 0x0000000087300000, 0x0000000087300000| Complete 
| 106|0x0000000087400000, 0x0000000087500000, 0x0000000087500000|100%| E|CS|TAMS 0x0000000087400000, 0x0000000087400000| Complete 
| 107|0x0000000087500000, 0x0000000087600000, 0x0000000087600000|100%| E|CS|TAMS 0x0000000087500000, 0x0000000087500000| Complete 
| 108|0x0000000087600000, 0x0000000087700000, 0x0000000087700000|100%| E|CS|TAMS 0x0000000087600000, 0x0000000087600000| Complete 
| 109|0x0000000087700000, 0x0000000087800000, 0x0000000087800000|100%| E|CS|TAMS 0x0000000087700000, 0x0000000087700000| Complete 
| 110|0x0000000087800000, 0x0000000087900000, 0x0000000087900000|100%| E|CS|TAMS 0x0000000087800000, 0x0000000087800000| Complete 
| 111|0x0000000087900000, 0x0000000087a00000, 0x0000000087a00000|100%| E|CS|TAMS 0x0000000087900000, 0x0000000087900000| Complete 
| 112|0x0000000087a00000, 0x0000000087b00000, 0x0000000087b00000|100%| E|CS|TAMS 0x0000000087a00000, 0x0000000087a00000| Complete 
| 113|0x0000000087b00000, 0x0000000087c00000, 0x0000000087c00000|100%| E|CS|TAMS 0x0000000087b00000, 0x0000000087b00000| Complete 
| 114|0x0000000087c00000, 0x0000000087d00000, 0x0000000087d00000|100%| E|CS|TAMS 0x0000000087c00000, 0x0000000087c00000| Complete 
| 115|0x0000000087d00000, 0x0000000087e00000, 0x0000000087e00000|100%| E|CS|TAMS 0x0000000087d00000, 0x0000000087d00000| Complete 
| 116|0x0000000087e00000, 0x0000000087f00000, 0x0000000087f00000|100%| E|CS|TAMS 0x0000000087e00000, 0x0000000087e00000| Complete 
| 117|0x0000000087f00000, 0x0000000088000000, 0x0000000088000000|100%| E|CS|TAMS 0x0000000087f00000, 0x0000000087f00000| Complete 
| 118|0x0000000088000000, 0x0000000088100000, 0x0000000088100000|100%| E|CS|TAMS 0x0000000088000000, 0x0000000088000000| Complete 
| 119|0x0000000088100000, 0x0000000088200000, 0x0000000088200000|100%| E|CS|TAMS 0x0000000088100000, 0x0000000088100000| Complete 
| 120|0x0000000088200000, 0x0000000088300000, 0x0000000088300000|100%| E|CS|TAMS 0x0000000088200000, 0x0000000088200000| Complete 
| 121|0x0000000088300000, 0x0000000088400000, 0x0000000088400000|100%| E|CS|TAMS 0x0000000088300000, 0x0000000088300000| Complete 
| 122|0x0000000088400000, 0x0000000088500000, 0x0000000088500000|100%| E|CS|TAMS 0x0000000088400000, 0x0000000088400000| Complete 
| 123|0x0000000088500000, 0x0000000088600000, 0x0000000088600000|100%| E|CS|TAMS 0x0000000088500000, 0x0000000088500000| Complete 
| 124|0x0000000088600000, 0x0000000088700000, 0x0000000088700000|100%| E|CS|TAMS 0x0000000088600000, 0x0000000088600000| Complete 
| 125|0x0000000088700000, 0x0000000088800000, 0x0000000088800000|100%| E|CS|TAMS 0x0000000088700000, 0x0000000088700000| Complete 
| 126|0x0000000088800000, 0x0000000088900000, 0x0000000088900000|100%| E|CS|TAMS 0x0000000088800000, 0x0000000088800000| Complete 
| 127|0x0000000088900000, 0x0000000088a00000, 0x0000000088a00000|100%| E|CS|TAMS 0x0000000088900000, 0x0000000088900000| Complete 

Card table byte_map: [0x0000024a5e890000,0x0000024a5ec90000] _byte_map_base: 0x0000024a5e48b000

Marking Bits (Prev, Next): (CMBitMap*) 0x0000024a4c85b290, (CMBitMap*) 0x0000024a4c85b2d0
 Prev Bits: [0x0000024a5f090000, 0x0000024a61068000)
 Next Bits: [0x0000024a61070000, 0x0000024a63048000)

Polling page: 0x0000024a4bfb0000

Metaspace:

Usage:
  Non-class:     12.54 MB used.
      Class:      1.47 MB used.
       Both:     14.01 MB used.

Virtual space:
  Non-class space:       64.00 MB reserved,      12.62 MB ( 20%) committed,  1 nodes.
      Class space:        1.00 GB reserved,       1.56 MB ( <1%) committed,  1 nodes.
             Both:        1.06 GB reserved,      14.19 MB (  1%) committed. 

Chunk freelists:
   Non-Class:  3.16 MB
       Class:  14.36 MB
        Both:  17.51 MB

MaxMetaspaceSize: unlimited
CompressedClassSpaceSize: 1.00 GB
Initial GC threshold: 21.00 MB
Current GC threshold: 21.00 MB
CDS: off
MetaspaceReclaimPolicy: balanced
 - commit_granule_bytes: 65536.
 - commit_granule_words: 8192.
 - virtual_space_node_default_size: 8388608.
 - enlarge_chunks_in_place: 1.
 - new_chunks_are_fully_committed: 0.
 - uncommit_free_chunks: 1.
 - use_allocation_guard: 0.
 - handle_deallocations: 1.


Internal statistics:

num_allocs_failed_limit: 0.
num_arena_births: 86.
num_arena_deaths: 0.
num_vsnodes_births: 2.
num_vsnodes_deaths: 0.
num_space_committed: 227.
num_space_uncommitted: 0.
num_chunks_returned_to_freelist: 0.
num_chunks_taken_from_freelist: 317.
num_chunk_merges: 0.
num_chunk_splits: 204.
num_chunks_enlarged: 155.
num_inconsistent_stats: 0.

CodeHeap 'non-profiled nmethods': size=120000Kb used=1096Kb max_used=1096Kb free=118903Kb
 bounds [0x0000024a56f60000, 0x0000024a571d0000, 0x0000024a5e490000]
CodeHeap 'profiled nmethods': size=120000Kb used=4551Kb max_used=4551Kb free=115448Kb
 bounds [0x0000024a4f490000, 0x0000024a4f910000, 0x0000024a569c0000]
CodeHeap 'non-nmethods': size=5760Kb used=1177Kb max_used=1226Kb free=4583Kb
 bounds [0x0000024a569c0000, 0x0000024a56c30000, 0x0000024a56f60000]
 total_blobs=2734 nmethods=2265 adapters=381
 compilation: enabled
              stopped_count=0, restarted_count=0
 full_count=0

Compilation events (20 events):
Event: 5.059 Thread 0x0000024a6557d630 2258       4       java.util.Spliterator::getExactSizeIfKnown (25 bytes)
Event: 5.059 Thread 0x0000024a6557d630 nmethod 2258 0x0000024a57070290 code [0x0000024a57070420, 0x0000024a570704d8]
Event: 5.059 Thread 0x0000024a6557d630 2259       4       java.util.stream.AbstractPipeline::sourceSpliterator (265 bytes)
Event: 5.060 Thread 0x0000024a6557e880 2261       3       java.lang.StringLatin1::toBytes (9 bytes)
Event: 5.060 Thread 0x0000024a6557e880 nmethod 2261 0x0000024a4f8fec10 code [0x0000024a4f8feda0, 0x0000024a4f8fef38]
Event: 5.060 Thread 0x0000024a6557d630 nmethod 2259 0x0000024a57070590 code [0x0000024a57070700, 0x0000024a57070858]
Event: 5.060 Thread 0x0000024a6557d630 2260       4       java.util.stream.AbstractPipeline::evaluate (94 bytes)
Event: 5.061 Thread 0x0000024a6557e880 2262       3       jdk.internal.jimage.ImageStringsReader::stringFromByteBufferMatches (138 bytes)
Event: 5.063 Thread 0x0000024a6557e880 nmethod 2262 0x0000024a4f8ff010 code [0x0000024a4f8ff300, 0x0000024a4f900468]
Event: 5.066 Thread 0x0000024a6557e880 2263       3       com.tngtech.archunit.core.importer.ImportedClasses::ensurePresent (27 bytes)
Event: 5.067 Thread 0x0000024a6557e880 nmethod 2263 0x0000024a4f900c10 code [0x0000024a4f900dc0, 0x0000024a4f901058]
Event: 5.069 Thread 0x0000024a6557e880 2264       3       com.tngtech.archunit.core.domain.JavaClass::getSimpleName (10 bytes)
Event: 5.069 Thread 0x0000024a6557e880 nmethod 2264 0x0000024a4f901190 code [0x0000024a4f901320, 0x0000024a4f9014f8]
Event: 5.070 Thread 0x0000024a6557d630 nmethod 2260 0x0000024a57070990 code [0x0000024a57070b80, 0x0000024a57071188]
Event: 5.070 Thread 0x0000024a6557d630 2265       4       java.nio.Buffer::limit (65 bytes)
Event: 5.071 Thread 0x0000024a6557d630 nmethod 2265 0x0000024a57071810 code [0x0000024a57071980, 0x0000024a57071a78]
Event: 5.121 Thread 0x0000024a6557e880 2266       3       com.tngtech.archunit.thirdparty.com.google.common.collect.ImmutableList::copyIntoArray (36 bytes)
Event: 5.121 Thread 0x0000024a6557e880 nmethod 2266 0x0000024a4f901610 code [0x0000024a4f9017e0, 0x0000024a4f901cd8]
Event: 5.121 Thread 0x0000024a6557d630 2267       4       java.util.HashMap::<init> (98 bytes)
Event: 5.122 Thread 0x0000024a6557e880 2268   !   3       jdk.internal.loader.URLClassPath::check (125 bytes)

GC Heap History (10 events):
Event: 1.092 GC heap before
{Heap before GC invocations=0 (full 0):
 garbage-first heap   total 131072K, used 13312K [0x0000000080a00000, 0x0000000100000000)
  region size 1024K, 13 young (13312K), 0 survivors (0K)
 Metaspace       used 9314K, committed 9472K, reserved 1114112K
  class space    used 922K, committed 1024K, reserved 1048576K
}
Event: 1.102 GC heap after
{Heap after GC invocations=1 (full 0):
 garbage-first heap   total 131072K, used 5899K [0x0000000080a00000, 0x0000000100000000)
  region size 1024K, 2 young (2048K), 2 survivors (2048K)
 Metaspace       used 9314K, committed 9472K, reserved 1114112K
  class space    used 922K, committed 1024K, reserved 1048576K
}
Event: 1.741 GC heap before
{Heap before GC invocations=1 (full 0):
 garbage-first heap   total 131072K, used 16139K [0x0000000080a00000, 0x0000000100000000)
  region size 1024K, 12 young (12288K), 2 survivors (2048K)
 Metaspace       used 11469K, committed 11648K, reserved 1114112K
  class space    used 1192K, committed 1280K, reserved 1048576K
}
Event: 1.744 GC heap after
{Heap after GC invocations=2 (full 0):
 garbage-first heap   total 131072K, used 7153K [0x0000000080a00000, 0x0000000100000000)
  region size 1024K, 2 young (2048K), 2 survivors (2048K)
 Metaspace       used 11469K, committed 11648K, reserved 1114112K
  class space    used 1192K, committed 1280K, reserved 1048576K
}
Event: 2.010 GC heap before
{Heap before GC invocations=2 (full 0):
 garbage-first heap   total 131072K, used 30705K [0x0000000080a00000, 0x0000000100000000)
  region size 1024K, 25 young (25600K), 2 survivors (2048K)
 Metaspace       used 11545K, committed 11712K, reserved 1114112K
  class space    used 1201K, committed 1280K, reserved 1048576K
}
Event: 2.013 GC heap after
{Heap after GC invocations=3 (full 0):
 garbage-first heap   total 131072K, used 8465K [0x0000000080a00000, 0x0000000100000000)
  region size 1024K, 3 young (3072K), 3 survivors (3072K)
 Metaspace       used 11545K, committed 11712K, reserved 1114112K
  class space    used 1201K, committed 1280K, reserved 1048576K
}
Event: 2.516 GC heap before
{Heap before GC invocations=3 (full 0):
 garbage-first heap   total 131072K, used 83217K [0x0000000080a00000, 0x0000000100000000)
  region size 1024K, 76 young (77824K), 3 survivors (3072K)
 Metaspace       used 11694K, committed 11840K, reserved 1114112K
  class space    used 1211K, committed 1280K, reserved 1048576K
}
Event: 2.525 GC heap after
{Heap after GC invocations=4 (full 0):
 garbage-first heap   total 131072K, used 14072K [0x0000000080a00000, 0x0000000100000000)
  region size 1024K, 8 young (8192K), 8 survivors (8192K)
 Metaspace       used 11694K, committed 11840K, reserved 1114112K
  class space    used 1211K, committed 1280K, reserved 1048576K
}
Event: 2.936 GC heap before
{Heap before GC invocations=4 (full 0):
 garbage-first heap   total 131072K, used 83704K [0x0000000080a00000, 0x0000000100000000)
  region size 1024K, 76 young (77824K), 8 survivors (8192K)
 Metaspace       used 11727K, committed 11840K, reserved 1114112K
  class space    used 1211K, committed 1280K, reserved 1048576K
}
Event: 2.948 GC heap after
{Heap after GC invocations=5 (full 0):
 garbage-first heap   total 131072K, used 20933K [0x0000000080a00000, 0x0000000100000000)
  region size 1024K, 7 young (7168K), 7 survivors (7168K)
 Metaspace       used 11727K, committed 11840K, reserved 1114112K
  class space    used 1211K, committed 1280K, reserved 1048576K
}

Dll operation events (6 events):
Event: 0.010 Loaded shared library C:\Users\Nei\.vscode\extensions\redhat.java-1.32.0-win32-x64\jre\17.0.11-win32-x86_64\bin\java.dll
Event: 0.202 Loaded shared library C:\Users\Nei\.vscode\extensions\redhat.java-1.32.0-win32-x64\jre\17.0.11-win32-x86_64\bin\net.dll
Event: 0.204 Loaded shared library C:\Users\Nei\.vscode\extensions\redhat.java-1.32.0-win32-x64\jre\17.0.11-win32-x86_64\bin\nio.dll
Event: 0.210 Loaded shared library C:\Users\Nei\.vscode\extensions\redhat.java-1.32.0-win32-x64\jre\17.0.11-win32-x86_64\bin\zip.dll
Event: 0.775 Loaded shared library C:\Users\Nei\.vscode\extensions\redhat.java-1.32.0-win32-x64\jre\17.0.11-win32-x86_64\bin\jimage.dll
Event: 3.156 Loaded shared library C:\Users\Nei\.vscode\extensions\redhat.java-1.32.0-win32-x64\jre\17.0.11-win32-x86_64\bin\verify.dll

Deoptimization events (20 events):
Event: 3.737 Thread 0x0000024a4c8019a0 Uncommon trap: trap_request=0xffffff45 fr.pc=0x0000024a56fd7a18 relative=0x0000000000000098
Event: 3.737 Thread 0x0000024a4c8019a0 Uncommon trap: reason=unstable_if action=reinterpret pc=0x0000024a56fd7a18 method=java.util.regex.Pattern$LastNode.match(Ljava/util/regex/Matcher;ILjava/lang/CharSequence;)Z @ 5 c2
Event: 3.737 Thread 0x0000024a4c8019a0 DEOPT PACKING pc=0x0000024a56fd7a18 sp=0x0000009f2cdfe5a0
Event: 3.737 Thread 0x0000024a4c8019a0 DEOPT UNPACKING pc=0x0000024a56a169a3 sp=0x0000009f2cdfe518 mode 2
Event: 4.025 Thread 0x0000024a4c8019a0 Uncommon trap: trap_request=0xffffff45 fr.pc=0x0000024a56faeca8 relative=0x0000000000000088
Event: 4.025 Thread 0x0000024a4c8019a0 Uncommon trap: reason=unstable_if action=reinterpret pc=0x0000024a56faeca8 method=sun.net.www.ParseUtil.firstEncodeIndex(Ljava/lang/String;)I @ 73 c2
Event: 4.025 Thread 0x0000024a4c8019a0 DEOPT PACKING pc=0x0000024a56faeca8 sp=0x0000009f2cdfea70
Event: 4.025 Thread 0x0000024a4c8019a0 DEOPT UNPACKING pc=0x0000024a56a169a3 sp=0x0000009f2cdfea00 mode 2
Event: 4.730 Thread 0x0000024a4c8019a0 Uncommon trap: trap_request=0xffffff45 fr.pc=0x0000024a5705fd78 relative=0x0000000000001c38
Event: 4.730 Thread 0x0000024a4c8019a0 Uncommon trap: reason=unstable_if action=reinterpret pc=0x0000024a5705fd78 method=com.tngtech.archunit.thirdparty.org.objectweb.asm.signature.SignatureReader.parseType(Ljava/lang/String;ILcom/tngtech/archunit/thirdparty/org/objectweb/asm/signature/Signatu
Event: 4.730 Thread 0x0000024a4c8019a0 DEOPT PACKING pc=0x0000024a5705fd78 sp=0x0000009f2cdfe680
Event: 4.730 Thread 0x0000024a4c8019a0 DEOPT UNPACKING pc=0x0000024a56a169a3 sp=0x0000009f2cdfe650 mode 2
Event: 4.982 Thread 0x0000024a4c8019a0 Uncommon trap: trap_request=0xffffff45 fr.pc=0x0000024a57056768 relative=0x0000000000001028
Event: 4.982 Thread 0x0000024a4c8019a0 Uncommon trap: reason=unstable_if action=reinterpret pc=0x0000024a57056768 method=jdk.internal.jimage.ImageStringsReader.stringFromByteBufferMatches(Ljava/nio/ByteBuffer;ILjava/lang/String;I)I @ 48 c2
Event: 4.982 Thread 0x0000024a4c8019a0 DEOPT PACKING pc=0x0000024a57056768 sp=0x0000009f2cdfe980
Event: 4.982 Thread 0x0000024a4c8019a0 DEOPT UNPACKING pc=0x0000024a56a169a3 sp=0x0000009f2cdfe6d8 mode 2
Event: 5.060 Thread 0x0000024a4c8019a0 Uncommon trap: trap_request=0xffffff45 fr.pc=0x0000024a570091c4 relative=0x0000000000000204
Event: 5.060 Thread 0x0000024a4c8019a0 Uncommon trap: reason=unstable_if action=reinterpret pc=0x0000024a570091c4 method=jdk.internal.jimage.ImageStringsReader.stringFromByteBufferMatches(Ljava/nio/ByteBuffer;ILjava/lang/String;I)I @ 48 c2
Event: 5.060 Thread 0x0000024a4c8019a0 DEOPT PACKING pc=0x0000024a570091c4 sp=0x0000009f2cdfe780
Event: 5.060 Thread 0x0000024a4c8019a0 DEOPT UNPACKING pc=0x0000024a56a169a3 sp=0x0000009f2cdfe6f8 mode 2

Classes unloaded (0 events):
No events

Classes redefined (0 events):
No events

Internal exceptions (15 events):
Event: 0.365 Thread 0x0000024a4c8019a0 Exception <a 'java/lang/NoSuchMethodError'{0x000000008851c360}: 'java.lang.Object java.lang.invoke.DirectMethodHandle$Holder.invokeInterface(java.lang.Object, java.lang.Object)'> (0x000000008851c360) 
thrown [s\src\hotspot\share\interpreter\linkResolver.cpp, line 759]
Event: 0.371 Thread 0x0000024a4c8019a0 Exception <a 'java/lang/NoSuchMethodError'{0x000000008852f170}: 'java.lang.Object java.lang.invoke.DirectMethodHandle$Holder.invokeSpecialIFC(java.lang.Object, java.lang.Object, java.lang.Object, java.lang.Object)'> (0x000000008852f170) 
thrown [s\src\hotspot\share\interpreter\linkResolver.cpp, line 759]
Event: 0.731 Thread 0x0000024a4c8019a0 Exception <a 'java/lang/NoSuchMethodError'{0x00000000882fcbe0}: 'void java.lang.invoke.DirectMethodHandle$Holder.invokeStatic(java.lang.Object, java.lang.Object, java.lang.Object, java.lang.Object)'> (0x00000000882fcbe0) 
thrown [s\src\hotspot\share\interpreter\linkResolver.cpp, line 759]
Event: 0.875 Thread 0x0000024a4c8019a0 Exception <a 'java/lang/ClassNotFoundException'{0x000000008808ed20}: javax/smartcardio/CardPermission> (0x000000008808ed20) 
thrown [s\src\hotspot\share\classfile\systemDictionary.cpp, line 256]
Event: 0.895 Thread 0x0000024a4c8019a0 Exception <a 'java/io/FileNotFoundException'{0x000000008809d270}> (0x000000008809d270) 
thrown [s\src\hotspot\share\prims\jni.cpp, line 516]
Event: 0.939 Thread 0x0000024a4c8019a0 Exception <a 'java/lang/NoSuchMethodError'{0x0000000087f22ba8}: 'java.lang.Object java.lang.invoke.DirectMethodHandle$Holder.invokeSpecial(java.lang.Object, java.lang.Object, java.lang.Object, long, java.lang.Object)'> (0x0000000087f22ba8) 
thrown [s\src\hotspot\share\interpreter\linkResolver.cpp, line 759]
Event: 0.939 Thread 0x0000024a4c8019a0 Exception <a 'java/lang/NoSuchMethodError'{0x0000000087f26778}: 'java.lang.Object java.lang.invoke.Invokers$Holder.linkToTargetMethod(java.lang.Object, long, java.lang.Object, java.lang.Object)'> (0x0000000087f26778) 
thrown [s\src\hotspot\share\interpreter\linkResolver.cpp, line 759]
Event: 1.127 Thread 0x0000024a4c8019a0 Exception <a 'java/lang/NoSuchMethodError'{0x00000000889d6168}: 'java.lang.Object java.lang.invoke.DirectMethodHandle$Holder.invokeStatic(java.lang.Object, int, java.lang.Object)'> (0x00000000889d6168) 
thrown [s\src\hotspot\share\interpreter\linkResolver.cpp, line 759]
Event: 1.236 Thread 0x0000024a4c8019a0 Exception <a 'java/lang/NoSuchMethodError'{0x00000000885723b8}: 'void java.lang.invoke.DirectMethodHandle$Holder.invokeStatic(java.lang.Object, java.lang.Object, java.lang.Object)'> (0x00000000885723b8) 
thrown [s\src\hotspot\share\interpreter\linkResolver.cpp, line 759]
Event: 2.256 Thread 0x0000024a4c8019a0 Exception <a 'java/lang/NoSuchMethodError'{0x00000000864908c8}: 'int java.lang.invoke.DirectMethodHandle$Holder.invokeVirtual(java.lang.Object, java.lang.Object, java.lang.Object)'> (0x00000000864908c8) 
thrown [s\src\hotspot\share\interpreter\linkResolver.cpp, line 759]
Event: 2.974 Thread 0x0000024a4c8019a0 Exception <a 'java/lang/NoSuchMethodError'{0x0000000087c0c418}: 'int java.lang.invoke.DirectMethodHandle$Holder.invokeSpecialIFC(java.lang.Object, java.lang.Object, java.lang.Object)'> (0x0000000087c0c418) 
thrown [s\src\hotspot\share\interpreter\linkResolver.cpp, line 759]
Event: 3.106 Thread 0x0000024a4c8019a0 Exception <a 'java/lang/NoSuchMethodError'{0x0000000087a98190}: 'java.lang.Object java.lang.invoke.DirectMethodHandle$Holder.invokeInterface(java.lang.Object, java.lang.Object, java.lang.Object)'> (0x0000000087a98190) 
thrown [s\src\hotspot\share\interpreter\linkResolver.cpp, line 759]
Event: 3.311 Thread 0x0000024a4c8019a0 Exception <a 'java/lang/NoSuchMethodError'{0x00000000878cb528}: 'int java.lang.invoke.DirectMethodHandle$Holder.invokeStaticInit(java.lang.Object, java.lang.Object, java.lang.Object)'> (0x00000000878cb528) 
thrown [s\src\hotspot\share\interpreter\linkResolver.cpp, line 759]
Event: 3.546 Thread 0x0000024a4c8019a0 Exception <a 'java/lang/NoSuchMethodError'{0x000000008758aab0}: 'java.lang.Object java.lang.invoke.DirectMethodHandle$Holder.newInvokeSpecial(java.lang.Object, java.lang.Object, int)'> (0x000000008758aab0) 
thrown [s\src\hotspot\share\interpreter\linkResolver.cpp, line 759]
Event: 4.070 Thread 0x0000024a4c8019a0 Exception <a 'java/lang/NoSuchMethodError'{0x00000000870a0968}: 'void java.lang.invoke.DirectMethodHandle$Holder.invokeSpecial(java.lang.Object, java.lang.Object, java.lang.Object)'> (0x00000000870a0968) 
thrown [s\src\hotspot\share\interpreter\linkResolver.cpp, line 759]

VM Operations (20 events):
Event: 1.720 Executing VM operation: HandshakeAllThreads
Event: 1.720 Executing VM operation: HandshakeAllThreads done
Event: 1.741 Executing VM operation: G1CollectForAllocation
Event: 1.744 Executing VM operation: G1CollectForAllocation done
Event: 2.010 Executing VM operation: G1CollectForAllocation
Event: 2.013 Executing VM operation: G1CollectForAllocation done
Event: 2.256 Executing VM operation: HandshakeAllThreads
Event: 2.256 Executing VM operation: HandshakeAllThreads done
Event: 2.516 Executing VM operation: G1CollectForAllocation
Event: 2.525 Executing VM operation: G1CollectForAllocation done
Event: 2.936 Executing VM operation: G1CollectForAllocation
Event: 2.948 Executing VM operation: G1CollectForAllocation done
Event: 2.973 Executing VM operation: HandshakeAllThreads
Event: 2.973 Executing VM operation: HandshakeAllThreads done
Event: 3.174 Executing VM operation: HandshakeAllThreads
Event: 3.174 Executing VM operation: HandshakeAllThreads done
Event: 4.155 Executing VM operation: ICBufferFull
Event: 4.155 Executing VM operation: ICBufferFull done
Event: 5.021 Executing VM operation: ICBufferFull
Event: 5.021 Executing VM operation: ICBufferFull done

Events (20 events):
Event: 3.654 loading class java/lang/WeakPairMap$Pair$Lookup done
Event: 3.659 loading class sun/net/www/protocol/jrt/JavaRuntimeURLConnection$1
Event: 3.659 loading class sun/net/www/protocol/jrt/JavaRuntimeURLConnection$1 done
Event: 3.659 loading class jdk/internal/jimage/decompressor/ResourceDecompressor$StringsProvider
Event: 3.659 loading class jdk/internal/jimage/decompressor/ResourceDecompressor$StringsProvider done
Event: 3.659 loading class jdk/internal/jimage/decompressor/CompressedResourceHeader
Event: 3.659 loading class jdk/internal/jimage/decompressor/CompressedResourceHeader done
Event: 3.660 loading class jdk/internal/jimage/decompressor/ResourceDecompressorRepository
Event: 3.660 loading class jdk/internal/jimage/decompressor/ResourceDecompressorRepository done
Event: 3.660 loading class jdk/internal/jimage/decompressor/ZipDecompressorFactory
Event: 3.660 loading class jdk/internal/jimage/decompressor/ResourceDecompressorFactory
Event: 3.660 loading class jdk/internal/jimage/decompressor/ResourceDecompressorFactory done
Event: 3.660 loading class jdk/internal/jimage/decompressor/ZipDecompressorFactory done
Event: 3.660 loading class jdk/internal/jimage/decompressor/StringSharingDecompressorFactory
Event: 3.660 loading class jdk/internal/jimage/decompressor/StringSharingDecompressorFactory done
Event: 3.660 loading class jdk/internal/jimage/decompressor/ZipDecompressor
Event: 3.660 loading class jdk/internal/jimage/decompressor/ResourceDecompressor
Event: 3.660 loading class jdk/internal/jimage/decompressor/ResourceDecompressor done
Event: 3.660 loading class jdk/internal/jimage/decompressor/ZipDecompressor done
Event: 4.303 Thread 0x0000024a6b6733d0 Thread added: 0x0000024a6b6733d0


Dynamic libraries:
0x00007ff7c40e0000 - 0x00007ff7c40ee000 	C:\Users\Nei\.vscode\extensions\redhat.java-1.32.0-win32-x64\jre\17.0.11-win32-x86_64\bin\java.exe
0x00007ffa34750000 - 0x00007ffa34948000 	C:\WINDOWS\SYSTEM32\ntdll.dll
0x00007ffa32f50000 - 0x00007ffa33011000 	C:\WINDOWS\System32\KERNEL32.DLL
0x00007ffa31e30000 - 0x00007ffa32126000 	C:\WINDOWS\System32\KERNELBASE.dll
0x00007ffa32320000 - 0x00007ffa32420000 	C:\WINDOWS\System32\ucrtbase.dll
0x00007ffa1cf50000 - 0x00007ffa1cf67000 	C:\Users\Nei\.vscode\extensions\redhat.java-1.32.0-win32-x64\jre\17.0.11-win32-x86_64\bin\jli.dll
0x00007ffa340d0000 - 0x00007ffa3426f000 	C:\WINDOWS\System32\USER32.dll
0x00007ffa32250000 - 0x00007ffa32272000 	C:\WINDOWS\System32\win32u.dll
0x00007ffa34010000 - 0x00007ffa3403b000 	C:\WINDOWS\System32\GDI32.dll
0x00007ffa32130000 - 0x00007ffa32247000 	C:\WINDOWS\System32\gdi32full.dll
0x00007ffa32280000 - 0x00007ffa3231d000 	C:\WINDOWS\System32\msvcp_win.dll
0x00007ffa17ab0000 - 0x00007ffa17acb000 	C:\Users\Nei\.vscode\extensions\redhat.java-1.32.0-win32-x64\jre\17.0.11-win32-x86_64\bin\VCRUNTIME140.dll
0x00007ffa1d670000 - 0x00007ffa1d90a000 	C:\WINDOWS\WinSxS\amd64_microsoft.windows.common-controls_6595b64144ccf1df_6.0.19041.4355_none_60b8b9eb71f62e16\COMCTL32.dll
0x00007ffa33980000 - 0x00007ffa33a1e000 	C:\WINDOWS\System32\msvcrt.dll
0x00007ffa33d90000 - 0x00007ffa33dbf000 	C:\WINDOWS\System32\IMM32.DLL
0x00007ffa2d880000 - 0x00007ffa2d88c000 	C:\Users\Nei\.vscode\extensions\redhat.java-1.32.0-win32-x64\jre\17.0.11-win32-x86_64\bin\vcruntime140_1.dll
0x00007ffa04960000 - 0x00007ffa049ed000 	C:\Users\Nei\.vscode\extensions\redhat.java-1.32.0-win32-x64\jre\17.0.11-win32-x86_64\bin\msvcp140.dll
0x00007ff9e6050000 - 0x00007ff9e6cb2000 	C:\Users\Nei\.vscode\extensions\redhat.java-1.32.0-win32-x64\jre\17.0.11-win32-x86_64\bin\server\jvm.dll
0x00007ffa33c20000 - 0x00007ffa33cd0000 	C:\WINDOWS\System32\ADVAPI32.dll
0x00007ffa33dc0000 - 0x00007ffa33e60000 	C:\WINDOWS\System32\sechost.dll
0x00007ffa34380000 - 0x00007ffa344a3000 	C:\WINDOWS\System32\RPCRT4.dll
0x00007ffa31e00000 - 0x00007ffa31e27000 	C:\WINDOWS\System32\bcrypt.dll
0x00007ffa31330000 - 0x00007ffa3137b000 	C:\WINDOWS\SYSTEM32\POWRPROF.dll
0x00007ffa18800000 - 0x00007ffa18809000 	C:\WINDOWS\SYSTEM32\WSOCK32.dll
0x00007ffa33ee0000 - 0x00007ffa33f4b000 	C:\WINDOWS\System32\WS2_32.dll
0x00007ffa22bc0000 - 0x00007ffa22be7000 	C:\WINDOWS\SYSTEM32\WINMM.dll
0x00007ffa2a850000 - 0x00007ffa2a85a000 	C:\WINDOWS\SYSTEM32\VERSION.dll
0x00007ffa311f0000 - 0x00007ffa31202000 	C:\WINDOWS\SYSTEM32\UMPDC.dll
0x00007ffa2fca0000 - 0x00007ffa2fcb2000 	C:\WINDOWS\SYSTEM32\kernel.appcore.dll
0x00007ffa2d7f0000 - 0x00007ffa2d7fa000 	C:\Users\Nei\.vscode\extensions\redhat.java-1.32.0-win32-x64\jre\17.0.11-win32-x86_64\bin\jimage.dll
0x00007ffa1bd10000 - 0x00007ffa1bef4000 	C:\WINDOWS\SYSTEM32\DBGHELP.DLL
0x00007ffa19940000 - 0x00007ffa19974000 	C:\WINDOWS\SYSTEM32\dbgcore.DLL
0x00007ffa32580000 - 0x00007ffa32602000 	C:\WINDOWS\System32\bcryptPrimitives.dll
0x00007ffa0b970000 - 0x00007ffa0b995000 	C:\Users\Nei\.vscode\extensions\redhat.java-1.32.0-win32-x64\jre\17.0.11-win32-x86_64\bin\java.dll
0x00007ffa12250000 - 0x00007ffa12268000 	C:\Users\Nei\.vscode\extensions\redhat.java-1.32.0-win32-x64\jre\17.0.11-win32-x86_64\bin\zip.dll
0x00007ffa33150000 - 0x00007ffa338bc000 	C:\WINDOWS\System32\SHELL32.dll
0x00007ffa2fea0000 - 0x00007ffa3063e000 	C:\WINDOWS\SYSTEM32\windows.storage.dll
0x00007ffa32780000 - 0x00007ffa32ad3000 	C:\WINDOWS\System32\combase.dll
0x00007ffa31820000 - 0x00007ffa3184e000 	C:\WINDOWS\SYSTEM32\Wldp.dll
0x00007ffa33b40000 - 0x00007ffa33c0d000 	C:\WINDOWS\System32\OLEAUT32.dll
0x00007ffa344b0000 - 0x00007ffa3455d000 	C:\WINDOWS\System32\SHCORE.dll
0x00007ffa338c0000 - 0x00007ffa33915000 	C:\WINDOWS\System32\shlwapi.dll
0x00007ffa31d30000 - 0x00007ffa31d54000 	C:\WINDOWS\SYSTEM32\profapi.dll
0x00007ffa0e5a0000 - 0x00007ffa0e5b9000 	C:\Users\Nei\.vscode\extensions\redhat.java-1.32.0-win32-x64\jre\17.0.11-win32-x86_64\bin\net.dll
0x00007ffa29370000 - 0x00007ffa2947a000 	C:\WINDOWS\SYSTEM32\WINHTTP.dll
0x00007ffa31580000 - 0x00007ffa315ea000 	C:\WINDOWS\system32\mswsock.dll
0x00007ffa0b8c0000 - 0x00007ffa0b8d6000 	C:\Users\Nei\.vscode\extensions\redhat.java-1.32.0-win32-x64\jre\17.0.11-win32-x86_64\bin\nio.dll
0x00007ffa2cc70000 - 0x00007ffa2cc80000 	C:\Users\Nei\.vscode\extensions\redhat.java-1.32.0-win32-x64\jre\17.0.11-win32-x86_64\bin\verify.dll

dbghelp: loaded successfully - version: 4.0.5 - missing functions: none
symbol engine: initialized successfully - sym options: 0x614 - pdb path: .;C:\Users\Nei\.vscode\extensions\redhat.java-1.32.0-win32-x64\jre\17.0.11-win32-x86_64\bin;C:\WINDOWS\SYSTEM32;C:\WINDOWS\WinSxS\amd64_microsoft.windows.common-controls_6595b64144ccf1df_6.0.19041.4355_none_60b8b9eb71f62e16;C:\Users\Nei\.vscode\extensions\redhat.java-1.32.0-win32-x64\jre\17.0.11-win32-x86_64\bin\server

VM Arguments:
java_command: org.springframework.modulith.core.util.ApplicationModulesExporter com.opemclassrom G:\Systeme\Temp\front-com.opemclassrom15432986396240815466json
java_class_path (initial): C:\Users\Nei\OneDrive\Documents\formation_openclassrom\form_java\projet9\medicallab\front\target\classes;C:\Users\Nei\OneDrive\Documents\formation_openclassrom\form_java\projet9\medicallab\front\target\test-classes;E:\jdk-17.0.2\lib\jrt-fs.jar;C:\Users\Nei\.m2\repository\org\springframework\boot\spring-boot-starter-web\3.1.0\spring-boot-starter-web-3.1.0.jar;C:\Users\Nei\.m2\repository\org\springframework\boot\spring-boot-starter\3.2.5\spring-boot-starter-3.2.5.jar;C:\Users\Nei\.m2\repository\org\springframework\boot\spring-boot\3.2.5\spring-boot-3.2.5.jar;C:\Users\Nei\.m2\repository\org\springframework\boot\spring-boot-autoconfigure\3.2.5\spring-boot-autoconfigure-3.2.5.jar;C:\Users\Nei\.m2\repository\org\springframework\boot\spring-boot-starter-logging\3.2.5\spring-boot-starter-logging-3.2.5.jar;C:\Users\Nei\.m2\repository\ch\qos\logback\logback-classic\1.4.14\logback-classic-1.4.14.jar;C:\Users\Nei\.m2\repository\ch\qos\logback\logback-core\1.4.14\logback-core-1.4.14.jar;C:\Users\Nei\.m2\repository\org\apache\logging\log4j\log4j-to-slf4j\2.21.1\log4j-to-slf4j-2.21.1.jar;C:\Users\Nei\.m2\repository\org\apache\logging\log4j\log4j-api\2.21.1\log4j-api-2.21.1.jar;C:\Users\Nei\.m2\repository\org\slf4j\jul-to-slf4j\2.0.13\jul-to-slf4j-2.0.13.jar;C:\Users\Nei\.m2\repository\jakarta\annotation\jakarta.annotation-api\2.1.1\jakarta.annotation-api-2.1.1.jar;C:\Users\Nei\.m2\repository\org\yaml\snakeyaml\2.2\snakeyaml-2.2.jar;C:\Users\Nei\.m2\repository\org\springframework\boot\spring-boot-starter-json\3.2.5\spring-boot-starter-json-3.2.5.jar;C:\Users\Nei\.m2\repository\com\fasterxml\jackson\core\jackson-databind\2.15.4\jackson-databind-2.15.4.jar;C:\Users\Nei\.m2\repository\com\fasterxml\jackson\core\jackson-annotations\2.15.4\jackson-annotations-2.15.4.jar;C:\Users\Nei\.m2\repository\com\fasterxml\jackson\core\jackson-core\2.15.4\jackson-core-2.15.4.jar;C:\Users\Nei\.m2\repository\com\fasterxml\jackson\datatype\jackson-datatype-jdk8\2.15.4\jack
Launcher Type: SUN_STANDARD

[Global flags]
     intx CICompilerCount                          = 3                                         {product} {ergonomic}
     uint ConcGCThreads                            = 1                                         {product} {ergonomic}
     uint G1ConcRefinementThreads                  = 4                                         {product} {ergonomic}
   size_t G1HeapRegionSize                         = 1048576                                   {product} {ergonomic}
    uintx GCDrainStackTargetSize                   = 64                                        {product} {ergonomic}
   size_t InitialHeapSize                          = 134217728                                 {product} {ergonomic}
   size_t MarkStackSize                            = 4194304                                   {product} {ergonomic}
   size_t MaxHeapSize                              = 2136997888                                {product} {ergonomic}
   size_t MaxNewSize                               = 1281359872                                {product} {ergonomic}
   size_t MinHeapDeltaBytes                        = 1048576                                   {product} {ergonomic}
   size_t MinHeapSize                              = 8388608                                   {product} {ergonomic}
    uintx NonNMethodCodeHeapSize                   = 5832780                                {pd product} {ergonomic}
    uintx NonProfiledCodeHeapSize                  = 122912730                              {pd product} {ergonomic}
    uintx ProfiledCodeHeapSize                     = 122912730                              {pd product} {ergonomic}
    uintx ReservedCodeCacheSize                    = 251658240                              {pd product} {ergonomic}
     bool SegmentedCodeCache                       = true                                      {product} {ergonomic}
   size_t SoftMaxHeapSize                          = 2136997888                             {manageable} {ergonomic}
     bool UseCompressedClassPointers               = true                           {product lp64_product} {ergonomic}
     bool UseCompressedOops                        = true                           {product lp64_product} {ergonomic}
     bool UseG1GC                                  = true                                      {product} {ergonomic}
     bool UseLargePagesIndividualAllocation        = false                                  {pd product} {ergonomic}

Logging:
Log output configuration:
 #0: stdout all=warning uptime,level,tags
 #1: stderr all=off uptime,level,tags

Environment Variables:
JAVA_HOME=E:\jdk-17.0.2\
PATH=C:\Program Files (x86)\Intel\iCLS Client\;C:\Program Files\Intel\iCLS Client\;C:\Windows\system32;C:\Windows;C:\Windows\System32\Wbem;C:\Windows\System32\WindowsPowerShell\v1.0\;C:\Program Files\Intel\Intel(R) Management Engine Components\DAL;C:\Program Files\Intel\Intel(R) Management Engine Components\IPT;C:\Program Files (x86)\Intel\Intel(R) Management Engine Components\DAL;C:\Program Files (x86)\Intel\Intel(R) Management Engine Components\IPT;C:\Program Files (x86)\NVIDIA Corporation\PhysX\Common;C:\WINDOWS\system32;C:\WINDOWS;C:\WINDOWS\System32\Wbem;C:\WINDOWS\System32\WindowsPowerShell\v1.0\;C:\WINDOWS\System32\OpenSSH\;E:\jdk-17.0.2\\bin;C:\Program Files\Microsoft SQL Server\130\Tools\Binn\;C:\Program Files\Microsoft SQL Server\Client SDK\ODBC\170\Tools\Binn\;C:\Program Files\dotnet\;C:\Program Files\Git\cmd;E:\apache-maven-3.9.5\bin;C:\Users\Nei\AppData\Local\Microsoft\WindowsApps;C:\Users\Nei\.dotnet\tools;C:\Users\Nei\AppData\Local\Programs\Microsoft VS Code\bin;C:\Users\Nei\AppData\Local\GitHubDesktop\bin;C:\Program Files\MongoDB\Server\7.0\bin;
USERNAME=Nei
OS=Windows_NT
PROCESSOR_IDENTIFIER=Intel64 Family 6 Model 58 Stepping 9, GenuineIntel
TMP=G:\Systeme\Temp
TEMP=G:\Systeme\Temp



Periodic native trim disabled


---------------  S Y S T E M  ---------------

OS:
 Windows 10 , 64 bit Build 19041 (10.0.19041.4597)
OS uptime: 7 days 4:17 hours

CPU: total 4 (initial active 4) (4 cores per cpu, 1 threads per core) family 6 model 58 stepping 9 microcode 0x21, cx8, cmov, fxsr, mmx, sse, sse2, sse3, ssse3, sse4.1, sse4.2, popcnt, tsc, tscinvbit, avx, aes, erms, clmul, vzeroupper, clflush
Processor Information for all 4 processors :
  Max Mhz: 3801, Current Mhz: 3801, Mhz Limit: 3801

Memory: 4k page, system-wide physical 8150M (474M free)
TotalPageFile size 16342M (AvailPageFile size 5M)
current process WorkingSet (physical memory assigned to process): 206M, peak: 206M
current process commit charge ("private bytes"): 272M, peak: 272M

vm_info: OpenJDK 64-Bit Server VM (17.0.11+9) for windows-amd64 JRE (17.0.11+9), built on Apr 17 2024 06:07:48 by "admin" with MS VC++ 16.10 / 16.11 (VS2019)

END.
