#
# There is insufficient memory for the Java Runtime Environment to continue.
# Native memory allocation (mmap) failed to map 2097152 bytes for G1 virtual space
# Possible reasons:
#   The system is out of physical RAM or swap space
#   The process is running with CompressedOops enabled, and the Java Heap may be blocking the growth of the native heap
# Possible solutions:
#   Reduce memory load on the system
#   Increase physical memory or swap space
#   Check if swap backing store is full
#   Decrease Java heap size (-Xmx/-Xms)
#   Decrease number of Java threads
#   Decrease Java thread stack sizes (-Xss)
#   Set larger code cache with -XX:ReservedCodeCacheSize=
#   JVM is running with Unscaled Compressed Oops mode in which the Java heap is
#     placed in the first 4GB address space. The Java Heap base address is the
#     maximum limit for the native heap growth. Please use -XX:HeapBaseMinAddress
#     to set the Java Heap base and to place the Java Heap above 4GB virtual address.
# This output file may be truncated or incomplete.
#
#  Out of Memory Error (os_windows.cpp:3532), pid=18836, tid=3716
#
# JRE version:  (17.0.2+8) (build )
# Java VM: OpenJDK 64-Bit Server VM (17.0.2+8-86, mixed mode, sharing, tiered, compressed oops, compressed class ptrs, g1 gc, windows-amd64)
# No core dump will be written. Minidumps are not enabled by default on client versions of Windows
#

---------------  S U M M A R Y ------------

Command Line: -Dcom.sun.management.jmxremote -Dcom.sun.management.jmxremote.port=61001 -Dcom.sun.management.jmxremote.authenticate=false -Dcom.sun.management.jmxremote.ssl=false -Dspring.jmx.enabled=true -Djava.rmi.server.hostname=localhost -Dspring.application.admin.enabled=true -Dspring.boot.project.name=gateway -XX:+ShowCodeDetailsInExceptionMessages -Dmanagement.endpoints.jmx.exposure.include=* com.opemclassrom.GatewayApplication

Host: Intel(R) Core(TM) i5-3570K CPU @ 3.40GHz, 4 cores, 7G,  Windows 10 , 64 bit Build 19041 (10.0.19041.4597)
Time: Mon Jul 29 18:32:10 2024 Paris, Madrid (heure duild 19041 (10.0.19041.4597) elapsed time: 0.085926 seconds (0d 0h 0m 0s)

---------------  T H R E A D  ---------------

Current thread (0x00000179d776da70):  JavaThread "Unknown thread" [_thread_in_vm, id=3716, stack(0x0000003934600000,0x0000003934700000)]

Stack: [0x0000003934600000,0x0000003934700000]
Native frames: (J=compiled Java code, j=interpreted, Vv=VM code, C=native code)
V  [jvm.dll+0x670baa]
V  [jvm.dll+0x7cfcb4]
V  [jvm.dll+0x7d145e]
V  [jvm.dll+0x7d1ac3]
V  [jvm.dll+0x242bc5]
V  [jvm.dll+0x66dac9]
V  [jvm.dll+0x662412]
V  [jvm.dll+0x300c0b]
V  [jvm.dll+0x3081a6]
V  [jvm.dll+0x357d38]
V  [jvm.dll+0x357f3f]
V  [jvm.dll+0x2d7ec8]
V  [jvm.dll+0x2d8e34]
V  [jvm.dll+0x7a18c1]
V  [jvm.dll+0x365a91]
V  [jvm.dll+0x780d2c]
V  [jvm.dll+0x3e845f]
V  [jvm.dll+0x3e9f01]
C  [jli.dll+0x527b]
C  [ucrtbase.dll+0x21bb2]
C  [KERNEL32.DLL+0x17374]
C  [ntdll.dll+0x4cc91]


---------------  P R O C E S S  ---------------

Threads class SMR info:
_java_thread_list=0x00007ff9d8c99858, length=0, elements={
}

Java Threads: ( => current thread )

Other Threads:
  0x00000179d77b8b60 GCTaskThread "GC Thread#0" [stack: 0x0000003934700000,0x0000003934800000] [id=4632]
  0x00000179d77c9960 ConcurrentGCThread "G1 Main Marker" [stack: 0x0000003934800000,0x0000003934900000] [id=19332]
  0x00000179d77ca370 ConcurrentGCThread "G1 Conc#0" [stack: 0x0000003934900000,0x0000003934a00000] [id=10252]

[error occurred during error reporting (printing all threads), id 0xc0000005, EXCEPTION_ACCESS_VIOLATION (0xc0000005) at pc=0x00007ff9d84e88a7]

VM state: not at safepoint (not fully initialized)

VM Mutex/Monitor currently owned by a thread:  ([mutex/lock_event])
[0x00000179d77698c0] Heap_lock - owner thread: 0x00000179d776da70

Heap address: 0x0000000080a00000, size: 2038 MB, Compressed Oops mode: 32-bit

CDS archive(s) mapped at: [0x0000000000000000-0x0000000000000000-0x0000000000000000), size 0, SharedBaseAddress: 0x0000000800000000, ArchiveRelocationMode: 0.
Narrow klass base: 0x0000000000000000, Narrow klass shift: 0, Narrow klass range: 0x0

GC Precious Log:
<Empty>

Heap:
 garbage-first heap   total 0K, used 0K [0x0000000080a00000, 0x0000000100000000)
  region size 1024K, 0 young (0K), 0 survivors (0K)

[error occurred during error reporting (printing heap information), id 0xc0000005, EXCEPTION_ACCESS_VIOLATION (0xc0000005) at pc=0x00007ff9d88c9f19]

GC Heap History (0 events):
No events

Deoptimization events (0 events):
No events

Classes unloaded (0 events):
No events

Classes redefined (0 events):
No events

Internal exceptions (0 events):
No events

VM Operations (0 events):
No events

Events (1 events):
Event: 0.026 Loaded shared library E:\jdk-17.0.2\bin\java.dll


Dynamic libraries:
0x00007ff69c130000 - 0x00007ff69c13e000 	E:\jdk-17.0.2\bin\java.exe
0x00007ffa34750000 - 0x00007ffa34948000 	C:\WINDOWS\SYSTEM32\ntdll.dll
0x00007ffa32f50000 - 0x00007ffa33011000 	C:\WINDOWS\System32\KERNEL32.DLL
0x00007ffa31e30000 - 0x00007ffa32126000 	C:\WINDOWS\System32\KERNELBASE.dll
0x00007ffa32320000 - 0x00007ffa32420000 	C:\WINDOWS\System32\ucrtbase.dll
0x00007ffa1adc0000 - 0x00007ffa1add8000 	E:\jdk-17.0.2\bin\jli.dll
0x00007ffa340d0000 - 0x00007ffa3426f000 	C:\WINDOWS\System32\USER32.dll
0x00007ffa32250000 - 0x00007ffa32272000 	C:\WINDOWS\System32\win32u.dll
0x00007ffa34010000 - 0x00007ffa3403b000 	C:\WINDOWS\System32\GDI32.dll
0x00007ffa32130000 - 0x00007ffa32247000 	C:\WINDOWS\System32\gdi32full.dll
0x00007ffa32280000 - 0x00007ffa3231d000 	C:\WINDOWS\System32\msvcp_win.dll
0x00007ffa17ab0000 - 0x00007ffa17aca000 	E:\jdk-17.0.2\bin\VCRUNTIME140.dll
0x00007ffa1d670000 - 0x00007ffa1d90a000 	C:\WINDOWS\WinSxS\amd64_microsoft.windows.common-controls_6595b64144ccf1df_6.0.19041.4355_none_60b8b9eb71f62e16\COMCTL32.dll
0x00007ffa33980000 - 0x00007ffa33a1e000 	C:\WINDOWS\System32\msvcrt.dll
0x00007ffa33d90000 - 0x00007ffa33dbf000 	C:\WINDOWS\System32\IMM32.DLL
0x00007ffa2bef0000 - 0x00007ffa2befc000 	E:\jdk-17.0.2\bin\vcruntime140_1.dll
0x00007ffa07390000 - 0x00007ffa0741d000 	E:\jdk-17.0.2\bin\msvcp140.dll
0x00007ff9d8200000 - 0x00007ff9d8dc1000 	E:\jdk-17.0.2\bin\server\jvm.dll
0x00007ffa33c20000 - 0x00007ffa33cd0000 	C:\WINDOWS\System32\ADVAPI32.dll
0x00007ffa33dc0000 - 0x00007ffa33e60000 	C:\WINDOWS\System32\sechost.dll
0x00007ffa34380000 - 0x00007ffa344a3000 	C:\WINDOWS\System32\RPCRT4.dll
0x00007ffa31e00000 - 0x00007ffa31e27000 	C:\WINDOWS\System32\bcrypt.dll
0x00007ffa33f50000 - 0x00007ffa33f58000 	C:\WINDOWS\System32\PSAPI.DLL
0x00007ffa18800000 - 0x00007ffa18809000 	C:\WINDOWS\SYSTEM32\WSOCK32.dll
0x00007ffa33ee0000 - 0x00007ffa33f4b000 	C:\WINDOWS\System32\WS2_32.dll
0x00007ffa22bc0000 - 0x00007ffa22be7000 	C:\WINDOWS\SYSTEM32\WINMM.dll
0x00007ffa2a850000 - 0x00007ffa2a85a000 	C:\WINDOWS\SYSTEM32\VERSION.dll
0x00007ffa2fca0000 - 0x00007ffa2fcb2000 	C:\WINDOWS\SYSTEM32\kernel.appcore.dll
0x00007ffa1fa70000 - 0x00007ffa1fa7a000 	E:\jdk-17.0.2\bin\jimage.dll
0x00007ffa1bd10000 - 0x00007ffa1bef4000 	C:\WINDOWS\SYSTEM32\DBGHELP.DLL
0x00007ffa19940000 - 0x00007ffa19974000 	C:\WINDOWS\SYSTEM32\dbgcore.DLL
0x00007ffa32580000 - 0x00007ffa32602000 	C:\WINDOWS\System32\bcryptPrimitives.dll
0x00007ffa0e590000 - 0x00007ffa0e5b5000 	E:\jdk-17.0.2\bin\java.dll

dbghelp: loaded successfully - version: 4.0.5 - missing functions: none
symbol engine: initialized successfully - sym options: 0x614 - pdb path: .;E:\jdk-17.0.2\bin;C:\WINDOWS\SYSTEM32;C:\WINDOWS\WinSxS\amd64_microsoft.windows.common-controls_6595b64144ccf1df_6.0.19041.4355_none_60b8b9eb71f62e16;E:\jdk-17.0.2\bin\server

VM Arguments:
jvm_args: -Dcom.sun.management.jmxremote -Dcom.sun.management.jmxremote.port=61001 -Dcom.sun.management.jmxremote.authenticate=false -Dcom.sun.management.jmxremote.ssl=false -Dspring.jmx.enabled=true -Djava.rmi.server.hostname=localhost -Dspring.application.admin.enabled=true -Dspring.boot.project.name=gateway -XX:+ShowCodeDetailsInExceptionMessages -Dmanagement.endpoints.jmx.exposure.include=* 
java_command: com.opemclassrom.GatewayApplication
java_class_path (initial): C:\Users\Nei\OneDrive\Documents\formation_openclassrom\form_java\projet9\medicallab\gateway\target\classes;C:\Users\Nei\.m2\repository\org\springframework\cloud\spring-cloud-starter-gateway\4.0.0\spring-cloud-starter-gateway-4.0.0.jar;C:\Users\Nei\.m2\repository\org\springframework\cloud\spring-cloud-starter\4.1.0\spring-cloud-starter-4.1.0.jar;C:\Users\Nei\.m2\repository\org\springframework\cloud\spring-cloud-context\4.1.0\spring-cloud-context-4.1.0.jar;C:\Users\Nei\.m2\repository\org\springframework\security\spring-security-crypto\6.2.4\spring-security-crypto-6.2.4.jar;C:\Users\Nei\.m2\repository\org\springframework\cloud\spring-cloud-commons\4.1.0\spring-cloud-commons-4.1.0.jar;C:\Users\Nei\.m2\repository\org\springframework\security\spring-security-rsa\1.1.1\spring-security-rsa-1.1.1.jar;C:\Users\Nei\.m2\repository\org\bouncycastle\bcprov-jdk18on\1.74\bcprov-jdk18on-1.74.jar;C:\Users\Nei\.m2\repository\org\springframework\cloud\spring-cloud-gateway-server\4.1.0\spring-cloud-gateway-server-4.1.0.jar;C:\Users\Nei\.m2\repository\org\springframework\boot\spring-boot-starter-validation\3.2.5\spring-boot-starter-validation-3.2.5.jar;C:\Users\Nei\.m2\repository\org\hibernate\validator\hibernate-validator\8.0.1.Final\hibernate-validator-8.0.1.Final.jar;C:\Users\Nei\.m2\repository\jakarta\validation\jakarta.validation-api\3.0.2\jakarta.validation-api-3.0.2.jar;C:\Users\Nei\.m2\repository\io\projectreactor\addons\reactor-extra\3.5.1\reactor-extra-3.5.1.jar;C:\Users\Nei\.m2\repository\io\projectreactor\reactor-core\3.6.5\reactor-core-3.6.5.jar;C:\Users\Nei\.m2\repository\org\reactivestreams\reactive-streams\1.0.4\reactive-streams-1.0.4.jar;C:\Users\Nei\.m2\repository\org\springframework\boot\spring-boot-starter-webflux\3.2.5\spring-boot-starter-webflux-3.2.5.jar;C:\Users\Nei\.m2\repository\org\springframework\boot\spring-boot-starter-reactor-netty\3.2.5\spring-boot-starter-reactor-netty-3.2.5.jar;C:\Users\Nei\.m2\repository\io\projectreactor\ne
Launcher Type: SUN_STANDARD

[Global flags]
     intx CICompilerCount                          = 3                                         {product} {ergonomic}
     uint ConcGCThreads                            = 1                                         {product} {ergonomic}
     uint G1ConcRefinementThreads                  = 4                                         {product} {ergonomic}
   size_t G1HeapRegionSize                         = 1048576                                   {product} {ergonomic}
    uintx GCDrainStackTargetSize                   = 64                                        {product} {ergonomic}
   size_t InitialHeapSize                          = 134217728                                 {product} {ergonomic}
     bool ManagementServer                         = true                                      {product} {command line}
   size_t MarkStackSize                            = 4194304                                   {product} {ergonomic}
   size_t MaxHeapSize                              = 2136997888                                {product} {ergonomic}
   size_t MinHeapDeltaBytes                        = 1048576                                   {product} {ergonomic}
   size_t MinHeapSize                              = 8388608                                   {product} {ergonomic}
    uintx NonNMethodCodeHeapSize                   = 5832780                                {pd product} {ergonomic}
    uintx NonProfiledCodeHeapSize                  = 122912730                              {pd product} {ergonomic}
    uintx ProfiledCodeHeapSize                     = 122912730                              {pd product} {ergonomic}
    uintx ReservedCodeCacheSize                    = 251658240                              {pd product} {ergonomic}
     bool SegmentedCodeCache                       = true                                      {product} {ergonomic}
     bool ShowCodeDetailsInExceptionMessages       = true                                   {manageable} {command line}
   size_t SoftMaxHeapSize                          = 2136997888                             {manageable} {ergonomic}
     bool UseCompressedClassPointers               = true                           {product lp64_product} {ergonomic}
     bool UseCompressedOops                        = true                           {product lp64_product} {ergonomic}
     bool UseG1GC                                  = true                                      {product} {ergonomic}
     bool UseLargePagesIndividualAllocation        = false                                  {pd product} {ergonomic}

Logging:
Log output configuration:
 #0: stdout all=warning uptime,level,tags
 #1: stderr all=off uptime,level,tags

Environment Variables:
JAVA_HOME=E:\jdk-17.0.2\
PATH=C:\Program Files (x86)\Intel\iCLS Client\;C:\Program Files\Intel\iCLS Client\;C:\Windows\system32;C:\Windows;C:\Windows\System32\Wbem;C:\Windows\System32\WindowsPowerShell\v1.0\;C:\Program Files\Intel\Intel(R) Management Engine Components\DAL;C:\Program Files\Intel\Intel(R) Management Engine Components\IPT;C:\Program Files (x86)\Intel\Intel(R) Management Engine Components\DAL;C:\Program Files (x86)\Intel\Intel(R) Management Engine Components\IPT;C:\Program Files (x86)\NVIDIA Corporation\PhysX\Common;C:\WINDOWS\system32;C:\WINDOWS;C:\WINDOWS\System32\Wbem;C:\WINDOWS\System32\WindowsPowerShell\v1.0\;C:\WINDOWS\System32\OpenSSH\;E:\jdk-17.0.2\\bin;C:\Program Files\Microsoft SQL Server\130\Tools\Binn\;C:\Program Files\Microsoft SQL Server\Client SDK\ODBC\170\Tools\Binn\;C:\Program Files\dotnet\;C:\Program Files\Git\cmd;E:\apache-maven-3.9.5\bin;C:\Users\Nei\AppData\Local\Microsoft\WindowsApps;C:\Users\Nei\.dotnet\tools;C:\Users\Nei\AppData\Local\Programs\Microsoft VS Code\bin;C:\Users\Nei\AppData\Local\GitHubDesktop\bin;C:\Program Files\MongoDB\Server\7.0\bin;
USERNAME=Nei
LANG=en_US.UTF-8
OS=Windows_NT
PROCESSOR_IDENTIFIER=Intel64 Family 6 Model 58 Stepping 9, GenuineIntel



---------------  S Y S T E M  ---------------

OS:
 Windows 10 , 64 bit Build 19041 (10.0.19041.4597)
OS uptime: 7 days 5:59 hours

CPU: total 4 (initial active 4) (4 cores per cpu, 1 threads per core) family 6 model 58 stepping 9 microcode 0x21, cx8, cmov, fxsr, mmx, sse, sse2, sse3, ssse3, sse4.1, sse4.2, popcnt, tsc, tscinvbit, avx, aes, erms, clmul, vzeroupper, clflush

Memory: 4k page, system-wide physical 8150M (360M free)
TotalPageFile size 16342M (AvailPageFile size 5M)
current process WorkingSet (physical memory assigned to process): 10M, peak: 10M
current process commit charge ("private bytes"): 182M, peak: 184M

vm_info: OpenJDK 64-Bit Server VM (17.0.2+8-86) for windows-amd64 JRE (17.0.2+8-86), built on Dec  7 2021 21:49:10 by "mach5one" with MS VC++ 16.8 / 16.9 (VS2019)

END.
